[0.254s] Invoking command in '/home/yoko/turtlebot3_ws/build/choirbot_interfaces': CMAKE_PREFIX_PATH=${CMAKE_PREFIX_PATH}:/home/yoko/turtlebot3_ws/install/robot_spawner_pkg:/home/yoko/turtlebot3_ws/install/robot_controller_utils:/home/yoko/turtlebot3_ws/install/choirbot_examples:/home/yoko/turtlebot3_ws/install/choirbot:/opt/ros/foxy /usr/bin/cmake --build /home/yoko/turtlebot3_ws/build/choirbot_interfaces -- -j8 -l8
[0.783s] [ 11%] Built target choirbot_interfaces__rosidl_generator_c
[0.785s] [ 12%] Built target choirbot_interfaces__cpp
[0.785s] [ 23%] Built target choirbot_interfaces__rosidl_typesupport_c
[0.788s] [ 34%] Built target choirbot_interfaces__rosidl_typesupport_introspection_cpp
[0.788s] [ 46%] Built target choirbot_interfaces__rosidl_typesupport_introspection_c
[0.792s] [ 57%] Built target choirbot_interfaces__rosidl_typesupport_cpp
[0.793s] [ 68%] Built target choirbot_interfaces__rosidl_typesupport_fastrtps_cpp
[0.794s] [ 79%] Built target choirbot_interfaces__rosidl_typesupport_fastrtps_c
[0.797s] [ 79%] Built target choirbot_interfaces
[0.799s] [ 80%] Built target choirbot_interfaces__py
[0.801s] [ 90%] Built target choirbot_interfaces__python
[0.804s] [ 96%] Built target choirbot_interfaces__rosidl_typesupport_c__pyext
[0.805s] [ 96%] Built target choirbot_interfaces__rosidl_typesupport_fastrtps_c__pyext
[0.806s] [100%] Built target choirbot_interfaces__rosidl_typesupport_introspection_c__pyext
[0.811s] Invoked command in '/home/yoko/turtlebot3_ws/build/choirbot_interfaces' returned '0': CMAKE_PREFIX_PATH=${CMAKE_PREFIX_PATH}:/home/yoko/turtlebot3_ws/install/robot_spawner_pkg:/home/yoko/turtlebot3_ws/install/robot_controller_utils:/home/yoko/turtlebot3_ws/install/choirbot_examples:/home/yoko/turtlebot3_ws/install/choirbot:/opt/ros/foxy /usr/bin/cmake --build /home/yoko/turtlebot3_ws/build/choirbot_interfaces -- -j8 -l8
[0.964s] Invoking command in '/home/yoko/turtlebot3_ws/build/choirbot_interfaces': CMAKE_PREFIX_PATH=${CMAKE_PREFIX_PATH}:/home/yoko/turtlebot3_ws/install/robot_spawner_pkg:/home/yoko/turtlebot3_ws/install/robot_controller_utils:/home/yoko/turtlebot3_ws/install/choirbot_examples:/home/yoko/turtlebot3_ws/install/choirbot:/opt/ros/foxy /usr/bin/cmake --install /home/yoko/turtlebot3_ws/build/choirbot_interfaces
[0.988s] -- Install configuration: ""
[0.992s] -- Execute custom install script
[0.993s] -- Up-to-date symlink: /home/yoko/turtlebot3_ws/install/choirbot_interfaces/share/ament_index/resource_index/rosidl_interfaces/choirbot_interfaces
[0.996s] -- Up-to-date symlink: /home/yoko/turtlebot3_ws/install/choirbot_interfaces/include/choirbot_interfaces/action/detail/position_action__functions.h
[0.997s] -- Up-to-date symlink: /home/yoko/turtlebot3_ws/install/choirbot_interfaces/include/choirbot_interfaces/action/detail/position_action__struct.h
[0.998s] -- Up-to-date symlink: /home/yoko/turtlebot3_ws/install/choirbot_interfaces/include/choirbot_interfaces/action/detail/position_action__type_support.h
[0.999s] -- Up-to-date symlink: /home/yoko/turtlebot3_ws/install/choirbot_interfaces/include/choirbot_interfaces/action/position_action.h
[1.001s] -- Up-to-date symlink: /home/yoko/turtlebot3_ws/install/choirbot_interfaces/include/choirbot_interfaces/msg/detail/position_task__functions.h
[1.002s] -- Up-to-date symlink: /home/yoko/turtlebot3_ws/install/choirbot_interfaces/include/choirbot_interfaces/msg/detail/position_task__struct.h
[1.003s] -- Up-to-date symlink: /home/yoko/turtlebot3_ws/install/choirbot_interfaces/include/choirbot_interfaces/msg/detail/position_task__type_support.h
[1.004s] -- Up-to-date symlink: /home/yoko/turtlebot3_ws/install/choirbot_interfaces/include/choirbot_interfaces/msg/detail/position_task_array__functions.h
[1.004s] -- Up-to-date symlink: /home/yoko/turtlebot3_ws/install/choirbot_interfaces/include/choirbot_interfaces/msg/detail/position_task_array__struct.h
[1.005s] -- Up-to-date symlink: /home/yoko/turtlebot3_ws/install/choirbot_interfaces/include/choirbot_interfaces/msg/detail/position_task_array__type_support.h
[1.005s] -- Up-to-date symlink: /home/yoko/turtlebot3_ws/install/choirbot_interfaces/include/choirbot_interfaces/msg/position_task.h
[1.005s] -- Up-to-date symlink: /home/yoko/turtlebot3_ws/install/choirbot_interfaces/include/choirbot_interfaces/msg/position_task_array.h
[1.006s] -- Up-to-date symlink: /home/yoko/turtlebot3_ws/install/choirbot_interfaces/include/choirbot_interfaces/msg/rosidl_generator_c__visibility_control.h
[1.007s] -- Up-to-date symlink: /home/yoko/turtlebot3_ws/install/choirbot_interfaces/include/choirbot_interfaces/srv/detail/position_task_service__functions.h
[1.007s] -- Up-to-date symlink: /home/yoko/turtlebot3_ws/install/choirbot_interfaces/include/choirbot_interfaces/srv/detail/position_task_service__struct.h
[1.008s] -- Up-to-date symlink: /home/yoko/turtlebot3_ws/install/choirbot_interfaces/include/choirbot_interfaces/srv/detail/position_task_service__type_support.h
[1.009s] -- Up-to-date symlink: /home/yoko/turtlebot3_ws/install/choirbot_interfaces/include/choirbot_interfaces/srv/detail/task_completion_service__functions.h
[1.010s] -- Up-to-date symlink: /home/yoko/turtlebot3_ws/install/choirbot_interfaces/include/choirbot_interfaces/srv/detail/task_completion_service__struct.h
[1.010s] -- Up-to-date symlink: /home/yoko/turtlebot3_ws/install/choirbot_interfaces/include/choirbot_interfaces/srv/detail/task_completion_service__type_support.h
[1.011s] -- Up-to-date symlink: /home/yoko/turtlebot3_ws/install/choirbot_interfaces/include/choirbot_interfaces/srv/position_task_service.h
[1.012s] -- Up-to-date symlink: /home/yoko/turtlebot3_ws/install/choirbot_interfaces/include/choirbot_interfaces/srv/task_completion_service.h
[1.013s] -- Up-to-date symlink: /home/yoko/turtlebot3_ws/install/choirbot_interfaces/share/choirbot_interfaces/environment/library_path.sh
[1.013s] -- Up-to-date symlink: /home/yoko/turtlebot3_ws/install/choirbot_interfaces/share/choirbot_interfaces/environment/library_path.dsv
[1.016s] -- Up-to-date symlink: /home/yoko/turtlebot3_ws/install/choirbot_interfaces/include/choirbot_interfaces/action/detail/position_action__rosidl_typesupport_fastrtps_c.h
[1.019s] -- Up-to-date symlink: /home/yoko/turtlebot3_ws/install/choirbot_interfaces/include/choirbot_interfaces/msg/detail/position_task__rosidl_typesupport_fastrtps_c.h
[1.019s] -- Up-to-date symlink: /home/yoko/turtlebot3_ws/install/choirbot_interfaces/include/choirbot_interfaces/msg/detail/position_task_array__rosidl_typesupport_fastrtps_c.h
[1.020s] -- Up-to-date symlink: /home/yoko/turtlebot3_ws/install/choirbot_interfaces/include/choirbot_interfaces/msg/rosidl_typesupport_fastrtps_c__visibility_control.h
[1.020s] -- Up-to-date symlink: /home/yoko/turtlebot3_ws/install/choirbot_interfaces/include/choirbot_interfaces/srv/detail/position_task_service__rosidl_typesupport_fastrtps_c.h
[1.020s] -- Up-to-date symlink: /home/yoko/turtlebot3_ws/install/choirbot_interfaces/include/choirbot_interfaces/srv/detail/task_completion_service__rosidl_typesupport_fastrtps_c.h
[1.021s] -- Up-to-date symlink: /home/yoko/turtlebot3_ws/install/choirbot_interfaces/lib/libchoirbot_interfaces__rosidl_typesupport_fastrtps_c.so
[1.021s] -- Up-to-date symlink: /home/yoko/turtlebot3_ws/install/choirbot_interfaces/include/choirbot_interfaces/action/detail/position_action__rosidl_typesupport_fastrtps_cpp.hpp
[1.022s] -- Up-to-date symlink: /home/yoko/turtlebot3_ws/install/choirbot_interfaces/include/choirbot_interfaces/msg/detail/position_task__rosidl_typesupport_fastrtps_cpp.hpp
[1.026s] -- Up-to-date symlink: /home/yoko/turtlebot3_ws/install/choirbot_interfaces/include/choirbot_interfaces/msg/detail/position_task_array__rosidl_typesupport_fastrtps_cpp.hpp
[1.027s] -- Up-to-date symlink: /home/yoko/turtlebot3_ws/install/choirbot_interfaces/include/choirbot_interfaces/msg/rosidl_typesupport_fastrtps_cpp__visibility_control.h
[1.027s] -- Up-to-date symlink: /home/yoko/turtlebot3_ws/install/choirbot_interfaces/include/choirbot_interfaces/srv/detail/position_task_service__rosidl_typesupport_fastrtps_cpp.hpp
[1.027s] -- Up-to-date symlink: /home/yoko/turtlebot3_ws/install/choirbot_interfaces/include/choirbot_interfaces/srv/detail/task_completion_service__rosidl_typesupport_fastrtps_cpp.hpp
[1.028s] -- Up-to-date symlink: /home/yoko/turtlebot3_ws/install/choirbot_interfaces/lib/libchoirbot_interfaces__rosidl_typesupport_fastrtps_cpp.so
[1.028s] -- Up-to-date symlink: /home/yoko/turtlebot3_ws/install/choirbot_interfaces/include/choirbot_interfaces/action/detail/position_action__rosidl_typesupport_introspection_c.h
[1.029s] -- Up-to-date symlink: /home/yoko/turtlebot3_ws/install/choirbot_interfaces/include/choirbot_interfaces/msg/detail/position_task__rosidl_typesupport_introspection_c.h
[1.029s] -- Up-to-date symlink: /home/yoko/turtlebot3_ws/install/choirbot_interfaces/include/choirbot_interfaces/msg/detail/position_task_array__rosidl_typesupport_introspection_c.h
[1.029s] -- Up-to-date symlink: /home/yoko/turtlebot3_ws/install/choirbot_interfaces/include/choirbot_interfaces/msg/rosidl_typesupport_introspection_c__visibility_control.h
[1.029s] -- Up-to-date symlink: /home/yoko/turtlebot3_ws/install/choirbot_interfaces/include/choirbot_interfaces/srv/detail/position_task_service__rosidl_typesupport_introspection_c.h
[1.030s] -- Up-to-date symlink: /home/yoko/turtlebot3_ws/install/choirbot_interfaces/include/choirbot_interfaces/srv/detail/task_completion_service__rosidl_typesupport_introspection_c.h
[1.030s] -- Up-to-date symlink: /home/yoko/turtlebot3_ws/install/choirbot_interfaces/include/choirbot_interfaces/action/detail/position_action__builder.hpp
[1.030s] -- Up-to-date symlink: /home/yoko/turtlebot3_ws/install/choirbot_interfaces/include/choirbot_interfaces/action/detail/position_action__struct.hpp
[1.030s] -- Up-to-date symlink: /home/yoko/turtlebot3_ws/install/choirbot_interfaces/include/choirbot_interfaces/action/detail/position_action__traits.hpp
[1.030s] -- Up-to-date symlink: /home/yoko/turtlebot3_ws/install/choirbot_interfaces/include/choirbot_interfaces/action/position_action.hpp
[1.030s] -- Up-to-date symlink: /home/yoko/turtlebot3_ws/install/choirbot_interfaces/include/choirbot_interfaces/msg/detail/position_task__builder.hpp
[1.031s] -- Up-to-date symlink: /home/yoko/turtlebot3_ws/install/choirbot_interfaces/include/choirbot_interfaces/msg/detail/position_task__struct.hpp
[1.031s] -- Up-to-date symlink: /home/yoko/turtlebot3_ws/install/choirbot_interfaces/include/choirbot_interfaces/msg/detail/position_task__traits.hpp
[1.031s] -- Up-to-date symlink: /home/yoko/turtlebot3_ws/install/choirbot_interfaces/include/choirbot_interfaces/msg/detail/position_task_array__builder.hpp
[1.031s] -- Up-to-date symlink: /home/yoko/turtlebot3_ws/install/choirbot_interfaces/include/choirbot_interfaces/msg/detail/position_task_array__struct.hpp
[1.031s] -- Up-to-date symlink: /home/yoko/turtlebot3_ws/install/choirbot_interfaces/include/choirbot_interfaces/msg/detail/position_task_array__traits.hpp
[1.031s] -- Up-to-date symlink: /home/yoko/turtlebot3_ws/install/choirbot_interfaces/include/choirbot_interfaces/msg/position_task.hpp
[1.031s] -- Up-to-date symlink: /home/yoko/turtlebot3_ws/install/choirbot_interfaces/include/choirbot_interfaces/msg/position_task_array.hpp
[1.032s] -- Up-to-date symlink: /home/yoko/turtlebot3_ws/install/choirbot_interfaces/include/choirbot_interfaces/srv/detail/position_task_service__builder.hpp
[1.032s] -- Up-to-date symlink: /home/yoko/turtlebot3_ws/install/choirbot_interfaces/include/choirbot_interfaces/srv/detail/position_task_service__struct.hpp
[1.032s] -- Up-to-date symlink: /home/yoko/turtlebot3_ws/install/choirbot_interfaces/include/choirbot_interfaces/srv/detail/position_task_service__traits.hpp
[1.032s] -- Up-to-date symlink: /home/yoko/turtlebot3_ws/install/choirbot_interfaces/include/choirbot_interfaces/srv/detail/task_completion_service__builder.hpp
[1.032s] -- Up-to-date symlink: /home/yoko/turtlebot3_ws/install/choirbot_interfaces/include/choirbot_interfaces/srv/detail/task_completion_service__struct.hpp
[1.032s] -- Up-to-date symlink: /home/yoko/turtlebot3_ws/install/choirbot_interfaces/include/choirbot_interfaces/srv/detail/task_completion_service__traits.hpp
[1.032s] -- Up-to-date symlink: /home/yoko/turtlebot3_ws/install/choirbot_interfaces/include/choirbot_interfaces/srv/position_task_service.hpp
[1.033s] -- Up-to-date symlink: /home/yoko/turtlebot3_ws/install/choirbot_interfaces/include/choirbot_interfaces/srv/task_completion_service.hpp
[1.033s] -- Up-to-date symlink: /home/yoko/turtlebot3_ws/install/choirbot_interfaces/include/choirbot_interfaces/action/detail/position_action__rosidl_typesupport_introspection_cpp.hpp
[1.033s] -- Up-to-date symlink: /home/yoko/turtlebot3_ws/install/choirbot_interfaces/include/choirbot_interfaces/msg/detail/position_task__rosidl_typesupport_introspection_cpp.hpp
[1.033s] -- Up-to-date symlink: /home/yoko/turtlebot3_ws/install/choirbot_interfaces/include/choirbot_interfaces/msg/detail/position_task_array__rosidl_typesupport_introspection_cpp.hpp
[1.033s] -- Up-to-date symlink: /home/yoko/turtlebot3_ws/install/choirbot_interfaces/include/choirbot_interfaces/srv/detail/position_task_service__rosidl_typesupport_introspection_cpp.hpp
[1.033s] -- Up-to-date symlink: /home/yoko/turtlebot3_ws/install/choirbot_interfaces/include/choirbot_interfaces/srv/detail/task_completion_service__rosidl_typesupport_introspection_cpp.hpp
[1.034s] -- Up-to-date symlink: /home/yoko/turtlebot3_ws/install/choirbot_interfaces/share/choirbot_interfaces/environment/pythonpath.sh
[1.034s] -- Up-to-date symlink: /home/yoko/turtlebot3_ws/install/choirbot_interfaces/share/choirbot_interfaces/environment/pythonpath.dsv
[1.035s] -- Symlinking: /home/yoko/turtlebot3_ws/install/choirbot_interfaces/lib/python3.8/site-packages/choirbot_interfaces/__init__.py
[1.036s] -- Up-to-date symlink: /home/yoko/turtlebot3_ws/install/choirbot_interfaces/lib/python3.8/site-packages/choirbot_interfaces/action/__init__.py
[1.036s] -- Up-to-date symlink: /home/yoko/turtlebot3_ws/install/choirbot_interfaces/lib/python3.8/site-packages/choirbot_interfaces/action/_position_action.py
[1.037s] -- Up-to-date symlink: /home/yoko/turtlebot3_ws/install/choirbot_interfaces/lib/python3.8/site-packages/choirbot_interfaces/msg/__init__.py
[1.037s] -- Up-to-date symlink: /home/yoko/turtlebot3_ws/install/choirbot_interfaces/lib/python3.8/site-packages/choirbot_interfaces/msg/_position_task.py
[1.037s] -- Up-to-date symlink: /home/yoko/turtlebot3_ws/install/choirbot_interfaces/lib/python3.8/site-packages/choirbot_interfaces/msg/_position_task_array.py
[1.037s] -- Up-to-date symlink: /home/yoko/turtlebot3_ws/install/choirbot_interfaces/lib/python3.8/site-packages/choirbot_interfaces/srv/__init__.py
[1.037s] -- Up-to-date symlink: /home/yoko/turtlebot3_ws/install/choirbot_interfaces/lib/python3.8/site-packages/choirbot_interfaces/srv/_position_task_service.py
[1.037s] -- Up-to-date symlink: /home/yoko/turtlebot3_ws/install/choirbot_interfaces/lib/python3.8/site-packages/choirbot_interfaces/srv/_task_completion_service.py
[1.038s] -- Up-to-date symlink: /home/yoko/turtlebot3_ws/install/choirbot_interfaces/lib/python3.8/site-packages/choirbot_interfaces/choirbot_interfaces_s__rosidl_typesupport_fastrtps_c.cpython-38-x86_64-linux-gnu.so
[1.038s] -- Up-to-date symlink: /home/yoko/turtlebot3_ws/install/choirbot_interfaces/lib/python3.8/site-packages/choirbot_interfaces/choirbot_interfaces_s__rosidl_typesupport_introspection_c.cpython-38-x86_64-linux-gnu.so
[1.038s] -- Up-to-date symlink: /home/yoko/turtlebot3_ws/install/choirbot_interfaces/lib/python3.8/site-packages/choirbot_interfaces/choirbot_interfaces_s__rosidl_typesupport_c.cpython-38-x86_64-linux-gnu.so
[1.038s] -- Up-to-date symlink: /home/yoko/turtlebot3_ws/install/choirbot_interfaces/lib/libchoirbot_interfaces__python.so
[1.038s] -- Up-to-date symlink: /home/yoko/turtlebot3_ws/install/choirbot_interfaces/share/choirbot_interfaces/action/PositionAction.idl
[1.038s] -- Up-to-date symlink: /home/yoko/turtlebot3_ws/install/choirbot_interfaces/share/choirbot_interfaces/msg/PositionTask.idl
[1.039s] -- Up-to-date symlink: /home/yoko/turtlebot3_ws/install/choirbot_interfaces/share/choirbot_interfaces/msg/PositionTaskArray.idl
[1.039s] -- Up-to-date symlink: /home/yoko/turtlebot3_ws/install/choirbot_interfaces/share/choirbot_interfaces/srv/PositionTaskService.idl
[1.039s] -- Up-to-date symlink: /home/yoko/turtlebot3_ws/install/choirbot_interfaces/share/choirbot_interfaces/srv/TaskCompletionService.idl
[1.039s] -- Up-to-date symlink: /home/yoko/turtlebot3_ws/install/choirbot_interfaces/share/choirbot_interfaces/action/PositionAction.action
[1.039s] -- Up-to-date symlink: /home/yoko/turtlebot3_ws/install/choirbot_interfaces/share/choirbot_interfaces/msg/PositionTask.msg
[1.039s] -- Up-to-date symlink: /home/yoko/turtlebot3_ws/install/choirbot_interfaces/share/choirbot_interfaces/msg/PositionTaskArray.msg
[1.040s] -- Up-to-date symlink: /home/yoko/turtlebot3_ws/install/choirbot_interfaces/share/choirbot_interfaces/srv/PositionTaskService.srv
[1.040s] -- Up-to-date symlink: /home/yoko/turtlebot3_ws/install/choirbot_interfaces/share/choirbot_interfaces/srv/PositionTaskService_Request.msg
[1.040s] -- Up-to-date symlink: /home/yoko/turtlebot3_ws/install/choirbot_interfaces/share/choirbot_interfaces/srv/PositionTaskService_Response.msg
[1.040s] -- Up-to-date symlink: /home/yoko/turtlebot3_ws/install/choirbot_interfaces/share/choirbot_interfaces/srv/TaskCompletionService.srv
[1.040s] -- Up-to-date symlink: /home/yoko/turtlebot3_ws/install/choirbot_interfaces/share/choirbot_interfaces/srv/TaskCompletionService_Request.msg
[1.040s] -- Up-to-date symlink: /home/yoko/turtlebot3_ws/install/choirbot_interfaces/share/choirbot_interfaces/srv/TaskCompletionService_Response.msg
[1.040s] -- Symlinking: /home/yoko/turtlebot3_ws/install/choirbot_interfaces/lib/python3.8/site-packages/choirbot_interfaces/__init__.py
[1.041s] -- Up-to-date symlink: /home/yoko/turtlebot3_ws/install/choirbot_interfaces/share/ament_index/resource_index/package_run_dependencies/choirbot_interfaces
[1.041s] -- Up-to-date symlink: /home/yoko/turtlebot3_ws/install/choirbot_interfaces/share/ament_index/resource_index/parent_prefix_path/choirbot_interfaces
[1.041s] -- Up-to-date symlink: /home/yoko/turtlebot3_ws/install/choirbot_interfaces/share/choirbot_interfaces/environment/ament_prefix_path.sh
[1.041s] -- Up-to-date symlink: /home/yoko/turtlebot3_ws/install/choirbot_interfaces/share/choirbot_interfaces/environment/ament_prefix_path.dsv
[1.041s] -- Up-to-date symlink: /home/yoko/turtlebot3_ws/install/choirbot_interfaces/share/choirbot_interfaces/environment/path.sh
[1.042s] -- Up-to-date symlink: /home/yoko/turtlebot3_ws/install/choirbot_interfaces/share/choirbot_interfaces/environment/path.dsv
[1.042s] -- Up-to-date symlink: /home/yoko/turtlebot3_ws/install/choirbot_interfaces/share/choirbot_interfaces/local_setup.bash
[1.042s] -- Up-to-date symlink: /home/yoko/turtlebot3_ws/install/choirbot_interfaces/share/choirbot_interfaces/local_setup.sh
[1.042s] -- Up-to-date symlink: /home/yoko/turtlebot3_ws/install/choirbot_interfaces/share/choirbot_interfaces/local_setup.zsh
[1.043s] -- Up-to-date symlink: /home/yoko/turtlebot3_ws/install/choirbot_interfaces/share/choirbot_interfaces/local_setup.dsv
[1.043s] -- Symlinking: /home/yoko/turtlebot3_ws/install/choirbot_interfaces/share/choirbot_interfaces/package.dsv
[1.052s] -- Up-to-date symlink: /home/yoko/turtlebot3_ws/install/choirbot_interfaces/share/ament_index/resource_index/packages/choirbot_interfaces
[1.052s] -- Up-to-date symlink: /home/yoko/turtlebot3_ws/install/choirbot_interfaces/share/choirbot_interfaces/cmake/rosidl_cmake-extras.cmake
[1.053s] -- Up-to-date symlink: /home/yoko/turtlebot3_ws/install/choirbot_interfaces/share/choirbot_interfaces/cmake/ament_cmake_export_dependencies-extras.cmake
[1.053s] -- Up-to-date symlink: /home/yoko/turtlebot3_ws/install/choirbot_interfaces/share/choirbot_interfaces/cmake/ament_cmake_export_libraries-extras.cmake
[1.054s] -- Up-to-date symlink: /home/yoko/turtlebot3_ws/install/choirbot_interfaces/share/choirbot_interfaces/cmake/ament_cmake_export_targets-extras.cmake
[1.054s] -- Up-to-date symlink: /home/yoko/turtlebot3_ws/install/choirbot_interfaces/share/choirbot_interfaces/cmake/ament_cmake_export_include_directories-extras.cmake
[1.055s] -- Up-to-date symlink: /home/yoko/turtlebot3_ws/install/choirbot_interfaces/share/choirbot_interfaces/cmake/rosidl_cmake_export_typesupport_libraries-extras.cmake
[1.055s] -- Up-to-date symlink: /home/yoko/turtlebot3_ws/install/choirbot_interfaces/share/choirbot_interfaces/cmake/rosidl_cmake_export_typesupport_targets-extras.cmake
[1.056s] -- Up-to-date symlink: /home/yoko/turtlebot3_ws/install/choirbot_interfaces/share/choirbot_interfaces/cmake/choirbot_interfacesConfig.cmake
[1.056s] -- Up-to-date symlink: /home/yoko/turtlebot3_ws/install/choirbot_interfaces/share/choirbot_interfaces/cmake/choirbot_interfacesConfig-version.cmake
[1.056s] -- Up-to-date symlink: /home/yoko/turtlebot3_ws/install/choirbot_interfaces/share/choirbot_interfaces/package.xml
[1.057s] -- Up-to-date: /home/yoko/turtlebot3_ws/install/choirbot_interfaces/lib/libchoirbot_interfaces__rosidl_generator_c.so
[1.057s] -- Up-to-date: /home/yoko/turtlebot3_ws/install/choirbot_interfaces/lib/libchoirbot_interfaces__rosidl_typesupport_introspection_c.so
[1.058s] -- Up-to-date: /home/yoko/turtlebot3_ws/install/choirbot_interfaces/lib/libchoirbot_interfaces__rosidl_typesupport_c.so
[1.059s] -- Up-to-date: /home/yoko/turtlebot3_ws/install/choirbot_interfaces/lib/libchoirbot_interfaces__rosidl_typesupport_introspection_cpp.so
[1.059s] -- Up-to-date: /home/yoko/turtlebot3_ws/install/choirbot_interfaces/lib/libchoirbot_interfaces__rosidl_typesupport_cpp.so
[1.188s] Listing '/home/yoko/turtlebot3_ws/install/choirbot_interfaces/lib/python3.8/site-packages/choirbot_interfaces'...
[1.188s] Listing '/home/yoko/turtlebot3_ws/install/choirbot_interfaces/lib/python3.8/site-packages/choirbot_interfaces/action'...
[1.188s] Listing '/home/yoko/turtlebot3_ws/install/choirbot_interfaces/lib/python3.8/site-packages/choirbot_interfaces/msg'...
[1.188s] Listing '/home/yoko/turtlebot3_ws/install/choirbot_interfaces/lib/python3.8/site-packages/choirbot_interfaces/srv'...
[1.197s] -- Up-to-date: /home/yoko/turtlebot3_ws/install/choirbot_interfaces/share/choirbot_interfaces/cmake/choirbot_interfaces__rosidl_generator_cExport.cmake
[1.197s] -- Up-to-date: /home/yoko/turtlebot3_ws/install/choirbot_interfaces/share/choirbot_interfaces/cmake/choirbot_interfaces__rosidl_generator_cExport-noconfig.cmake
[1.198s] -- Up-to-date: /home/yoko/turtlebot3_ws/install/choirbot_interfaces/share/choirbot_interfaces/cmake/choirbot_interfaces__rosidl_typesupport_introspection_cExport.cmake
[1.198s] -- Up-to-date: /home/yoko/turtlebot3_ws/install/choirbot_interfaces/share/choirbot_interfaces/cmake/choirbot_interfaces__rosidl_typesupport_introspection_cExport-noconfig.cmake
[1.198s] -- Up-to-date: /home/yoko/turtlebot3_ws/install/choirbot_interfaces/share/choirbot_interfaces/cmake/choirbot_interfaces__rosidl_typesupport_cExport.cmake
[1.199s] -- Up-to-date: /home/yoko/turtlebot3_ws/install/choirbot_interfaces/share/choirbot_interfaces/cmake/choirbot_interfaces__rosidl_typesupport_cExport-noconfig.cmake
[1.199s] -- Up-to-date: /home/yoko/turtlebot3_ws/install/choirbot_interfaces/share/choirbot_interfaces/cmake/choirbot_interfaces__rosidl_generator_cppExport.cmake
[1.199s] -- Up-to-date: /home/yoko/turtlebot3_ws/install/choirbot_interfaces/share/choirbot_interfaces/cmake/choirbot_interfaces__rosidl_typesupport_introspection_cppExport.cmake
[1.199s] -- Up-to-date: /home/yoko/turtlebot3_ws/install/choirbot_interfaces/share/choirbot_interfaces/cmake/choirbot_interfaces__rosidl_typesupport_introspection_cppExport-noconfig.cmake
[1.200s] -- Up-to-date: /home/yoko/turtlebot3_ws/install/choirbot_interfaces/share/choirbot_interfaces/cmake/choirbot_interfaces__rosidl_typesupport_cppExport.cmake
[1.200s] -- Up-to-date: /home/yoko/turtlebot3_ws/install/choirbot_interfaces/share/choirbot_interfaces/cmake/choirbot_interfaces__rosidl_typesupport_cppExport-noconfig.cmake
[1.201s] Invoked command in '/home/yoko/turtlebot3_ws/build/choirbot_interfaces' returned '0': CMAKE_PREFIX_PATH=${CMAKE_PREFIX_PATH}:/home/yoko/turtlebot3_ws/install/robot_spawner_pkg:/home/yoko/turtlebot3_ws/install/robot_controller_utils:/home/yoko/turtlebot3_ws/install/choirbot_examples:/home/yoko/turtlebot3_ws/install/choirbot:/opt/ros/foxy /usr/bin/cmake --install /home/yoko/turtlebot3_ws/build/choirbot_interfaces
