[0.071s] Invoking command in '/home/yoko/turtlebot3_ws/build/turtlebot3_simulations': CMAKE_PREFIX_PATH=/home/yoko/turtlebot3_ws/install/turtlebot3_gazebo:/home/yoko/turtlebot3_ws/install/turtlebot3_fake_node:/home/yoko/turtlebot3_ws/install/turtlebot3_simulations:/home/yoko/turtlebot3_ws/install/choirbot_interfaces:/home/yoko/turtlebot3_ws/install/robot_spawner_pkg:/home/yoko/turtlebot3_ws/install/robot_controller_utils:/home/yoko/turtlebot3_ws/install/choirbot_examples:/home/yoko/turtlebot3_ws/install/choirbot:/opt/ros/foxy /usr/bin/cmake --build /home/yoko/turtlebot3_ws/build/turtlebot3_simulations -- -j8 -l8
[0.136s] -- Found ament_cmake: 0.9.11 (/opt/ros/foxy/share/ament_cmake/cmake)
[0.181s] -- Using PYTHON_EXECUTABLE: /usr/bin/python3
[0.543s] -- Override CMake install command with custom implementation using symlinks instead of copying resources
[0.670s] -- Configuring done
[0.676s] -- Generating done
[0.677s] -- Build files have been written to: /home/yoko/turtlebot3_ws/build/turtlebot3_simulations
[0.718s] Invoked command in '/home/yoko/turtlebot3_ws/build/turtlebot3_simulations' returned '0': CMAKE_PREFIX_PATH=/home/yoko/turtlebot3_ws/install/turtlebot3_gazebo:/home/yoko/turtlebot3_ws/install/turtlebot3_fake_node:/home/yoko/turtlebot3_ws/install/turtlebot3_simulations:/home/yoko/turtlebot3_ws/install/choirbot_interfaces:/home/yoko/turtlebot3_ws/install/robot_spawner_pkg:/home/yoko/turtlebot3_ws/install/robot_controller_utils:/home/yoko/turtlebot3_ws/install/choirbot_examples:/home/yoko/turtlebot3_ws/install/choirbot:/opt/ros/foxy /usr/bin/cmake --build /home/yoko/turtlebot3_ws/build/turtlebot3_simulations -- -j8 -l8
[0.758s] Invoking command in '/home/yoko/turtlebot3_ws/build/turtlebot3_simulations': CMAKE_PREFIX_PATH=/home/yoko/turtlebot3_ws/install/turtlebot3_gazebo:/home/yoko/turtlebot3_ws/install/turtlebot3_fake_node:/home/yoko/turtlebot3_ws/install/turtlebot3_simulations:/home/yoko/turtlebot3_ws/install/choirbot_interfaces:/home/yoko/turtlebot3_ws/install/robot_spawner_pkg:/home/yoko/turtlebot3_ws/install/robot_controller_utils:/home/yoko/turtlebot3_ws/install/choirbot_examples:/home/yoko/turtlebot3_ws/install/choirbot:/opt/ros/foxy /usr/bin/cmake --install /home/yoko/turtlebot3_ws/build/turtlebot3_simulations
[0.774s] -- Install configuration: ""
[0.775s] -- Execute custom install script
[0.775s] -- Up-to-date symlink: /home/yoko/turtlebot3_ws/install/turtlebot3_simulations/share/ament_index/resource_index/package_run_dependencies/turtlebot3_simulations
[0.776s] -- Up-to-date symlink: /home/yoko/turtlebot3_ws/install/turtlebot3_simulations/share/ament_index/resource_index/parent_prefix_path/turtlebot3_simulations
[0.777s] -- Up-to-date symlink: /home/yoko/turtlebot3_ws/install/turtlebot3_simulations/share/turtlebot3_simulations/environment/ament_prefix_path.sh
[0.778s] -- Up-to-date symlink: /home/yoko/turtlebot3_ws/install/turtlebot3_simulations/share/turtlebot3_simulations/environment/ament_prefix_path.dsv
[0.779s] -- Up-to-date symlink: /home/yoko/turtlebot3_ws/install/turtlebot3_simulations/share/turtlebot3_simulations/environment/path.sh
[0.779s] -- Up-to-date symlink: /home/yoko/turtlebot3_ws/install/turtlebot3_simulations/share/turtlebot3_simulations/environment/path.dsv
[0.780s] -- Up-to-date symlink: /home/yoko/turtlebot3_ws/install/turtlebot3_simulations/share/turtlebot3_simulations/local_setup.bash
[0.781s] -- Up-to-date symlink: /home/yoko/turtlebot3_ws/install/turtlebot3_simulations/share/turtlebot3_simulations/local_setup.sh
[0.799s] -- Up-to-date symlink: /home/yoko/turtlebot3_ws/install/turtlebot3_simulations/share/turtlebot3_simulations/local_setup.zsh
[0.800s] -- Up-to-date symlink: /home/yoko/turtlebot3_ws/install/turtlebot3_simulations/share/turtlebot3_simulations/local_setup.dsv
[0.800s] -- Symlinking: /home/yoko/turtlebot3_ws/install/turtlebot3_simulations/share/turtlebot3_simulations/package.dsv
[0.836s] -- Up-to-date symlink: /home/yoko/turtlebot3_ws/install/turtlebot3_simulations/share/ament_index/resource_index/packages/turtlebot3_simulations
[0.836s] -- Up-to-date symlink: /home/yoko/turtlebot3_ws/install/turtlebot3_simulations/share/turtlebot3_simulations/cmake/turtlebot3_simulationsConfig.cmake
[0.837s] -- Up-to-date symlink: /home/yoko/turtlebot3_ws/install/turtlebot3_simulations/share/turtlebot3_simulations/cmake/turtlebot3_simulationsConfig-version.cmake
[0.838s] -- Up-to-date symlink: /home/yoko/turtlebot3_ws/install/turtlebot3_simulations/share/turtlebot3_simulations/package.xml
[0.849s] Invoked command in '/home/yoko/turtlebot3_ws/build/turtlebot3_simulations' returned '0': CMAKE_PREFIX_PATH=/home/yoko/turtlebot3_ws/install/turtlebot3_gazebo:/home/yoko/turtlebot3_ws/install/turtlebot3_fake_node:/home/yoko/turtlebot3_ws/install/turtlebot3_simulations:/home/yoko/turtlebot3_ws/install/choirbot_interfaces:/home/yoko/turtlebot3_ws/install/robot_spawner_pkg:/home/yoko/turtlebot3_ws/install/robot_controller_utils:/home/yoko/turtlebot3_ws/install/choirbot_examples:/home/yoko/turtlebot3_ws/install/choirbot:/opt/ros/foxy /usr/bin/cmake --install /home/yoko/turtlebot3_ws/build/turtlebot3_simulations
