[0.076s] Invoking command in '/home/yoko/turtlebot3_ws/build/turtlebot3_gazebo': CMAKE_PREFIX_PATH=${CMAKE_PREFIX_PATH}:/home/yoko/turtlebot3_ws/install/robot_spawner_pkg:/home/yoko/turtlebot3_ws/install/robot_controller_utils:/home/yoko/turtlebot3_ws/install/choirbot_examples:/home/yoko/turtlebot3_ws/install/choirbot:/opt/ros/foxy /usr/bin/cmake --build /home/yoko/turtlebot3_ws/build/turtlebot3_gazebo -- -j8 -l8
[0.753s] [ 25%] Built target obstacle1
[0.756s] [ 50%] Built target obstacle2
[0.759s] [ 75%] Built target obstacles
[1.004s] [100%] Built target turtlebot3_drive
[1.021s] Invoked command in '/home/yoko/turtlebot3_ws/build/turtlebot3_gazebo' returned '0': CMAKE_PREFIX_PATH=${CMAKE_PREFIX_PATH}:/home/yoko/turtlebot3_ws/install/robot_spawner_pkg:/home/yoko/turtlebot3_ws/install/robot_controller_utils:/home/yoko/turtlebot3_ws/install/choirbot_examples:/home/yoko/turtlebot3_ws/install/choirbot:/opt/ros/foxy /usr/bin/cmake --build /home/yoko/turtlebot3_ws/build/turtlebot3_gazebo -- -j8 -l8
[1.062s] Invoking command in '/home/yoko/turtlebot3_ws/build/turtlebot3_gazebo': CMAKE_PREFIX_PATH=${CMAKE_PREFIX_PATH}:/home/yoko/turtlebot3_ws/install/robot_spawner_pkg:/home/yoko/turtlebot3_ws/install/robot_controller_utils:/home/yoko/turtlebot3_ws/install/choirbot_examples:/home/yoko/turtlebot3_ws/install/choirbot:/opt/ros/foxy /usr/bin/cmake --install /home/yoko/turtlebot3_ws/build/turtlebot3_gazebo
[1.083s] -- Install configuration: ""
[1.119s] -- Execute custom install script
[1.120s] -- Up-to-date symlink: /home/yoko/turtlebot3_ws/install/turtlebot3_gazebo/lib/turtlebot3_gazebo/turtlebot3_drive
[1.123s] -- Up-to-date symlink: /home/yoko/turtlebot3_ws/install/turtlebot3_gazebo/share/turtlebot3_gazebo//launch/empty_world.launch.py
[1.123s] -- Up-to-date symlink: /home/yoko/turtlebot3_ws/install/turtlebot3_gazebo/share/turtlebot3_gazebo//launch/robot_state_publisher.launch.py
[1.124s] -- Up-to-date symlink: /home/yoko/turtlebot3_ws/install/turtlebot3_gazebo/share/turtlebot3_gazebo//launch/turtlebot3_autorace.launch.py
[1.124s] -- Up-to-date symlink: /home/yoko/turtlebot3_ws/install/turtlebot3_gazebo/share/turtlebot3_gazebo//launch/turtlebot3_dqn_stage1.launch.py
[1.125s] -- Up-to-date symlink: /home/yoko/turtlebot3_ws/install/turtlebot3_gazebo/share/turtlebot3_gazebo//launch/turtlebot3_dqn_stage2.launch.py
[1.125s] -- Up-to-date symlink: /home/yoko/turtlebot3_ws/install/turtlebot3_gazebo/share/turtlebot3_gazebo//launch/turtlebot3_dqn_stage3.launch.py
[1.125s] -- Up-to-date symlink: /home/yoko/turtlebot3_ws/install/turtlebot3_gazebo/share/turtlebot3_gazebo//launch/turtlebot3_dqn_stage4.launch.py
[1.126s] -- Up-to-date symlink: /home/yoko/turtlebot3_ws/install/turtlebot3_gazebo/share/turtlebot3_gazebo//launch/turtlebot3_house.launch.py
[1.126s] -- Up-to-date symlink: /home/yoko/turtlebot3_ws/install/turtlebot3_gazebo/share/turtlebot3_gazebo//launch/turtlebot3_world.launch.py
[1.242s] -- Up-to-date symlink: /home/yoko/turtlebot3_ws/install/turtlebot3_gazebo/share/turtlebot3_gazebo//models/choirbot_world/meshes/hexagon.dae
[1.243s] -- Up-to-date symlink: /home/yoko/turtlebot3_ws/install/turtlebot3_gazebo/share/turtlebot3_gazebo//models/choirbot_world/meshes/wall.dae
[1.243s] -- Up-to-date symlink: /home/yoko/turtlebot3_ws/install/turtlebot3_gazebo/share/turtlebot3_gazebo//models/choirbot_world/model-1_4.sdf
[1.244s] -- Up-to-date symlink: /home/yoko/turtlebot3_ws/install/turtlebot3_gazebo/share/turtlebot3_gazebo//models/choirbot_world/model.config
[1.244s] -- Up-to-date symlink: /home/yoko/turtlebot3_ws/install/turtlebot3_gazebo/share/turtlebot3_gazebo//models/choirbot_world/model.sdf
[1.245s] -- Up-to-date symlink: /home/yoko/turtlebot3_ws/install/turtlebot3_gazebo/share/turtlebot3_gazebo//models/turtlebot3_autorace/course/materials/scripts/course.material
[1.245s] -- Up-to-date symlink: /home/yoko/turtlebot3_ws/install/turtlebot3_gazebo/share/turtlebot3_gazebo//models/turtlebot3_autorace/course/materials/textures/course.png
[1.246s] -- Up-to-date symlink: /home/yoko/turtlebot3_ws/install/turtlebot3_gazebo/share/turtlebot3_gazebo//models/turtlebot3_autorace/course/model.config
[1.246s] -- Up-to-date symlink: /home/yoko/turtlebot3_ws/install/turtlebot3_gazebo/share/turtlebot3_gazebo//models/turtlebot3_autorace/course/model.sdf
[1.247s] -- Up-to-date symlink: /home/yoko/turtlebot3_ws/install/turtlebot3_gazebo/share/turtlebot3_gazebo//models/turtlebot3_autorace/ground/model.config
[1.247s] -- Up-to-date symlink: /home/yoko/turtlebot3_ws/install/turtlebot3_gazebo/share/turtlebot3_gazebo//models/turtlebot3_autorace/ground/model.sdf
[1.248s] -- Up-to-date symlink: /home/yoko/turtlebot3_ws/install/turtlebot3_gazebo/share/turtlebot3_gazebo//models/turtlebot3_autorace/lights/model.config
[1.248s] -- Up-to-date symlink: /home/yoko/turtlebot3_ws/install/turtlebot3_gazebo/share/turtlebot3_gazebo//models/turtlebot3_autorace/lights/model.sdf
[1.249s] -- Up-to-date symlink: /home/yoko/turtlebot3_ws/install/turtlebot3_gazebo/share/turtlebot3_gazebo//models/turtlebot3_autorace/model.config
[1.249s] -- Up-to-date symlink: /home/yoko/turtlebot3_ws/install/turtlebot3_gazebo/share/turtlebot3_gazebo//models/turtlebot3_autorace/traffic_bar_down/materials/scripts/traffic_bar.material
[1.249s] -- Up-to-date symlink: /home/yoko/turtlebot3_ws/install/turtlebot3_gazebo/share/turtlebot3_gazebo//models/turtlebot3_autorace/traffic_bar_down/materials/textures/traffic_bar.png
[1.250s] -- Up-to-date symlink: /home/yoko/turtlebot3_ws/install/turtlebot3_gazebo/share/turtlebot3_gazebo//models/turtlebot3_autorace/traffic_bar_down/model.config
[1.250s] -- Up-to-date symlink: /home/yoko/turtlebot3_ws/install/turtlebot3_gazebo/share/turtlebot3_gazebo//models/turtlebot3_autorace/traffic_bar_down/model.sdf
[1.251s] -- Up-to-date symlink: /home/yoko/turtlebot3_ws/install/turtlebot3_gazebo/share/turtlebot3_gazebo//models/turtlebot3_autorace/traffic_bar_up/materials/scripts/traffic_bar.material
[1.251s] -- Up-to-date symlink: /home/yoko/turtlebot3_ws/install/turtlebot3_gazebo/share/turtlebot3_gazebo//models/turtlebot3_autorace/traffic_bar_up/materials/textures/traffic_bar.png
[1.252s] -- Up-to-date symlink: /home/yoko/turtlebot3_ws/install/turtlebot3_gazebo/share/turtlebot3_gazebo//models/turtlebot3_autorace/traffic_bar_up/model.config
[1.252s] -- Up-to-date symlink: /home/yoko/turtlebot3_ws/install/turtlebot3_gazebo/share/turtlebot3_gazebo//models/turtlebot3_autorace/traffic_bar_up/model.sdf
[1.253s] -- Up-to-date symlink: /home/yoko/turtlebot3_ws/install/turtlebot3_gazebo/share/turtlebot3_gazebo//models/turtlebot3_autorace/traffic_light_green/model.config
[1.253s] -- Up-to-date symlink: /home/yoko/turtlebot3_ws/install/turtlebot3_gazebo/share/turtlebot3_gazebo//models/turtlebot3_autorace/traffic_light_green/model.sdf
[1.254s] -- Up-to-date symlink: /home/yoko/turtlebot3_ws/install/turtlebot3_gazebo/share/turtlebot3_gazebo//models/turtlebot3_autorace/traffic_light_red/model.config
[1.254s] -- Up-to-date symlink: /home/yoko/turtlebot3_ws/install/turtlebot3_gazebo/share/turtlebot3_gazebo//models/turtlebot3_autorace/traffic_light_red/model.sdf
[1.255s] -- Up-to-date symlink: /home/yoko/turtlebot3_ws/install/turtlebot3_gazebo/share/turtlebot3_gazebo//models/turtlebot3_autorace/traffic_light_yellow/model.config
[1.255s] -- Up-to-date symlink: /home/yoko/turtlebot3_ws/install/turtlebot3_gazebo/share/turtlebot3_gazebo//models/turtlebot3_autorace/traffic_light_yellow/model.sdf
[1.256s] -- Up-to-date symlink: /home/yoko/turtlebot3_ws/install/turtlebot3_gazebo/share/turtlebot3_gazebo//models/turtlebot3_autorace/traffic_parking/materials/scripts/traffic_parking.material
[1.256s] -- Up-to-date symlink: /home/yoko/turtlebot3_ws/install/turtlebot3_gazebo/share/turtlebot3_gazebo//models/turtlebot3_autorace/traffic_parking/materials/textures/traffic_parking.png
[1.257s] -- Up-to-date symlink: /home/yoko/turtlebot3_ws/install/turtlebot3_gazebo/share/turtlebot3_gazebo//models/turtlebot3_autorace/traffic_parking/model.config
[1.257s] -- Up-to-date symlink: /home/yoko/turtlebot3_ws/install/turtlebot3_gazebo/share/turtlebot3_gazebo//models/turtlebot3_autorace/traffic_parking/model.sdf
[1.257s] -- Up-to-date symlink: /home/yoko/turtlebot3_ws/install/turtlebot3_gazebo/share/turtlebot3_gazebo//models/turtlebot3_autorace/traffic_stop/materials/scripts/traffic_stop.material
[1.258s] -- Up-to-date symlink: /home/yoko/turtlebot3_ws/install/turtlebot3_gazebo/share/turtlebot3_gazebo//models/turtlebot3_autorace/traffic_stop/materials/textures/traffic_stop.png
[1.259s] -- Up-to-date symlink: /home/yoko/turtlebot3_ws/install/turtlebot3_gazebo/share/turtlebot3_gazebo//models/turtlebot3_autorace/traffic_stop/model.config
[1.259s] -- Up-to-date symlink: /home/yoko/turtlebot3_ws/install/turtlebot3_gazebo/share/turtlebot3_gazebo//models/turtlebot3_autorace/traffic_stop/model.sdf
[1.260s] -- Up-to-date symlink: /home/yoko/turtlebot3_ws/install/turtlebot3_gazebo/share/turtlebot3_gazebo//models/turtlebot3_autorace/traffic_tunnel/materials/scripts/tunnel.material
[1.260s] -- Up-to-date symlink: /home/yoko/turtlebot3_ws/install/turtlebot3_gazebo/share/turtlebot3_gazebo//models/turtlebot3_autorace/traffic_tunnel/materials/textures/tunnel.png
[1.260s] -- Up-to-date symlink: /home/yoko/turtlebot3_ws/install/turtlebot3_gazebo/share/turtlebot3_gazebo//models/turtlebot3_autorace/traffic_tunnel/model.config
[1.261s] -- Up-to-date symlink: /home/yoko/turtlebot3_ws/install/turtlebot3_gazebo/share/turtlebot3_gazebo//models/turtlebot3_autorace/traffic_tunnel/model.sdf
[1.261s] -- Up-to-date symlink: /home/yoko/turtlebot3_ws/install/turtlebot3_gazebo/share/turtlebot3_gazebo//models/turtlebot3_autorace/tunnel_obstacles/model.config
[1.262s] -- Up-to-date symlink: /home/yoko/turtlebot3_ws/install/turtlebot3_gazebo/share/turtlebot3_gazebo//models/turtlebot3_autorace/tunnel_obstacles/model.sdf
[1.262s] -- Up-to-date symlink: /home/yoko/turtlebot3_ws/install/turtlebot3_gazebo/share/turtlebot3_gazebo//models/turtlebot3_autorace/tunnel_wall/model.config
[1.263s] -- Up-to-date symlink: /home/yoko/turtlebot3_ws/install/turtlebot3_gazebo/share/turtlebot3_gazebo//models/turtlebot3_autorace/tunnel_wall/model.sdf
[1.263s] -- Up-to-date symlink: /home/yoko/turtlebot3_ws/install/turtlebot3_gazebo/share/turtlebot3_gazebo//models/turtlebot3_burger/meshes/burger_base.dae
[1.264s] -- Up-to-date symlink: /home/yoko/turtlebot3_ws/install/turtlebot3_gazebo/share/turtlebot3_gazebo//models/turtlebot3_burger/meshes/lds.dae
[1.264s] -- Up-to-date symlink: /home/yoko/turtlebot3_ws/install/turtlebot3_gazebo/share/turtlebot3_gazebo//models/turtlebot3_burger/meshes/tire.dae
[1.265s] -- Up-to-date symlink: /home/yoko/turtlebot3_ws/install/turtlebot3_gazebo/share/turtlebot3_gazebo//models/turtlebot3_burger/model-1_4.sdf
[1.265s] -- Up-to-date symlink: /home/yoko/turtlebot3_ws/install/turtlebot3_gazebo/share/turtlebot3_gazebo//models/turtlebot3_burger/model.config
[1.265s] -- Up-to-date symlink: /home/yoko/turtlebot3_ws/install/turtlebot3_gazebo/share/turtlebot3_gazebo//models/turtlebot3_burger/model.sdf
[1.266s] -- Up-to-date symlink: /home/yoko/turtlebot3_ws/install/turtlebot3_gazebo/share/turtlebot3_gazebo//models/turtlebot3_dqn_world/goal_box/model.config
[1.266s] -- Up-to-date symlink: /home/yoko/turtlebot3_ws/install/turtlebot3_gazebo/share/turtlebot3_gazebo//models/turtlebot3_dqn_world/goal_box/model.sdf
[1.267s] -- Up-to-date symlink: /home/yoko/turtlebot3_ws/install/turtlebot3_gazebo/share/turtlebot3_gazebo//models/turtlebot3_dqn_world/inner_walls/model.config
[1.268s] -- Up-to-date symlink: /home/yoko/turtlebot3_ws/install/turtlebot3_gazebo/share/turtlebot3_gazebo//models/turtlebot3_dqn_world/inner_walls/model.sdf
[1.269s] -- Up-to-date symlink: /home/yoko/turtlebot3_ws/install/turtlebot3_gazebo/share/turtlebot3_gazebo//models/turtlebot3_dqn_world/model.config
[1.270s] -- Up-to-date symlink: /home/yoko/turtlebot3_ws/install/turtlebot3_gazebo/share/turtlebot3_gazebo//models/turtlebot3_dqn_world/model.sdf
[1.270s] -- Up-to-date symlink: /home/yoko/turtlebot3_ws/install/turtlebot3_gazebo/share/turtlebot3_gazebo//models/turtlebot3_dqn_world/obstacle1/model.config
[1.270s] -- Up-to-date symlink: /home/yoko/turtlebot3_ws/install/turtlebot3_gazebo/share/turtlebot3_gazebo//models/turtlebot3_dqn_world/obstacle1/model.sdf
[1.271s] -- Up-to-date symlink: /home/yoko/turtlebot3_ws/install/turtlebot3_gazebo/share/turtlebot3_gazebo//models/turtlebot3_dqn_world/obstacle2/model.config
[1.271s] -- Up-to-date symlink: /home/yoko/turtlebot3_ws/install/turtlebot3_gazebo/share/turtlebot3_gazebo//models/turtlebot3_dqn_world/obstacle2/model.sdf
[1.271s] -- Up-to-date symlink: /home/yoko/turtlebot3_ws/install/turtlebot3_gazebo/share/turtlebot3_gazebo//models/turtlebot3_dqn_world/obstacle_plugin/CMakeLists.txt
[1.272s] -- Up-to-date symlink: /home/yoko/turtlebot3_ws/install/turtlebot3_gazebo/share/turtlebot3_gazebo//models/turtlebot3_dqn_world/obstacle_plugin/obstacle1.cc
[1.272s] -- Up-to-date symlink: /home/yoko/turtlebot3_ws/install/turtlebot3_gazebo/share/turtlebot3_gazebo//models/turtlebot3_dqn_world/obstacle_plugin/obstacle2.cc
[1.272s] -- Up-to-date symlink: /home/yoko/turtlebot3_ws/install/turtlebot3_gazebo/share/turtlebot3_gazebo//models/turtlebot3_dqn_world/obstacle_plugin/obstacles.cc
[1.273s] -- Up-to-date symlink: /home/yoko/turtlebot3_ws/install/turtlebot3_gazebo/share/turtlebot3_gazebo//models/turtlebot3_dqn_world/obstacles/model.config
[1.273s] -- Up-to-date symlink: /home/yoko/turtlebot3_ws/install/turtlebot3_gazebo/share/turtlebot3_gazebo//models/turtlebot3_dqn_world/obstacles/model.sdf
[1.274s] -- Up-to-date symlink: /home/yoko/turtlebot3_ws/install/turtlebot3_gazebo/share/turtlebot3_gazebo//models/turtlebot3_house/model.config
[1.274s] -- Up-to-date symlink: /home/yoko/turtlebot3_ws/install/turtlebot3_gazebo/share/turtlebot3_gazebo//models/turtlebot3_house/model.sdf
[1.274s] -- Up-to-date symlink: /home/yoko/turtlebot3_ws/install/turtlebot3_gazebo/share/turtlebot3_gazebo//models/turtlebot3_waffle/meshes/lds.dae
[1.274s] -- Up-to-date symlink: /home/yoko/turtlebot3_ws/install/turtlebot3_gazebo/share/turtlebot3_gazebo//models/turtlebot3_waffle/meshes/r200.dae
[1.275s] -- Up-to-date symlink: /home/yoko/turtlebot3_ws/install/turtlebot3_gazebo/share/turtlebot3_gazebo//models/turtlebot3_waffle/meshes/tire.dae
[1.275s] -- Up-to-date symlink: /home/yoko/turtlebot3_ws/install/turtlebot3_gazebo/share/turtlebot3_gazebo//models/turtlebot3_waffle/meshes/waffle_base.dae
[1.275s] -- Up-to-date symlink: /home/yoko/turtlebot3_ws/install/turtlebot3_gazebo/share/turtlebot3_gazebo//models/turtlebot3_waffle/model-1_4.sdf
[1.275s] -- Up-to-date symlink: /home/yoko/turtlebot3_ws/install/turtlebot3_gazebo/share/turtlebot3_gazebo//models/turtlebot3_waffle/model.config
[1.276s] -- Up-to-date symlink: /home/yoko/turtlebot3_ws/install/turtlebot3_gazebo/share/turtlebot3_gazebo//models/turtlebot3_waffle/model.sdf
[1.276s] -- Up-to-date symlink: /home/yoko/turtlebot3_ws/install/turtlebot3_gazebo/share/turtlebot3_gazebo//models/turtlebot3_waffle_pi/meshes/lds.dae
[1.276s] -- Up-to-date symlink: /home/yoko/turtlebot3_ws/install/turtlebot3_gazebo/share/turtlebot3_gazebo//models/turtlebot3_waffle_pi/meshes/tire.dae
[1.276s] -- Up-to-date symlink: /home/yoko/turtlebot3_ws/install/turtlebot3_gazebo/share/turtlebot3_gazebo//models/turtlebot3_waffle_pi/meshes/waffle_pi_base.dae
[1.276s] -- Up-to-date symlink: /home/yoko/turtlebot3_ws/install/turtlebot3_gazebo/share/turtlebot3_gazebo//models/turtlebot3_waffle_pi/model-1_4_.sdf
[1.277s] -- Up-to-date symlink: /home/yoko/turtlebot3_ws/install/turtlebot3_gazebo/share/turtlebot3_gazebo//models/turtlebot3_waffle_pi/model.config
[1.277s] -- Up-to-date symlink: /home/yoko/turtlebot3_ws/install/turtlebot3_gazebo/share/turtlebot3_gazebo//models/turtlebot3_waffle_pi/model.sdf
[1.277s] -- Up-to-date symlink: /home/yoko/turtlebot3_ws/install/turtlebot3_gazebo/share/turtlebot3_gazebo//models/turtlebot3_world/meshes/hexagon.dae
[1.277s] -- Up-to-date symlink: /home/yoko/turtlebot3_ws/install/turtlebot3_gazebo/share/turtlebot3_gazebo//models/turtlebot3_world/meshes/wall.dae
[1.277s] -- Up-to-date symlink: /home/yoko/turtlebot3_ws/install/turtlebot3_gazebo/share/turtlebot3_gazebo//models/turtlebot3_world/model-1_4.sdf
[1.277s] -- Up-to-date symlink: /home/yoko/turtlebot3_ws/install/turtlebot3_gazebo/share/turtlebot3_gazebo//models/turtlebot3_world/model.config
[1.278s] -- Up-to-date symlink: /home/yoko/turtlebot3_ws/install/turtlebot3_gazebo/share/turtlebot3_gazebo//models/turtlebot3_world/model.sdf
[1.278s] -- Up-to-date symlink: /home/yoko/turtlebot3_ws/install/turtlebot3_gazebo/share/turtlebot3_gazebo//rviz/tb3_gazebo.rviz
[1.317s] -- Up-to-date symlink: /home/yoko/turtlebot3_ws/install/turtlebot3_gazebo/share/turtlebot3_gazebo//worlds/empty_worlds/burger.model
[1.317s] -- Up-to-date symlink: /home/yoko/turtlebot3_ws/install/turtlebot3_gazebo/share/turtlebot3_gazebo//worlds/empty_worlds/burger_base.model
[1.318s] -- Up-to-date symlink: /home/yoko/turtlebot3_ws/install/turtlebot3_gazebo/share/turtlebot3_gazebo//worlds/empty_worlds/waffle.model
[1.318s] -- Up-to-date symlink: /home/yoko/turtlebot3_ws/install/turtlebot3_gazebo/share/turtlebot3_gazebo//worlds/empty_worlds/waffle_pi.model
[1.318s] -- Up-to-date symlink: /home/yoko/turtlebot3_ws/install/turtlebot3_gazebo/share/turtlebot3_gazebo//worlds/turtlebot3_autoraces/burger.model
[1.319s] -- Up-to-date symlink: /home/yoko/turtlebot3_ws/install/turtlebot3_gazebo/share/turtlebot3_gazebo//worlds/turtlebot3_autoraces/waffle.model
[1.319s] -- Up-to-date symlink: /home/yoko/turtlebot3_ws/install/turtlebot3_gazebo/share/turtlebot3_gazebo//worlds/turtlebot3_autoraces/waffle_pi.model
[1.319s] -- Up-to-date symlink: /home/yoko/turtlebot3_ws/install/turtlebot3_gazebo/share/turtlebot3_gazebo//worlds/turtlebot3_dqn_stage1/burger.model
[1.320s] -- Up-to-date symlink: /home/yoko/turtlebot3_ws/install/turtlebot3_gazebo/share/turtlebot3_gazebo//worlds/turtlebot3_dqn_stage1/waffle.model
[1.320s] -- Up-to-date symlink: /home/yoko/turtlebot3_ws/install/turtlebot3_gazebo/share/turtlebot3_gazebo//worlds/turtlebot3_dqn_stage1/waffle_pi.model
[1.320s] -- Up-to-date symlink: /home/yoko/turtlebot3_ws/install/turtlebot3_gazebo/share/turtlebot3_gazebo//worlds/turtlebot3_dqn_stage2/burger.model
[1.320s] -- Up-to-date symlink: /home/yoko/turtlebot3_ws/install/turtlebot3_gazebo/share/turtlebot3_gazebo//worlds/turtlebot3_dqn_stage2/waffle.model
[1.321s] -- Up-to-date symlink: /home/yoko/turtlebot3_ws/install/turtlebot3_gazebo/share/turtlebot3_gazebo//worlds/turtlebot3_dqn_stage2/waffle_pi.model
[1.321s] -- Up-to-date symlink: /home/yoko/turtlebot3_ws/install/turtlebot3_gazebo/share/turtlebot3_gazebo//worlds/turtlebot3_dqn_stage3/burger.model
[1.321s] -- Up-to-date symlink: /home/yoko/turtlebot3_ws/install/turtlebot3_gazebo/share/turtlebot3_gazebo//worlds/turtlebot3_dqn_stage3/waffle.model
[1.322s] -- Up-to-date symlink: /home/yoko/turtlebot3_ws/install/turtlebot3_gazebo/share/turtlebot3_gazebo//worlds/turtlebot3_dqn_stage3/waffle_pi.model
[1.322s] -- Up-to-date symlink: /home/yoko/turtlebot3_ws/install/turtlebot3_gazebo/share/turtlebot3_gazebo//worlds/turtlebot3_dqn_stage4/burger.model
[1.322s] -- Up-to-date symlink: /home/yoko/turtlebot3_ws/install/turtlebot3_gazebo/share/turtlebot3_gazebo//worlds/turtlebot3_dqn_stage4/waffle.model
[1.323s] -- Up-to-date symlink: /home/yoko/turtlebot3_ws/install/turtlebot3_gazebo/share/turtlebot3_gazebo//worlds/turtlebot3_dqn_stage4/waffle_pi.model
[1.323s] -- Up-to-date symlink: /home/yoko/turtlebot3_ws/install/turtlebot3_gazebo/share/turtlebot3_gazebo//worlds/turtlebot3_houses/burger.model
[1.323s] -- Up-to-date symlink: /home/yoko/turtlebot3_ws/install/turtlebot3_gazebo/share/turtlebot3_gazebo//worlds/turtlebot3_houses/waffle.model
[1.324s] -- Up-to-date symlink: /home/yoko/turtlebot3_ws/install/turtlebot3_gazebo/share/turtlebot3_gazebo//worlds/turtlebot3_houses/waffle_pi.model
[1.324s] -- Up-to-date symlink: /home/yoko/turtlebot3_ws/install/turtlebot3_gazebo/share/turtlebot3_gazebo//worlds/turtlebot3_worlds/burger.model
[1.325s] -- Up-to-date symlink: /home/yoko/turtlebot3_ws/install/turtlebot3_gazebo/share/turtlebot3_gazebo//worlds/turtlebot3_worlds/waffle.model
[1.325s] -- Up-to-date symlink: /home/yoko/turtlebot3_ws/install/turtlebot3_gazebo/share/turtlebot3_gazebo//worlds/turtlebot3_worlds/waffle_pi.model
[1.339s] -- Up-to-date symlink: /home/yoko/turtlebot3_ws/install/turtlebot3_gazebo/include//turtlebot3_gazebo/turtlebot3_drive.hpp
[1.339s] -- Up-to-date symlink: /home/yoko/turtlebot3_ws/install/turtlebot3_gazebo/share/ament_index/resource_index/package_run_dependencies/turtlebot3_gazebo
[1.340s] -- Up-to-date symlink: /home/yoko/turtlebot3_ws/install/turtlebot3_gazebo/share/ament_index/resource_index/parent_prefix_path/turtlebot3_gazebo
[1.340s] -- Up-to-date symlink: /home/yoko/turtlebot3_ws/install/turtlebot3_gazebo/share/turtlebot3_gazebo/environment/ament_prefix_path.sh
[1.341s] -- Up-to-date symlink: /home/yoko/turtlebot3_ws/install/turtlebot3_gazebo/share/turtlebot3_gazebo/environment/ament_prefix_path.dsv
[1.341s] -- Up-to-date symlink: /home/yoko/turtlebot3_ws/install/turtlebot3_gazebo/share/turtlebot3_gazebo/environment/path.sh
[1.341s] -- Up-to-date symlink: /home/yoko/turtlebot3_ws/install/turtlebot3_gazebo/share/turtlebot3_gazebo/environment/path.dsv
[1.342s] -- Up-to-date symlink: /home/yoko/turtlebot3_ws/install/turtlebot3_gazebo/share/turtlebot3_gazebo/local_setup.bash
[1.342s] -- Up-to-date symlink: /home/yoko/turtlebot3_ws/install/turtlebot3_gazebo/share/turtlebot3_gazebo/local_setup.sh
[1.343s] -- Up-to-date symlink: /home/yoko/turtlebot3_ws/install/turtlebot3_gazebo/share/turtlebot3_gazebo/local_setup.zsh
[1.343s] -- Up-to-date symlink: /home/yoko/turtlebot3_ws/install/turtlebot3_gazebo/share/turtlebot3_gazebo/local_setup.dsv
[1.343s] -- Symlinking: /home/yoko/turtlebot3_ws/install/turtlebot3_gazebo/share/turtlebot3_gazebo/package.dsv
[1.363s] -- Up-to-date symlink: /home/yoko/turtlebot3_ws/install/turtlebot3_gazebo/share/ament_index/resource_index/packages/turtlebot3_gazebo
[1.363s] -- Up-to-date symlink: /home/yoko/turtlebot3_ws/install/turtlebot3_gazebo/share/turtlebot3_gazebo/cmake/ament_cmake_export_include_directories-extras.cmake
[1.364s] -- Up-to-date symlink: /home/yoko/turtlebot3_ws/install/turtlebot3_gazebo/share/turtlebot3_gazebo/cmake/ament_cmake_export_dependencies-extras.cmake
[1.365s] -- Up-to-date symlink: /home/yoko/turtlebot3_ws/install/turtlebot3_gazebo/share/turtlebot3_gazebo/cmake/turtlebot3_gazeboConfig.cmake
[1.365s] -- Up-to-date symlink: /home/yoko/turtlebot3_ws/install/turtlebot3_gazebo/share/turtlebot3_gazebo/cmake/turtlebot3_gazeboConfig-version.cmake
[1.366s] -- Up-to-date symlink: /home/yoko/turtlebot3_ws/install/turtlebot3_gazebo/share/turtlebot3_gazebo/package.xml
[1.434s] Invoked command in '/home/yoko/turtlebot3_ws/build/turtlebot3_gazebo' returned '0': CMAKE_PREFIX_PATH=${CMAKE_PREFIX_PATH}:/home/yoko/turtlebot3_ws/install/robot_spawner_pkg:/home/yoko/turtlebot3_ws/install/robot_controller_utils:/home/yoko/turtlebot3_ws/install/choirbot_examples:/home/yoko/turtlebot3_ws/install/choirbot:/opt/ros/foxy /usr/bin/cmake --install /home/yoko/turtlebot3_ws/build/turtlebot3_gazebo
