[0.444s] Invoking command in '/home/yoko/turtlebot3_ws/build/choirbot_examples': AMENT_PREFIX_PATH=/home/yoko/turtlebot3_ws/install/choirbot:/home/yoko/turtlebot3_ws/install/turtlebot3_simulations:/home/yoko/turtlebot3_ws/install/turtlebot3_gazebo:/home/yoko/turtlebot3_ws/install/turtlebot3_fake_node:/home/yoko/turtlebot3_ws/install/robot_spawner_pkg:/home/yoko/turtlebot3_ws/install/robot_controller_utils:/home/yoko/turtlebot3_ws/install/choirbot_examples:/home/yoko/turtlebot3_ws/install/choirbot_interfaces:/opt/ros/foxy CMAKE_PREFIX_PATH=/home/yoko/turtlebot3_ws/install/choirbot_interfaces:/home/yoko/turtlebot3_ws/install/turtlebot3_simulations:/home/yoko/turtlebot3_ws/install/turtlebot3_gazebo:/home/yoko/turtlebot3_ws/install/turtlebot3_fake_node PYTHONPATH=/home/yoko/turtlebot3_ws/install/choirbot_examples/lib/python3.8/site-packages:/home/yoko/turtlebot3_ws/build/choirbot:/home/yoko/turtlebot3_ws/install/choirbot/lib/python3.8/site-packages:/home/yoko/turtlebot3_ws/install/choirbot_interfaces/lib/python3.8/site-packages:/home/yoko/turtlebot3_ws/build/robot_spawner_pkg/src:/home/yoko/turtlebot3_ws/install/robot_spawner_pkg/lib/python3.8/site-packages:/home/yoko/turtlebot3_ws/build/robot_controller_utils/src:/home/yoko/turtlebot3_ws/install/robot_controller_utils/lib/python3.8/site-packages:/home/yoko/turtlebot3_ws/build/choirbot_examples:/home/yoko/turtlebot3_ws/install/choirbot_examples/lib/python3.8/site-packages:/opt/ros/foxy/lib/python3.8/site-packages /usr/bin/python3 setup.py develop --prefix /home/yoko/turtlebot3_ws/install/choirbot_examples --editable --build-directory /home/yoko/turtlebot3_ws/build/choirbot_examples/build --no-deps install_data --install-dir /home/yoko/turtlebot3_ws/install/choirbot_examples
[0.851s] running develop
[1.123s] running egg_info
[1.124s] writing choirbot_examples.egg-info/PKG-INFO
[1.124s] writing dependency_links to choirbot_examples.egg-info/dependency_links.txt
[1.124s] writing entry points to choirbot_examples.egg-info/entry_points.txt
[1.124s] writing requirements to choirbot_examples.egg-info/requires.txt
[1.124s] writing top-level names to choirbot_examples.egg-info/top_level.txt
[1.198s] reading manifest file 'choirbot_examples.egg-info/SOURCES.txt'
[1.202s] writing manifest file 'choirbot_examples.egg-info/SOURCES.txt'
[1.270s] running build_ext
[1.270s] Creating /home/yoko/turtlebot3_ws/install/choirbot_examples/lib/python3.8/site-packages/choirbot-examples.egg-link (link to .)
[1.271s] Installing choirbot_containment_guidance script to /home/yoko/turtlebot3_ws/install/choirbot_examples/lib/choirbot_examples
[1.272s] Installing choirbot_containment_integrator script to /home/yoko/turtlebot3_ws/install/choirbot_examples/lib/choirbot_examples
[1.272s] Installing choirbot_containment_rviz script to /home/yoko/turtlebot3_ws/install/choirbot_examples/lib/choirbot_examples
[1.272s] Installing choirbot_formationcontrol_controller script to /home/yoko/turtlebot3_ws/install/choirbot_examples/lib/choirbot_examples
[1.272s] Installing choirbot_formationcontrol_guidance script to /home/yoko/turtlebot3_ws/install/choirbot_examples/lib/choirbot_examples
[1.272s] Installing choirbot_mpc_guidance script to /home/yoko/turtlebot3_ws/install/choirbot_examples/lib/choirbot_examples
[1.272s] Installing choirbot_mpc_integrator script to /home/yoko/turtlebot3_ws/install/choirbot_examples/lib/choirbot_examples
[1.273s] Installing choirbot_mpc_rviz script to /home/yoko/turtlebot3_ws/install/choirbot_examples/lib/choirbot_examples
[1.273s] Installing choirbot_taskassignment_controller script to /home/yoko/turtlebot3_ws/install/choirbot_examples/lib/choirbot_examples
[1.273s] Installing choirbot_taskassignment_guidance script to /home/yoko/turtlebot3_ws/install/choirbot_examples/lib/choirbot_examples
[1.273s] Installing choirbot_taskassignment_planner script to /home/yoko/turtlebot3_ws/install/choirbot_examples/lib/choirbot_examples
[1.273s] Installing choirbot_taskassignment_table script to /home/yoko/turtlebot3_ws/install/choirbot_examples/lib/choirbot_examples
[1.274s] Installing choirbot_turtlebot_spawner script to /home/yoko/turtlebot3_ws/install/choirbot_examples/lib/choirbot_examples
[1.274s] 
[1.274s] Installed /home/yoko/turtlebot3_ws/build/choirbot_examples
[1.274s] running install_data
[1.274s] copying resource/model_burger.sdf -> /home/yoko/turtlebot3_ws/install/choirbot_examples/share/choirbot_examples
[1.313s] Invoked command in '/home/yoko/turtlebot3_ws/build/choirbot_examples' returned '0': AMENT_PREFIX_PATH=/home/yoko/turtlebot3_ws/install/choirbot:/home/yoko/turtlebot3_ws/install/turtlebot3_simulations:/home/yoko/turtlebot3_ws/install/turtlebot3_gazebo:/home/yoko/turtlebot3_ws/install/turtlebot3_fake_node:/home/yoko/turtlebot3_ws/install/robot_spawner_pkg:/home/yoko/turtlebot3_ws/install/robot_controller_utils:/home/yoko/turtlebot3_ws/install/choirbot_examples:/home/yoko/turtlebot3_ws/install/choirbot_interfaces:/opt/ros/foxy CMAKE_PREFIX_PATH=/home/yoko/turtlebot3_ws/install/choirbot_interfaces:/home/yoko/turtlebot3_ws/install/turtlebot3_simulations:/home/yoko/turtlebot3_ws/install/turtlebot3_gazebo:/home/yoko/turtlebot3_ws/install/turtlebot3_fake_node PYTHONPATH=/home/yoko/turtlebot3_ws/install/choirbot_examples/lib/python3.8/site-packages:/home/yoko/turtlebot3_ws/build/choirbot:/home/yoko/turtlebot3_ws/install/choirbot/lib/python3.8/site-packages:/home/yoko/turtlebot3_ws/install/choirbot_interfaces/lib/python3.8/site-packages:/home/yoko/turtlebot3_ws/build/robot_spawner_pkg/src:/home/yoko/turtlebot3_ws/install/robot_spawner_pkg/lib/python3.8/site-packages:/home/yoko/turtlebot3_ws/build/robot_controller_utils/src:/home/yoko/turtlebot3_ws/install/robot_controller_utils/lib/python3.8/site-packages:/home/yoko/turtlebot3_ws/build/choirbot_examples:/home/yoko/turtlebot3_ws/install/choirbot_examples/lib/python3.8/site-packages:/opt/ros/foxy/lib/python3.8/site-packages /usr/bin/python3 setup.py develop --prefix /home/yoko/turtlebot3_ws/install/choirbot_examples --editable --build-directory /home/yoko/turtlebot3_ws/build/choirbot_examples/build --no-deps install_data --install-dir /home/yoko/turtlebot3_ws/install/choirbot_examples
