[1.058s] Invoking command in '/home/yoko/turtlebot3_ws/build/choirbot_examples': AMENT_PREFIX_PATH=/home/yoko/turtlebot3_ws/install/choirbot:/home/yoko/turtlebot3_ws/install/turtlebot3_simulations:/home/yoko/turtlebot3_ws/install/turtlebot3_gazebo:/home/yoko/turtlebot3_ws/install/turtlebot3_fake_node:/home/yoko/turtlebot3_ws/install/robot_spawner_pkg:/home/yoko/turtlebot3_ws/install/robot_controller_utils:/home/yoko/turtlebot3_ws/install/choirbot_examples:/home/yoko/turtlebot3_ws/install/choirbot_interfaces:/opt/ros/foxy CMAKE_PREFIX_PATH=/home/yoko/turtlebot3_ws/install/choirbot_interfaces:/home/yoko/turtlebot3_ws/install/turtlebot3_simulations:/home/yoko/turtlebot3_ws/install/turtlebot3_gazebo:/home/yoko/turtlebot3_ws/install/turtlebot3_fake_node PYTHONPATH=/home/yoko/turtlebot3_ws/build/choirbot_examples/prefix_override:/home/yoko/turtlebot3_ws/install/choirbot_examples/lib/python3.8/site-packages:/home/yoko/turtlebot3_ws/build/choirbot:/home/yoko/turtlebot3_ws/install/choirbot/lib/python3.8/site-packages:/home/yoko/turtlebot3_ws/install/choirbot_interfaces/lib/python3.8/site-packages:/home/yoko/turtlebot3_ws/build/robot_spawner_pkg/src:/home/yoko/turtlebot3_ws/install/robot_spawner_pkg/lib/python3.8/site-packages:/home/yoko/turtlebot3_ws/build/robot_controller_utils/src:/home/yoko/turtlebot3_ws/install/robot_controller_utils/lib/python3.8/site-packages:/home/yoko/turtlebot3_ws/build/choirbot_examples:/home/yoko/turtlebot3_ws/install/choirbot_examples/lib/python3.8/site-packages:/opt/ros/foxy/lib/python3.8/site-packages /usr/bin/python3 setup.py develop --editable --build-directory /home/yoko/turtlebot3_ws/build/choirbot_examples/build --no-deps install_data
[1.477s] running develop
[1.706s] running egg_info
[1.707s] writing choirbot_examples.egg-info/PKG-INFO
[1.707s] writing dependency_links to choirbot_examples.egg-info/dependency_links.txt
[1.707s] writing entry points to choirbot_examples.egg-info/entry_points.txt
[1.707s] writing requirements to choirbot_examples.egg-info/requires.txt
[1.708s] writing top-level names to choirbot_examples.egg-info/top_level.txt
[1.768s] reading manifest file 'choirbot_examples.egg-info/SOURCES.txt'
[1.770s] writing manifest file 'choirbot_examples.egg-info/SOURCES.txt'
[1.826s] running build_ext
[1.826s] Creating /home/yoko/turtlebot3_ws/install/choirbot_examples/lib/python3.8/site-packages/choirbot-examples.egg-link (link to .)
[1.828s] Installing choirbot_containment_guidance script to /home/yoko/turtlebot3_ws/install/choirbot_examples/lib/choirbot_examples
[1.828s] Installing choirbot_containment_integrator script to /home/yoko/turtlebot3_ws/install/choirbot_examples/lib/choirbot_examples
[1.828s] Installing choirbot_containment_rviz script to /home/yoko/turtlebot3_ws/install/choirbot_examples/lib/choirbot_examples
[1.828s] Installing choirbot_formationcontrol_controller script to /home/yoko/turtlebot3_ws/install/choirbot_examples/lib/choirbot_examples
[1.829s] Installing choirbot_formationcontrol_guidance script to /home/yoko/turtlebot3_ws/install/choirbot_examples/lib/choirbot_examples
[1.829s] Installing choirbot_mpc_guidance script to /home/yoko/turtlebot3_ws/install/choirbot_examples/lib/choirbot_examples
[1.829s] Installing choirbot_mpc_integrator script to /home/yoko/turtlebot3_ws/install/choirbot_examples/lib/choirbot_examples
[1.829s] Installing choirbot_mpc_rviz script to /home/yoko/turtlebot3_ws/install/choirbot_examples/lib/choirbot_examples
[1.829s] Installing choirbot_taskassignment_controller script to /home/yoko/turtlebot3_ws/install/choirbot_examples/lib/choirbot_examples
[1.830s] Installing choirbot_taskassignment_guidance script to /home/yoko/turtlebot3_ws/install/choirbot_examples/lib/choirbot_examples
[1.830s] Installing choirbot_taskassignment_planner script to /home/yoko/turtlebot3_ws/install/choirbot_examples/lib/choirbot_examples
[1.830s] Installing choirbot_taskassignment_table script to /home/yoko/turtlebot3_ws/install/choirbot_examples/lib/choirbot_examples
[1.830s] Installing choirbot_turtlebot_spawner script to /home/yoko/turtlebot3_ws/install/choirbot_examples/lib/choirbot_examples
[1.830s] 
[1.830s] Installed /home/yoko/turtlebot3_ws/build/choirbot_examples
[1.830s] running install_data
[1.877s] Invoked command in '/home/yoko/turtlebot3_ws/build/choirbot_examples' returned '0': AMENT_PREFIX_PATH=/home/yoko/turtlebot3_ws/install/choirbot:/home/yoko/turtlebot3_ws/install/turtlebot3_simulations:/home/yoko/turtlebot3_ws/install/turtlebot3_gazebo:/home/yoko/turtlebot3_ws/install/turtlebot3_fake_node:/home/yoko/turtlebot3_ws/install/robot_spawner_pkg:/home/yoko/turtlebot3_ws/install/robot_controller_utils:/home/yoko/turtlebot3_ws/install/choirbot_examples:/home/yoko/turtlebot3_ws/install/choirbot_interfaces:/opt/ros/foxy CMAKE_PREFIX_PATH=/home/yoko/turtlebot3_ws/install/choirbot_interfaces:/home/yoko/turtlebot3_ws/install/turtlebot3_simulations:/home/yoko/turtlebot3_ws/install/turtlebot3_gazebo:/home/yoko/turtlebot3_ws/install/turtlebot3_fake_node PYTHONPATH=/home/yoko/turtlebot3_ws/build/choirbot_examples/prefix_override:/home/yoko/turtlebot3_ws/install/choirbot_examples/lib/python3.8/site-packages:/home/yoko/turtlebot3_ws/build/choirbot:/home/yoko/turtlebot3_ws/install/choirbot/lib/python3.8/site-packages:/home/yoko/turtlebot3_ws/install/choirbot_interfaces/lib/python3.8/site-packages:/home/yoko/turtlebot3_ws/build/robot_spawner_pkg/src:/home/yoko/turtlebot3_ws/install/robot_spawner_pkg/lib/python3.8/site-packages:/home/yoko/turtlebot3_ws/build/robot_controller_utils/src:/home/yoko/turtlebot3_ws/install/robot_controller_utils/lib/python3.8/site-packages:/home/yoko/turtlebot3_ws/build/choirbot_examples:/home/yoko/turtlebot3_ws/install/choirbot_examples/lib/python3.8/site-packages:/opt/ros/foxy/lib/python3.8/site-packages /usr/bin/python3 setup.py develop --editable --build-directory /home/yoko/turtlebot3_ws/build/choirbot_examples/build --no-deps install_data
