[0.426s] Invoking command in '/home/yoko/turtlebot3_ws/build/choirbot_interfaces': CMAKE_PREFIX_PATH=${CMAKE_PREFIX_PATH}:/home/yoko/turtlebot3_ws/install/robot_spawner_pkg:/home/yoko/turtlebot3_ws/install/robot_controller_utils:/home/yoko/turtlebot3_ws/install/choirbot_examples:/home/yoko/turtlebot3_ws/install/choirbot:/opt/ros/foxy /usr/bin/cmake --build /home/yoko/turtlebot3_ws/build/choirbot_interfaces -- -j8 -l8
[2.646s] [  1%] Built target choirbot_interfaces__cpp
[2.768s] [ 12%] Built target choirbot_interfaces__rosidl_generator_c
[2.908s] [ 23%] Built target choirbot_interfaces__rosidl_typesupport_c
[2.911s] [ 34%] Built target choirbot_interfaces__rosidl_typesupport_introspection_cpp
[2.922s] [ 46%] Built target choirbot_interfaces__rosidl_typesupport_introspection_c
[2.923s] [ 57%] Built target choirbot_interfaces__rosidl_typesupport_cpp
[3.163s] [ 68%] Built target choirbot_interfaces__rosidl_typesupport_fastrtps_cpp
[3.359s] [ 79%] Built target choirbot_interfaces__rosidl_typesupport_fastrtps_c
[3.544s] [ 79%] Built target choirbot_interfaces
[3.673s] [ 80%] Built target choirbot_interfaces__py
[4.104s] [ 90%] Built target choirbot_interfaces__python
[4.272s] [ 96%] Built target choirbot_interfaces__rosidl_typesupport_c__pyext
[4.272s] [ 96%] Built target choirbot_interfaces__rosidl_typesupport_fastrtps_c__pyext
[4.295s] [100%] Built target choirbot_interfaces__rosidl_typesupport_introspection_c__pyext
[4.370s] Invoked command in '/home/yoko/turtlebot3_ws/build/choirbot_interfaces' returned '0': CMAKE_PREFIX_PATH=${CMAKE_PREFIX_PATH}:/home/yoko/turtlebot3_ws/install/robot_spawner_pkg:/home/yoko/turtlebot3_ws/install/robot_controller_utils:/home/yoko/turtlebot3_ws/install/choirbot_examples:/home/yoko/turtlebot3_ws/install/choirbot:/opt/ros/foxy /usr/bin/cmake --build /home/yoko/turtlebot3_ws/build/choirbot_interfaces -- -j8 -l8
[4.536s] Invoking command in '/home/yoko/turtlebot3_ws/build/choirbot_interfaces': CMAKE_PREFIX_PATH=${CMAKE_PREFIX_PATH}:/home/yoko/turtlebot3_ws/install/robot_spawner_pkg:/home/yoko/turtlebot3_ws/install/robot_controller_utils:/home/yoko/turtlebot3_ws/install/choirbot_examples:/home/yoko/turtlebot3_ws/install/choirbot:/opt/ros/foxy /usr/bin/cmake --install /home/yoko/turtlebot3_ws/build/choirbot_interfaces
[4.562s] -- Install configuration: ""
[4.581s] -- Execute custom install script
[4.596s] -- Up-to-date symlink: /home/yoko/turtlebot3_ws/install/choirbot_interfaces/share/ament_index/resource_index/rosidl_interfaces/choirbot_interfaces
[4.613s] -- Up-to-date symlink: /home/yoko/turtlebot3_ws/install/choirbot_interfaces/include/choirbot_interfaces/action/detail/position_action__functions.h
[4.614s] -- Up-to-date symlink: /home/yoko/turtlebot3_ws/install/choirbot_interfaces/include/choirbot_interfaces/action/detail/position_action__struct.h
[4.627s] -- Up-to-date symlink: /home/yoko/turtlebot3_ws/install/choirbot_interfaces/include/choirbot_interfaces/action/detail/position_action__type_support.h
[4.628s] -- Up-to-date symlink: /home/yoko/turtlebot3_ws/install/choirbot_interfaces/include/choirbot_interfaces/action/position_action.h
[4.630s] -- Up-to-date symlink: /home/yoko/turtlebot3_ws/install/choirbot_interfaces/include/choirbot_interfaces/msg/detail/position_task__functions.h
[4.644s] -- Up-to-date symlink: /home/yoko/turtlebot3_ws/install/choirbot_interfaces/include/choirbot_interfaces/msg/detail/position_task__struct.h
[4.645s] -- Up-to-date symlink: /home/yoko/turtlebot3_ws/install/choirbot_interfaces/include/choirbot_interfaces/msg/detail/position_task__type_support.h
[4.646s] -- Up-to-date symlink: /home/yoko/turtlebot3_ws/install/choirbot_interfaces/include/choirbot_interfaces/msg/detail/position_task_array__functions.h
[4.647s] -- Up-to-date symlink: /home/yoko/turtlebot3_ws/install/choirbot_interfaces/include/choirbot_interfaces/msg/detail/position_task_array__struct.h
[4.647s] -- Up-to-date symlink: /home/yoko/turtlebot3_ws/install/choirbot_interfaces/include/choirbot_interfaces/msg/detail/position_task_array__type_support.h
[4.661s] -- Up-to-date symlink: /home/yoko/turtlebot3_ws/install/choirbot_interfaces/include/choirbot_interfaces/msg/position_task.h
[4.661s] -- Up-to-date symlink: /home/yoko/turtlebot3_ws/install/choirbot_interfaces/include/choirbot_interfaces/msg/position_task_array.h
[4.663s] -- Up-to-date symlink: /home/yoko/turtlebot3_ws/install/choirbot_interfaces/include/choirbot_interfaces/msg/rosidl_generator_c__visibility_control.h
[4.678s] -- Up-to-date symlink: /home/yoko/turtlebot3_ws/install/choirbot_interfaces/include/choirbot_interfaces/srv/detail/position_task_service__functions.h
[4.678s] -- Up-to-date symlink: /home/yoko/turtlebot3_ws/install/choirbot_interfaces/include/choirbot_interfaces/srv/detail/position_task_service__struct.h
[4.679s] -- Up-to-date symlink: /home/yoko/turtlebot3_ws/install/choirbot_interfaces/include/choirbot_interfaces/srv/detail/position_task_service__type_support.h
[4.680s] -- Up-to-date symlink: /home/yoko/turtlebot3_ws/install/choirbot_interfaces/include/choirbot_interfaces/srv/detail/task_completion_service__functions.h
[4.681s] -- Up-to-date symlink: /home/yoko/turtlebot3_ws/install/choirbot_interfaces/include/choirbot_interfaces/srv/detail/task_completion_service__struct.h
[4.694s] -- Up-to-date symlink: /home/yoko/turtlebot3_ws/install/choirbot_interfaces/include/choirbot_interfaces/srv/detail/task_completion_service__type_support.h
[4.696s] -- Up-to-date symlink: /home/yoko/turtlebot3_ws/install/choirbot_interfaces/include/choirbot_interfaces/srv/position_task_service.h
[4.696s] -- Up-to-date symlink: /home/yoko/turtlebot3_ws/install/choirbot_interfaces/include/choirbot_interfaces/srv/task_completion_service.h
[4.711s] -- Up-to-date symlink: /home/yoko/turtlebot3_ws/install/choirbot_interfaces/share/choirbot_interfaces/environment/library_path.sh
[4.712s] -- Up-to-date symlink: /home/yoko/turtlebot3_ws/install/choirbot_interfaces/share/choirbot_interfaces/environment/library_path.dsv
[4.714s] -- Up-to-date symlink: /home/yoko/turtlebot3_ws/install/choirbot_interfaces/include/choirbot_interfaces/action/detail/position_action__rosidl_typesupport_fastrtps_c.h
[4.716s] -- Up-to-date symlink: /home/yoko/turtlebot3_ws/install/choirbot_interfaces/include/choirbot_interfaces/msg/detail/position_task__rosidl_typesupport_fastrtps_c.h
[4.717s] -- Up-to-date symlink: /home/yoko/turtlebot3_ws/install/choirbot_interfaces/include/choirbot_interfaces/msg/detail/position_task_array__rosidl_typesupport_fastrtps_c.h
[4.718s] -- Up-to-date symlink: /home/yoko/turtlebot3_ws/install/choirbot_interfaces/include/choirbot_interfaces/msg/rosidl_typesupport_fastrtps_c__visibility_control.h
[4.719s] -- Up-to-date symlink: /home/yoko/turtlebot3_ws/install/choirbot_interfaces/include/choirbot_interfaces/srv/detail/position_task_service__rosidl_typesupport_fastrtps_c.h
[4.720s] -- Up-to-date symlink: /home/yoko/turtlebot3_ws/install/choirbot_interfaces/include/choirbot_interfaces/srv/detail/task_completion_service__rosidl_typesupport_fastrtps_c.h
[4.726s] -- Up-to-date symlink: /home/yoko/turtlebot3_ws/install/choirbot_interfaces/lib/libchoirbot_interfaces__rosidl_typesupport_fastrtps_c.so
[4.728s] -- Up-to-date symlink: /home/yoko/turtlebot3_ws/install/choirbot_interfaces/include/choirbot_interfaces/action/detail/position_action__rosidl_typesupport_fastrtps_cpp.hpp
[4.729s] -- Up-to-date symlink: /home/yoko/turtlebot3_ws/install/choirbot_interfaces/include/choirbot_interfaces/msg/detail/position_task__rosidl_typesupport_fastrtps_cpp.hpp
[4.730s] -- Up-to-date symlink: /home/yoko/turtlebot3_ws/install/choirbot_interfaces/include/choirbot_interfaces/msg/detail/position_task_array__rosidl_typesupport_fastrtps_cpp.hpp
[4.736s] -- Up-to-date symlink: /home/yoko/turtlebot3_ws/install/choirbot_interfaces/include/choirbot_interfaces/msg/rosidl_typesupport_fastrtps_cpp__visibility_control.h
[4.738s] -- Up-to-date symlink: /home/yoko/turtlebot3_ws/install/choirbot_interfaces/include/choirbot_interfaces/srv/detail/position_task_service__rosidl_typesupport_fastrtps_cpp.hpp
[4.738s] -- Up-to-date symlink: /home/yoko/turtlebot3_ws/install/choirbot_interfaces/include/choirbot_interfaces/srv/detail/task_completion_service__rosidl_typesupport_fastrtps_cpp.hpp
[4.740s] -- Up-to-date symlink: /home/yoko/turtlebot3_ws/install/choirbot_interfaces/lib/libchoirbot_interfaces__rosidl_typesupport_fastrtps_cpp.so
[4.742s] -- Up-to-date symlink: /home/yoko/turtlebot3_ws/install/choirbot_interfaces/include/choirbot_interfaces/action/detail/position_action__rosidl_typesupport_introspection_c.h
[4.743s] -- Up-to-date symlink: /home/yoko/turtlebot3_ws/install/choirbot_interfaces/include/choirbot_interfaces/msg/detail/position_task__rosidl_typesupport_introspection_c.h
[4.744s] -- Up-to-date symlink: /home/yoko/turtlebot3_ws/install/choirbot_interfaces/include/choirbot_interfaces/msg/detail/position_task_array__rosidl_typesupport_introspection_c.h
[4.745s] -- Up-to-date symlink: /home/yoko/turtlebot3_ws/install/choirbot_interfaces/include/choirbot_interfaces/msg/rosidl_typesupport_introspection_c__visibility_control.h
[4.745s] -- Up-to-date symlink: /home/yoko/turtlebot3_ws/install/choirbot_interfaces/include/choirbot_interfaces/srv/detail/position_task_service__rosidl_typesupport_introspection_c.h
[4.747s] -- Up-to-date symlink: /home/yoko/turtlebot3_ws/install/choirbot_interfaces/include/choirbot_interfaces/srv/detail/task_completion_service__rosidl_typesupport_introspection_c.h
[4.748s] -- Up-to-date symlink: /home/yoko/turtlebot3_ws/install/choirbot_interfaces/include/choirbot_interfaces/action/detail/position_action__builder.hpp
[4.749s] -- Up-to-date symlink: /home/yoko/turtlebot3_ws/install/choirbot_interfaces/include/choirbot_interfaces/action/detail/position_action__struct.hpp
[4.749s] -- Up-to-date symlink: /home/yoko/turtlebot3_ws/install/choirbot_interfaces/include/choirbot_interfaces/action/detail/position_action__traits.hpp
[4.762s] -- Up-to-date symlink: /home/yoko/turtlebot3_ws/install/choirbot_interfaces/include/choirbot_interfaces/action/position_action.hpp
[4.763s] -- Up-to-date symlink: /home/yoko/turtlebot3_ws/install/choirbot_interfaces/include/choirbot_interfaces/msg/detail/position_task__builder.hpp
[4.764s] -- Up-to-date symlink: /home/yoko/turtlebot3_ws/install/choirbot_interfaces/include/choirbot_interfaces/msg/detail/position_task__struct.hpp
[4.764s] -- Up-to-date symlink: /home/yoko/turtlebot3_ws/install/choirbot_interfaces/include/choirbot_interfaces/msg/detail/position_task__traits.hpp
[4.765s] -- Up-to-date symlink: /home/yoko/turtlebot3_ws/install/choirbot_interfaces/include/choirbot_interfaces/msg/detail/position_task_array__builder.hpp
[4.779s] -- Up-to-date symlink: /home/yoko/turtlebot3_ws/install/choirbot_interfaces/include/choirbot_interfaces/msg/detail/position_task_array__struct.hpp
[4.779s] -- Up-to-date symlink: /home/yoko/turtlebot3_ws/install/choirbot_interfaces/include/choirbot_interfaces/msg/detail/position_task_array__traits.hpp
[4.780s] -- Up-to-date symlink: /home/yoko/turtlebot3_ws/install/choirbot_interfaces/include/choirbot_interfaces/msg/position_task.hpp
[4.781s] -- Up-to-date symlink: /home/yoko/turtlebot3_ws/install/choirbot_interfaces/include/choirbot_interfaces/msg/position_task_array.hpp
[4.781s] -- Up-to-date symlink: /home/yoko/turtlebot3_ws/install/choirbot_interfaces/include/choirbot_interfaces/srv/detail/position_task_service__builder.hpp
[4.795s] -- Up-to-date symlink: /home/yoko/turtlebot3_ws/install/choirbot_interfaces/include/choirbot_interfaces/srv/detail/position_task_service__struct.hpp
[4.796s] -- Up-to-date symlink: /home/yoko/turtlebot3_ws/install/choirbot_interfaces/include/choirbot_interfaces/srv/detail/position_task_service__traits.hpp
[4.797s] -- Up-to-date symlink: /home/yoko/turtlebot3_ws/install/choirbot_interfaces/include/choirbot_interfaces/srv/detail/task_completion_service__builder.hpp
[4.797s] -- Up-to-date symlink: /home/yoko/turtlebot3_ws/install/choirbot_interfaces/include/choirbot_interfaces/srv/detail/task_completion_service__struct.hpp
[4.798s] -- Up-to-date symlink: /home/yoko/turtlebot3_ws/install/choirbot_interfaces/include/choirbot_interfaces/srv/detail/task_completion_service__traits.hpp
[4.812s] -- Up-to-date symlink: /home/yoko/turtlebot3_ws/install/choirbot_interfaces/include/choirbot_interfaces/srv/position_task_service.hpp
[4.813s] -- Up-to-date symlink: /home/yoko/turtlebot3_ws/install/choirbot_interfaces/include/choirbot_interfaces/srv/task_completion_service.hpp
[4.815s] -- Up-to-date symlink: /home/yoko/turtlebot3_ws/install/choirbot_interfaces/include/choirbot_interfaces/action/detail/position_action__rosidl_typesupport_introspection_cpp.hpp
[4.816s] -- Up-to-date symlink: /home/yoko/turtlebot3_ws/install/choirbot_interfaces/include/choirbot_interfaces/msg/detail/position_task__rosidl_typesupport_introspection_cpp.hpp
[4.816s] -- Up-to-date symlink: /home/yoko/turtlebot3_ws/install/choirbot_interfaces/include/choirbot_interfaces/msg/detail/position_task_array__rosidl_typesupport_introspection_cpp.hpp
[4.830s] -- Up-to-date symlink: /home/yoko/turtlebot3_ws/install/choirbot_interfaces/include/choirbot_interfaces/srv/detail/position_task_service__rosidl_typesupport_introspection_cpp.hpp
[4.831s] -- Up-to-date symlink: /home/yoko/turtlebot3_ws/install/choirbot_interfaces/include/choirbot_interfaces/srv/detail/task_completion_service__rosidl_typesupport_introspection_cpp.hpp
[4.835s] -- Up-to-date symlink: /home/yoko/turtlebot3_ws/install/choirbot_interfaces/share/choirbot_interfaces/environment/pythonpath.sh
[4.836s] -- Up-to-date symlink: /home/yoko/turtlebot3_ws/install/choirbot_interfaces/share/choirbot_interfaces/environment/pythonpath.dsv
[4.908s] -- Symlinking: /home/yoko/turtlebot3_ws/install/choirbot_interfaces/lib/python3.8/site-packages/choirbot_interfaces/__init__.py
[4.942s] -- Up-to-date symlink: /home/yoko/turtlebot3_ws/install/choirbot_interfaces/lib/python3.8/site-packages/choirbot_interfaces/action/__init__.py
[4.943s] -- Up-to-date symlink: /home/yoko/turtlebot3_ws/install/choirbot_interfaces/lib/python3.8/site-packages/choirbot_interfaces/action/_position_action.py
[4.944s] -- Up-to-date symlink: /home/yoko/turtlebot3_ws/install/choirbot_interfaces/lib/python3.8/site-packages/choirbot_interfaces/msg/__init__.py
[4.945s] -- Up-to-date symlink: /home/yoko/turtlebot3_ws/install/choirbot_interfaces/lib/python3.8/site-packages/choirbot_interfaces/msg/_position_task.py
[4.946s] -- Up-to-date symlink: /home/yoko/turtlebot3_ws/install/choirbot_interfaces/lib/python3.8/site-packages/choirbot_interfaces/msg/_position_task_array.py
[4.947s] -- Up-to-date symlink: /home/yoko/turtlebot3_ws/install/choirbot_interfaces/lib/python3.8/site-packages/choirbot_interfaces/srv/__init__.py
[4.948s] -- Up-to-date symlink: /home/yoko/turtlebot3_ws/install/choirbot_interfaces/lib/python3.8/site-packages/choirbot_interfaces/srv/_position_task_service.py
[4.949s] -- Up-to-date symlink: /home/yoko/turtlebot3_ws/install/choirbot_interfaces/lib/python3.8/site-packages/choirbot_interfaces/srv/_task_completion_service.py
[4.951s] -- Up-to-date symlink: /home/yoko/turtlebot3_ws/install/choirbot_interfaces/lib/python3.8/site-packages/choirbot_interfaces/choirbot_interfaces_s__rosidl_typesupport_fastrtps_c.cpython-38-x86_64-linux-gnu.so
[4.952s] -- Up-to-date symlink: /home/yoko/turtlebot3_ws/install/choirbot_interfaces/lib/python3.8/site-packages/choirbot_interfaces/choirbot_interfaces_s__rosidl_typesupport_introspection_c.cpython-38-x86_64-linux-gnu.so
[4.954s] -- Up-to-date symlink: /home/yoko/turtlebot3_ws/install/choirbot_interfaces/lib/python3.8/site-packages/choirbot_interfaces/choirbot_interfaces_s__rosidl_typesupport_c.cpython-38-x86_64-linux-gnu.so
[4.955s] -- Up-to-date symlink: /home/yoko/turtlebot3_ws/install/choirbot_interfaces/lib/libchoirbot_interfaces__python.so
[4.956s] -- Up-to-date symlink: /home/yoko/turtlebot3_ws/install/choirbot_interfaces/share/choirbot_interfaces/action/PositionAction.idl
[4.973s] -- Up-to-date symlink: /home/yoko/turtlebot3_ws/install/choirbot_interfaces/share/choirbot_interfaces/msg/PositionTask.idl
[4.974s] -- Up-to-date symlink: /home/yoko/turtlebot3_ws/install/choirbot_interfaces/share/choirbot_interfaces/msg/PositionTaskArray.idl
[4.977s] -- Up-to-date symlink: /home/yoko/turtlebot3_ws/install/choirbot_interfaces/share/choirbot_interfaces/srv/PositionTaskService.idl
[4.978s] -- Up-to-date symlink: /home/yoko/turtlebot3_ws/install/choirbot_interfaces/share/choirbot_interfaces/srv/TaskCompletionService.idl
[4.998s] -- Up-to-date symlink: /home/yoko/turtlebot3_ws/install/choirbot_interfaces/share/choirbot_interfaces/action/PositionAction.action
[4.998s] -- Up-to-date symlink: /home/yoko/turtlebot3_ws/install/choirbot_interfaces/share/choirbot_interfaces/msg/PositionTask.msg
[5.001s] -- Up-to-date symlink: /home/yoko/turtlebot3_ws/install/choirbot_interfaces/share/choirbot_interfaces/msg/PositionTaskArray.msg
[5.002s] -- Up-to-date symlink: /home/yoko/turtlebot3_ws/install/choirbot_interfaces/share/choirbot_interfaces/srv/PositionTaskService.srv
[5.003s] -- Up-to-date symlink: /home/yoko/turtlebot3_ws/install/choirbot_interfaces/share/choirbot_interfaces/srv/PositionTaskService_Request.msg
[5.023s] -- Up-to-date symlink: /home/yoko/turtlebot3_ws/install/choirbot_interfaces/share/choirbot_interfaces/srv/PositionTaskService_Response.msg
[5.024s] -- Up-to-date symlink: /home/yoko/turtlebot3_ws/install/choirbot_interfaces/share/choirbot_interfaces/srv/TaskCompletionService.srv
[5.026s] -- Up-to-date symlink: /home/yoko/turtlebot3_ws/install/choirbot_interfaces/share/choirbot_interfaces/srv/TaskCompletionService_Request.msg
[5.027s] -- Up-to-date symlink: /home/yoko/turtlebot3_ws/install/choirbot_interfaces/share/choirbot_interfaces/srv/TaskCompletionService_Response.msg
[5.028s] -- Symlinking: /home/yoko/turtlebot3_ws/install/choirbot_interfaces/lib/python3.8/site-packages/choirbot_interfaces/__init__.py
[5.047s] -- Up-to-date symlink: /home/yoko/turtlebot3_ws/install/choirbot_interfaces/share/ament_index/resource_index/package_run_dependencies/choirbot_interfaces
[5.048s] -- Up-to-date symlink: /home/yoko/turtlebot3_ws/install/choirbot_interfaces/share/ament_index/resource_index/parent_prefix_path/choirbot_interfaces
[5.050s] -- Up-to-date symlink: /home/yoko/turtlebot3_ws/install/choirbot_interfaces/share/choirbot_interfaces/environment/ament_prefix_path.sh
[5.051s] -- Up-to-date symlink: /home/yoko/turtlebot3_ws/install/choirbot_interfaces/share/choirbot_interfaces/environment/ament_prefix_path.dsv
[5.052s] -- Up-to-date symlink: /home/yoko/turtlebot3_ws/install/choirbot_interfaces/share/choirbot_interfaces/environment/path.sh
[5.053s] -- Up-to-date symlink: /home/yoko/turtlebot3_ws/install/choirbot_interfaces/share/choirbot_interfaces/environment/path.dsv
[5.055s] -- Up-to-date symlink: /home/yoko/turtlebot3_ws/install/choirbot_interfaces/share/choirbot_interfaces/local_setup.bash
[5.056s] -- Up-to-date symlink: /home/yoko/turtlebot3_ws/install/choirbot_interfaces/share/choirbot_interfaces/local_setup.sh
[5.057s] -- Up-to-date symlink: /home/yoko/turtlebot3_ws/install/choirbot_interfaces/share/choirbot_interfaces/local_setup.zsh
[5.058s] -- Up-to-date symlink: /home/yoko/turtlebot3_ws/install/choirbot_interfaces/share/choirbot_interfaces/local_setup.dsv
[5.058s] -- Symlinking: /home/yoko/turtlebot3_ws/install/choirbot_interfaces/share/choirbot_interfaces/package.dsv
[5.076s] -- Up-to-date symlink: /home/yoko/turtlebot3_ws/install/choirbot_interfaces/share/ament_index/resource_index/packages/choirbot_interfaces
[5.078s] -- Up-to-date symlink: /home/yoko/turtlebot3_ws/install/choirbot_interfaces/share/choirbot_interfaces/cmake/rosidl_cmake-extras.cmake
[5.079s] -- Up-to-date symlink: /home/yoko/turtlebot3_ws/install/choirbot_interfaces/share/choirbot_interfaces/cmake/ament_cmake_export_dependencies-extras.cmake
[5.080s] -- Up-to-date symlink: /home/yoko/turtlebot3_ws/install/choirbot_interfaces/share/choirbot_interfaces/cmake/ament_cmake_export_libraries-extras.cmake
[5.081s] -- Up-to-date symlink: /home/yoko/turtlebot3_ws/install/choirbot_interfaces/share/choirbot_interfaces/cmake/ament_cmake_export_targets-extras.cmake
[5.082s] -- Up-to-date symlink: /home/yoko/turtlebot3_ws/install/choirbot_interfaces/share/choirbot_interfaces/cmake/ament_cmake_export_include_directories-extras.cmake
[5.083s] -- Up-to-date symlink: /home/yoko/turtlebot3_ws/install/choirbot_interfaces/share/choirbot_interfaces/cmake/rosidl_cmake_export_typesupport_libraries-extras.cmake
[5.084s] -- Up-to-date symlink: /home/yoko/turtlebot3_ws/install/choirbot_interfaces/share/choirbot_interfaces/cmake/rosidl_cmake_export_typesupport_targets-extras.cmake
[5.085s] -- Up-to-date symlink: /home/yoko/turtlebot3_ws/install/choirbot_interfaces/share/choirbot_interfaces/cmake/choirbot_interfacesConfig.cmake
[5.086s] -- Up-to-date symlink: /home/yoko/turtlebot3_ws/install/choirbot_interfaces/share/choirbot_interfaces/cmake/choirbot_interfacesConfig-version.cmake
[5.087s] -- Up-to-date symlink: /home/yoko/turtlebot3_ws/install/choirbot_interfaces/share/choirbot_interfaces/package.xml
[5.112s] -- Up-to-date: /home/yoko/turtlebot3_ws/install/choirbot_interfaces/lib/libchoirbot_interfaces__rosidl_generator_c.so
[5.114s] -- Up-to-date: /home/yoko/turtlebot3_ws/install/choirbot_interfaces/lib/libchoirbot_interfaces__rosidl_typesupport_introspection_c.so
[5.117s] -- Up-to-date: /home/yoko/turtlebot3_ws/install/choirbot_interfaces/lib/libchoirbot_interfaces__rosidl_typesupport_c.so
[5.119s] -- Up-to-date: /home/yoko/turtlebot3_ws/install/choirbot_interfaces/lib/libchoirbot_interfaces__rosidl_typesupport_introspection_cpp.so
[5.121s] -- Up-to-date: /home/yoko/turtlebot3_ws/install/choirbot_interfaces/lib/libchoirbot_interfaces__rosidl_typesupport_cpp.so
[5.280s] Listing '/home/yoko/turtlebot3_ws/install/choirbot_interfaces/lib/python3.8/site-packages/choirbot_interfaces'...
[5.280s] Listing '/home/yoko/turtlebot3_ws/install/choirbot_interfaces/lib/python3.8/site-packages/choirbot_interfaces/action'...
[5.281s] Listing '/home/yoko/turtlebot3_ws/install/choirbot_interfaces/lib/python3.8/site-packages/choirbot_interfaces/msg'...
[5.281s] Listing '/home/yoko/turtlebot3_ws/install/choirbot_interfaces/lib/python3.8/site-packages/choirbot_interfaces/srv'...
[5.311s] -- Up-to-date: /home/yoko/turtlebot3_ws/install/choirbot_interfaces/share/choirbot_interfaces/cmake/choirbot_interfaces__rosidl_generator_cExport.cmake
[5.312s] -- Up-to-date: /home/yoko/turtlebot3_ws/install/choirbot_interfaces/share/choirbot_interfaces/cmake/choirbot_interfaces__rosidl_generator_cExport-noconfig.cmake
[5.313s] -- Up-to-date: /home/yoko/turtlebot3_ws/install/choirbot_interfaces/share/choirbot_interfaces/cmake/choirbot_interfaces__rosidl_typesupport_introspection_cExport.cmake
[5.313s] -- Up-to-date: /home/yoko/turtlebot3_ws/install/choirbot_interfaces/share/choirbot_interfaces/cmake/choirbot_interfaces__rosidl_typesupport_introspection_cExport-noconfig.cmake
[5.314s] -- Up-to-date: /home/yoko/turtlebot3_ws/install/choirbot_interfaces/share/choirbot_interfaces/cmake/choirbot_interfaces__rosidl_typesupport_cExport.cmake
[5.314s] -- Up-to-date: /home/yoko/turtlebot3_ws/install/choirbot_interfaces/share/choirbot_interfaces/cmake/choirbot_interfaces__rosidl_typesupport_cExport-noconfig.cmake
[5.315s] -- Up-to-date: /home/yoko/turtlebot3_ws/install/choirbot_interfaces/share/choirbot_interfaces/cmake/choirbot_interfaces__rosidl_generator_cppExport.cmake
[5.316s] -- Up-to-date: /home/yoko/turtlebot3_ws/install/choirbot_interfaces/share/choirbot_interfaces/cmake/choirbot_interfaces__rosidl_typesupport_introspection_cppExport.cmake
[5.316s] -- Up-to-date: /home/yoko/turtlebot3_ws/install/choirbot_interfaces/share/choirbot_interfaces/cmake/choirbot_interfaces__rosidl_typesupport_introspection_cppExport-noconfig.cmake
[5.317s] -- Up-to-date: /home/yoko/turtlebot3_ws/install/choirbot_interfaces/share/choirbot_interfaces/cmake/choirbot_interfaces__rosidl_typesupport_cppExport.cmake
[5.317s] -- Up-to-date: /home/yoko/turtlebot3_ws/install/choirbot_interfaces/share/choirbot_interfaces/cmake/choirbot_interfaces__rosidl_typesupport_cppExport-noconfig.cmake
[5.334s] Invoked command in '/home/yoko/turtlebot3_ws/build/choirbot_interfaces' returned '0': CMAKE_PREFIX_PATH=${CMAKE_PREFIX_PATH}:/home/yoko/turtlebot3_ws/install/robot_spawner_pkg:/home/yoko/turtlebot3_ws/install/robot_controller_utils:/home/yoko/turtlebot3_ws/install/choirbot_examples:/home/yoko/turtlebot3_ws/install/choirbot:/opt/ros/foxy /usr/bin/cmake --install /home/yoko/turtlebot3_ws/build/choirbot_interfaces
