[0.042s] Invoking command in '/home/yoko/turtlebot3_ws/build/choirbot_interfaces': CMAKE_PREFIX_PATH=${CMAKE_PREFIX_PATH}:/opt/ros/foxy /usr/bin/cmake /home/yoko/turtlebot3_ws/src/ChoiRbot/choirbot_interfaces -DAMENT_CMAKE_SYMLINK_INSTALL=1 -DCMAKE_INSTALL_PREFIX=/home/yoko/turtlebot3_ws/install/choirbot_interfaces
[0.145s] -- The C compiler identification is GNU 9.3.0
[0.236s] -- The CXX compiler identification is GNU 9.3.0
[0.243s] -- Check for working C compiler: /usr/bin/cc
[0.352s] -- Check for working C compiler: /usr/bin/cc -- works
[0.353s] -- Detecting C compiler ABI info
[0.459s] -- Detecting C compiler ABI info - done
[0.483s] -- Detecting C compile features
[0.483s] -- Detecting C compile features - done
[0.494s] -- Check for working CXX compiler: /usr/bin/c++
[0.625s] -- Check for working CXX compiler: /usr/bin/c++ -- works
[0.625s] -- Detecting CXX compiler ABI info
[0.783s] -- Detecting CXX compiler ABI info - done
[0.804s] -- Detecting CXX compile features
[0.804s] -- Detecting CXX compile features - done
[0.807s] -- Found ament_cmake_python: 0.9.9 (/opt/ros/foxy/share/ament_cmake_python/cmake)
[0.809s] -- Found rosidl_default_generators: 1.0.1 (/opt/ros/foxy/share/rosidl_default_generators/cmake)
[0.811s] -- Found ament_cmake_core: 0.9.9 (/opt/ros/foxy/share/ament_cmake_core/cmake)
[0.847s] -- Found PythonInterp: /usr/bin/python3 (found suitable version "3.8.10", minimum required is "3") 
[0.848s] -- Using PYTHON_EXECUTABLE: /usr/bin/python3
[1.110s] -- Override CMake install command with custom implementation using symlinks instead of copying resources
[1.123s] -- Using all available rosidl_typesupport_c: rosidl_typesupport_fastrtps_c;rosidl_typesupport_introspection_c
[1.137s] -- Found rosidl_adapter: 1.2.1 (/opt/ros/foxy/share/rosidl_adapter/cmake)
[1.381s] -- Found OpenSSL: /usr/lib/x86_64-linux-gnu/libcrypto.so (found version "1.1.1f")  
[1.433s] -- Found FastRTPS: /opt/ros/foxy/include  
[1.556s] -- Using all available rosidl_typesupport_cpp: rosidl_typesupport_fastrtps_cpp;rosidl_typesupport_introspection_cpp
[1.635s] -- Found PythonInterp: /usr/bin/python3 (found version "3.8.10") 
[2.018s] -- Found ament_cmake_ros: 0.9.2 (/opt/ros/foxy/share/ament_cmake_ros/cmake)
[2.254s] -- Using all available rosidl_typesupport_c: rosidl_typesupport_fastrtps_c;rosidl_typesupport_introspection_c
[2.313s] -- Using all available rosidl_typesupport_cpp: rosidl_typesupport_fastrtps_cpp;rosidl_typesupport_introspection_cpp
[2.364s] -- Found PythonInterp: /usr/bin/python3 (found suitable version "3.8.10", minimum required is "3.5") 
[2.368s] -- Found python_cmake_module: 0.8.1 (/opt/ros/foxy/share/python_cmake_module/cmake)
[2.452s] -- Found PythonLibs: /usr/lib/x86_64-linux-gnu/libpython3.8.so (found suitable version "3.8.10", minimum required is "3.5") 
[2.452s] -- Using PYTHON_EXECUTABLE: /usr/bin/python3
[2.452s] -- Using PYTHON_INCLUDE_DIRS: /usr/include/python3.8
[2.452s] -- Using PYTHON_LIBRARIES: /usr/lib/x86_64-linux-gnu/libpython3.8.so
[2.488s] -- Found PythonExtra: .so  
[2.609s] -- Configuring done
[2.733s] -- Generating done
[2.738s] -- Build files have been written to: /home/yoko/turtlebot3_ws/build/choirbot_interfaces
[2.748s] Invoked command in '/home/yoko/turtlebot3_ws/build/choirbot_interfaces' returned '0': CMAKE_PREFIX_PATH=${CMAKE_PREFIX_PATH}:/opt/ros/foxy /usr/bin/cmake /home/yoko/turtlebot3_ws/src/ChoiRbot/choirbot_interfaces -DAMENT_CMAKE_SYMLINK_INSTALL=1 -DCMAKE_INSTALL_PREFIX=/home/yoko/turtlebot3_ws/install/choirbot_interfaces
[2.755s] Invoking command in '/home/yoko/turtlebot3_ws/build/choirbot_interfaces': CMAKE_PREFIX_PATH=${CMAKE_PREFIX_PATH}:/opt/ros/foxy /usr/bin/cmake --build /home/yoko/turtlebot3_ws/build/choirbot_interfaces -- -j8 -l8
[2.834s] [  1%] [34m[1mGenerating C code for ROS interfaces[0m
[2.834s] [35m[1mScanning dependencies of target choirbot_interfaces__cpp[0m
[2.852s] [  3%] [34m[1mGenerating C++ code for ROS interfaces[0m
[3.893s] [  3%] Built target choirbot_interfaces__cpp
[3.911s] [  4%] [34m[1mGenerating C++ type support dispatch for ROS interfaces[0m
[3.912s] [  6%] [34m[1mGenerating C++ introspection for ROS interfaces[0m
[3.923s] [  7%] [34m[1mGenerating C++ type support for eProsima Fast-RTPS[0m
[3.924s] [35m[1mScanning dependencies of target choirbot_interfaces__rosidl_generator_c[0m
[3.947s] [ 11%] [32mBuilding C object CMakeFiles/choirbot_interfaces__rosidl_generator_c.dir/rosidl_generator_c/choirbot_interfaces/action/detail/position_action__functions.c.o[0m
[3.947s] [ 11%] [32mBuilding C object CMakeFiles/choirbot_interfaces__rosidl_generator_c.dir/rosidl_generator_c/choirbot_interfaces/msg/detail/position_task_array__functions.c.o[0m
[3.948s] [ 12%] [32mBuilding C object CMakeFiles/choirbot_interfaces__rosidl_generator_c.dir/rosidl_generator_c/choirbot_interfaces/srv/detail/task_completion_service__functions.c.o[0m
[3.949s] [ 14%] [32mBuilding C object CMakeFiles/choirbot_interfaces__rosidl_generator_c.dir/rosidl_generator_c/choirbot_interfaces/srv/detail/position_task_service__functions.c.o[0m
[3.951s] [ 15%] [32mBuilding C object CMakeFiles/choirbot_interfaces__rosidl_generator_c.dir/rosidl_generator_c/choirbot_interfaces/msg/detail/position_task__functions.c.o[0m
[4.144s] [ 17%] [32m[1mLinking C shared library libchoirbot_interfaces__rosidl_generator_c.so[0m
[4.194s] [ 17%] Built target choirbot_interfaces__rosidl_generator_c
[4.209s] [ 19%] [34m[1mGenerating C introspection for ROS interfaces[0m
[4.213s] [ 20%] [34m[1mGenerating C type support dispatch for ROS interfaces[0m
[4.604s] [35m[1mScanning dependencies of target choirbot_interfaces__rosidl_typesupport_cpp[0m
[4.630s] [ 25%] [32mBuilding CXX object CMakeFiles/choirbot_interfaces__rosidl_typesupport_cpp.dir/rosidl_typesupport_cpp/choirbot_interfaces/msg/position_task__type_support.cpp.o[0m
[4.630s] [ 25%] [32mBuilding CXX object CMakeFiles/choirbot_interfaces__rosidl_typesupport_cpp.dir/rosidl_typesupport_cpp/choirbot_interfaces/msg/position_task_array__type_support.cpp.o[0m
[4.630s] [ 25%] [32mBuilding CXX object CMakeFiles/choirbot_interfaces__rosidl_typesupport_cpp.dir/rosidl_typesupport_cpp/choirbot_interfaces/srv/position_task_service__type_support.cpp.o[0m
[4.631s] [ 26%] [32mBuilding CXX object CMakeFiles/choirbot_interfaces__rosidl_typesupport_cpp.dir/rosidl_typesupport_cpp/choirbot_interfaces/action/position_action__type_support.cpp.o[0m
[4.870s] [35m[1mScanning dependencies of target choirbot_interfaces__rosidl_typesupport_introspection_cpp[0m
[4.903s] [ 28%] [32mBuilding CXX object CMakeFiles/choirbot_interfaces__rosidl_typesupport_introspection_cpp.dir/rosidl_typesupport_introspection_cpp/choirbot_interfaces/action/detail/position_action__type_support.cpp.o[0m
[5.236s] [35m[1mScanning dependencies of target choirbot_interfaces__rosidl_typesupport_c[0m
[5.267s] [ 30%] [32mBuilding CXX object CMakeFiles/choirbot_interfaces__rosidl_typesupport_c.dir/rosidl_typesupport_c/choirbot_interfaces/action/position_action__type_support.cpp.o[0m
[5.382s] [35m[1mScanning dependencies of target choirbot_interfaces__rosidl_typesupport_introspection_c[0m
[5.385s] [ 31%] [32mBuilding CXX object CMakeFiles/choirbot_interfaces__rosidl_typesupport_c.dir/rosidl_typesupport_c/choirbot_interfaces/msg/position_task__type_support.cpp.o[0m
[5.407s] [ 33%] [32mBuilding CXX object CMakeFiles/choirbot_interfaces__rosidl_typesupport_c.dir/rosidl_typesupport_c/choirbot_interfaces/msg/position_task_array__type_support.cpp.o[0m
[5.415s] [ 34%] [32mBuilding C object CMakeFiles/choirbot_interfaces__rosidl_typesupport_introspection_c.dir/rosidl_typesupport_introspection_c/choirbot_interfaces/action/detail/position_action__type_support.c.o[0m
[5.423s] [ 36%] [32mBuilding C object CMakeFiles/choirbot_interfaces__rosidl_typesupport_introspection_c.dir/rosidl_typesupport_introspection_c/choirbot_interfaces/msg/detail/position_task__type_support.c.o[0m
[5.431s] [ 38%] [32mBuilding C object CMakeFiles/choirbot_interfaces__rosidl_typesupport_introspection_c.dir/rosidl_typesupport_introspection_c/choirbot_interfaces/msg/detail/position_task_array__type_support.c.o[0m
[5.447s] [35m[1mScanning dependencies of target choirbot_interfaces__rosidl_typesupport_fastrtps_cpp[0m
[5.448s] [ 39%] [32mBuilding C object CMakeFiles/choirbot_interfaces__rosidl_typesupport_introspection_c.dir/rosidl_typesupport_introspection_c/choirbot_interfaces/srv/detail/position_task_service__type_support.c.o[0m
[5.486s] [ 41%] [32mBuilding CXX object CMakeFiles/choirbot_interfaces__rosidl_typesupport_c.dir/rosidl_typesupport_c/choirbot_interfaces/srv/position_task_service__type_support.cpp.o[0m
[5.495s] [ 42%] [32mBuilding CXX object CMakeFiles/choirbot_interfaces__rosidl_typesupport_fastrtps_cpp.dir/rosidl_typesupport_fastrtps_cpp/choirbot_interfaces/action/detail/dds_fastrtps/position_action__type_support.cpp.o[0m
[5.498s] [ 44%] [32mBuilding CXX object CMakeFiles/choirbot_interfaces__rosidl_typesupport_fastrtps_cpp.dir/rosidl_typesupport_fastrtps_cpp/choirbot_interfaces/msg/detail/dds_fastrtps/position_task__type_support.cpp.o[0m
[5.501s] [ 46%] [32mBuilding CXX object CMakeFiles/choirbot_interfaces__rosidl_typesupport_fastrtps_cpp.dir/rosidl_typesupport_fastrtps_cpp/choirbot_interfaces/msg/detail/dds_fastrtps/position_task_array__type_support.cpp.o[0m
[5.517s] [ 47%] [32mBuilding CXX object CMakeFiles/choirbot_interfaces__rosidl_typesupport_fastrtps_cpp.dir/rosidl_typesupport_fastrtps_cpp/choirbot_interfaces/srv/detail/dds_fastrtps/position_task_service__type_support.cpp.o[0m
[5.522s] [ 49%] [32mBuilding C object CMakeFiles/choirbot_interfaces__rosidl_typesupport_introspection_c.dir/rosidl_typesupport_introspection_c/choirbot_interfaces/srv/detail/task_completion_service__type_support.c.o[0m
[5.542s] [ 50%] [32mBuilding CXX object CMakeFiles/choirbot_interfaces__rosidl_typesupport_cpp.dir/rosidl_typesupport_cpp/choirbot_interfaces/srv/task_completion_service__type_support.cpp.o[0m
[5.554s] [ 52%] [32mBuilding CXX object CMakeFiles/choirbot_interfaces__rosidl_typesupport_c.dir/rosidl_typesupport_c/choirbot_interfaces/srv/task_completion_service__type_support.cpp.o[0m
[5.597s] [ 53%] [32m[1mLinking C shared library libchoirbot_interfaces__rosidl_typesupport_introspection_c.so[0m
[5.619s] [ 55%] [32m[1mLinking CXX shared library libchoirbot_interfaces__rosidl_typesupport_c.so[0m
[5.664s] [ 55%] Built target choirbot_interfaces__rosidl_typesupport_introspection_c
[5.684s] [ 57%] [32mBuilding CXX object CMakeFiles/choirbot_interfaces__rosidl_typesupport_introspection_cpp.dir/rosidl_typesupport_introspection_cpp/choirbot_interfaces/msg/detail/position_task__type_support.cpp.o[0m
[5.707s] [ 57%] Built target choirbot_interfaces__rosidl_typesupport_c
[5.724s] [ 58%] [32mBuilding CXX object CMakeFiles/choirbot_interfaces__rosidl_typesupport_introspection_cpp.dir/rosidl_typesupport_introspection_cpp/choirbot_interfaces/msg/detail/position_task_array__type_support.cpp.o[0m
[5.922s] [ 60%] [32mBuilding CXX object CMakeFiles/choirbot_interfaces__rosidl_typesupport_introspection_cpp.dir/rosidl_typesupport_introspection_cpp/choirbot_interfaces/srv/detail/position_task_service__type_support.cpp.o[0m
[6.313s] [ 61%] [32m[1mLinking CXX shared library libchoirbot_interfaces__rosidl_typesupport_cpp.so[0m
[6.404s] [ 61%] Built target choirbot_interfaces__rosidl_typesupport_cpp
[6.424s] [ 63%] [32mBuilding CXX object CMakeFiles/choirbot_interfaces__rosidl_typesupport_introspection_cpp.dir/rosidl_typesupport_introspection_cpp/choirbot_interfaces/srv/detail/task_completion_service__type_support.cpp.o[0m
[6.560s] [ 65%] [32mBuilding CXX object CMakeFiles/choirbot_interfaces__rosidl_typesupport_fastrtps_cpp.dir/rosidl_typesupport_fastrtps_cpp/choirbot_interfaces/srv/detail/dds_fastrtps/task_completion_service__type_support.cpp.o[0m
[7.037s] [ 66%] [32m[1mLinking CXX shared library libchoirbot_interfaces__rosidl_typesupport_introspection_cpp.so[0m
[7.139s] [ 66%] Built target choirbot_interfaces__rosidl_typesupport_introspection_cpp
[7.347s] [ 68%] [32m[1mLinking CXX shared library libchoirbot_interfaces__rosidl_typesupport_fastrtps_cpp.so[0m
[7.490s] [ 68%] Built target choirbot_interfaces__rosidl_typesupport_fastrtps_cpp
[7.513s] [ 69%] [34m[1mGenerating C type support for eProsima Fast-RTPS[0m
[8.335s] [35m[1mScanning dependencies of target choirbot_interfaces__rosidl_typesupport_fastrtps_c[0m
[8.382s] [ 71%] [32mBuilding CXX object CMakeFiles/choirbot_interfaces__rosidl_typesupport_fastrtps_c.dir/rosidl_typesupport_fastrtps_c/choirbot_interfaces/action/detail/position_action__type_support_c.cpp.o[0m
[8.387s] [ 74%] [32mBuilding CXX object CMakeFiles/choirbot_interfaces__rosidl_typesupport_fastrtps_c.dir/rosidl_typesupport_fastrtps_c/choirbot_interfaces/msg/detail/position_task_array__type_support_c.cpp.o[0m
[8.387s] [ 74%] [32mBuilding CXX object CMakeFiles/choirbot_interfaces__rosidl_typesupport_fastrtps_c.dir/rosidl_typesupport_fastrtps_c/choirbot_interfaces/msg/detail/position_task__type_support_c.cpp.o[0m
[8.387s] [ 76%] [32mBuilding CXX object CMakeFiles/choirbot_interfaces__rosidl_typesupport_fastrtps_c.dir/rosidl_typesupport_fastrtps_c/choirbot_interfaces/srv/detail/position_task_service__type_support_c.cpp.o[0m
[8.387s] [ 77%] [32mBuilding CXX object CMakeFiles/choirbot_interfaces__rosidl_typesupport_fastrtps_c.dir/rosidl_typesupport_fastrtps_c/choirbot_interfaces/srv/detail/task_completion_service__type_support_c.cpp.o[0m
[9.318s] [ 79%] [32m[1mLinking CXX shared library libchoirbot_interfaces__rosidl_typesupport_fastrtps_c.so[0m
[9.475s] [ 79%] Built target choirbot_interfaces__rosidl_typesupport_fastrtps_c
[9.490s] [35m[1mScanning dependencies of target choirbot_interfaces[0m
[9.513s] [ 79%] Built target choirbot_interfaces
[9.535s] [35m[1mScanning dependencies of target choirbot_interfaces__py[0m
[9.557s] [ 80%] [34m[1mGenerating Python code for ROS interfaces[0m
[11.659s] [ 80%] Built target choirbot_interfaces__py
[11.681s] [35m[1mScanning dependencies of target choirbot_interfaces__python[0m
[11.791s] [ 84%] [32mBuilding C object CMakeFiles/choirbot_interfaces__python.dir/rosidl_generator_py/choirbot_interfaces/msg/_position_task_array_s.c.o[0m
[11.791s] [ 84%] [32mBuilding C object CMakeFiles/choirbot_interfaces__python.dir/rosidl_generator_py/choirbot_interfaces/action/_position_action_s.c.o[0m
[11.793s] [ 85%] [32mBuilding C object CMakeFiles/choirbot_interfaces__python.dir/rosidl_generator_py/choirbot_interfaces/srv/_position_task_service_s.c.o[0m
[11.795s] [ 87%] [32mBuilding C object CMakeFiles/choirbot_interfaces__python.dir/rosidl_generator_py/choirbot_interfaces/msg/_position_task_s.c.o[0m
[11.796s] [ 88%] [32mBuilding C object CMakeFiles/choirbot_interfaces__python.dir/rosidl_generator_py/choirbot_interfaces/srv/_task_completion_service_s.c.o[0m
[12.109s] [ 90%] [32m[1mLinking C shared library rosidl_generator_py/choirbot_interfaces/libchoirbot_interfaces__python.so[0m
[12.190s] [ 90%] Built target choirbot_interfaces__python
[12.208s] [35m[1mScanning dependencies of target choirbot_interfaces__rosidl_typesupport_c__pyext[0m
[12.210s] [35m[1mScanning dependencies of target choirbot_interfaces__rosidl_typesupport_introspection_c__pyext[0m
[12.211s] [35m[1mScanning dependencies of target choirbot_interfaces__rosidl_typesupport_fastrtps_c__pyext[0m
[12.234s] [ 92%] [32mBuilding C object CMakeFiles/choirbot_interfaces__rosidl_typesupport_c__pyext.dir/rosidl_generator_py/choirbot_interfaces/_choirbot_interfaces_s.ep.rosidl_typesupport_c.c.o[0m
[12.246s] [ 93%] [32mBuilding C object CMakeFiles/choirbot_interfaces__rosidl_typesupport_introspection_c__pyext.dir/rosidl_generator_py/choirbot_interfaces/_choirbot_interfaces_s.ep.rosidl_typesupport_introspection_c.c.o[0m
[12.247s] [ 95%] [32mBuilding C object CMakeFiles/choirbot_interfaces__rosidl_typesupport_fastrtps_c__pyext.dir/rosidl_generator_py/choirbot_interfaces/_choirbot_interfaces_s.ep.rosidl_typesupport_fastrtps_c.c.o[0m
[12.432s] [ 96%] [32m[1mLinking C shared library rosidl_generator_py/choirbot_interfaces/choirbot_interfaces_s__rosidl_typesupport_c.cpython-38-x86_64-linux-gnu.so[0m
[12.489s] [ 96%] Built target choirbot_interfaces__rosidl_typesupport_c__pyext
[12.533s] [ 98%] [32m[1mLinking C shared library rosidl_generator_py/choirbot_interfaces/choirbot_interfaces_s__rosidl_typesupport_introspection_c.cpython-38-x86_64-linux-gnu.so[0m
[12.539s] [100%] [32m[1mLinking CXX shared library rosidl_generator_py/choirbot_interfaces/choirbot_interfaces_s__rosidl_typesupport_fastrtps_c.cpython-38-x86_64-linux-gnu.so[0m
[12.591s] [100%] Built target choirbot_interfaces__rosidl_typesupport_introspection_c__pyext
[12.636s] [100%] Built target choirbot_interfaces__rosidl_typesupport_fastrtps_c__pyext
[12.651s] Invoked command in '/home/yoko/turtlebot3_ws/build/choirbot_interfaces' returned '0': CMAKE_PREFIX_PATH=${CMAKE_PREFIX_PATH}:/opt/ros/foxy /usr/bin/cmake --build /home/yoko/turtlebot3_ws/build/choirbot_interfaces -- -j8 -l8
[12.771s] Invoking command in '/home/yoko/turtlebot3_ws/build/choirbot_interfaces': CMAKE_PREFIX_PATH=${CMAKE_PREFIX_PATH}:/opt/ros/foxy /usr/bin/cmake --install /home/yoko/turtlebot3_ws/build/choirbot_interfaces
[12.781s] -- Install configuration: ""
[12.782s] -- Execute custom install script
[12.782s] -- Symlinking: /home/yoko/turtlebot3_ws/install/choirbot_interfaces/share/ament_index/resource_index/rosidl_interfaces/choirbot_interfaces
[12.795s] -- Symlinking: /home/yoko/turtlebot3_ws/install/choirbot_interfaces/include/choirbot_interfaces/action/detail/position_action__functions.h
[12.807s] -- Symlinking: /home/yoko/turtlebot3_ws/install/choirbot_interfaces/include/choirbot_interfaces/action/detail/position_action__struct.h
[12.820s] -- Symlinking: /home/yoko/turtlebot3_ws/install/choirbot_interfaces/include/choirbot_interfaces/action/detail/position_action__type_support.h
[12.832s] -- Symlinking: /home/yoko/turtlebot3_ws/install/choirbot_interfaces/include/choirbot_interfaces/action/position_action.h
[12.843s] -- Symlinking: /home/yoko/turtlebot3_ws/install/choirbot_interfaces/include/choirbot_interfaces/msg/detail/position_task__functions.h
[12.854s] -- Symlinking: /home/yoko/turtlebot3_ws/install/choirbot_interfaces/include/choirbot_interfaces/msg/detail/position_task__struct.h
[12.866s] -- Symlinking: /home/yoko/turtlebot3_ws/install/choirbot_interfaces/include/choirbot_interfaces/msg/detail/position_task__type_support.h
[12.878s] -- Symlinking: /home/yoko/turtlebot3_ws/install/choirbot_interfaces/include/choirbot_interfaces/msg/detail/position_task_array__functions.h
[12.888s] -- Symlinking: /home/yoko/turtlebot3_ws/install/choirbot_interfaces/include/choirbot_interfaces/msg/detail/position_task_array__struct.h
[12.901s] -- Symlinking: /home/yoko/turtlebot3_ws/install/choirbot_interfaces/include/choirbot_interfaces/msg/detail/position_task_array__type_support.h
[12.918s] -- Symlinking: /home/yoko/turtlebot3_ws/install/choirbot_interfaces/include/choirbot_interfaces/msg/position_task.h
[12.930s] -- Symlinking: /home/yoko/turtlebot3_ws/install/choirbot_interfaces/include/choirbot_interfaces/msg/position_task_array.h
[12.941s] -- Symlinking: /home/yoko/turtlebot3_ws/install/choirbot_interfaces/include/choirbot_interfaces/msg/rosidl_generator_c__visibility_control.h
[12.954s] -- Symlinking: /home/yoko/turtlebot3_ws/install/choirbot_interfaces/include/choirbot_interfaces/srv/detail/position_task_service__functions.h
[12.965s] -- Symlinking: /home/yoko/turtlebot3_ws/install/choirbot_interfaces/include/choirbot_interfaces/srv/detail/position_task_service__struct.h
[12.977s] -- Symlinking: /home/yoko/turtlebot3_ws/install/choirbot_interfaces/include/choirbot_interfaces/srv/detail/position_task_service__type_support.h
[12.988s] -- Symlinking: /home/yoko/turtlebot3_ws/install/choirbot_interfaces/include/choirbot_interfaces/srv/detail/task_completion_service__functions.h
[13.000s] -- Symlinking: /home/yoko/turtlebot3_ws/install/choirbot_interfaces/include/choirbot_interfaces/srv/detail/task_completion_service__struct.h
[13.011s] -- Symlinking: /home/yoko/turtlebot3_ws/install/choirbot_interfaces/include/choirbot_interfaces/srv/detail/task_completion_service__type_support.h
[13.022s] -- Symlinking: /home/yoko/turtlebot3_ws/install/choirbot_interfaces/include/choirbot_interfaces/srv/position_task_service.h
[13.033s] -- Symlinking: /home/yoko/turtlebot3_ws/install/choirbot_interfaces/include/choirbot_interfaces/srv/task_completion_service.h
[13.044s] -- Symlinking: /home/yoko/turtlebot3_ws/install/choirbot_interfaces/share/choirbot_interfaces/environment/library_path.sh
[13.056s] -- Symlinking: /home/yoko/turtlebot3_ws/install/choirbot_interfaces/share/choirbot_interfaces/environment/library_path.dsv
[13.073s] -- Symlinking: /home/yoko/turtlebot3_ws/install/choirbot_interfaces/include/choirbot_interfaces/action/detail/position_action__rosidl_typesupport_fastrtps_c.h
[13.084s] -- Symlinking: /home/yoko/turtlebot3_ws/install/choirbot_interfaces/include/choirbot_interfaces/msg/detail/position_task__rosidl_typesupport_fastrtps_c.h
[13.096s] -- Symlinking: /home/yoko/turtlebot3_ws/install/choirbot_interfaces/include/choirbot_interfaces/msg/detail/position_task_array__rosidl_typesupport_fastrtps_c.h
[13.107s] -- Symlinking: /home/yoko/turtlebot3_ws/install/choirbot_interfaces/include/choirbot_interfaces/msg/rosidl_typesupport_fastrtps_c__visibility_control.h
[13.118s] -- Symlinking: /home/yoko/turtlebot3_ws/install/choirbot_interfaces/include/choirbot_interfaces/srv/detail/position_task_service__rosidl_typesupport_fastrtps_c.h
[13.130s] -- Symlinking: /home/yoko/turtlebot3_ws/install/choirbot_interfaces/include/choirbot_interfaces/srv/detail/task_completion_service__rosidl_typesupport_fastrtps_c.h
[13.142s] -- Symlinking: /home/yoko/turtlebot3_ws/install/choirbot_interfaces/lib/libchoirbot_interfaces__rosidl_typesupport_fastrtps_c.so
[13.154s] -- Symlinking: /home/yoko/turtlebot3_ws/install/choirbot_interfaces/include/choirbot_interfaces/action/detail/position_action__rosidl_typesupport_fastrtps_cpp.hpp
[13.168s] -- Symlinking: /home/yoko/turtlebot3_ws/install/choirbot_interfaces/include/choirbot_interfaces/msg/detail/position_task__rosidl_typesupport_fastrtps_cpp.hpp
[13.181s] -- Symlinking: /home/yoko/turtlebot3_ws/install/choirbot_interfaces/include/choirbot_interfaces/msg/detail/position_task_array__rosidl_typesupport_fastrtps_cpp.hpp
[13.193s] -- Symlinking: /home/yoko/turtlebot3_ws/install/choirbot_interfaces/include/choirbot_interfaces/msg/rosidl_typesupport_fastrtps_cpp__visibility_control.h
[13.213s] -- Symlinking: /home/yoko/turtlebot3_ws/install/choirbot_interfaces/include/choirbot_interfaces/srv/detail/position_task_service__rosidl_typesupport_fastrtps_cpp.hpp
[13.229s] -- Symlinking: /home/yoko/turtlebot3_ws/install/choirbot_interfaces/include/choirbot_interfaces/srv/detail/task_completion_service__rosidl_typesupport_fastrtps_cpp.hpp
[13.244s] -- Symlinking: /home/yoko/turtlebot3_ws/install/choirbot_interfaces/lib/libchoirbot_interfaces__rosidl_typesupport_fastrtps_cpp.so
[13.259s] -- Symlinking: /home/yoko/turtlebot3_ws/install/choirbot_interfaces/include/choirbot_interfaces/action/detail/position_action__rosidl_typesupport_introspection_c.h
[13.271s] -- Symlinking: /home/yoko/turtlebot3_ws/install/choirbot_interfaces/include/choirbot_interfaces/msg/detail/position_task__rosidl_typesupport_introspection_c.h
[13.288s] -- Symlinking: /home/yoko/turtlebot3_ws/install/choirbot_interfaces/include/choirbot_interfaces/msg/detail/position_task_array__rosidl_typesupport_introspection_c.h
[13.301s] -- Symlinking: /home/yoko/turtlebot3_ws/install/choirbot_interfaces/include/choirbot_interfaces/msg/rosidl_typesupport_introspection_c__visibility_control.h
[13.320s] -- Symlinking: /home/yoko/turtlebot3_ws/install/choirbot_interfaces/include/choirbot_interfaces/srv/detail/position_task_service__rosidl_typesupport_introspection_c.h
[13.331s] -- Symlinking: /home/yoko/turtlebot3_ws/install/choirbot_interfaces/include/choirbot_interfaces/srv/detail/task_completion_service__rosidl_typesupport_introspection_c.h
[13.346s] -- Symlinking: /home/yoko/turtlebot3_ws/install/choirbot_interfaces/include/choirbot_interfaces/action/detail/position_action__builder.hpp
[13.367s] -- Symlinking: /home/yoko/turtlebot3_ws/install/choirbot_interfaces/include/choirbot_interfaces/action/detail/position_action__struct.hpp
[13.389s] -- Symlinking: /home/yoko/turtlebot3_ws/install/choirbot_interfaces/include/choirbot_interfaces/action/detail/position_action__traits.hpp
[13.404s] -- Symlinking: /home/yoko/turtlebot3_ws/install/choirbot_interfaces/include/choirbot_interfaces/action/position_action.hpp
[13.417s] -- Symlinking: /home/yoko/turtlebot3_ws/install/choirbot_interfaces/include/choirbot_interfaces/msg/detail/position_task__builder.hpp
[13.428s] -- Symlinking: /home/yoko/turtlebot3_ws/install/choirbot_interfaces/include/choirbot_interfaces/msg/detail/position_task__struct.hpp
[13.442s] -- Symlinking: /home/yoko/turtlebot3_ws/install/choirbot_interfaces/include/choirbot_interfaces/msg/detail/position_task__traits.hpp
[13.461s] -- Symlinking: /home/yoko/turtlebot3_ws/install/choirbot_interfaces/include/choirbot_interfaces/msg/detail/position_task_array__builder.hpp
[13.480s] -- Symlinking: /home/yoko/turtlebot3_ws/install/choirbot_interfaces/include/choirbot_interfaces/msg/detail/position_task_array__struct.hpp
[13.499s] -- Symlinking: /home/yoko/turtlebot3_ws/install/choirbot_interfaces/include/choirbot_interfaces/msg/detail/position_task_array__traits.hpp
[13.517s] -- Symlinking: /home/yoko/turtlebot3_ws/install/choirbot_interfaces/include/choirbot_interfaces/msg/position_task.hpp
[13.531s] -- Symlinking: /home/yoko/turtlebot3_ws/install/choirbot_interfaces/include/choirbot_interfaces/msg/position_task_array.hpp
[13.545s] -- Symlinking: /home/yoko/turtlebot3_ws/install/choirbot_interfaces/include/choirbot_interfaces/srv/detail/position_task_service__builder.hpp
[13.556s] -- Symlinking: /home/yoko/turtlebot3_ws/install/choirbot_interfaces/include/choirbot_interfaces/srv/detail/position_task_service__struct.hpp
[13.570s] -- Symlinking: /home/yoko/turtlebot3_ws/install/choirbot_interfaces/include/choirbot_interfaces/srv/detail/position_task_service__traits.hpp
[13.584s] -- Symlinking: /home/yoko/turtlebot3_ws/install/choirbot_interfaces/include/choirbot_interfaces/srv/detail/task_completion_service__builder.hpp
[13.598s] -- Symlinking: /home/yoko/turtlebot3_ws/install/choirbot_interfaces/include/choirbot_interfaces/srv/detail/task_completion_service__struct.hpp
[13.612s] -- Symlinking: /home/yoko/turtlebot3_ws/install/choirbot_interfaces/include/choirbot_interfaces/srv/detail/task_completion_service__traits.hpp
[13.626s] -- Symlinking: /home/yoko/turtlebot3_ws/install/choirbot_interfaces/include/choirbot_interfaces/srv/position_task_service.hpp
[13.638s] -- Symlinking: /home/yoko/turtlebot3_ws/install/choirbot_interfaces/include/choirbot_interfaces/srv/task_completion_service.hpp
[13.653s] -- Symlinking: /home/yoko/turtlebot3_ws/install/choirbot_interfaces/include/choirbot_interfaces/action/detail/position_action__rosidl_typesupport_introspection_cpp.hpp
[13.667s] -- Symlinking: /home/yoko/turtlebot3_ws/install/choirbot_interfaces/include/choirbot_interfaces/msg/detail/position_task__rosidl_typesupport_introspection_cpp.hpp
[13.683s] -- Symlinking: /home/yoko/turtlebot3_ws/install/choirbot_interfaces/include/choirbot_interfaces/msg/detail/position_task_array__rosidl_typesupport_introspection_cpp.hpp
[13.697s] -- Symlinking: /home/yoko/turtlebot3_ws/install/choirbot_interfaces/include/choirbot_interfaces/srv/detail/position_task_service__rosidl_typesupport_introspection_cpp.hpp
[13.708s] -- Symlinking: /home/yoko/turtlebot3_ws/install/choirbot_interfaces/include/choirbot_interfaces/srv/detail/task_completion_service__rosidl_typesupport_introspection_cpp.hpp
[13.722s] -- Symlinking: /home/yoko/turtlebot3_ws/install/choirbot_interfaces/share/choirbot_interfaces/environment/pythonpath.sh
[13.736s] -- Symlinking: /home/yoko/turtlebot3_ws/install/choirbot_interfaces/share/choirbot_interfaces/environment/pythonpath.dsv
[13.751s] -- Symlinking: /home/yoko/turtlebot3_ws/install/choirbot_interfaces/lib/python3.8/site-packages/choirbot_interfaces/__init__.py
[13.766s] -- Symlinking: /home/yoko/turtlebot3_ws/install/choirbot_interfaces/lib/python3.8/site-packages/choirbot_interfaces/action/__init__.py
[13.779s] -- Symlinking: /home/yoko/turtlebot3_ws/install/choirbot_interfaces/lib/python3.8/site-packages/choirbot_interfaces/action/_position_action.py
[13.795s] -- Symlinking: /home/yoko/turtlebot3_ws/install/choirbot_interfaces/lib/python3.8/site-packages/choirbot_interfaces/msg/__init__.py
[13.809s] -- Symlinking: /home/yoko/turtlebot3_ws/install/choirbot_interfaces/lib/python3.8/site-packages/choirbot_interfaces/msg/_position_task.py
[13.823s] -- Symlinking: /home/yoko/turtlebot3_ws/install/choirbot_interfaces/lib/python3.8/site-packages/choirbot_interfaces/msg/_position_task_array.py
[13.838s] -- Symlinking: /home/yoko/turtlebot3_ws/install/choirbot_interfaces/lib/python3.8/site-packages/choirbot_interfaces/srv/__init__.py
[13.849s] -- Symlinking: /home/yoko/turtlebot3_ws/install/choirbot_interfaces/lib/python3.8/site-packages/choirbot_interfaces/srv/_position_task_service.py
[13.864s] -- Symlinking: /home/yoko/turtlebot3_ws/install/choirbot_interfaces/lib/python3.8/site-packages/choirbot_interfaces/srv/_task_completion_service.py
[13.880s] -- Symlinking: /home/yoko/turtlebot3_ws/install/choirbot_interfaces/lib/python3.8/site-packages/choirbot_interfaces/choirbot_interfaces_s__rosidl_typesupport_fastrtps_c.cpython-38-x86_64-linux-gnu.so
[13.899s] -- Symlinking: /home/yoko/turtlebot3_ws/install/choirbot_interfaces/lib/python3.8/site-packages/choirbot_interfaces/choirbot_interfaces_s__rosidl_typesupport_introspection_c.cpython-38-x86_64-linux-gnu.so
[13.914s] -- Symlinking: /home/yoko/turtlebot3_ws/install/choirbot_interfaces/lib/python3.8/site-packages/choirbot_interfaces/choirbot_interfaces_s__rosidl_typesupport_c.cpython-38-x86_64-linux-gnu.so
[13.926s] -- Symlinking: /home/yoko/turtlebot3_ws/install/choirbot_interfaces/lib/libchoirbot_interfaces__python.so
[13.938s] -- Symlinking: /home/yoko/turtlebot3_ws/install/choirbot_interfaces/share/choirbot_interfaces/action/PositionAction.idl
[13.955s] -- Symlinking: /home/yoko/turtlebot3_ws/install/choirbot_interfaces/share/choirbot_interfaces/msg/PositionTask.idl
[13.968s] -- Symlinking: /home/yoko/turtlebot3_ws/install/choirbot_interfaces/share/choirbot_interfaces/msg/PositionTaskArray.idl
[13.981s] -- Symlinking: /home/yoko/turtlebot3_ws/install/choirbot_interfaces/share/choirbot_interfaces/srv/PositionTaskService.idl
[13.992s] -- Symlinking: /home/yoko/turtlebot3_ws/install/choirbot_interfaces/share/choirbot_interfaces/srv/TaskCompletionService.idl
[14.003s] -- Symlinking: /home/yoko/turtlebot3_ws/install/choirbot_interfaces/share/choirbot_interfaces/action/PositionAction.action
[14.014s] -- Symlinking: /home/yoko/turtlebot3_ws/install/choirbot_interfaces/share/choirbot_interfaces/msg/PositionTask.msg
[14.025s] -- Symlinking: /home/yoko/turtlebot3_ws/install/choirbot_interfaces/share/choirbot_interfaces/msg/PositionTaskArray.msg
[14.036s] -- Symlinking: /home/yoko/turtlebot3_ws/install/choirbot_interfaces/share/choirbot_interfaces/srv/PositionTaskService.srv
[14.047s] -- Symlinking: /home/yoko/turtlebot3_ws/install/choirbot_interfaces/share/choirbot_interfaces/srv/PositionTaskService_Request.msg
[14.060s] -- Symlinking: /home/yoko/turtlebot3_ws/install/choirbot_interfaces/share/choirbot_interfaces/srv/PositionTaskService_Response.msg
[14.073s] -- Symlinking: /home/yoko/turtlebot3_ws/install/choirbot_interfaces/share/choirbot_interfaces/srv/TaskCompletionService.srv
[14.091s] -- Symlinking: /home/yoko/turtlebot3_ws/install/choirbot_interfaces/share/choirbot_interfaces/srv/TaskCompletionService_Request.msg
[14.102s] -- Symlinking: /home/yoko/turtlebot3_ws/install/choirbot_interfaces/share/choirbot_interfaces/srv/TaskCompletionService_Response.msg
[14.115s] -- Symlinking: /home/yoko/turtlebot3_ws/install/choirbot_interfaces/lib/python3.8/site-packages/choirbot_interfaces/__init__.py
[14.127s] -- Symlinking: /home/yoko/turtlebot3_ws/install/choirbot_interfaces/share/ament_index/resource_index/package_run_dependencies/choirbot_interfaces
[14.138s] -- Symlinking: /home/yoko/turtlebot3_ws/install/choirbot_interfaces/share/ament_index/resource_index/parent_prefix_path/choirbot_interfaces
[14.149s] -- Symlinking: /home/yoko/turtlebot3_ws/install/choirbot_interfaces/share/choirbot_interfaces/environment/ament_prefix_path.sh
[14.160s] -- Symlinking: /home/yoko/turtlebot3_ws/install/choirbot_interfaces/share/choirbot_interfaces/environment/ament_prefix_path.dsv
[14.172s] -- Symlinking: /home/yoko/turtlebot3_ws/install/choirbot_interfaces/share/choirbot_interfaces/environment/path.sh
[14.183s] -- Symlinking: /home/yoko/turtlebot3_ws/install/choirbot_interfaces/share/choirbot_interfaces/environment/path.dsv
[14.195s] -- Symlinking: /home/yoko/turtlebot3_ws/install/choirbot_interfaces/share/choirbot_interfaces/local_setup.bash
[14.207s] -- Symlinking: /home/yoko/turtlebot3_ws/install/choirbot_interfaces/share/choirbot_interfaces/local_setup.sh
[14.220s] -- Symlinking: /home/yoko/turtlebot3_ws/install/choirbot_interfaces/share/choirbot_interfaces/local_setup.zsh
[14.233s] -- Symlinking: /home/yoko/turtlebot3_ws/install/choirbot_interfaces/share/choirbot_interfaces/local_setup.dsv
[14.244s] -- Symlinking: /home/yoko/turtlebot3_ws/install/choirbot_interfaces/share/choirbot_interfaces/package.dsv
[14.256s] -- Symlinking: /home/yoko/turtlebot3_ws/install/choirbot_interfaces/share/ament_index/resource_index/packages/choirbot_interfaces
[14.269s] -- Symlinking: /home/yoko/turtlebot3_ws/install/choirbot_interfaces/share/choirbot_interfaces/cmake/rosidl_cmake-extras.cmake
[14.287s] -- Symlinking: /home/yoko/turtlebot3_ws/install/choirbot_interfaces/share/choirbot_interfaces/cmake/ament_cmake_export_dependencies-extras.cmake
[14.301s] -- Symlinking: /home/yoko/turtlebot3_ws/install/choirbot_interfaces/share/choirbot_interfaces/cmake/ament_cmake_export_libraries-extras.cmake
[14.326s] -- Symlinking: /home/yoko/turtlebot3_ws/install/choirbot_interfaces/share/choirbot_interfaces/cmake/ament_cmake_export_targets-extras.cmake
[14.346s] -- Symlinking: /home/yoko/turtlebot3_ws/install/choirbot_interfaces/share/choirbot_interfaces/cmake/ament_cmake_export_include_directories-extras.cmake
[14.359s] -- Symlinking: /home/yoko/turtlebot3_ws/install/choirbot_interfaces/share/choirbot_interfaces/cmake/rosidl_cmake_export_typesupport_libraries-extras.cmake
[14.373s] -- Symlinking: /home/yoko/turtlebot3_ws/install/choirbot_interfaces/share/choirbot_interfaces/cmake/rosidl_cmake_export_typesupport_targets-extras.cmake
[14.388s] -- Symlinking: /home/yoko/turtlebot3_ws/install/choirbot_interfaces/share/choirbot_interfaces/cmake/choirbot_interfacesConfig.cmake
[14.402s] -- Symlinking: /home/yoko/turtlebot3_ws/install/choirbot_interfaces/share/choirbot_interfaces/cmake/choirbot_interfacesConfig-version.cmake
[14.414s] -- Symlinking: /home/yoko/turtlebot3_ws/install/choirbot_interfaces/share/choirbot_interfaces/package.xml
[14.428s] -- Installing: /home/yoko/turtlebot3_ws/install/choirbot_interfaces/lib/libchoirbot_interfaces__rosidl_generator_c.so
[14.429s] -- Set runtime path of "/home/yoko/turtlebot3_ws/install/choirbot_interfaces/lib/libchoirbot_interfaces__rosidl_generator_c.so" to ""
[14.430s] -- Installing: /home/yoko/turtlebot3_ws/install/choirbot_interfaces/lib/libchoirbot_interfaces__rosidl_typesupport_introspection_c.so
[14.430s] -- Set runtime path of "/home/yoko/turtlebot3_ws/install/choirbot_interfaces/lib/libchoirbot_interfaces__rosidl_typesupport_introspection_c.so" to ""
[14.431s] -- Installing: /home/yoko/turtlebot3_ws/install/choirbot_interfaces/lib/libchoirbot_interfaces__rosidl_typesupport_c.so
[14.432s] -- Set runtime path of "/home/yoko/turtlebot3_ws/install/choirbot_interfaces/lib/libchoirbot_interfaces__rosidl_typesupport_c.so" to ""
[14.432s] -- Installing: /home/yoko/turtlebot3_ws/install/choirbot_interfaces/lib/libchoirbot_interfaces__rosidl_typesupport_introspection_cpp.so
[14.434s] -- Set runtime path of "/home/yoko/turtlebot3_ws/install/choirbot_interfaces/lib/libchoirbot_interfaces__rosidl_typesupport_introspection_cpp.so" to ""
[14.434s] -- Installing: /home/yoko/turtlebot3_ws/install/choirbot_interfaces/lib/libchoirbot_interfaces__rosidl_typesupport_cpp.so
[14.435s] -- Set runtime path of "/home/yoko/turtlebot3_ws/install/choirbot_interfaces/lib/libchoirbot_interfaces__rosidl_typesupport_cpp.so" to ""
[14.502s] Compiling '/home/yoko/turtlebot3_ws/install/choirbot_interfaces/lib/python3.8/site-packages/choirbot_interfaces/__init__.py'...
[14.565s] Listing '/home/yoko/turtlebot3_ws/install/choirbot_interfaces/lib/python3.8/site-packages/choirbot_interfaces'...
[14.565s] Listing '/home/yoko/turtlebot3_ws/install/choirbot_interfaces/lib/python3.8/site-packages/choirbot_interfaces/action'...
[14.565s] Compiling '/home/yoko/turtlebot3_ws/install/choirbot_interfaces/lib/python3.8/site-packages/choirbot_interfaces/action/__init__.py'...
[14.565s] Compiling '/home/yoko/turtlebot3_ws/install/choirbot_interfaces/lib/python3.8/site-packages/choirbot_interfaces/action/_position_action.py'...
[14.565s] Listing '/home/yoko/turtlebot3_ws/install/choirbot_interfaces/lib/python3.8/site-packages/choirbot_interfaces/msg'...
[14.565s] Compiling '/home/yoko/turtlebot3_ws/install/choirbot_interfaces/lib/python3.8/site-packages/choirbot_interfaces/msg/__init__.py'...
[14.566s] Compiling '/home/yoko/turtlebot3_ws/install/choirbot_interfaces/lib/python3.8/site-packages/choirbot_interfaces/msg/_position_task.py'...
[14.566s] Compiling '/home/yoko/turtlebot3_ws/install/choirbot_interfaces/lib/python3.8/site-packages/choirbot_interfaces/msg/_position_task_array.py'...
[14.566s] Listing '/home/yoko/turtlebot3_ws/install/choirbot_interfaces/lib/python3.8/site-packages/choirbot_interfaces/srv'...
[14.566s] Compiling '/home/yoko/turtlebot3_ws/install/choirbot_interfaces/lib/python3.8/site-packages/choirbot_interfaces/srv/__init__.py'...
[14.566s] Compiling '/home/yoko/turtlebot3_ws/install/choirbot_interfaces/lib/python3.8/site-packages/choirbot_interfaces/srv/_position_task_service.py'...
[14.566s] Compiling '/home/yoko/turtlebot3_ws/install/choirbot_interfaces/lib/python3.8/site-packages/choirbot_interfaces/srv/_task_completion_service.py'...
[14.570s] -- Installing: /home/yoko/turtlebot3_ws/install/choirbot_interfaces/share/choirbot_interfaces/cmake/choirbot_interfaces__rosidl_generator_cExport.cmake
[14.571s] -- Installing: /home/yoko/turtlebot3_ws/install/choirbot_interfaces/share/choirbot_interfaces/cmake/choirbot_interfaces__rosidl_generator_cExport-noconfig.cmake
[14.571s] -- Installing: /home/yoko/turtlebot3_ws/install/choirbot_interfaces/share/choirbot_interfaces/cmake/choirbot_interfaces__rosidl_typesupport_introspection_cExport.cmake
[14.571s] -- Installing: /home/yoko/turtlebot3_ws/install/choirbot_interfaces/share/choirbot_interfaces/cmake/choirbot_interfaces__rosidl_typesupport_introspection_cExport-noconfig.cmake
[14.572s] -- Installing: /home/yoko/turtlebot3_ws/install/choirbot_interfaces/share/choirbot_interfaces/cmake/choirbot_interfaces__rosidl_typesupport_cExport.cmake
[14.572s] -- Installing: /home/yoko/turtlebot3_ws/install/choirbot_interfaces/share/choirbot_interfaces/cmake/choirbot_interfaces__rosidl_typesupport_cExport-noconfig.cmake
[14.573s] -- Installing: /home/yoko/turtlebot3_ws/install/choirbot_interfaces/share/choirbot_interfaces/cmake/choirbot_interfaces__rosidl_generator_cppExport.cmake
[14.573s] -- Installing: /home/yoko/turtlebot3_ws/install/choirbot_interfaces/share/choirbot_interfaces/cmake/choirbot_interfaces__rosidl_typesupport_introspection_cppExport.cmake
[14.574s] -- Installing: /home/yoko/turtlebot3_ws/install/choirbot_interfaces/share/choirbot_interfaces/cmake/choirbot_interfaces__rosidl_typesupport_introspection_cppExport-noconfig.cmake
[14.574s] -- Installing: /home/yoko/turtlebot3_ws/install/choirbot_interfaces/share/choirbot_interfaces/cmake/choirbot_interfaces__rosidl_typesupport_cppExport.cmake
[14.575s] -- Installing: /home/yoko/turtlebot3_ws/install/choirbot_interfaces/share/choirbot_interfaces/cmake/choirbot_interfaces__rosidl_typesupport_cppExport-noconfig.cmake
[14.586s] Invoked command in '/home/yoko/turtlebot3_ws/build/choirbot_interfaces' returned '0': CMAKE_PREFIX_PATH=${CMAKE_PREFIX_PATH}:/opt/ros/foxy /usr/bin/cmake --install /home/yoko/turtlebot3_ws/build/choirbot_interfaces
