[0.110s] Invoking command in '/home/yoko/turtlebot3_ws/build/turtlebot3_simulations': CMAKE_PREFIX_PATH=/home/yoko/turtlebot3_ws/install/turtlebot3_gazebo:/home/yoko/turtlebot3_ws/install/turtlebot3_fake_node:/home/yoko/turtlebot3_ws/install/turtlebot3_simulations:/home/yoko/turtlebot3_ws/install/choirbot_interfaces:/home/yoko/turtlebot3_ws/install/robot_spawner_pkg:/home/yoko/turtlebot3_ws/install/robot_controller_utils:/home/yoko/turtlebot3_ws/install/choirbot_examples:/home/yoko/turtlebot3_ws/install/choirbot:/opt/ros/foxy /usr/bin/cmake --build /home/yoko/turtlebot3_ws/build/turtlebot3_simulations -- -j8 -l8
[0.201s] Invoked command in '/home/yoko/turtlebot3_ws/build/turtlebot3_simulations' returned '0': CMAKE_PREFIX_PATH=/home/yoko/turtlebot3_ws/install/turtlebot3_gazebo:/home/yoko/turtlebot3_ws/install/turtlebot3_fake_node:/home/yoko/turtlebot3_ws/install/turtlebot3_simulations:/home/yoko/turtlebot3_ws/install/choirbot_interfaces:/home/yoko/turtlebot3_ws/install/robot_spawner_pkg:/home/yoko/turtlebot3_ws/install/robot_controller_utils:/home/yoko/turtlebot3_ws/install/choirbot_examples:/home/yoko/turtlebot3_ws/install/choirbot:/opt/ros/foxy /usr/bin/cmake --build /home/yoko/turtlebot3_ws/build/turtlebot3_simulations -- -j8 -l8
[0.230s] Invoking command in '/home/yoko/turtlebot3_ws/build/turtlebot3_simulations': CMAKE_PREFIX_PATH=/home/yoko/turtlebot3_ws/install/turtlebot3_gazebo:/home/yoko/turtlebot3_ws/install/turtlebot3_fake_node:/home/yoko/turtlebot3_ws/install/turtlebot3_simulations:/home/yoko/turtlebot3_ws/install/choirbot_interfaces:/home/yoko/turtlebot3_ws/install/robot_spawner_pkg:/home/yoko/turtlebot3_ws/install/robot_controller_utils:/home/yoko/turtlebot3_ws/install/choirbot_examples:/home/yoko/turtlebot3_ws/install/choirbot:/opt/ros/foxy /usr/bin/cmake --install /home/yoko/turtlebot3_ws/build/turtlebot3_simulations
[0.241s] -- Install configuration: ""
[0.261s] -- Execute custom install script
[0.263s] -- Up-to-date symlink: /home/yoko/turtlebot3_ws/install/turtlebot3_simulations/share/ament_index/resource_index/package_run_dependencies/turtlebot3_simulations
[0.296s] -- Up-to-date symlink: /home/yoko/turtlebot3_ws/install/turtlebot3_simulations/share/ament_index/resource_index/parent_prefix_path/turtlebot3_simulations
[0.297s] -- Up-to-date symlink: /home/yoko/turtlebot3_ws/install/turtlebot3_simulations/share/turtlebot3_simulations/environment/ament_prefix_path.sh
[0.298s] -- Up-to-date symlink: /home/yoko/turtlebot3_ws/install/turtlebot3_simulations/share/turtlebot3_simulations/environment/ament_prefix_path.dsv
[0.298s] -- Up-to-date symlink: /home/yoko/turtlebot3_ws/install/turtlebot3_simulations/share/turtlebot3_simulations/environment/path.sh
[0.299s] -- Up-to-date symlink: /home/yoko/turtlebot3_ws/install/turtlebot3_simulations/share/turtlebot3_simulations/environment/path.dsv
[0.299s] -- Up-to-date symlink: /home/yoko/turtlebot3_ws/install/turtlebot3_simulations/share/turtlebot3_simulations/local_setup.bash
[0.300s] -- Up-to-date symlink: /home/yoko/turtlebot3_ws/install/turtlebot3_simulations/share/turtlebot3_simulations/local_setup.sh
[0.300s] -- Up-to-date symlink: /home/yoko/turtlebot3_ws/install/turtlebot3_simulations/share/turtlebot3_simulations/local_setup.zsh
[0.301s] -- Up-to-date symlink: /home/yoko/turtlebot3_ws/install/turtlebot3_simulations/share/turtlebot3_simulations/local_setup.dsv
[0.302s] -- Symlinking: /home/yoko/turtlebot3_ws/install/turtlebot3_simulations/share/turtlebot3_simulations/package.dsv
[0.315s] -- Up-to-date symlink: /home/yoko/turtlebot3_ws/install/turtlebot3_simulations/share/ament_index/resource_index/packages/turtlebot3_simulations
[0.315s] -- Up-to-date symlink: /home/yoko/turtlebot3_ws/install/turtlebot3_simulations/share/turtlebot3_simulations/cmake/turtlebot3_simulationsConfig.cmake
[0.316s] -- Up-to-date symlink: /home/yoko/turtlebot3_ws/install/turtlebot3_simulations/share/turtlebot3_simulations/cmake/turtlebot3_simulationsConfig-version.cmake
[0.316s] -- Up-to-date symlink: /home/yoko/turtlebot3_ws/install/turtlebot3_simulations/share/turtlebot3_simulations/package.xml
[0.711s] Invoked command in '/home/yoko/turtlebot3_ws/build/turtlebot3_simulations' returned '0': CMAKE_PREFIX_PATH=/home/yoko/turtlebot3_ws/install/turtlebot3_gazebo:/home/yoko/turtlebot3_ws/install/turtlebot3_fake_node:/home/yoko/turtlebot3_ws/install/turtlebot3_simulations:/home/yoko/turtlebot3_ws/install/choirbot_interfaces:/home/yoko/turtlebot3_ws/install/robot_spawner_pkg:/home/yoko/turtlebot3_ws/install/robot_controller_utils:/home/yoko/turtlebot3_ws/install/choirbot_examples:/home/yoko/turtlebot3_ws/install/choirbot:/opt/ros/foxy /usr/bin/cmake --install /home/yoko/turtlebot3_ws/build/turtlebot3_simulations
