[0.292s] Invoking command in '/home/yoko/turtlebot3_ws/build/choirbot_interfaces': CMAKE_PREFIX_PATH=${CMAKE_PREFIX_PATH}:/home/yoko/turtlebot3_ws/install/robot_spawner_pkg:/home/yoko/turtlebot3_ws/install/robot_controller_utils:/home/yoko/turtlebot3_ws/install/choirbot_examples:/home/yoko/turtlebot3_ws/install/choirbot:/opt/ros/foxy /usr/bin/cmake --build /home/yoko/turtlebot3_ws/build/choirbot_interfaces -- -j8 -l8
[2.045s] [  1%] Built target choirbot_interfaces__cpp
[2.099s] [ 12%] Built target choirbot_interfaces__rosidl_generator_c
[2.132s] [ 23%] Built target choirbot_interfaces__rosidl_typesupport_cpp
[2.156s] [ 34%] Built target choirbot_interfaces__rosidl_typesupport_introspection_cpp
[2.245s] [ 46%] Built target choirbot_interfaces__rosidl_typesupport_c
[2.291s] [ 57%] Built target choirbot_interfaces__rosidl_typesupport_introspection_c
[2.638s] [ 68%] Built target choirbot_interfaces__rosidl_typesupport_fastrtps_cpp
[3.532s] [ 79%] Built target choirbot_interfaces__rosidl_typesupport_fastrtps_c
[3.636s] [ 79%] Built target choirbot_interfaces
[3.794s] [ 80%] Built target choirbot_interfaces__py
[4.066s] [ 90%] Built target choirbot_interfaces__python
[4.122s] [ 93%] Built target choirbot_interfaces__rosidl_typesupport_fastrtps_c__pyext
[4.212s] [ 96%] Built target choirbot_interfaces__rosidl_typesupport_introspection_c__pyext
[4.218s] [100%] Built target choirbot_interfaces__rosidl_typesupport_c__pyext
[4.333s] Invoked command in '/home/yoko/turtlebot3_ws/build/choirbot_interfaces' returned '0': CMAKE_PREFIX_PATH=${CMAKE_PREFIX_PATH}:/home/yoko/turtlebot3_ws/install/robot_spawner_pkg:/home/yoko/turtlebot3_ws/install/robot_controller_utils:/home/yoko/turtlebot3_ws/install/choirbot_examples:/home/yoko/turtlebot3_ws/install/choirbot:/opt/ros/foxy /usr/bin/cmake --build /home/yoko/turtlebot3_ws/build/choirbot_interfaces -- -j8 -l8
[4.470s] Invoking command in '/home/yoko/turtlebot3_ws/build/choirbot_interfaces': CMAKE_PREFIX_PATH=${CMAKE_PREFIX_PATH}:/home/yoko/turtlebot3_ws/install/robot_spawner_pkg:/home/yoko/turtlebot3_ws/install/robot_controller_utils:/home/yoko/turtlebot3_ws/install/choirbot_examples:/home/yoko/turtlebot3_ws/install/choirbot:/opt/ros/foxy /usr/bin/cmake --install /home/yoko/turtlebot3_ws/build/choirbot_interfaces
[4.486s] -- Install configuration: ""
[4.512s] -- Execute custom install script
[4.560s] -- Up-to-date symlink: /home/yoko/turtlebot3_ws/install/choirbot_interfaces/share/ament_index/resource_index/rosidl_interfaces/choirbot_interfaces
[4.577s] -- Up-to-date symlink: /home/yoko/turtlebot3_ws/install/choirbot_interfaces/include/choirbot_interfaces/action/detail/position_action__functions.h
[4.578s] -- Up-to-date symlink: /home/yoko/turtlebot3_ws/install/choirbot_interfaces/include/choirbot_interfaces/action/detail/position_action__struct.h
[4.591s] -- Up-to-date symlink: /home/yoko/turtlebot3_ws/install/choirbot_interfaces/include/choirbot_interfaces/action/detail/position_action__type_support.h
[4.591s] -- Up-to-date symlink: /home/yoko/turtlebot3_ws/install/choirbot_interfaces/include/choirbot_interfaces/action/position_action.h
[4.594s] -- Up-to-date symlink: /home/yoko/turtlebot3_ws/install/choirbot_interfaces/include/choirbot_interfaces/msg/detail/position_task__functions.h
[4.607s] -- Up-to-date symlink: /home/yoko/turtlebot3_ws/install/choirbot_interfaces/include/choirbot_interfaces/msg/detail/position_task__struct.h
[4.608s] -- Up-to-date symlink: /home/yoko/turtlebot3_ws/install/choirbot_interfaces/include/choirbot_interfaces/msg/detail/position_task__type_support.h
[4.610s] -- Up-to-date symlink: /home/yoko/turtlebot3_ws/install/choirbot_interfaces/include/choirbot_interfaces/msg/detail/position_task_array__functions.h
[4.611s] -- Up-to-date symlink: /home/yoko/turtlebot3_ws/install/choirbot_interfaces/include/choirbot_interfaces/msg/detail/position_task_array__struct.h
[4.611s] -- Up-to-date symlink: /home/yoko/turtlebot3_ws/install/choirbot_interfaces/include/choirbot_interfaces/msg/detail/position_task_array__type_support.h
[4.624s] -- Up-to-date symlink: /home/yoko/turtlebot3_ws/install/choirbot_interfaces/include/choirbot_interfaces/msg/position_task.h
[4.625s] -- Up-to-date symlink: /home/yoko/turtlebot3_ws/install/choirbot_interfaces/include/choirbot_interfaces/msg/position_task_array.h
[4.627s] -- Up-to-date symlink: /home/yoko/turtlebot3_ws/install/choirbot_interfaces/include/choirbot_interfaces/msg/rosidl_generator_c__visibility_control.h
[4.641s] -- Up-to-date symlink: /home/yoko/turtlebot3_ws/install/choirbot_interfaces/include/choirbot_interfaces/srv/detail/position_task_service__functions.h
[4.642s] -- Up-to-date symlink: /home/yoko/turtlebot3_ws/install/choirbot_interfaces/include/choirbot_interfaces/srv/detail/position_task_service__struct.h
[4.643s] -- Up-to-date symlink: /home/yoko/turtlebot3_ws/install/choirbot_interfaces/include/choirbot_interfaces/srv/detail/position_task_service__type_support.h
[4.644s] -- Up-to-date symlink: /home/yoko/turtlebot3_ws/install/choirbot_interfaces/include/choirbot_interfaces/srv/detail/task_completion_service__functions.h
[4.645s] -- Up-to-date symlink: /home/yoko/turtlebot3_ws/install/choirbot_interfaces/include/choirbot_interfaces/srv/detail/task_completion_service__struct.h
[4.658s] -- Up-to-date symlink: /home/yoko/turtlebot3_ws/install/choirbot_interfaces/include/choirbot_interfaces/srv/detail/task_completion_service__type_support.h
[4.658s] -- Up-to-date symlink: /home/yoko/turtlebot3_ws/install/choirbot_interfaces/include/choirbot_interfaces/srv/position_task_service.h
[4.660s] -- Up-to-date symlink: /home/yoko/turtlebot3_ws/install/choirbot_interfaces/include/choirbot_interfaces/srv/task_completion_service.h
[4.661s] -- Up-to-date symlink: /home/yoko/turtlebot3_ws/install/choirbot_interfaces/share/choirbot_interfaces/environment/library_path.sh
[4.662s] -- Up-to-date symlink: /home/yoko/turtlebot3_ws/install/choirbot_interfaces/share/choirbot_interfaces/environment/library_path.dsv
[4.664s] -- Up-to-date symlink: /home/yoko/turtlebot3_ws/install/choirbot_interfaces/include/choirbot_interfaces/action/detail/position_action__rosidl_typesupport_fastrtps_c.h
[4.675s] -- Up-to-date symlink: /home/yoko/turtlebot3_ws/install/choirbot_interfaces/include/choirbot_interfaces/msg/detail/position_task__rosidl_typesupport_fastrtps_c.h
[4.676s] -- Up-to-date symlink: /home/yoko/turtlebot3_ws/install/choirbot_interfaces/include/choirbot_interfaces/msg/detail/position_task_array__rosidl_typesupport_fastrtps_c.h
[4.678s] -- Up-to-date symlink: /home/yoko/turtlebot3_ws/install/choirbot_interfaces/include/choirbot_interfaces/msg/rosidl_typesupport_fastrtps_c__visibility_control.h
[4.678s] -- Up-to-date symlink: /home/yoko/turtlebot3_ws/install/choirbot_interfaces/include/choirbot_interfaces/srv/detail/position_task_service__rosidl_typesupport_fastrtps_c.h
[4.679s] -- Up-to-date symlink: /home/yoko/turtlebot3_ws/install/choirbot_interfaces/include/choirbot_interfaces/srv/detail/task_completion_service__rosidl_typesupport_fastrtps_c.h
[4.689s] -- Up-to-date symlink: /home/yoko/turtlebot3_ws/install/choirbot_interfaces/lib/libchoirbot_interfaces__rosidl_typesupport_fastrtps_c.so
[4.692s] -- Up-to-date symlink: /home/yoko/turtlebot3_ws/install/choirbot_interfaces/include/choirbot_interfaces/action/detail/position_action__rosidl_typesupport_fastrtps_cpp.hpp
[4.694s] -- Up-to-date symlink: /home/yoko/turtlebot3_ws/install/choirbot_interfaces/include/choirbot_interfaces/msg/detail/position_task__rosidl_typesupport_fastrtps_cpp.hpp
[4.694s] -- Up-to-date symlink: /home/yoko/turtlebot3_ws/install/choirbot_interfaces/include/choirbot_interfaces/msg/detail/position_task_array__rosidl_typesupport_fastrtps_cpp.hpp
[4.695s] -- Up-to-date symlink: /home/yoko/turtlebot3_ws/install/choirbot_interfaces/include/choirbot_interfaces/msg/rosidl_typesupport_fastrtps_cpp__visibility_control.h
[4.696s] -- Up-to-date symlink: /home/yoko/turtlebot3_ws/install/choirbot_interfaces/include/choirbot_interfaces/srv/detail/position_task_service__rosidl_typesupport_fastrtps_cpp.hpp
[4.696s] -- Up-to-date symlink: /home/yoko/turtlebot3_ws/install/choirbot_interfaces/include/choirbot_interfaces/srv/detail/task_completion_service__rosidl_typesupport_fastrtps_cpp.hpp
[4.731s] -- Up-to-date symlink: /home/yoko/turtlebot3_ws/install/choirbot_interfaces/lib/libchoirbot_interfaces__rosidl_typesupport_fastrtps_cpp.so
[4.733s] -- Up-to-date symlink: /home/yoko/turtlebot3_ws/install/choirbot_interfaces/include/choirbot_interfaces/action/detail/position_action__rosidl_typesupport_introspection_c.h
[4.734s] -- Up-to-date symlink: /home/yoko/turtlebot3_ws/install/choirbot_interfaces/include/choirbot_interfaces/msg/detail/position_task__rosidl_typesupport_introspection_c.h
[4.736s] -- Up-to-date symlink: /home/yoko/turtlebot3_ws/install/choirbot_interfaces/include/choirbot_interfaces/msg/detail/position_task_array__rosidl_typesupport_introspection_c.h
[4.736s] -- Up-to-date symlink: /home/yoko/turtlebot3_ws/install/choirbot_interfaces/include/choirbot_interfaces/msg/rosidl_typesupport_introspection_c__visibility_control.h
[4.737s] -- Up-to-date symlink: /home/yoko/turtlebot3_ws/install/choirbot_interfaces/include/choirbot_interfaces/srv/detail/position_task_service__rosidl_typesupport_introspection_c.h
[4.738s] -- Up-to-date symlink: /home/yoko/turtlebot3_ws/install/choirbot_interfaces/include/choirbot_interfaces/srv/detail/task_completion_service__rosidl_typesupport_introspection_c.h
[4.739s] -- Up-to-date symlink: /home/yoko/turtlebot3_ws/install/choirbot_interfaces/include/choirbot_interfaces/action/detail/position_action__builder.hpp
[4.740s] -- Up-to-date symlink: /home/yoko/turtlebot3_ws/install/choirbot_interfaces/include/choirbot_interfaces/action/detail/position_action__struct.hpp
[4.741s] -- Up-to-date symlink: /home/yoko/turtlebot3_ws/install/choirbot_interfaces/include/choirbot_interfaces/action/detail/position_action__traits.hpp
[4.741s] -- Up-to-date symlink: /home/yoko/turtlebot3_ws/install/choirbot_interfaces/include/choirbot_interfaces/action/position_action.hpp
[4.742s] -- Up-to-date symlink: /home/yoko/turtlebot3_ws/install/choirbot_interfaces/include/choirbot_interfaces/msg/detail/position_task__builder.hpp
[4.743s] -- Up-to-date symlink: /home/yoko/turtlebot3_ws/install/choirbot_interfaces/include/choirbot_interfaces/msg/detail/position_task__struct.hpp
[4.758s] -- Up-to-date symlink: /home/yoko/turtlebot3_ws/install/choirbot_interfaces/include/choirbot_interfaces/msg/detail/position_task__traits.hpp
[4.760s] -- Up-to-date symlink: /home/yoko/turtlebot3_ws/install/choirbot_interfaces/include/choirbot_interfaces/msg/detail/position_task_array__builder.hpp
[4.761s] -- Up-to-date symlink: /home/yoko/turtlebot3_ws/install/choirbot_interfaces/include/choirbot_interfaces/msg/detail/position_task_array__struct.hpp
[4.761s] -- Up-to-date symlink: /home/yoko/turtlebot3_ws/install/choirbot_interfaces/include/choirbot_interfaces/msg/detail/position_task_array__traits.hpp
[4.762s] -- Up-to-date symlink: /home/yoko/turtlebot3_ws/install/choirbot_interfaces/include/choirbot_interfaces/msg/position_task.hpp
[4.762s] -- Up-to-date symlink: /home/yoko/turtlebot3_ws/install/choirbot_interfaces/include/choirbot_interfaces/msg/position_task_array.hpp
[4.763s] -- Up-to-date symlink: /home/yoko/turtlebot3_ws/install/choirbot_interfaces/include/choirbot_interfaces/srv/detail/position_task_service__builder.hpp
[4.763s] -- Up-to-date symlink: /home/yoko/turtlebot3_ws/install/choirbot_interfaces/include/choirbot_interfaces/srv/detail/position_task_service__struct.hpp
[4.764s] -- Up-to-date symlink: /home/yoko/turtlebot3_ws/install/choirbot_interfaces/include/choirbot_interfaces/srv/detail/position_task_service__traits.hpp
[4.764s] -- Up-to-date symlink: /home/yoko/turtlebot3_ws/install/choirbot_interfaces/include/choirbot_interfaces/srv/detail/task_completion_service__builder.hpp
[4.765s] -- Up-to-date symlink: /home/yoko/turtlebot3_ws/install/choirbot_interfaces/include/choirbot_interfaces/srv/detail/task_completion_service__struct.hpp
[4.766s] -- Up-to-date symlink: /home/yoko/turtlebot3_ws/install/choirbot_interfaces/include/choirbot_interfaces/srv/detail/task_completion_service__traits.hpp
[4.793s] -- Up-to-date symlink: /home/yoko/turtlebot3_ws/install/choirbot_interfaces/include/choirbot_interfaces/srv/position_task_service.hpp
[4.793s] -- Up-to-date symlink: /home/yoko/turtlebot3_ws/install/choirbot_interfaces/include/choirbot_interfaces/srv/task_completion_service.hpp
[4.819s] -- Up-to-date symlink: /home/yoko/turtlebot3_ws/install/choirbot_interfaces/include/choirbot_interfaces/action/detail/position_action__rosidl_typesupport_introspection_cpp.hpp
[4.820s] -- Up-to-date symlink: /home/yoko/turtlebot3_ws/install/choirbot_interfaces/include/choirbot_interfaces/msg/detail/position_task__rosidl_typesupport_introspection_cpp.hpp
[4.820s] -- Up-to-date symlink: /home/yoko/turtlebot3_ws/install/choirbot_interfaces/include/choirbot_interfaces/msg/detail/position_task_array__rosidl_typesupport_introspection_cpp.hpp
[4.820s] -- Up-to-date symlink: /home/yoko/turtlebot3_ws/install/choirbot_interfaces/include/choirbot_interfaces/srv/detail/position_task_service__rosidl_typesupport_introspection_cpp.hpp
[4.821s] -- Up-to-date symlink: /home/yoko/turtlebot3_ws/install/choirbot_interfaces/include/choirbot_interfaces/srv/detail/task_completion_service__rosidl_typesupport_introspection_cpp.hpp
[4.862s] -- Up-to-date symlink: /home/yoko/turtlebot3_ws/install/choirbot_interfaces/share/choirbot_interfaces/environment/pythonpath.sh
[4.863s] -- Up-to-date symlink: /home/yoko/turtlebot3_ws/install/choirbot_interfaces/share/choirbot_interfaces/environment/pythonpath.dsv
[4.907s] -- Symlinking: /home/yoko/turtlebot3_ws/install/choirbot_interfaces/lib/python3.8/site-packages/choirbot_interfaces/__init__.py
[5.029s] -- Up-to-date symlink: /home/yoko/turtlebot3_ws/install/choirbot_interfaces/lib/python3.8/site-packages/choirbot_interfaces/action/__init__.py
[5.029s] -- Up-to-date symlink: /home/yoko/turtlebot3_ws/install/choirbot_interfaces/lib/python3.8/site-packages/choirbot_interfaces/action/_position_action.py
[5.031s] -- Up-to-date symlink: /home/yoko/turtlebot3_ws/install/choirbot_interfaces/lib/python3.8/site-packages/choirbot_interfaces/msg/__init__.py
[5.031s] -- Up-to-date symlink: /home/yoko/turtlebot3_ws/install/choirbot_interfaces/lib/python3.8/site-packages/choirbot_interfaces/msg/_position_task.py
[5.032s] -- Up-to-date symlink: /home/yoko/turtlebot3_ws/install/choirbot_interfaces/lib/python3.8/site-packages/choirbot_interfaces/msg/_position_task_array.py
[5.033s] -- Up-to-date symlink: /home/yoko/turtlebot3_ws/install/choirbot_interfaces/lib/python3.8/site-packages/choirbot_interfaces/srv/__init__.py
[5.034s] -- Up-to-date symlink: /home/yoko/turtlebot3_ws/install/choirbot_interfaces/lib/python3.8/site-packages/choirbot_interfaces/srv/_position_task_service.py
[5.034s] -- Up-to-date symlink: /home/yoko/turtlebot3_ws/install/choirbot_interfaces/lib/python3.8/site-packages/choirbot_interfaces/srv/_task_completion_service.py
[5.035s] -- Up-to-date symlink: /home/yoko/turtlebot3_ws/install/choirbot_interfaces/lib/python3.8/site-packages/choirbot_interfaces/choirbot_interfaces_s__rosidl_typesupport_fastrtps_c.cpython-38-x86_64-linux-gnu.so
[5.036s] -- Up-to-date symlink: /home/yoko/turtlebot3_ws/install/choirbot_interfaces/lib/python3.8/site-packages/choirbot_interfaces/choirbot_interfaces_s__rosidl_typesupport_introspection_c.cpython-38-x86_64-linux-gnu.so
[5.067s] -- Up-to-date symlink: /home/yoko/turtlebot3_ws/install/choirbot_interfaces/lib/python3.8/site-packages/choirbot_interfaces/choirbot_interfaces_s__rosidl_typesupport_c.cpython-38-x86_64-linux-gnu.so
[5.068s] -- Up-to-date symlink: /home/yoko/turtlebot3_ws/install/choirbot_interfaces/lib/libchoirbot_interfaces__python.so
[5.068s] -- Up-to-date symlink: /home/yoko/turtlebot3_ws/install/choirbot_interfaces/share/choirbot_interfaces/action/PositionAction.idl
[5.069s] -- Up-to-date symlink: /home/yoko/turtlebot3_ws/install/choirbot_interfaces/share/choirbot_interfaces/msg/PositionTask.idl
[5.069s] -- Up-to-date symlink: /home/yoko/turtlebot3_ws/install/choirbot_interfaces/share/choirbot_interfaces/msg/PositionTaskArray.idl
[5.070s] -- Up-to-date symlink: /home/yoko/turtlebot3_ws/install/choirbot_interfaces/share/choirbot_interfaces/srv/PositionTaskService.idl
[5.071s] -- Up-to-date symlink: /home/yoko/turtlebot3_ws/install/choirbot_interfaces/share/choirbot_interfaces/srv/TaskCompletionService.idl
[5.072s] -- Up-to-date symlink: /home/yoko/turtlebot3_ws/install/choirbot_interfaces/share/choirbot_interfaces/action/PositionAction.action
[5.073s] -- Up-to-date symlink: /home/yoko/turtlebot3_ws/install/choirbot_interfaces/share/choirbot_interfaces/msg/PositionTask.msg
[5.073s] -- Up-to-date symlink: /home/yoko/turtlebot3_ws/install/choirbot_interfaces/share/choirbot_interfaces/msg/PositionTaskArray.msg
[5.074s] -- Up-to-date symlink: /home/yoko/turtlebot3_ws/install/choirbot_interfaces/share/choirbot_interfaces/srv/PositionTaskService.srv
[5.075s] -- Up-to-date symlink: /home/yoko/turtlebot3_ws/install/choirbot_interfaces/share/choirbot_interfaces/srv/PositionTaskService_Request.msg
[5.075s] -- Up-to-date symlink: /home/yoko/turtlebot3_ws/install/choirbot_interfaces/share/choirbot_interfaces/srv/PositionTaskService_Response.msg
[5.076s] -- Up-to-date symlink: /home/yoko/turtlebot3_ws/install/choirbot_interfaces/share/choirbot_interfaces/srv/TaskCompletionService.srv
[5.077s] -- Up-to-date symlink: /home/yoko/turtlebot3_ws/install/choirbot_interfaces/share/choirbot_interfaces/srv/TaskCompletionService_Request.msg
[5.078s] -- Up-to-date symlink: /home/yoko/turtlebot3_ws/install/choirbot_interfaces/share/choirbot_interfaces/srv/TaskCompletionService_Response.msg
[5.079s] -- Symlinking: /home/yoko/turtlebot3_ws/install/choirbot_interfaces/lib/python3.8/site-packages/choirbot_interfaces/__init__.py
[5.095s] -- Up-to-date symlink: /home/yoko/turtlebot3_ws/install/choirbot_interfaces/share/ament_index/resource_index/package_run_dependencies/choirbot_interfaces
[5.103s] -- Up-to-date symlink: /home/yoko/turtlebot3_ws/install/choirbot_interfaces/share/ament_index/resource_index/parent_prefix_path/choirbot_interfaces
[5.105s] -- Up-to-date symlink: /home/yoko/turtlebot3_ws/install/choirbot_interfaces/share/choirbot_interfaces/environment/ament_prefix_path.sh
[5.105s] -- Up-to-date symlink: /home/yoko/turtlebot3_ws/install/choirbot_interfaces/share/choirbot_interfaces/environment/ament_prefix_path.dsv
[5.106s] -- Up-to-date symlink: /home/yoko/turtlebot3_ws/install/choirbot_interfaces/share/choirbot_interfaces/environment/path.sh
[5.106s] -- Up-to-date symlink: /home/yoko/turtlebot3_ws/install/choirbot_interfaces/share/choirbot_interfaces/environment/path.dsv
[5.107s] -- Up-to-date symlink: /home/yoko/turtlebot3_ws/install/choirbot_interfaces/share/choirbot_interfaces/local_setup.bash
[5.108s] -- Up-to-date symlink: /home/yoko/turtlebot3_ws/install/choirbot_interfaces/share/choirbot_interfaces/local_setup.sh
[5.109s] -- Up-to-date symlink: /home/yoko/turtlebot3_ws/install/choirbot_interfaces/share/choirbot_interfaces/local_setup.zsh
[5.110s] -- Up-to-date symlink: /home/yoko/turtlebot3_ws/install/choirbot_interfaces/share/choirbot_interfaces/local_setup.dsv
[5.110s] -- Symlinking: /home/yoko/turtlebot3_ws/install/choirbot_interfaces/share/choirbot_interfaces/package.dsv
[5.128s] -- Up-to-date symlink: /home/yoko/turtlebot3_ws/install/choirbot_interfaces/share/ament_index/resource_index/packages/choirbot_interfaces
[5.128s] -- Up-to-date symlink: /home/yoko/turtlebot3_ws/install/choirbot_interfaces/share/choirbot_interfaces/cmake/rosidl_cmake-extras.cmake
[5.129s] -- Up-to-date symlink: /home/yoko/turtlebot3_ws/install/choirbot_interfaces/share/choirbot_interfaces/cmake/ament_cmake_export_dependencies-extras.cmake
[5.130s] -- Up-to-date symlink: /home/yoko/turtlebot3_ws/install/choirbot_interfaces/share/choirbot_interfaces/cmake/ament_cmake_export_libraries-extras.cmake
[5.131s] -- Up-to-date symlink: /home/yoko/turtlebot3_ws/install/choirbot_interfaces/share/choirbot_interfaces/cmake/ament_cmake_export_targets-extras.cmake
[5.146s] -- Up-to-date symlink: /home/yoko/turtlebot3_ws/install/choirbot_interfaces/share/choirbot_interfaces/cmake/ament_cmake_export_include_directories-extras.cmake
[5.146s] -- Up-to-date symlink: /home/yoko/turtlebot3_ws/install/choirbot_interfaces/share/choirbot_interfaces/cmake/rosidl_cmake_export_typesupport_libraries-extras.cmake
[5.147s] -- Up-to-date symlink: /home/yoko/turtlebot3_ws/install/choirbot_interfaces/share/choirbot_interfaces/cmake/rosidl_cmake_export_typesupport_targets-extras.cmake
[5.147s] -- Up-to-date symlink: /home/yoko/turtlebot3_ws/install/choirbot_interfaces/share/choirbot_interfaces/cmake/choirbot_interfacesConfig.cmake
[5.148s] -- Up-to-date symlink: /home/yoko/turtlebot3_ws/install/choirbot_interfaces/share/choirbot_interfaces/cmake/choirbot_interfacesConfig-version.cmake
[5.148s] -- Up-to-date symlink: /home/yoko/turtlebot3_ws/install/choirbot_interfaces/share/choirbot_interfaces/package.xml
[5.151s] -- Up-to-date: /home/yoko/turtlebot3_ws/install/choirbot_interfaces/lib/libchoirbot_interfaces__rosidl_generator_c.so
[5.153s] -- Up-to-date: /home/yoko/turtlebot3_ws/install/choirbot_interfaces/lib/libchoirbot_interfaces__rosidl_typesupport_introspection_c.so
[5.157s] -- Up-to-date: /home/yoko/turtlebot3_ws/install/choirbot_interfaces/lib/libchoirbot_interfaces__rosidl_typesupport_c.so
[5.157s] -- Up-to-date: /home/yoko/turtlebot3_ws/install/choirbot_interfaces/lib/libchoirbot_interfaces__rosidl_typesupport_introspection_cpp.so
[5.158s] -- Up-to-date: /home/yoko/turtlebot3_ws/install/choirbot_interfaces/lib/libchoirbot_interfaces__rosidl_typesupport_cpp.so
[5.361s] Listing '/home/yoko/turtlebot3_ws/install/choirbot_interfaces/lib/python3.8/site-packages/choirbot_interfaces'...
[5.361s] Listing '/home/yoko/turtlebot3_ws/install/choirbot_interfaces/lib/python3.8/site-packages/choirbot_interfaces/action'...
[5.361s] Listing '/home/yoko/turtlebot3_ws/install/choirbot_interfaces/lib/python3.8/site-packages/choirbot_interfaces/msg'...
[5.361s] Listing '/home/yoko/turtlebot3_ws/install/choirbot_interfaces/lib/python3.8/site-packages/choirbot_interfaces/srv'...
[5.383s] -- Up-to-date: /home/yoko/turtlebot3_ws/install/choirbot_interfaces/share/choirbot_interfaces/cmake/choirbot_interfaces__rosidl_generator_cExport.cmake
[5.384s] -- Up-to-date: /home/yoko/turtlebot3_ws/install/choirbot_interfaces/share/choirbot_interfaces/cmake/choirbot_interfaces__rosidl_generator_cExport-noconfig.cmake
[5.385s] -- Up-to-date: /home/yoko/turtlebot3_ws/install/choirbot_interfaces/share/choirbot_interfaces/cmake/choirbot_interfaces__rosidl_typesupport_introspection_cExport.cmake
[5.385s] -- Up-to-date: /home/yoko/turtlebot3_ws/install/choirbot_interfaces/share/choirbot_interfaces/cmake/choirbot_interfaces__rosidl_typesupport_introspection_cExport-noconfig.cmake
[5.386s] -- Up-to-date: /home/yoko/turtlebot3_ws/install/choirbot_interfaces/share/choirbot_interfaces/cmake/choirbot_interfaces__rosidl_typesupport_cExport.cmake
[5.386s] -- Up-to-date: /home/yoko/turtlebot3_ws/install/choirbot_interfaces/share/choirbot_interfaces/cmake/choirbot_interfaces__rosidl_typesupport_cExport-noconfig.cmake
[5.387s] -- Up-to-date: /home/yoko/turtlebot3_ws/install/choirbot_interfaces/share/choirbot_interfaces/cmake/choirbot_interfaces__rosidl_generator_cppExport.cmake
[5.389s] -- Up-to-date: /home/yoko/turtlebot3_ws/install/choirbot_interfaces/share/choirbot_interfaces/cmake/choirbot_interfaces__rosidl_typesupport_introspection_cppExport.cmake
[5.389s] -- Up-to-date: /home/yoko/turtlebot3_ws/install/choirbot_interfaces/share/choirbot_interfaces/cmake/choirbot_interfaces__rosidl_typesupport_introspection_cppExport-noconfig.cmake
[5.390s] -- Up-to-date: /home/yoko/turtlebot3_ws/install/choirbot_interfaces/share/choirbot_interfaces/cmake/choirbot_interfaces__rosidl_typesupport_cppExport.cmake
[5.390s] -- Up-to-date: /home/yoko/turtlebot3_ws/install/choirbot_interfaces/share/choirbot_interfaces/cmake/choirbot_interfaces__rosidl_typesupport_cppExport-noconfig.cmake
[5.396s] Invoked command in '/home/yoko/turtlebot3_ws/build/choirbot_interfaces' returned '0': CMAKE_PREFIX_PATH=${CMAKE_PREFIX_PATH}:/home/yoko/turtlebot3_ws/install/robot_spawner_pkg:/home/yoko/turtlebot3_ws/install/robot_controller_utils:/home/yoko/turtlebot3_ws/install/choirbot_examples:/home/yoko/turtlebot3_ws/install/choirbot:/opt/ros/foxy /usr/bin/cmake --install /home/yoko/turtlebot3_ws/build/choirbot_interfaces
