[0.401s] Invoking command in '/home/yoko/turtlebot3_ws/build/choirbot_examples': AMENT_PREFIX_PATH=/home/yoko/turtlebot3_ws/install/choirbot:/home/yoko/turtlebot3_ws/install/choirbot_interfaces:${AMENT_PREFIX_PATH} CMAKE_PREFIX_PATH=/home/yoko/turtlebot3_ws/install/choirbot_interfaces:${CMAKE_PREFIX_PATH} LD_LIBRARY_PATH=/home/yoko/turtlebot3_ws/install/choirbot_interfaces/lib:${LD_LIBRARY_PATH} PYTHONPATH=/home/yoko/turtlebot3_ws/install/choirbot_examples/lib/python3.8/site-packages:/home/yoko/turtlebot3_ws/build/choirbot:/home/yoko/turtlebot3_ws/install/choirbot/lib/python3.8/site-packages:/home/yoko/turtlebot3_ws/install/choirbot_interfaces/lib/python3.8/site-packages:${PYTHONPATH} /usr/bin/python3 setup.py develop --prefix /home/yoko/turtlebot3_ws/install/choirbot_examples --editable --build-directory /home/yoko/turtlebot3_ws/build/choirbot_examples/build --no-deps install_data --install-dir /home/yoko/turtlebot3_ws/install/choirbot_examples
[0.789s] running develop
[0.999s] running egg_info
[0.999s] creating choirbot_examples.egg-info
[0.999s] writing choirbot_examples.egg-info/PKG-INFO
[0.999s] writing dependency_links to choirbot_examples.egg-info/dependency_links.txt
[1.000s] writing entry points to choirbot_examples.egg-info/entry_points.txt
[1.000s] writing requirements to choirbot_examples.egg-info/requires.txt
[1.000s] writing top-level names to choirbot_examples.egg-info/top_level.txt
[1.001s] writing manifest file 'choirbot_examples.egg-info/SOURCES.txt'
[1.051s] reading manifest file 'choirbot_examples.egg-info/SOURCES.txt'
[1.052s] writing manifest file 'choirbot_examples.egg-info/SOURCES.txt'
[1.107s] running build_ext
[1.107s] Creating /home/yoko/turtlebot3_ws/install/choirbot_examples/lib/python3.8/site-packages/site.py
[1.110s] Creating /home/yoko/turtlebot3_ws/install/choirbot_examples/lib/python3.8/site-packages/choirbot-examples.egg-link (link to .)
[1.111s] Installing choirbot_containment_guidance script to /home/yoko/turtlebot3_ws/install/choirbot_examples/lib/choirbot_examples
[1.111s] Installing choirbot_containment_integrator script to /home/yoko/turtlebot3_ws/install/choirbot_examples/lib/choirbot_examples
[1.112s] Installing choirbot_containment_rviz script to /home/yoko/turtlebot3_ws/install/choirbot_examples/lib/choirbot_examples
[1.112s] Installing choirbot_formationcontrol_controller script to /home/yoko/turtlebot3_ws/install/choirbot_examples/lib/choirbot_examples
[1.112s] Installing choirbot_formationcontrol_guidance script to /home/yoko/turtlebot3_ws/install/choirbot_examples/lib/choirbot_examples
[1.112s] Installing choirbot_mpc_guidance script to /home/yoko/turtlebot3_ws/install/choirbot_examples/lib/choirbot_examples
[1.112s] Installing choirbot_mpc_integrator script to /home/yoko/turtlebot3_ws/install/choirbot_examples/lib/choirbot_examples
[1.113s] Installing choirbot_mpc_rviz script to /home/yoko/turtlebot3_ws/install/choirbot_examples/lib/choirbot_examples
[1.113s] Installing choirbot_taskassignment_controller script to /home/yoko/turtlebot3_ws/install/choirbot_examples/lib/choirbot_examples
[1.113s] Installing choirbot_taskassignment_guidance script to /home/yoko/turtlebot3_ws/install/choirbot_examples/lib/choirbot_examples
[1.113s] Installing choirbot_taskassignment_planner script to /home/yoko/turtlebot3_ws/install/choirbot_examples/lib/choirbot_examples
[1.113s] Installing choirbot_taskassignment_table script to /home/yoko/turtlebot3_ws/install/choirbot_examples/lib/choirbot_examples
[1.114s] Installing choirbot_turtlebot_spawner script to /home/yoko/turtlebot3_ws/install/choirbot_examples/lib/choirbot_examples
[1.114s] 
[1.114s] Installed /home/yoko/turtlebot3_ws/build/choirbot_examples
[1.114s] running install_data
[1.114s] creating /home/yoko/turtlebot3_ws/install/choirbot_examples/share/ament_index
[1.115s] creating /home/yoko/turtlebot3_ws/install/choirbot_examples/share/ament_index/resource_index
[1.115s] creating /home/yoko/turtlebot3_ws/install/choirbot_examples/share/ament_index/resource_index/packages
[1.115s] copying resource/choirbot_examples -> /home/yoko/turtlebot3_ws/install/choirbot_examples/share/ament_index/resource_index/packages
[1.115s] copying package.xml -> /home/yoko/turtlebot3_ws/install/choirbot_examples/share/choirbot_examples
[1.115s] copying launch/containment.launch.py -> /home/yoko/turtlebot3_ws/install/choirbot_examples/share/choirbot_examples
[1.115s] copying launch/taskassignment.launch.py -> /home/yoko/turtlebot3_ws/install/choirbot_examples/share/choirbot_examples
[1.116s] copying launch/gazebo.launch.py -> /home/yoko/turtlebot3_ws/install/choirbot_examples/share/choirbot_examples
[1.116s] copying launch/formationcontrol.launch.py -> /home/yoko/turtlebot3_ws/install/choirbot_examples/share/choirbot_examples
[1.116s] copying launch/mpc.launch.py -> /home/yoko/turtlebot3_ws/install/choirbot_examples/share/choirbot_examples
[1.116s] copying resource/rvizconf.rviz -> /home/yoko/turtlebot3_ws/install/choirbot_examples/share/choirbot_examples
[1.116s] copying resource/model_burger.sdf -> /home/yoko/turtlebot3_ws/install/choirbot_examples/share/choirbot_examples
[1.145s] Invoked command in '/home/yoko/turtlebot3_ws/build/choirbot_examples' returned '0': AMENT_PREFIX_PATH=/home/yoko/turtlebot3_ws/install/choirbot:/home/yoko/turtlebot3_ws/install/choirbot_interfaces:${AMENT_PREFIX_PATH} CMAKE_PREFIX_PATH=/home/yoko/turtlebot3_ws/install/choirbot_interfaces:${CMAKE_PREFIX_PATH} LD_LIBRARY_PATH=/home/yoko/turtlebot3_ws/install/choirbot_interfaces/lib:${LD_LIBRARY_PATH} PYTHONPATH=/home/yoko/turtlebot3_ws/install/choirbot_examples/lib/python3.8/site-packages:/home/yoko/turtlebot3_ws/build/choirbot:/home/yoko/turtlebot3_ws/install/choirbot/lib/python3.8/site-packages:/home/yoko/turtlebot3_ws/install/choirbot_interfaces/lib/python3.8/site-packages:${PYTHONPATH} /usr/bin/python3 setup.py develop --prefix /home/yoko/turtlebot3_ws/install/choirbot_examples --editable --build-directory /home/yoko/turtlebot3_ws/build/choirbot_examples/build --no-deps install_data --install-dir /home/yoko/turtlebot3_ws/install/choirbot_examples
