running develop
running egg_info
writing choirbot_examples.egg-info/PKG-INFO
writing dependency_links to choirbot_examples.egg-info/dependency_links.txt
writing entry points to choirbot_examples.egg-info/entry_points.txt
writing requirements to choirbot_examples.egg-info/requires.txt
writing top-level names to choirbot_examples.egg-info/top_level.txt
reading manifest file 'choirbot_examples.egg-info/SOURCES.txt'
writing manifest file 'choirbot_examples.egg-info/SOURCES.txt'
running build_ext
Creating /home/yoko/turtlebot3_ws/install/choirbot_examples/lib/python3.8/site-packages/choirbot-examples.egg-link (link to .)
Installing choirbot_containment_guidance script to /home/yoko/turtlebot3_ws/install/choirbot_examples/lib/choirbot_examples
Installing choirbot_containment_integrator script to /home/yoko/turtlebot3_ws/install/choirbot_examples/lib/choirbot_examples
Installing choirbot_containment_rviz script to /home/yoko/turtlebot3_ws/install/choirbot_examples/lib/choirbot_examples
Installing choirbot_formationcontrol_controller script to /home/yoko/turtlebot3_ws/install/choirbot_examples/lib/choirbot_examples
Installing choirbot_formationcontrol_guidance script to /home/yoko/turtlebot3_ws/install/choirbot_examples/lib/choirbot_examples
Installing choirbot_mpc_guidance script to /home/yoko/turtlebot3_ws/install/choirbot_examples/lib/choirbot_examples
Installing choirbot_mpc_integrator script to /home/yoko/turtlebot3_ws/install/choirbot_examples/lib/choirbot_examples
Installing choirbot_mpc_rviz script to /home/yoko/turtlebot3_ws/install/choirbot_examples/lib/choirbot_examples
Installing choirbot_taskassignment_controller script to /home/yoko/turtlebot3_ws/install/choirbot_examples/lib/choirbot_examples
Installing choirbot_taskassignment_guidance script to /home/yoko/turtlebot3_ws/install/choirbot_examples/lib/choirbot_examples
Installing choirbot_taskassignment_planner script to /home/yoko/turtlebot3_ws/install/choirbot_examples/lib/choirbot_examples
Installing choirbot_taskassignment_table script to /home/yoko/turtlebot3_ws/install/choirbot_examples/lib/choirbot_examples
Installing choirbot_turtlebot_spawner script to /home/yoko/turtlebot3_ws/install/choirbot_examples/lib/choirbot_examples

Installed /home/yoko/turtlebot3_ws/build/choirbot_examples
running install_data
copying launch/gazebo.launch.py -> /home/yoko/turtlebot3_ws/install/choirbot_examples/share/choirbot_examples
copying launch/formationcontrol.launch.py -> /home/yoko/turtlebot3_ws/install/choirbot_examples/share/choirbot_examples
