[0.128s] Invoking command in '/home/yoko/turtlebot3_ws/build/mrpt_graphslam_2d': /usr/bin/cmake /home/yoko/turtlebot3_ws/src/mrpt_slam/mrpt_graphslam_2d -DCATKIN_INSTALL_INTO_PREFIX_ROOT=0 -DCATKIN_SYMLINK_INSTALL=ON -DCMAKE_INSTALL_PREFIX=/home/yoko/turtlebot3_ws/install/mrpt_graphslam_2d
[1.601s] -- The C compiler identification is GNU 9.3.0
[2.513s] -- The CXX compiler identification is GNU 9.3.0
[2.628s] -- Check for working C compiler: /usr/bin/cc
[2.904s] -- Check for working C compiler: /usr/bin/cc -- works
[2.906s] -- Detecting C compiler ABI info
[3.039s] -- Detecting C compiler ABI info - done
[3.071s] -- Detecting C compile features
[3.072s] -- Detecting C compile features - done
[3.077s] -- Check for working CXX compiler: /usr/bin/c++
[3.221s] -- Check for working CXX compiler: /usr/bin/c++ -- works
[3.223s] -- Detecting CXX compiler ABI info
[3.372s] -- Detecting CXX compiler ABI info - done
[3.403s] -- Detecting CXX compile features
[3.403s] -- Detecting CXX compile features - done
[3.425s] CMake Error at CMakeLists.txt:9 (find_package):
[3.425s]   By not providing "Findcatkin.cmake" in CMAKE_MODULE_PATH this project has
[3.425s]   asked CMake to find a package configuration file provided by "catkin", but
[3.425s]   CMake did not find one.
[3.425s] 
[3.426s]   Could not find a package configuration file provided by "catkin" with any
[3.430s]   of the following names:
[3.431s] 
[3.432s]     catkinConfig.cmake
[3.434s]     catkin-config.cmake
[3.435s] 
[3.435s]   Add the installation prefix of "catkin" to CMAKE_PREFIX_PATH or set
[3.436s]   "catkin_DIR" to a directory containing one of the above files.  If "catkin"
[3.436s]   provides a separate development package or SDK, be sure it has been
[3.437s]   installed.
[3.437s] 
[3.437s] 
[3.438s] -- Configuring incomplete, errors occurred!
[3.438s] See also "/home/yoko/turtlebot3_ws/build/mrpt_graphslam_2d/CMakeFiles/CMakeOutput.log".
