[0.460s] DEBUG:colcon:Command line arguments: ['/usr/bin/colcon', 'build', '--symlink-install']
[0.461s] DEBUG:colcon:Parsed command line arguments: Namespace(ament_cmake_args=None, base_paths=['.'], build_base='build', catkin_cmake_args=None, catkin_skip_building_tests=False, cmake_args=None, cmake_clean_cache=False, cmake_clean_first=False, cmake_force_configure=False, cmake_target=None, cmake_target_skip_unavailable=False, continue_on_error=False, event_handlers=None, executor='parallel', ignore_user_meta=False, install_base='install', log_base=None, log_level=None, main=<bound method BuildVerb.main of <colcon_core.verb.build.BuildVerb object at 0x7fa1d3e17070>>, merge_install=False, metas=['./colcon.meta'], packages_above=None, packages_above_and_dependencies=None, packages_above_depth=None, packages_end=None, packages_ignore=None, packages_ignore_regex=None, packages_select=None, packages_select_build_failed=False, packages_select_by_dep=None, packages_select_regex=None, packages_select_test_failures=False, packages_skip=None, packages_skip_build_finished=False, packages_skip_by_dep=None, packages_skip_regex=None, packages_skip_test_passed=False, packages_skip_up_to=None, packages_start=None, packages_up_to=None, packages_up_to_regex=None, parallel_workers=8, paths=None, symlink_install=True, test_result_base=None, verb_extension=<colcon_core.verb.build.BuildVerb object at 0x7fa1d3e17070>, verb_name='build', verb_parser=<colcon_defaults.argument_parser.defaults.DefaultArgumentsDecorator object at 0x7fa1d3e175b0>)
[0.468s] Level 1:colcon.colcon_core.package_discovery:discover_packages(colcon_meta) check parameters
[0.468s] Level 1:colcon.colcon_core.package_discovery:discover_packages(recursive) check parameters
[0.468s] Level 1:colcon.colcon_core.package_discovery:discover_packages(ignore) check parameters
[0.468s] Level 1:colcon.colcon_core.package_discovery:discover_packages(path) check parameters
[0.468s] Level 1:colcon.colcon_core.package_discovery:discover_packages(colcon_meta) discover
[0.468s] Level 1:colcon.colcon_core.package_discovery:discover_packages(recursive) discover
[0.468s] INFO:colcon.colcon_core.package_discovery:Crawling recursively for packages in '/home/yoko/turtlebot3_ws'
[0.468s] Level 1:colcon.colcon_core.package_identification:_identify(.) by extensions ['ignore', 'ignore_ament_install']
[0.469s] Level 1:colcon.colcon_core.package_identification:_identify(.) by extension 'ignore'
[0.469s] Level 1:colcon.colcon_core.package_identification:_identify(.) by extension 'ignore_ament_install'
[0.469s] Level 1:colcon.colcon_core.package_identification:_identify(.) by extensions ['colcon_pkg']
[0.469s] Level 1:colcon.colcon_core.package_identification:_identify(.) by extension 'colcon_pkg'
[0.469s] Level 1:colcon.colcon_core.package_identification:_identify(.) by extensions ['colcon_meta']
[0.469s] Level 1:colcon.colcon_core.package_identification:_identify(.) by extension 'colcon_meta'
[0.469s] Level 1:colcon.colcon_core.package_identification:_identify(.) by extensions ['ros']
[0.469s] Level 1:colcon.colcon_core.package_identification:_identify(.) by extension 'ros'
[0.484s] Level 1:colcon.colcon_core.package_identification:_identify(.) by extensions ['cmake', 'python']
[0.485s] Level 1:colcon.colcon_core.package_identification:_identify(.) by extension 'cmake'
[0.485s] Level 1:colcon.colcon_core.package_identification:_identify(.) by extension 'python'
[0.485s] Level 1:colcon.colcon_core.package_identification:_identify(.) by extensions ['python_setup_py']
[0.485s] Level 1:colcon.colcon_core.package_identification:_identify(.) by extension 'python_setup_py'
[0.485s] Level 1:colcon.colcon_core.package_identification:_identify(build) by extensions ['ignore', 'ignore_ament_install']
[0.485s] Level 1:colcon.colcon_core.package_identification:_identify(build) by extension 'ignore'
[0.485s] Level 1:colcon.colcon_core.package_identification:_identify(build) ignored
[0.485s] Level 1:colcon.colcon_core.package_identification:_identify(install) by extensions ['ignore', 'ignore_ament_install']
[0.485s] Level 1:colcon.colcon_core.package_identification:_identify(install) by extension 'ignore'
[0.486s] Level 1:colcon.colcon_core.package_identification:_identify(install) ignored
[0.486s] Level 1:colcon.colcon_core.package_identification:_identify(log) by extensions ['ignore', 'ignore_ament_install']
[0.486s] Level 1:colcon.colcon_core.package_identification:_identify(log) by extension 'ignore'
[0.486s] Level 1:colcon.colcon_core.package_identification:_identify(log) ignored
[0.486s] Level 1:colcon.colcon_core.package_identification:_identify(src) by extensions ['ignore', 'ignore_ament_install']
[0.486s] Level 1:colcon.colcon_core.package_identification:_identify(src) by extension 'ignore'
[0.486s] Level 1:colcon.colcon_core.package_identification:_identify(src) by extension 'ignore_ament_install'
[0.486s] Level 1:colcon.colcon_core.package_identification:_identify(src) by extensions ['colcon_pkg']
[0.486s] Level 1:colcon.colcon_core.package_identification:_identify(src) by extension 'colcon_pkg'
[0.486s] Level 1:colcon.colcon_core.package_identification:_identify(src) by extensions ['colcon_meta']
[0.487s] Level 1:colcon.colcon_core.package_identification:_identify(src) by extension 'colcon_meta'
[0.487s] Level 1:colcon.colcon_core.package_identification:_identify(src) by extensions ['ros']
[0.487s] Level 1:colcon.colcon_core.package_identification:_identify(src) by extension 'ros'
[0.487s] Level 1:colcon.colcon_core.package_identification:_identify(src) by extensions ['cmake', 'python']
[0.487s] Level 1:colcon.colcon_core.package_identification:_identify(src) by extension 'cmake'
[0.487s] Level 1:colcon.colcon_core.package_identification:_identify(src) by extension 'python'
[0.487s] Level 1:colcon.colcon_core.package_identification:_identify(src) by extensions ['python_setup_py']
[0.487s] Level 1:colcon.colcon_core.package_identification:_identify(src) by extension 'python_setup_py'
[0.487s] Level 1:colcon.colcon_core.package_identification:_identify(src/ChoiRbot) by extensions ['ignore', 'ignore_ament_install']
[0.487s] Level 1:colcon.colcon_core.package_identification:_identify(src/ChoiRbot) by extension 'ignore'
[0.487s] Level 1:colcon.colcon_core.package_identification:_identify(src/ChoiRbot) by extension 'ignore_ament_install'
[0.488s] Level 1:colcon.colcon_core.package_identification:_identify(src/ChoiRbot) by extensions ['colcon_pkg']
[0.488s] Level 1:colcon.colcon_core.package_identification:_identify(src/ChoiRbot) by extension 'colcon_pkg'
[0.488s] Level 1:colcon.colcon_core.package_identification:_identify(src/ChoiRbot) by extensions ['colcon_meta']
[0.488s] Level 1:colcon.colcon_core.package_identification:_identify(src/ChoiRbot) by extension 'colcon_meta'
[0.488s] Level 1:colcon.colcon_core.package_identification:_identify(src/ChoiRbot) by extensions ['ros']
[0.488s] Level 1:colcon.colcon_core.package_identification:_identify(src/ChoiRbot) by extension 'ros'
[0.488s] Level 1:colcon.colcon_core.package_identification:_identify(src/ChoiRbot) by extensions ['cmake', 'python']
[0.488s] Level 1:colcon.colcon_core.package_identification:_identify(src/ChoiRbot) by extension 'cmake'
[0.488s] Level 1:colcon.colcon_core.package_identification:_identify(src/ChoiRbot) by extension 'python'
[0.488s] Level 1:colcon.colcon_core.package_identification:_identify(src/ChoiRbot) by extensions ['python_setup_py']
[0.488s] Level 1:colcon.colcon_core.package_identification:_identify(src/ChoiRbot) by extension 'python_setup_py'
[0.489s] Level 1:colcon.colcon_core.package_identification:_identify(src/ChoiRbot/choirbot) by extensions ['ignore', 'ignore_ament_install']
[0.489s] Level 1:colcon.colcon_core.package_identification:_identify(src/ChoiRbot/choirbot) by extension 'ignore'
[0.489s] Level 1:colcon.colcon_core.package_identification:_identify(src/ChoiRbot/choirbot) by extension 'ignore_ament_install'
[0.489s] Level 1:colcon.colcon_core.package_identification:_identify(src/ChoiRbot/choirbot) by extensions ['colcon_pkg']
[0.489s] Level 1:colcon.colcon_core.package_identification:_identify(src/ChoiRbot/choirbot) by extension 'colcon_pkg'
[0.489s] Level 1:colcon.colcon_core.package_identification:_identify(src/ChoiRbot/choirbot) by extensions ['colcon_meta']
[0.489s] Level 1:colcon.colcon_core.package_identification:_identify(src/ChoiRbot/choirbot) by extension 'colcon_meta'
[0.489s] Level 1:colcon.colcon_core.package_identification:_identify(src/ChoiRbot/choirbot) by extensions ['ros']
[0.489s] Level 1:colcon.colcon_core.package_identification:_identify(src/ChoiRbot/choirbot) by extension 'ros'
[0.492s] DEBUG:colcon.colcon_core.package_identification:Package 'src/ChoiRbot/choirbot' with type 'ros.ament_python' and name 'choirbot'
[0.492s] Level 1:colcon.colcon_core.package_identification:_identify(src/ChoiRbot/choirbot_examples) by extensions ['ignore', 'ignore_ament_install']
[0.493s] Level 1:colcon.colcon_core.package_identification:_identify(src/ChoiRbot/choirbot_examples) by extension 'ignore'
[0.493s] Level 1:colcon.colcon_core.package_identification:_identify(src/ChoiRbot/choirbot_examples) by extension 'ignore_ament_install'
[0.493s] Level 1:colcon.colcon_core.package_identification:_identify(src/ChoiRbot/choirbot_examples) by extensions ['colcon_pkg']
[0.493s] Level 1:colcon.colcon_core.package_identification:_identify(src/ChoiRbot/choirbot_examples) by extension 'colcon_pkg'
[0.493s] Level 1:colcon.colcon_core.package_identification:_identify(src/ChoiRbot/choirbot_examples) by extensions ['colcon_meta']
[0.493s] Level 1:colcon.colcon_core.package_identification:_identify(src/ChoiRbot/choirbot_examples) by extension 'colcon_meta'
[0.493s] Level 1:colcon.colcon_core.package_identification:_identify(src/ChoiRbot/choirbot_examples) by extensions ['ros']
[0.493s] Level 1:colcon.colcon_core.package_identification:_identify(src/ChoiRbot/choirbot_examples) by extension 'ros'
[0.494s] DEBUG:colcon.colcon_core.package_identification:Package 'src/ChoiRbot/choirbot_examples' with type 'ros.ament_python' and name 'choirbot_examples'
[0.494s] Level 1:colcon.colcon_core.package_identification:_identify(src/ChoiRbot/choirbot_interfaces) by extensions ['ignore', 'ignore_ament_install']
[0.494s] Level 1:colcon.colcon_core.package_identification:_identify(src/ChoiRbot/choirbot_interfaces) by extension 'ignore'
[0.494s] Level 1:colcon.colcon_core.package_identification:_identify(src/ChoiRbot/choirbot_interfaces) by extension 'ignore_ament_install'
[0.494s] Level 1:colcon.colcon_core.package_identification:_identify(src/ChoiRbot/choirbot_interfaces) by extensions ['colcon_pkg']
[0.495s] Level 1:colcon.colcon_core.package_identification:_identify(src/ChoiRbot/choirbot_interfaces) by extension 'colcon_pkg'
[0.495s] Level 1:colcon.colcon_core.package_identification:_identify(src/ChoiRbot/choirbot_interfaces) by extensions ['colcon_meta']
[0.495s] Level 1:colcon.colcon_core.package_identification:_identify(src/ChoiRbot/choirbot_interfaces) by extension 'colcon_meta'
[0.495s] Level 1:colcon.colcon_core.package_identification:_identify(src/ChoiRbot/choirbot_interfaces) by extensions ['ros']
[0.495s] Level 1:colcon.colcon_core.package_identification:_identify(src/ChoiRbot/choirbot_interfaces) by extension 'ros'
[0.495s] DEBUG:colcon.colcon_core.package_identification:Package 'src/ChoiRbot/choirbot_interfaces' with type 'ros.ament_cmake' and name 'choirbot_interfaces'
[0.496s] Level 1:colcon.colcon_core.package_identification:_identify(src/ChoiRbot/docs) by extensions ['ignore', 'ignore_ament_install']
[0.496s] Level 1:colcon.colcon_core.package_identification:_identify(src/ChoiRbot/docs) by extension 'ignore'
[0.496s] Level 1:colcon.colcon_core.package_identification:_identify(src/ChoiRbot/docs) by extension 'ignore_ament_install'
[0.496s] Level 1:colcon.colcon_core.package_identification:_identify(src/ChoiRbot/docs) by extensions ['colcon_pkg']
[0.496s] Level 1:colcon.colcon_core.package_identification:_identify(src/ChoiRbot/docs) by extension 'colcon_pkg'
[0.496s] Level 1:colcon.colcon_core.package_identification:_identify(src/ChoiRbot/docs) by extensions ['colcon_meta']
[0.496s] Level 1:colcon.colcon_core.package_identification:_identify(src/ChoiRbot/docs) by extension 'colcon_meta'
[0.496s] Level 1:colcon.colcon_core.package_identification:_identify(src/ChoiRbot/docs) by extensions ['ros']
[0.496s] Level 1:colcon.colcon_core.package_identification:_identify(src/ChoiRbot/docs) by extension 'ros'
[0.496s] Level 1:colcon.colcon_core.package_identification:_identify(src/ChoiRbot/docs) by extensions ['cmake', 'python']
[0.496s] Level 1:colcon.colcon_core.package_identification:_identify(src/ChoiRbot/docs) by extension 'cmake'
[0.497s] Level 1:colcon.colcon_core.package_identification:_identify(src/ChoiRbot/docs) by extension 'python'
[0.497s] Level 1:colcon.colcon_core.package_identification:_identify(src/ChoiRbot/docs) by extensions ['python_setup_py']
[0.497s] Level 1:colcon.colcon_core.package_identification:_identify(src/ChoiRbot/docs) by extension 'python_setup_py'
[0.497s] Level 1:colcon.colcon_core.package_identification:_identify(src/ChoiRbot/docs/source) by extensions ['ignore', 'ignore_ament_install']
[0.497s] Level 1:colcon.colcon_core.package_identification:_identify(src/ChoiRbot/docs/source) by extension 'ignore'
[0.497s] Level 1:colcon.colcon_core.package_identification:_identify(src/ChoiRbot/docs/source) by extension 'ignore_ament_install'
[0.497s] Level 1:colcon.colcon_core.package_identification:_identify(src/ChoiRbot/docs/source) by extensions ['colcon_pkg']
[0.497s] Level 1:colcon.colcon_core.package_identification:_identify(src/ChoiRbot/docs/source) by extension 'colcon_pkg'
[0.497s] Level 1:colcon.colcon_core.package_identification:_identify(src/ChoiRbot/docs/source) by extensions ['colcon_meta']
[0.497s] Level 1:colcon.colcon_core.package_identification:_identify(src/ChoiRbot/docs/source) by extension 'colcon_meta'
[0.497s] Level 1:colcon.colcon_core.package_identification:_identify(src/ChoiRbot/docs/source) by extensions ['ros']
[0.498s] Level 1:colcon.colcon_core.package_identification:_identify(src/ChoiRbot/docs/source) by extension 'ros'
[0.498s] Level 1:colcon.colcon_core.package_identification:_identify(src/ChoiRbot/docs/source) by extensions ['cmake', 'python']
[0.498s] Level 1:colcon.colcon_core.package_identification:_identify(src/ChoiRbot/docs/source) by extension 'cmake'
[0.498s] Level 1:colcon.colcon_core.package_identification:_identify(src/ChoiRbot/docs/source) by extension 'python'
[0.498s] Level 1:colcon.colcon_core.package_identification:_identify(src/ChoiRbot/docs/source) by extensions ['python_setup_py']
[0.498s] Level 1:colcon.colcon_core.package_identification:_identify(src/ChoiRbot/docs/source) by extension 'python_setup_py'
[0.498s] Level 1:colcon.colcon_core.package_identification:_identify(src/ChoiRbot/docs/source/_static) by extensions ['ignore', 'ignore_ament_install']
[0.498s] Level 1:colcon.colcon_core.package_identification:_identify(src/ChoiRbot/docs/source/_static) by extension 'ignore'
[0.498s] Level 1:colcon.colcon_core.package_identification:_identify(src/ChoiRbot/docs/source/_static) by extension 'ignore_ament_install'
[0.498s] Level 1:colcon.colcon_core.package_identification:_identify(src/ChoiRbot/docs/source/_static) by extensions ['colcon_pkg']
[0.498s] Level 1:colcon.colcon_core.package_identification:_identify(src/ChoiRbot/docs/source/_static) by extension 'colcon_pkg'
[0.499s] Level 1:colcon.colcon_core.package_identification:_identify(src/ChoiRbot/docs/source/_static) by extensions ['colcon_meta']
[0.499s] Level 1:colcon.colcon_core.package_identification:_identify(src/ChoiRbot/docs/source/_static) by extension 'colcon_meta'
[0.499s] Level 1:colcon.colcon_core.package_identification:_identify(src/ChoiRbot/docs/source/_static) by extensions ['ros']
[0.499s] Level 1:colcon.colcon_core.package_identification:_identify(src/ChoiRbot/docs/source/_static) by extension 'ros'
[0.499s] Level 1:colcon.colcon_core.package_identification:_identify(src/ChoiRbot/docs/source/_static) by extensions ['cmake', 'python']
[0.499s] Level 1:colcon.colcon_core.package_identification:_identify(src/ChoiRbot/docs/source/_static) by extension 'cmake'
[0.499s] Level 1:colcon.colcon_core.package_identification:_identify(src/ChoiRbot/docs/source/_static) by extension 'python'
[0.499s] Level 1:colcon.colcon_core.package_identification:_identify(src/ChoiRbot/docs/source/_static) by extensions ['python_setup_py']
[0.499s] Level 1:colcon.colcon_core.package_identification:_identify(src/ChoiRbot/docs/source/_static) by extension 'python_setup_py'
[0.499s] Level 1:colcon.colcon_core.package_identification:_identify(src/ChoiRbot/docs/source/acknowledgements) by extensions ['ignore', 'ignore_ament_install']
[0.500s] Level 1:colcon.colcon_core.package_identification:_identify(src/ChoiRbot/docs/source/acknowledgements) by extension 'ignore'
[0.500s] Level 1:colcon.colcon_core.package_identification:_identify(src/ChoiRbot/docs/source/acknowledgements) by extension 'ignore_ament_install'
[0.500s] Level 1:colcon.colcon_core.package_identification:_identify(src/ChoiRbot/docs/source/acknowledgements) by extensions ['colcon_pkg']
[0.500s] Level 1:colcon.colcon_core.package_identification:_identify(src/ChoiRbot/docs/source/acknowledgements) by extension 'colcon_pkg'
[0.500s] Level 1:colcon.colcon_core.package_identification:_identify(src/ChoiRbot/docs/source/acknowledgements) by extensions ['colcon_meta']
[0.500s] Level 1:colcon.colcon_core.package_identification:_identify(src/ChoiRbot/docs/source/acknowledgements) by extension 'colcon_meta'
[0.500s] Level 1:colcon.colcon_core.package_identification:_identify(src/ChoiRbot/docs/source/acknowledgements) by extensions ['ros']
[0.500s] Level 1:colcon.colcon_core.package_identification:_identify(src/ChoiRbot/docs/source/acknowledgements) by extension 'ros'
[0.500s] Level 1:colcon.colcon_core.package_identification:_identify(src/ChoiRbot/docs/source/acknowledgements) by extensions ['cmake', 'python']
[0.500s] Level 1:colcon.colcon_core.package_identification:_identify(src/ChoiRbot/docs/source/acknowledgements) by extension 'cmake'
[0.500s] Level 1:colcon.colcon_core.package_identification:_identify(src/ChoiRbot/docs/source/acknowledgements) by extension 'python'
[0.501s] Level 1:colcon.colcon_core.package_identification:_identify(src/ChoiRbot/docs/source/acknowledgements) by extensions ['python_setup_py']
[0.501s] Level 1:colcon.colcon_core.package_identification:_identify(src/ChoiRbot/docs/source/acknowledgements) by extension 'python_setup_py'
[0.501s] Level 1:colcon.colcon_core.package_identification:_identify(src/ChoiRbot/docs/source/api_documentation) by extensions ['ignore', 'ignore_ament_install']
[0.501s] Level 1:colcon.colcon_core.package_identification:_identify(src/ChoiRbot/docs/source/api_documentation) by extension 'ignore'
[0.501s] Level 1:colcon.colcon_core.package_identification:_identify(src/ChoiRbot/docs/source/api_documentation) by extension 'ignore_ament_install'
[0.501s] Level 1:colcon.colcon_core.package_identification:_identify(src/ChoiRbot/docs/source/api_documentation) by extensions ['colcon_pkg']
[0.501s] Level 1:colcon.colcon_core.package_identification:_identify(src/ChoiRbot/docs/source/api_documentation) by extension 'colcon_pkg'
[0.501s] Level 1:colcon.colcon_core.package_identification:_identify(src/ChoiRbot/docs/source/api_documentation) by extensions ['colcon_meta']
[0.501s] Level 1:colcon.colcon_core.package_identification:_identify(src/ChoiRbot/docs/source/api_documentation) by extension 'colcon_meta'
[0.501s] Level 1:colcon.colcon_core.package_identification:_identify(src/ChoiRbot/docs/source/api_documentation) by extensions ['ros']
[0.501s] Level 1:colcon.colcon_core.package_identification:_identify(src/ChoiRbot/docs/source/api_documentation) by extension 'ros'
[0.502s] Level 1:colcon.colcon_core.package_identification:_identify(src/ChoiRbot/docs/source/api_documentation) by extensions ['cmake', 'python']
[0.502s] Level 1:colcon.colcon_core.package_identification:_identify(src/ChoiRbot/docs/source/api_documentation) by extension 'cmake'
[0.502s] Level 1:colcon.colcon_core.package_identification:_identify(src/ChoiRbot/docs/source/api_documentation) by extension 'python'
[0.502s] Level 1:colcon.colcon_core.package_identification:_identify(src/ChoiRbot/docs/source/api_documentation) by extensions ['python_setup_py']
[0.502s] Level 1:colcon.colcon_core.package_identification:_identify(src/ChoiRbot/docs/source/api_documentation) by extension 'python_setup_py'
[0.502s] Level 1:colcon.colcon_core.package_identification:_identify(src/ChoiRbot/docs/source/citing) by extensions ['ignore', 'ignore_ament_install']
[0.502s] Level 1:colcon.colcon_core.package_identification:_identify(src/ChoiRbot/docs/source/citing) by extension 'ignore'
[0.502s] Level 1:colcon.colcon_core.package_identification:_identify(src/ChoiRbot/docs/source/citing) by extension 'ignore_ament_install'
[0.502s] Level 1:colcon.colcon_core.package_identification:_identify(src/ChoiRbot/docs/source/citing) by extensions ['colcon_pkg']
[0.502s] Level 1:colcon.colcon_core.package_identification:_identify(src/ChoiRbot/docs/source/citing) by extension 'colcon_pkg'
[0.503s] Level 1:colcon.colcon_core.package_identification:_identify(src/ChoiRbot/docs/source/citing) by extensions ['colcon_meta']
[0.503s] Level 1:colcon.colcon_core.package_identification:_identify(src/ChoiRbot/docs/source/citing) by extension 'colcon_meta'
[0.503s] Level 1:colcon.colcon_core.package_identification:_identify(src/ChoiRbot/docs/source/citing) by extensions ['ros']
[0.503s] Level 1:colcon.colcon_core.package_identification:_identify(src/ChoiRbot/docs/source/citing) by extension 'ros'
[0.503s] Level 1:colcon.colcon_core.package_identification:_identify(src/ChoiRbot/docs/source/citing) by extensions ['cmake', 'python']
[0.503s] Level 1:colcon.colcon_core.package_identification:_identify(src/ChoiRbot/docs/source/citing) by extension 'cmake'
[0.503s] Level 1:colcon.colcon_core.package_identification:_identify(src/ChoiRbot/docs/source/citing) by extension 'python'
[0.503s] Level 1:colcon.colcon_core.package_identification:_identify(src/ChoiRbot/docs/source/citing) by extensions ['python_setup_py']
[0.503s] Level 1:colcon.colcon_core.package_identification:_identify(src/ChoiRbot/docs/source/citing) by extension 'python_setup_py'
[0.503s] Level 1:colcon.colcon_core.package_identification:_identify(src/ChoiRbot/docs/source/examples) by extensions ['ignore', 'ignore_ament_install']
[0.503s] Level 1:colcon.colcon_core.package_identification:_identify(src/ChoiRbot/docs/source/examples) by extension 'ignore'
[0.504s] Level 1:colcon.colcon_core.package_identification:_identify(src/ChoiRbot/docs/source/examples) by extension 'ignore_ament_install'
[0.504s] Level 1:colcon.colcon_core.package_identification:_identify(src/ChoiRbot/docs/source/examples) by extensions ['colcon_pkg']
[0.504s] Level 1:colcon.colcon_core.package_identification:_identify(src/ChoiRbot/docs/source/examples) by extension 'colcon_pkg'
[0.504s] Level 1:colcon.colcon_core.package_identification:_identify(src/ChoiRbot/docs/source/examples) by extensions ['colcon_meta']
[0.504s] Level 1:colcon.colcon_core.package_identification:_identify(src/ChoiRbot/docs/source/examples) by extension 'colcon_meta'
[0.504s] Level 1:colcon.colcon_core.package_identification:_identify(src/ChoiRbot/docs/source/examples) by extensions ['ros']
[0.504s] Level 1:colcon.colcon_core.package_identification:_identify(src/ChoiRbot/docs/source/examples) by extension 'ros'
[0.504s] Level 1:colcon.colcon_core.package_identification:_identify(src/ChoiRbot/docs/source/examples) by extensions ['cmake', 'python']
[0.504s] Level 1:colcon.colcon_core.package_identification:_identify(src/ChoiRbot/docs/source/examples) by extension 'cmake'
[0.504s] Level 1:colcon.colcon_core.package_identification:_identify(src/ChoiRbot/docs/source/examples) by extension 'python'
[0.504s] Level 1:colcon.colcon_core.package_identification:_identify(src/ChoiRbot/docs/source/examples) by extensions ['python_setup_py']
[0.504s] Level 1:colcon.colcon_core.package_identification:_identify(src/ChoiRbot/docs/source/examples) by extension 'python_setup_py'
[0.505s] Level 1:colcon.colcon_core.package_identification:_identify(src/ChoiRbot/docs/source/installation) by extensions ['ignore', 'ignore_ament_install']
[0.505s] Level 1:colcon.colcon_core.package_identification:_identify(src/ChoiRbot/docs/source/installation) by extension 'ignore'
[0.505s] Level 1:colcon.colcon_core.package_identification:_identify(src/ChoiRbot/docs/source/installation) by extension 'ignore_ament_install'
[0.505s] Level 1:colcon.colcon_core.package_identification:_identify(src/ChoiRbot/docs/source/installation) by extensions ['colcon_pkg']
[0.505s] Level 1:colcon.colcon_core.package_identification:_identify(src/ChoiRbot/docs/source/installation) by extension 'colcon_pkg'
[0.505s] Level 1:colcon.colcon_core.package_identification:_identify(src/ChoiRbot/docs/source/installation) by extensions ['colcon_meta']
[0.505s] Level 1:colcon.colcon_core.package_identification:_identify(src/ChoiRbot/docs/source/installation) by extension 'colcon_meta'
[0.505s] Level 1:colcon.colcon_core.package_identification:_identify(src/ChoiRbot/docs/source/installation) by extensions ['ros']
[0.505s] Level 1:colcon.colcon_core.package_identification:_identify(src/ChoiRbot/docs/source/installation) by extension 'ros'
[0.505s] Level 1:colcon.colcon_core.package_identification:_identify(src/ChoiRbot/docs/source/installation) by extensions ['cmake', 'python']
[0.506s] Level 1:colcon.colcon_core.package_identification:_identify(src/ChoiRbot/docs/source/installation) by extension 'cmake'
[0.506s] Level 1:colcon.colcon_core.package_identification:_identify(src/ChoiRbot/docs/source/installation) by extension 'python'
[0.506s] Level 1:colcon.colcon_core.package_identification:_identify(src/ChoiRbot/docs/source/installation) by extensions ['python_setup_py']
[0.506s] Level 1:colcon.colcon_core.package_identification:_identify(src/ChoiRbot/docs/source/installation) by extension 'python_setup_py'
[0.506s] Level 1:colcon.colcon_core.package_identification:_identify(src/ChoiRbot/docs/source/quick_start) by extensions ['ignore', 'ignore_ament_install']
[0.506s] Level 1:colcon.colcon_core.package_identification:_identify(src/ChoiRbot/docs/source/quick_start) by extension 'ignore'
[0.506s] Level 1:colcon.colcon_core.package_identification:_identify(src/ChoiRbot/docs/source/quick_start) by extension 'ignore_ament_install'
[0.506s] Level 1:colcon.colcon_core.package_identification:_identify(src/ChoiRbot/docs/source/quick_start) by extensions ['colcon_pkg']
[0.507s] Level 1:colcon.colcon_core.package_identification:_identify(src/ChoiRbot/docs/source/quick_start) by extension 'colcon_pkg'
[0.507s] Level 1:colcon.colcon_core.package_identification:_identify(src/ChoiRbot/docs/source/quick_start) by extensions ['colcon_meta']
[0.507s] Level 1:colcon.colcon_core.package_identification:_identify(src/ChoiRbot/docs/source/quick_start) by extension 'colcon_meta'
[0.507s] Level 1:colcon.colcon_core.package_identification:_identify(src/ChoiRbot/docs/source/quick_start) by extensions ['ros']
[0.507s] Level 1:colcon.colcon_core.package_identification:_identify(src/ChoiRbot/docs/source/quick_start) by extension 'ros'
[0.507s] Level 1:colcon.colcon_core.package_identification:_identify(src/ChoiRbot/docs/source/quick_start) by extensions ['cmake', 'python']
[0.507s] Level 1:colcon.colcon_core.package_identification:_identify(src/ChoiRbot/docs/source/quick_start) by extension 'cmake'
[0.507s] Level 1:colcon.colcon_core.package_identification:_identify(src/ChoiRbot/docs/source/quick_start) by extension 'python'
[0.507s] Level 1:colcon.colcon_core.package_identification:_identify(src/ChoiRbot/docs/source/quick_start) by extensions ['python_setup_py']
[0.507s] Level 1:colcon.colcon_core.package_identification:_identify(src/ChoiRbot/docs/source/quick_start) by extension 'python_setup_py'
[0.507s] Level 1:colcon.colcon_core.package_identification:_identify(src/turtlebot3_simulations) by extensions ['ignore', 'ignore_ament_install']
[0.508s] Level 1:colcon.colcon_core.package_identification:_identify(src/turtlebot3_simulations) by extension 'ignore'
[0.508s] Level 1:colcon.colcon_core.package_identification:_identify(src/turtlebot3_simulations) by extension 'ignore_ament_install'
[0.508s] Level 1:colcon.colcon_core.package_identification:_identify(src/turtlebot3_simulations) by extensions ['colcon_pkg']
[0.508s] Level 1:colcon.colcon_core.package_identification:_identify(src/turtlebot3_simulations) by extension 'colcon_pkg'
[0.508s] Level 1:colcon.colcon_core.package_identification:_identify(src/turtlebot3_simulations) by extensions ['colcon_meta']
[0.508s] Level 1:colcon.colcon_core.package_identification:_identify(src/turtlebot3_simulations) by extension 'colcon_meta'
[0.508s] Level 1:colcon.colcon_core.package_identification:_identify(src/turtlebot3_simulations) by extensions ['ros']
[0.508s] Level 1:colcon.colcon_core.package_identification:_identify(src/turtlebot3_simulations) by extension 'ros'
[0.508s] Level 1:colcon.colcon_core.package_identification:_identify(src/turtlebot3_simulations) by extensions ['cmake', 'python']
[0.508s] Level 1:colcon.colcon_core.package_identification:_identify(src/turtlebot3_simulations) by extension 'cmake'
[0.508s] Level 1:colcon.colcon_core.package_identification:_identify(src/turtlebot3_simulations) by extension 'python'
[0.508s] Level 1:colcon.colcon_core.package_identification:_identify(src/turtlebot3_simulations) by extensions ['python_setup_py']
[0.509s] Level 1:colcon.colcon_core.package_identification:_identify(src/turtlebot3_simulations) by extension 'python_setup_py'
[0.509s] Level 1:colcon.colcon_core.package_identification:_identify(src/turtlebot3_simulations/turtlebot3_fake_node) by extensions ['ignore', 'ignore_ament_install']
[0.509s] Level 1:colcon.colcon_core.package_identification:_identify(src/turtlebot3_simulations/turtlebot3_fake_node) by extension 'ignore'
[0.509s] Level 1:colcon.colcon_core.package_identification:_identify(src/turtlebot3_simulations/turtlebot3_fake_node) by extension 'ignore_ament_install'
[0.509s] Level 1:colcon.colcon_core.package_identification:_identify(src/turtlebot3_simulations/turtlebot3_fake_node) by extensions ['colcon_pkg']
[0.509s] Level 1:colcon.colcon_core.package_identification:_identify(src/turtlebot3_simulations/turtlebot3_fake_node) by extension 'colcon_pkg'
[0.509s] Level 1:colcon.colcon_core.package_identification:_identify(src/turtlebot3_simulations/turtlebot3_fake_node) by extensions ['colcon_meta']
[0.509s] Level 1:colcon.colcon_core.package_identification:_identify(src/turtlebot3_simulations/turtlebot3_fake_node) by extension 'colcon_meta'
[0.509s] Level 1:colcon.colcon_core.package_identification:_identify(src/turtlebot3_simulations/turtlebot3_fake_node) by extensions ['ros']
[0.509s] Level 1:colcon.colcon_core.package_identification:_identify(src/turtlebot3_simulations/turtlebot3_fake_node) by extension 'ros'
[0.511s] DEBUG:colcon.colcon_core.package_identification:Package 'src/turtlebot3_simulations/turtlebot3_fake_node' with type 'ros.ament_cmake' and name 'turtlebot3_fake_node'
[0.511s] Level 1:colcon.colcon_core.package_identification:_identify(src/turtlebot3_simulations/turtlebot3_gazebo) by extensions ['ignore', 'ignore_ament_install']
[0.511s] Level 1:colcon.colcon_core.package_identification:_identify(src/turtlebot3_simulations/turtlebot3_gazebo) by extension 'ignore'
[0.511s] Level 1:colcon.colcon_core.package_identification:_identify(src/turtlebot3_simulations/turtlebot3_gazebo) by extension 'ignore_ament_install'
[0.511s] Level 1:colcon.colcon_core.package_identification:_identify(src/turtlebot3_simulations/turtlebot3_gazebo) by extensions ['colcon_pkg']
[0.511s] Level 1:colcon.colcon_core.package_identification:_identify(src/turtlebot3_simulations/turtlebot3_gazebo) by extension 'colcon_pkg'
[0.512s] Level 1:colcon.colcon_core.package_identification:_identify(src/turtlebot3_simulations/turtlebot3_gazebo) by extensions ['colcon_meta']
[0.512s] Level 1:colcon.colcon_core.package_identification:_identify(src/turtlebot3_simulations/turtlebot3_gazebo) by extension 'colcon_meta'
[0.512s] Level 1:colcon.colcon_core.package_identification:_identify(src/turtlebot3_simulations/turtlebot3_gazebo) by extensions ['ros']
[0.512s] Level 1:colcon.colcon_core.package_identification:_identify(src/turtlebot3_simulations/turtlebot3_gazebo) by extension 'ros'
[0.513s] DEBUG:colcon.colcon_core.package_identification:Package 'src/turtlebot3_simulations/turtlebot3_gazebo' with type 'ros.ament_cmake' and name 'turtlebot3_gazebo'
[0.513s] Level 1:colcon.colcon_core.package_identification:_identify(src/turtlebot3_simulations/turtlebot3_simulations) by extensions ['ignore', 'ignore_ament_install']
[0.514s] Level 1:colcon.colcon_core.package_identification:_identify(src/turtlebot3_simulations/turtlebot3_simulations) by extension 'ignore'
[0.514s] Level 1:colcon.colcon_core.package_identification:_identify(src/turtlebot3_simulations/turtlebot3_simulations) by extension 'ignore_ament_install'
[0.514s] Level 1:colcon.colcon_core.package_identification:_identify(src/turtlebot3_simulations/turtlebot3_simulations) by extensions ['colcon_pkg']
[0.514s] Level 1:colcon.colcon_core.package_identification:_identify(src/turtlebot3_simulations/turtlebot3_simulations) by extension 'colcon_pkg'
[0.514s] Level 1:colcon.colcon_core.package_identification:_identify(src/turtlebot3_simulations/turtlebot3_simulations) by extensions ['colcon_meta']
[0.514s] Level 1:colcon.colcon_core.package_identification:_identify(src/turtlebot3_simulations/turtlebot3_simulations) by extension 'colcon_meta'
[0.514s] Level 1:colcon.colcon_core.package_identification:_identify(src/turtlebot3_simulations/turtlebot3_simulations) by extensions ['ros']
[0.514s] Level 1:colcon.colcon_core.package_identification:_identify(src/turtlebot3_simulations/turtlebot3_simulations) by extension 'ros'
[0.515s] DEBUG:colcon.colcon_core.package_identification:Package 'src/turtlebot3_simulations/turtlebot3_simulations' with type 'ros.ament_cmake' and name 'turtlebot3_simulations'
[0.515s] Level 1:colcon.colcon_core.package_discovery:discover_packages(recursive) using defaults
[0.515s] Level 1:colcon.colcon_core.package_discovery:discover_packages(ignore) discover
[0.515s] Level 1:colcon.colcon_core.package_discovery:discover_packages(ignore) using defaults
[0.515s] Level 1:colcon.colcon_core.package_discovery:discover_packages(path) discover
[0.515s] Level 1:colcon.colcon_core.package_discovery:discover_packages(path) using defaults
[0.543s] Level 5:colcon.colcon_core.verb:set package 'choirbot_interfaces' build argument 'cmake_args' from command line to 'None'
[0.543s] Level 5:colcon.colcon_core.verb:set package 'choirbot_interfaces' build argument 'cmake_target' from command line to 'None'
[0.543s] Level 5:colcon.colcon_core.verb:set package 'choirbot_interfaces' build argument 'cmake_target_skip_unavailable' from command line to 'False'
[0.543s] Level 5:colcon.colcon_core.verb:set package 'choirbot_interfaces' build argument 'cmake_clean_cache' from command line to 'False'
[0.543s] Level 5:colcon.colcon_core.verb:set package 'choirbot_interfaces' build argument 'cmake_clean_first' from command line to 'False'
[0.543s] Level 5:colcon.colcon_core.verb:set package 'choirbot_interfaces' build argument 'cmake_force_configure' from command line to 'False'
[0.543s] Level 5:colcon.colcon_core.verb:set package 'choirbot_interfaces' build argument 'ament_cmake_args' from command line to 'None'
[0.544s] Level 5:colcon.colcon_core.verb:set package 'choirbot_interfaces' build argument 'catkin_cmake_args' from command line to 'None'
[0.544s] Level 5:colcon.colcon_core.verb:set package 'choirbot_interfaces' build argument 'catkin_skip_building_tests' from command line to 'False'
[0.544s] DEBUG:colcon.colcon_core.verb:Building package 'choirbot_interfaces' with the following arguments: {'ament_cmake_args': None, 'build_base': '/home/yoko/turtlebot3_ws/build/choirbot_interfaces', 'catkin_cmake_args': None, 'catkin_skip_building_tests': False, 'cmake_args': None, 'cmake_clean_cache': False, 'cmake_clean_first': False, 'cmake_force_configure': False, 'cmake_target': None, 'cmake_target_skip_unavailable': False, 'install_base': '/home/yoko/turtlebot3_ws/install/choirbot_interfaces', 'merge_install': False, 'path': '/home/yoko/turtlebot3_ws/src/ChoiRbot/choirbot_interfaces', 'symlink_install': True, 'test_result_base': None}
[0.548s] Level 5:colcon.colcon_core.verb:set package 'turtlebot3_fake_node' build argument 'cmake_args' from command line to 'None'
[0.548s] Level 5:colcon.colcon_core.verb:set package 'turtlebot3_fake_node' build argument 'cmake_target' from command line to 'None'
[0.548s] Level 5:colcon.colcon_core.verb:set package 'turtlebot3_fake_node' build argument 'cmake_target_skip_unavailable' from command line to 'False'
[0.548s] Level 5:colcon.colcon_core.verb:set package 'turtlebot3_fake_node' build argument 'cmake_clean_cache' from command line to 'False'
[0.548s] Level 5:colcon.colcon_core.verb:set package 'turtlebot3_fake_node' build argument 'cmake_clean_first' from command line to 'False'
[0.548s] Level 5:colcon.colcon_core.verb:set package 'turtlebot3_fake_node' build argument 'cmake_force_configure' from command line to 'False'
[0.548s] Level 5:colcon.colcon_core.verb:set package 'turtlebot3_fake_node' build argument 'ament_cmake_args' from command line to 'None'
[0.548s] Level 5:colcon.colcon_core.verb:set package 'turtlebot3_fake_node' build argument 'catkin_cmake_args' from command line to 'None'
[0.548s] Level 5:colcon.colcon_core.verb:set package 'turtlebot3_fake_node' build argument 'catkin_skip_building_tests' from command line to 'False'
[0.548s] DEBUG:colcon.colcon_core.verb:Building package 'turtlebot3_fake_node' with the following arguments: {'ament_cmake_args': None, 'build_base': '/home/yoko/turtlebot3_ws/build/turtlebot3_fake_node', 'catkin_cmake_args': None, 'catkin_skip_building_tests': False, 'cmake_args': None, 'cmake_clean_cache': False, 'cmake_clean_first': False, 'cmake_force_configure': False, 'cmake_target': None, 'cmake_target_skip_unavailable': False, 'install_base': '/home/yoko/turtlebot3_ws/install/turtlebot3_fake_node', 'merge_install': False, 'path': '/home/yoko/turtlebot3_ws/src/turtlebot3_simulations/turtlebot3_fake_node', 'symlink_install': True, 'test_result_base': None}
[0.552s] Level 5:colcon.colcon_core.verb:set package 'turtlebot3_gazebo' build argument 'cmake_args' from command line to 'None'
[0.552s] Level 5:colcon.colcon_core.verb:set package 'turtlebot3_gazebo' build argument 'cmake_target' from command line to 'None'
[0.552s] Level 5:colcon.colcon_core.verb:set package 'turtlebot3_gazebo' build argument 'cmake_target_skip_unavailable' from command line to 'False'
[0.552s] Level 5:colcon.colcon_core.verb:set package 'turtlebot3_gazebo' build argument 'cmake_clean_cache' from command line to 'False'
[0.553s] Level 5:colcon.colcon_core.verb:set package 'turtlebot3_gazebo' build argument 'cmake_clean_first' from command line to 'False'
[0.553s] Level 5:colcon.colcon_core.verb:set package 'turtlebot3_gazebo' build argument 'cmake_force_configure' from command line to 'False'
[0.553s] Level 5:colcon.colcon_core.verb:set package 'turtlebot3_gazebo' build argument 'ament_cmake_args' from command line to 'None'
[0.553s] Level 5:colcon.colcon_core.verb:set package 'turtlebot3_gazebo' build argument 'catkin_cmake_args' from command line to 'None'
[0.553s] Level 5:colcon.colcon_core.verb:set package 'turtlebot3_gazebo' build argument 'catkin_skip_building_tests' from command line to 'False'
[0.553s] DEBUG:colcon.colcon_core.verb:Building package 'turtlebot3_gazebo' with the following arguments: {'ament_cmake_args': None, 'build_base': '/home/yoko/turtlebot3_ws/build/turtlebot3_gazebo', 'catkin_cmake_args': None, 'catkin_skip_building_tests': False, 'cmake_args': None, 'cmake_clean_cache': False, 'cmake_clean_first': False, 'cmake_force_configure': False, 'cmake_target': None, 'cmake_target_skip_unavailable': False, 'install_base': '/home/yoko/turtlebot3_ws/install/turtlebot3_gazebo', 'merge_install': False, 'path': '/home/yoko/turtlebot3_ws/src/turtlebot3_simulations/turtlebot3_gazebo', 'symlink_install': True, 'test_result_base': None}
[0.557s] Level 5:colcon.colcon_core.verb:set package 'choirbot' build argument 'cmake_args' from command line to 'None'
[0.557s] Level 5:colcon.colcon_core.verb:set package 'choirbot' build argument 'cmake_target' from command line to 'None'
[0.557s] Level 5:colcon.colcon_core.verb:set package 'choirbot' build argument 'cmake_target_skip_unavailable' from command line to 'False'
[0.557s] Level 5:colcon.colcon_core.verb:set package 'choirbot' build argument 'cmake_clean_cache' from command line to 'False'
[0.557s] Level 5:colcon.colcon_core.verb:set package 'choirbot' build argument 'cmake_clean_first' from command line to 'False'
[0.557s] Level 5:colcon.colcon_core.verb:set package 'choirbot' build argument 'cmake_force_configure' from command line to 'False'
[0.557s] Level 5:colcon.colcon_core.verb:set package 'choirbot' build argument 'ament_cmake_args' from command line to 'None'
[0.557s] Level 5:colcon.colcon_core.verb:set package 'choirbot' build argument 'catkin_cmake_args' from command line to 'None'
[0.557s] Level 5:colcon.colcon_core.verb:set package 'choirbot' build argument 'catkin_skip_building_tests' from command line to 'False'
[0.557s] DEBUG:colcon.colcon_core.verb:Building package 'choirbot' with the following arguments: {'ament_cmake_args': None, 'build_base': '/home/yoko/turtlebot3_ws/build/choirbot', 'catkin_cmake_args': None, 'catkin_skip_building_tests': False, 'cmake_args': None, 'cmake_clean_cache': False, 'cmake_clean_first': False, 'cmake_force_configure': False, 'cmake_target': None, 'cmake_target_skip_unavailable': False, 'install_base': '/home/yoko/turtlebot3_ws/install/choirbot', 'merge_install': False, 'path': '/home/yoko/turtlebot3_ws/src/ChoiRbot/choirbot', 'symlink_install': True, 'test_result_base': None}
[0.561s] Level 5:colcon.colcon_core.verb:set package 'turtlebot3_simulations' build argument 'cmake_args' from command line to 'None'
[0.561s] Level 5:colcon.colcon_core.verb:set package 'turtlebot3_simulations' build argument 'cmake_target' from command line to 'None'
[0.561s] Level 5:colcon.colcon_core.verb:set package 'turtlebot3_simulations' build argument 'cmake_target_skip_unavailable' from command line to 'False'
[0.562s] Level 5:colcon.colcon_core.verb:set package 'turtlebot3_simulations' build argument 'cmake_clean_cache' from command line to 'False'
[0.562s] Level 5:colcon.colcon_core.verb:set package 'turtlebot3_simulations' build argument 'cmake_clean_first' from command line to 'False'
[0.562s] Level 5:colcon.colcon_core.verb:set package 'turtlebot3_simulations' build argument 'cmake_force_configure' from command line to 'False'
[0.562s] Level 5:colcon.colcon_core.verb:set package 'turtlebot3_simulations' build argument 'ament_cmake_args' from command line to 'None'
[0.562s] Level 5:colcon.colcon_core.verb:set package 'turtlebot3_simulations' build argument 'catkin_cmake_args' from command line to 'None'
[0.562s] Level 5:colcon.colcon_core.verb:set package 'turtlebot3_simulations' build argument 'catkin_skip_building_tests' from command line to 'False'
[0.562s] DEBUG:colcon.colcon_core.verb:Building package 'turtlebot3_simulations' with the following arguments: {'ament_cmake_args': None, 'build_base': '/home/yoko/turtlebot3_ws/build/turtlebot3_simulations', 'catkin_cmake_args': None, 'catkin_skip_building_tests': False, 'cmake_args': None, 'cmake_clean_cache': False, 'cmake_clean_first': False, 'cmake_force_configure': False, 'cmake_target': None, 'cmake_target_skip_unavailable': False, 'install_base': '/home/yoko/turtlebot3_ws/install/turtlebot3_simulations', 'merge_install': False, 'path': '/home/yoko/turtlebot3_ws/src/turtlebot3_simulations/turtlebot3_simulations', 'symlink_install': True, 'test_result_base': None}
[0.566s] Level 5:colcon.colcon_core.verb:set package 'choirbot_examples' build argument 'cmake_args' from command line to 'None'
[0.566s] Level 5:colcon.colcon_core.verb:set package 'choirbot_examples' build argument 'cmake_target' from command line to 'None'
[0.566s] Level 5:colcon.colcon_core.verb:set package 'choirbot_examples' build argument 'cmake_target_skip_unavailable' from command line to 'False'
[0.566s] Level 5:colcon.colcon_core.verb:set package 'choirbot_examples' build argument 'cmake_clean_cache' from command line to 'False'
[0.566s] Level 5:colcon.colcon_core.verb:set package 'choirbot_examples' build argument 'cmake_clean_first' from command line to 'False'
[0.566s] Level 5:colcon.colcon_core.verb:set package 'choirbot_examples' build argument 'cmake_force_configure' from command line to 'False'
[0.566s] Level 5:colcon.colcon_core.verb:set package 'choirbot_examples' build argument 'ament_cmake_args' from command line to 'None'
[0.566s] Level 5:colcon.colcon_core.verb:set package 'choirbot_examples' build argument 'catkin_cmake_args' from command line to 'None'
[0.566s] Level 5:colcon.colcon_core.verb:set package 'choirbot_examples' build argument 'catkin_skip_building_tests' from command line to 'False'
[0.566s] DEBUG:colcon.colcon_core.verb:Building package 'choirbot_examples' with the following arguments: {'ament_cmake_args': None, 'build_base': '/home/yoko/turtlebot3_ws/build/choirbot_examples', 'catkin_cmake_args': None, 'catkin_skip_building_tests': False, 'cmake_args': None, 'cmake_clean_cache': False, 'cmake_clean_first': False, 'cmake_force_configure': False, 'cmake_target': None, 'cmake_target_skip_unavailable': False, 'install_base': '/home/yoko/turtlebot3_ws/install/choirbot_examples', 'merge_install': False, 'path': '/home/yoko/turtlebot3_ws/src/ChoiRbot/choirbot_examples', 'symlink_install': True, 'test_result_base': None}
[0.567s] INFO:colcon.colcon_core.executor:Executing jobs using 'parallel' executor
[0.570s] DEBUG:colcon.colcon_parallel_executor.executor.parallel:run_until_complete
[0.570s] INFO:colcon.colcon_ros.task.ament_cmake.build:Building ROS package in '/home/yoko/turtlebot3_ws/src/ChoiRbot/choirbot_interfaces' with build type 'ament_cmake'
[0.570s] INFO:colcon.colcon_cmake.task.cmake.build:Building CMake package in '/home/yoko/turtlebot3_ws/src/ChoiRbot/choirbot_interfaces'
[0.576s] INFO:colcon.colcon_core.plugin_system:Skipping extension 'colcon_core.shell.bat': Not used on non-Windows systems
[0.576s] INFO:colcon.colcon_core.shell:Skip shell extension 'powershell' for command environment: Not usable outside of PowerShell
[0.576s] DEBUG:colcon.colcon_core.shell:Skip shell extension 'dsv' for command environment
[0.581s] DEBUG:colcon.colcon_core.shell:Ignoring prefix path '/opt/ros/foxy'
[0.584s] INFO:colcon.colcon_ros.task.ament_cmake.build:Building ROS package in '/home/yoko/turtlebot3_ws/src/turtlebot3_simulations/turtlebot3_fake_node' with build type 'ament_cmake'
[0.585s] INFO:colcon.colcon_cmake.task.cmake.build:Building CMake package in '/home/yoko/turtlebot3_ws/src/turtlebot3_simulations/turtlebot3_fake_node'
[0.587s] INFO:colcon.colcon_core.shell:Skip shell extension 'powershell' for command environment: Not usable outside of PowerShell
[0.587s] DEBUG:colcon.colcon_core.shell:Skip shell extension 'dsv' for command environment
[0.592s] DEBUG:colcon.colcon_core.shell:Ignoring prefix path '/opt/ros/foxy'
[0.596s] INFO:colcon.colcon_ros.task.ament_cmake.build:Building ROS package in '/home/yoko/turtlebot3_ws/src/turtlebot3_simulations/turtlebot3_gazebo' with build type 'ament_cmake'
[0.596s] INFO:colcon.colcon_cmake.task.cmake.build:Building CMake package in '/home/yoko/turtlebot3_ws/src/turtlebot3_simulations/turtlebot3_gazebo'
[0.598s] INFO:colcon.colcon_core.shell:Skip shell extension 'powershell' for command environment: Not usable outside of PowerShell
[0.598s] DEBUG:colcon.colcon_core.shell:Skip shell extension 'dsv' for command environment
[0.604s] DEBUG:colcon.colcon_core.shell:Ignoring prefix path '/opt/ros/foxy'
[0.624s] DEBUG:colcon.colcon_core.event_handler.log_command:Invoking command in '/home/yoko/turtlebot3_ws/build/choirbot_interfaces': CMAKE_PREFIX_PATH=${CMAKE_PREFIX_PATH}:/home/yoko/turtlebot3_ws/install/choirbot_examples:/home/yoko/turtlebot3_ws/install/choirbot:/opt/ros/foxy /usr/bin/cmake --build /home/yoko/turtlebot3_ws/build/choirbot_interfaces -- -j8 -l8
[0.641s] DEBUG:colcon.colcon_core.event_handler.log_command:Invoking command in '/home/yoko/turtlebot3_ws/build/turtlebot3_fake_node': CMAKE_PREFIX_PATH=${CMAKE_PREFIX_PATH}:/home/yoko/turtlebot3_ws/install/choirbot_examples:/home/yoko/turtlebot3_ws/install/choirbot:/opt/ros/foxy /usr/bin/cmake --build /home/yoko/turtlebot3_ws/build/turtlebot3_fake_node -- -j8 -l8
[0.665s] DEBUG:colcon.colcon_core.event_handler.log_command:Invoking command in '/home/yoko/turtlebot3_ws/build/turtlebot3_gazebo': CMAKE_PREFIX_PATH=${CMAKE_PREFIX_PATH}:/home/yoko/turtlebot3_ws/install/choirbot_examples:/home/yoko/turtlebot3_ws/install/choirbot:/opt/ros/foxy /usr/bin/cmake --build /home/yoko/turtlebot3_ws/build/turtlebot3_gazebo -- -j8 -l8
[0.778s] DEBUG:colcon.colcon_core.event_handler.log_command:Invoked command in '/home/yoko/turtlebot3_ws/build/turtlebot3_fake_node' returned '0': CMAKE_PREFIX_PATH=${CMAKE_PREFIX_PATH}:/home/yoko/turtlebot3_ws/install/choirbot_examples:/home/yoko/turtlebot3_ws/install/choirbot:/opt/ros/foxy /usr/bin/cmake --build /home/yoko/turtlebot3_ws/build/turtlebot3_fake_node -- -j8 -l8
[0.790s] DEBUG:colcon.colcon_core.event_handler.log_command:Invoked command in '/home/yoko/turtlebot3_ws/build/turtlebot3_gazebo' returned '0': CMAKE_PREFIX_PATH=${CMAKE_PREFIX_PATH}:/home/yoko/turtlebot3_ws/install/choirbot_examples:/home/yoko/turtlebot3_ws/install/choirbot:/opt/ros/foxy /usr/bin/cmake --build /home/yoko/turtlebot3_ws/build/turtlebot3_gazebo -- -j8 -l8
[0.826s] DEBUG:colcon.colcon_core.event_handler.log_command:Invoking command in '/home/yoko/turtlebot3_ws/build/turtlebot3_fake_node': CMAKE_PREFIX_PATH=${CMAKE_PREFIX_PATH}:/home/yoko/turtlebot3_ws/install/choirbot_examples:/home/yoko/turtlebot3_ws/install/choirbot:/opt/ros/foxy /usr/bin/cmake --install /home/yoko/turtlebot3_ws/build/turtlebot3_fake_node
[0.841s] DEBUG:colcon.colcon_core.event_handler.log_command:Invoking command in '/home/yoko/turtlebot3_ws/build/turtlebot3_gazebo': CMAKE_PREFIX_PATH=${CMAKE_PREFIX_PATH}:/home/yoko/turtlebot3_ws/install/choirbot_examples:/home/yoko/turtlebot3_ws/install/choirbot:/opt/ros/foxy /usr/bin/cmake --install /home/yoko/turtlebot3_ws/build/turtlebot3_gazebo
[0.871s] Level 1:colcon.colcon_core.environment:create_environment_scripts_only(turtlebot3_fake_node)
[0.874s] DEBUG:colcon.colcon_core.event_handler.log_command:Invoked command in '/home/yoko/turtlebot3_ws/build/turtlebot3_fake_node' returned '0': CMAKE_PREFIX_PATH=${CMAKE_PREFIX_PATH}:/home/yoko/turtlebot3_ws/install/choirbot_examples:/home/yoko/turtlebot3_ws/install/choirbot:/opt/ros/foxy /usr/bin/cmake --install /home/yoko/turtlebot3_ws/build/turtlebot3_fake_node
[0.886s] Level 1:colcon.colcon_core.environment:checking '/home/yoko/turtlebot3_ws/install/turtlebot3_fake_node' for CMake module files
[0.890s] Level 1:colcon.colcon_core.environment:checking '/home/yoko/turtlebot3_ws/install/turtlebot3_fake_node' for CMake config files
[0.894s] Level 1:colcon.colcon_core.shell:create_environment_hook('turtlebot3_fake_node', 'cmake_prefix_path')
[0.895s] INFO:colcon.colcon_core.shell:Creating environment hook '/home/yoko/turtlebot3_ws/install/turtlebot3_fake_node/share/turtlebot3_fake_node/hook/cmake_prefix_path.ps1'
[0.897s] INFO:colcon.colcon_core.shell:Creating environment descriptor '/home/yoko/turtlebot3_ws/install/turtlebot3_fake_node/share/turtlebot3_fake_node/hook/cmake_prefix_path.dsv'
[0.899s] INFO:colcon.colcon_core.shell:Creating environment hook '/home/yoko/turtlebot3_ws/install/turtlebot3_fake_node/share/turtlebot3_fake_node/hook/cmake_prefix_path.sh'
[0.902s] Level 1:colcon.colcon_core.environment:checking '/home/yoko/turtlebot3_ws/install/turtlebot3_fake_node/lib'
[0.903s] Level 1:colcon.colcon_core.environment:checking '/home/yoko/turtlebot3_ws/install/turtlebot3_fake_node/bin'
[0.903s] Level 1:colcon.colcon_core.environment:checking '/home/yoko/turtlebot3_ws/install/turtlebot3_fake_node/lib/pkgconfig/turtlebot3_fake_node.pc'
[0.903s] Level 1:colcon.colcon_core.environment:checking '/home/yoko/turtlebot3_ws/install/turtlebot3_fake_node/lib/python3.8/site-packages'
[0.904s] INFO:colcon.colcon_core.shell:Creating package script '/home/yoko/turtlebot3_ws/install/turtlebot3_fake_node/share/turtlebot3_fake_node/package.ps1'
[0.906s] INFO:colcon.colcon_core.shell:Creating package descriptor '/home/yoko/turtlebot3_ws/install/turtlebot3_fake_node/share/turtlebot3_fake_node/package.dsv'
[0.908s] INFO:colcon.colcon_core.shell:Creating package script '/home/yoko/turtlebot3_ws/install/turtlebot3_fake_node/share/turtlebot3_fake_node/package.sh'
[0.910s] INFO:colcon.colcon_core.shell:Creating package script '/home/yoko/turtlebot3_ws/install/turtlebot3_fake_node/share/turtlebot3_fake_node/package.bash'
[0.912s] INFO:colcon.colcon_core.shell:Creating package script '/home/yoko/turtlebot3_ws/install/turtlebot3_fake_node/share/turtlebot3_fake_node/package.zsh'
[0.913s] Level 1:colcon.colcon_core.environment:create_file_with_runtime_dependencies(/home/yoko/turtlebot3_ws/install/turtlebot3_fake_node/share/colcon-core/packages/turtlebot3_fake_node)
[0.922s] Level 1:colcon.colcon_core.environment:create_environment_scripts_only(turtlebot3_gazebo)
[0.924s] Level 1:colcon.colcon_core.environment:checking '/home/yoko/turtlebot3_ws/install/turtlebot3_gazebo' for CMake module files
[0.925s] DEBUG:colcon.colcon_core.event_handler.log_command:Invoked command in '/home/yoko/turtlebot3_ws/build/turtlebot3_gazebo' returned '0': CMAKE_PREFIX_PATH=${CMAKE_PREFIX_PATH}:/home/yoko/turtlebot3_ws/install/choirbot_examples:/home/yoko/turtlebot3_ws/install/choirbot:/opt/ros/foxy /usr/bin/cmake --install /home/yoko/turtlebot3_ws/build/turtlebot3_gazebo
[0.926s] Level 1:colcon.colcon_core.environment:checking '/home/yoko/turtlebot3_ws/install/turtlebot3_gazebo' for CMake config files
[0.926s] Level 1:colcon.colcon_core.shell:create_environment_hook('turtlebot3_gazebo', 'cmake_prefix_path')
[0.927s] INFO:colcon.colcon_core.shell:Creating environment hook '/home/yoko/turtlebot3_ws/install/turtlebot3_gazebo/share/turtlebot3_gazebo/hook/cmake_prefix_path.ps1'
[0.928s] INFO:colcon.colcon_core.shell:Creating environment descriptor '/home/yoko/turtlebot3_ws/install/turtlebot3_gazebo/share/turtlebot3_gazebo/hook/cmake_prefix_path.dsv'
[0.928s] INFO:colcon.colcon_core.shell:Creating environment hook '/home/yoko/turtlebot3_ws/install/turtlebot3_gazebo/share/turtlebot3_gazebo/hook/cmake_prefix_path.sh'
[0.929s] Level 1:colcon.colcon_core.environment:checking '/home/yoko/turtlebot3_ws/install/turtlebot3_gazebo/lib'
[0.929s] Level 1:colcon.colcon_core.environment:checking '/home/yoko/turtlebot3_ws/install/turtlebot3_gazebo/bin'
[0.929s] Level 1:colcon.colcon_core.environment:checking '/home/yoko/turtlebot3_ws/install/turtlebot3_gazebo/lib/pkgconfig/turtlebot3_gazebo.pc'
[0.929s] Level 1:colcon.colcon_core.environment:checking '/home/yoko/turtlebot3_ws/install/turtlebot3_gazebo/lib/python3.8/site-packages'
[0.930s] INFO:colcon.colcon_core.shell:Creating package script '/home/yoko/turtlebot3_ws/install/turtlebot3_gazebo/share/turtlebot3_gazebo/package.ps1'
[0.931s] INFO:colcon.colcon_core.shell:Creating package descriptor '/home/yoko/turtlebot3_ws/install/turtlebot3_gazebo/share/turtlebot3_gazebo/package.dsv'
[0.932s] INFO:colcon.colcon_core.shell:Creating package script '/home/yoko/turtlebot3_ws/install/turtlebot3_gazebo/share/turtlebot3_gazebo/package.sh'
[0.932s] INFO:colcon.colcon_core.shell:Creating package script '/home/yoko/turtlebot3_ws/install/turtlebot3_gazebo/share/turtlebot3_gazebo/package.bash'
[0.933s] INFO:colcon.colcon_core.shell:Creating package script '/home/yoko/turtlebot3_ws/install/turtlebot3_gazebo/share/turtlebot3_gazebo/package.zsh'
[0.934s] Level 1:colcon.colcon_core.environment:create_file_with_runtime_dependencies(/home/yoko/turtlebot3_ws/install/turtlebot3_gazebo/share/colcon-core/packages/turtlebot3_gazebo)
[0.949s] Level 1:colcon.colcon_core.environment:create_environment_scripts_only(turtlebot3_fake_node)
[0.951s] Level 1:colcon.colcon_core.environment:checking '/home/yoko/turtlebot3_ws/install/turtlebot3_fake_node' for CMake module files
[0.953s] Level 1:colcon.colcon_core.environment:checking '/home/yoko/turtlebot3_ws/install/turtlebot3_fake_node' for CMake config files
[0.954s] Level 1:colcon.colcon_core.shell:create_environment_hook('turtlebot3_fake_node', 'cmake_prefix_path')
[0.956s] INFO:colcon.colcon_core.shell:Creating environment hook '/home/yoko/turtlebot3_ws/install/turtlebot3_fake_node/share/turtlebot3_fake_node/hook/cmake_prefix_path.ps1'
[0.957s] INFO:colcon.colcon_core.shell:Creating environment descriptor '/home/yoko/turtlebot3_ws/install/turtlebot3_fake_node/share/turtlebot3_fake_node/hook/cmake_prefix_path.dsv'
[0.958s] INFO:colcon.colcon_core.shell:Creating environment hook '/home/yoko/turtlebot3_ws/install/turtlebot3_fake_node/share/turtlebot3_fake_node/hook/cmake_prefix_path.sh'
[0.959s] Level 1:colcon.colcon_core.environment:checking '/home/yoko/turtlebot3_ws/install/turtlebot3_fake_node/lib'
[0.959s] Level 1:colcon.colcon_core.environment:checking '/home/yoko/turtlebot3_ws/install/turtlebot3_fake_node/bin'
[0.959s] Level 1:colcon.colcon_core.environment:checking '/home/yoko/turtlebot3_ws/install/turtlebot3_fake_node/lib/pkgconfig/turtlebot3_fake_node.pc'
[0.960s] Level 1:colcon.colcon_core.environment:checking '/home/yoko/turtlebot3_ws/install/turtlebot3_fake_node/lib/python3.8/site-packages'
[0.961s] INFO:colcon.colcon_core.shell:Creating package script '/home/yoko/turtlebot3_ws/install/turtlebot3_fake_node/share/turtlebot3_fake_node/package.ps1'
[0.962s] INFO:colcon.colcon_core.shell:Creating package descriptor '/home/yoko/turtlebot3_ws/install/turtlebot3_fake_node/share/turtlebot3_fake_node/package.dsv'
[0.963s] INFO:colcon.colcon_core.shell:Creating package script '/home/yoko/turtlebot3_ws/install/turtlebot3_fake_node/share/turtlebot3_fake_node/package.sh'
[0.964s] INFO:colcon.colcon_core.shell:Creating package script '/home/yoko/turtlebot3_ws/install/turtlebot3_fake_node/share/turtlebot3_fake_node/package.bash'
[0.965s] INFO:colcon.colcon_core.shell:Creating package script '/home/yoko/turtlebot3_ws/install/turtlebot3_fake_node/share/turtlebot3_fake_node/package.zsh'
[0.965s] Level 1:colcon.colcon_core.environment:create_file_with_runtime_dependencies(/home/yoko/turtlebot3_ws/install/turtlebot3_fake_node/share/colcon-core/packages/turtlebot3_fake_node)
[0.978s] Level 1:colcon.colcon_core.environment:create_environment_scripts_only(turtlebot3_gazebo)
[0.980s] Level 1:colcon.colcon_core.environment:checking '/home/yoko/turtlebot3_ws/install/turtlebot3_gazebo' for CMake module files
[0.982s] Level 1:colcon.colcon_core.environment:checking '/home/yoko/turtlebot3_ws/install/turtlebot3_gazebo' for CMake config files
[0.983s] Level 1:colcon.colcon_core.shell:create_environment_hook('turtlebot3_gazebo', 'cmake_prefix_path')
[0.984s] INFO:colcon.colcon_core.shell:Creating environment hook '/home/yoko/turtlebot3_ws/install/turtlebot3_gazebo/share/turtlebot3_gazebo/hook/cmake_prefix_path.ps1'
[0.985s] INFO:colcon.colcon_core.shell:Creating environment descriptor '/home/yoko/turtlebot3_ws/install/turtlebot3_gazebo/share/turtlebot3_gazebo/hook/cmake_prefix_path.dsv'
[0.985s] INFO:colcon.colcon_core.shell:Creating environment hook '/home/yoko/turtlebot3_ws/install/turtlebot3_gazebo/share/turtlebot3_gazebo/hook/cmake_prefix_path.sh'
[0.996s] Level 1:colcon.colcon_core.environment:checking '/home/yoko/turtlebot3_ws/install/turtlebot3_gazebo/lib'
[0.996s] Level 1:colcon.colcon_core.environment:checking '/home/yoko/turtlebot3_ws/install/turtlebot3_gazebo/bin'
[0.996s] Level 1:colcon.colcon_core.environment:checking '/home/yoko/turtlebot3_ws/install/turtlebot3_gazebo/lib/pkgconfig/turtlebot3_gazebo.pc'
[0.996s] Level 1:colcon.colcon_core.environment:checking '/home/yoko/turtlebot3_ws/install/turtlebot3_gazebo/lib/python3.8/site-packages'
[0.997s] INFO:colcon.colcon_core.shell:Creating package script '/home/yoko/turtlebot3_ws/install/turtlebot3_gazebo/share/turtlebot3_gazebo/package.ps1'
[0.998s] INFO:colcon.colcon_core.shell:Creating package descriptor '/home/yoko/turtlebot3_ws/install/turtlebot3_gazebo/share/turtlebot3_gazebo/package.dsv'
[0.999s] INFO:colcon.colcon_core.shell:Creating package script '/home/yoko/turtlebot3_ws/install/turtlebot3_gazebo/share/turtlebot3_gazebo/package.sh'
[1.000s] INFO:colcon.colcon_core.shell:Creating package script '/home/yoko/turtlebot3_ws/install/turtlebot3_gazebo/share/turtlebot3_gazebo/package.bash'
[1.000s] INFO:colcon.colcon_core.shell:Creating package script '/home/yoko/turtlebot3_ws/install/turtlebot3_gazebo/share/turtlebot3_gazebo/package.zsh'
[1.001s] Level 1:colcon.colcon_core.environment:create_file_with_runtime_dependencies(/home/yoko/turtlebot3_ws/install/turtlebot3_gazebo/share/colcon-core/packages/turtlebot3_gazebo)
[1.001s] INFO:colcon.colcon_ros.task.ament_cmake.build:Building ROS package in '/home/yoko/turtlebot3_ws/src/turtlebot3_simulations/turtlebot3_simulations' with build type 'ament_cmake'
[1.001s] INFO:colcon.colcon_cmake.task.cmake.build:Building CMake package in '/home/yoko/turtlebot3_ws/src/turtlebot3_simulations/turtlebot3_simulations'
[1.002s] INFO:colcon.colcon_core.shell:Skip shell extension 'powershell' for command environment: Not usable outside of PowerShell
[1.002s] DEBUG:colcon.colcon_core.shell:Skip shell extension 'dsv' for command environment
[1.007s] DEBUG:colcon.colcon_core.shell:Ignoring prefix path '/opt/ros/foxy'
[1.017s] DEBUG:colcon.colcon_core.event_handler.log_command:Invoked command in '/home/yoko/turtlebot3_ws/build/choirbot_interfaces' returned '0': CMAKE_PREFIX_PATH=${CMAKE_PREFIX_PATH}:/home/yoko/turtlebot3_ws/install/choirbot_examples:/home/yoko/turtlebot3_ws/install/choirbot:/opt/ros/foxy /usr/bin/cmake --build /home/yoko/turtlebot3_ws/build/choirbot_interfaces -- -j8 -l8
[1.025s] DEBUG:colcon.colcon_core.event_handler.log_command:Invoking command in '/home/yoko/turtlebot3_ws/build/turtlebot3_simulations': CMAKE_PREFIX_PATH=/home/yoko/turtlebot3_ws/install/turtlebot3_gazebo:/home/yoko/turtlebot3_ws/install/turtlebot3_fake_node:/home/yoko/turtlebot3_ws/install/choirbot_interfaces:/home/yoko/turtlebot3_ws/install/turtlebot3_simulations:/home/yoko/turtlebot3_ws/install/choirbot_examples:/home/yoko/turtlebot3_ws/install/choirbot:/opt/ros/foxy /usr/bin/cmake --build /home/yoko/turtlebot3_ws/build/turtlebot3_simulations -- -j8 -l8
[1.096s] DEBUG:colcon.colcon_core.event_handler.log_command:Invoked command in '/home/yoko/turtlebot3_ws/build/turtlebot3_simulations' returned '0': CMAKE_PREFIX_PATH=/home/yoko/turtlebot3_ws/install/turtlebot3_gazebo:/home/yoko/turtlebot3_ws/install/turtlebot3_fake_node:/home/yoko/turtlebot3_ws/install/choirbot_interfaces:/home/yoko/turtlebot3_ws/install/turtlebot3_simulations:/home/yoko/turtlebot3_ws/install/choirbot_examples:/home/yoko/turtlebot3_ws/install/choirbot:/opt/ros/foxy /usr/bin/cmake --build /home/yoko/turtlebot3_ws/build/turtlebot3_simulations -- -j8 -l8
[1.138s] DEBUG:colcon.colcon_core.event_handler.log_command:Invoking command in '/home/yoko/turtlebot3_ws/build/turtlebot3_simulations': CMAKE_PREFIX_PATH=/home/yoko/turtlebot3_ws/install/turtlebot3_gazebo:/home/yoko/turtlebot3_ws/install/turtlebot3_fake_node:/home/yoko/turtlebot3_ws/install/choirbot_interfaces:/home/yoko/turtlebot3_ws/install/turtlebot3_simulations:/home/yoko/turtlebot3_ws/install/choirbot_examples:/home/yoko/turtlebot3_ws/install/choirbot:/opt/ros/foxy /usr/bin/cmake --install /home/yoko/turtlebot3_ws/build/turtlebot3_simulations
[1.182s] DEBUG:colcon.colcon_core.event_handler.log_command:Invoking command in '/home/yoko/turtlebot3_ws/build/choirbot_interfaces': CMAKE_PREFIX_PATH=${CMAKE_PREFIX_PATH}:/home/yoko/turtlebot3_ws/install/choirbot_examples:/home/yoko/turtlebot3_ws/install/choirbot:/opt/ros/foxy /usr/bin/cmake --install /home/yoko/turtlebot3_ws/build/choirbot_interfaces
[1.184s] Level 1:colcon.colcon_core.environment:create_environment_scripts_only(turtlebot3_simulations)
[1.187s] Level 1:colcon.colcon_core.environment:checking '/home/yoko/turtlebot3_ws/install/turtlebot3_simulations' for CMake module files
[1.188s] DEBUG:colcon.colcon_core.event_handler.log_command:Invoked command in '/home/yoko/turtlebot3_ws/build/turtlebot3_simulations' returned '0': CMAKE_PREFIX_PATH=/home/yoko/turtlebot3_ws/install/turtlebot3_gazebo:/home/yoko/turtlebot3_ws/install/turtlebot3_fake_node:/home/yoko/turtlebot3_ws/install/choirbot_interfaces:/home/yoko/turtlebot3_ws/install/turtlebot3_simulations:/home/yoko/turtlebot3_ws/install/choirbot_examples:/home/yoko/turtlebot3_ws/install/choirbot:/opt/ros/foxy /usr/bin/cmake --install /home/yoko/turtlebot3_ws/build/turtlebot3_simulations
[1.189s] Level 1:colcon.colcon_core.environment:checking '/home/yoko/turtlebot3_ws/install/turtlebot3_simulations' for CMake config files
[1.189s] Level 1:colcon.colcon_core.shell:create_environment_hook('turtlebot3_simulations', 'cmake_prefix_path')
[1.191s] INFO:colcon.colcon_core.shell:Creating environment hook '/home/yoko/turtlebot3_ws/install/turtlebot3_simulations/share/turtlebot3_simulations/hook/cmake_prefix_path.ps1'
[1.192s] INFO:colcon.colcon_core.shell:Creating environment descriptor '/home/yoko/turtlebot3_ws/install/turtlebot3_simulations/share/turtlebot3_simulations/hook/cmake_prefix_path.dsv'
[1.192s] INFO:colcon.colcon_core.shell:Creating environment hook '/home/yoko/turtlebot3_ws/install/turtlebot3_simulations/share/turtlebot3_simulations/hook/cmake_prefix_path.sh'
[1.193s] Level 1:colcon.colcon_core.environment:checking '/home/yoko/turtlebot3_ws/install/turtlebot3_simulations/bin'
[1.193s] Level 1:colcon.colcon_core.environment:checking '/home/yoko/turtlebot3_ws/install/turtlebot3_simulations/lib/pkgconfig/turtlebot3_simulations.pc'
[1.193s] Level 1:colcon.colcon_core.environment:checking '/home/yoko/turtlebot3_ws/install/turtlebot3_simulations/lib/python3.8/site-packages'
[1.195s] INFO:colcon.colcon_core.shell:Creating package script '/home/yoko/turtlebot3_ws/install/turtlebot3_simulations/share/turtlebot3_simulations/package.ps1'
[1.196s] INFO:colcon.colcon_core.shell:Creating package descriptor '/home/yoko/turtlebot3_ws/install/turtlebot3_simulations/share/turtlebot3_simulations/package.dsv'
[1.197s] INFO:colcon.colcon_core.shell:Creating package script '/home/yoko/turtlebot3_ws/install/turtlebot3_simulations/share/turtlebot3_simulations/package.sh'
[1.200s] INFO:colcon.colcon_core.shell:Creating package script '/home/yoko/turtlebot3_ws/install/turtlebot3_simulations/share/turtlebot3_simulations/package.bash'
[1.202s] INFO:colcon.colcon_core.shell:Creating package script '/home/yoko/turtlebot3_ws/install/turtlebot3_simulations/share/turtlebot3_simulations/package.zsh'
[1.203s] Level 1:colcon.colcon_core.environment:create_file_with_runtime_dependencies(/home/yoko/turtlebot3_ws/install/turtlebot3_simulations/share/colcon-core/packages/turtlebot3_simulations)
[1.240s] Level 1:colcon.colcon_core.environment:create_environment_scripts_only(turtlebot3_simulations)
[1.244s] Level 1:colcon.colcon_core.environment:checking '/home/yoko/turtlebot3_ws/install/turtlebot3_simulations' for CMake module files
[1.246s] Level 1:colcon.colcon_core.environment:checking '/home/yoko/turtlebot3_ws/install/turtlebot3_simulations' for CMake config files
[1.247s] Level 1:colcon.colcon_core.shell:create_environment_hook('turtlebot3_simulations', 'cmake_prefix_path')
[1.249s] INFO:colcon.colcon_core.shell:Creating environment hook '/home/yoko/turtlebot3_ws/install/turtlebot3_simulations/share/turtlebot3_simulations/hook/cmake_prefix_path.ps1'
[1.250s] INFO:colcon.colcon_core.shell:Creating environment descriptor '/home/yoko/turtlebot3_ws/install/turtlebot3_simulations/share/turtlebot3_simulations/hook/cmake_prefix_path.dsv'
[1.251s] INFO:colcon.colcon_core.shell:Creating environment hook '/home/yoko/turtlebot3_ws/install/turtlebot3_simulations/share/turtlebot3_simulations/hook/cmake_prefix_path.sh'
[1.253s] Level 1:colcon.colcon_core.environment:checking '/home/yoko/turtlebot3_ws/install/turtlebot3_simulations/bin'
[1.253s] Level 1:colcon.colcon_core.environment:checking '/home/yoko/turtlebot3_ws/install/turtlebot3_simulations/lib/pkgconfig/turtlebot3_simulations.pc'
[1.253s] Level 1:colcon.colcon_core.environment:checking '/home/yoko/turtlebot3_ws/install/turtlebot3_simulations/lib/python3.8/site-packages'
[1.254s] INFO:colcon.colcon_core.shell:Creating package script '/home/yoko/turtlebot3_ws/install/turtlebot3_simulations/share/turtlebot3_simulations/package.ps1'
[1.255s] INFO:colcon.colcon_core.shell:Creating package descriptor '/home/yoko/turtlebot3_ws/install/turtlebot3_simulations/share/turtlebot3_simulations/package.dsv'
[1.256s] INFO:colcon.colcon_core.shell:Creating package script '/home/yoko/turtlebot3_ws/install/turtlebot3_simulations/share/turtlebot3_simulations/package.sh'
[1.257s] INFO:colcon.colcon_core.shell:Creating package script '/home/yoko/turtlebot3_ws/install/turtlebot3_simulations/share/turtlebot3_simulations/package.bash'
[1.258s] INFO:colcon.colcon_core.shell:Creating package script '/home/yoko/turtlebot3_ws/install/turtlebot3_simulations/share/turtlebot3_simulations/package.zsh'
[1.258s] Level 1:colcon.colcon_core.environment:create_file_with_runtime_dependencies(/home/yoko/turtlebot3_ws/install/turtlebot3_simulations/share/colcon-core/packages/turtlebot3_simulations)
[1.463s] Level 1:colcon.colcon_core.environment:create_environment_scripts_only(choirbot_interfaces)
[1.466s] Level 1:colcon.colcon_core.environment:checking '/home/yoko/turtlebot3_ws/install/choirbot_interfaces' for CMake module files
[1.467s] DEBUG:colcon.colcon_core.event_handler.log_command:Invoked command in '/home/yoko/turtlebot3_ws/build/choirbot_interfaces' returned '0': CMAKE_PREFIX_PATH=${CMAKE_PREFIX_PATH}:/home/yoko/turtlebot3_ws/install/choirbot_examples:/home/yoko/turtlebot3_ws/install/choirbot:/opt/ros/foxy /usr/bin/cmake --install /home/yoko/turtlebot3_ws/build/choirbot_interfaces
[1.469s] Level 1:colcon.colcon_core.environment:checking '/home/yoko/turtlebot3_ws/install/choirbot_interfaces' for CMake config files
[1.471s] Level 1:colcon.colcon_core.shell:create_environment_hook('choirbot_interfaces', 'cmake_prefix_path')
[1.472s] INFO:colcon.colcon_core.shell:Creating environment hook '/home/yoko/turtlebot3_ws/install/choirbot_interfaces/share/choirbot_interfaces/hook/cmake_prefix_path.ps1'
[1.473s] INFO:colcon.colcon_core.shell:Creating environment descriptor '/home/yoko/turtlebot3_ws/install/choirbot_interfaces/share/choirbot_interfaces/hook/cmake_prefix_path.dsv'
[1.473s] INFO:colcon.colcon_core.shell:Creating environment hook '/home/yoko/turtlebot3_ws/install/choirbot_interfaces/share/choirbot_interfaces/hook/cmake_prefix_path.sh'
[1.474s] Level 1:colcon.colcon_core.environment:checking '/home/yoko/turtlebot3_ws/install/choirbot_interfaces/lib'
[1.474s] Level 1:colcon.colcon_core.shell:create_environment_hook('choirbot_interfaces', 'ld_library_path_lib')
[1.475s] INFO:colcon.colcon_core.shell:Creating environment hook '/home/yoko/turtlebot3_ws/install/choirbot_interfaces/share/choirbot_interfaces/hook/ld_library_path_lib.ps1'
[1.475s] INFO:colcon.colcon_core.shell:Creating environment descriptor '/home/yoko/turtlebot3_ws/install/choirbot_interfaces/share/choirbot_interfaces/hook/ld_library_path_lib.dsv'
[1.476s] INFO:colcon.colcon_core.shell:Creating environment hook '/home/yoko/turtlebot3_ws/install/choirbot_interfaces/share/choirbot_interfaces/hook/ld_library_path_lib.sh'
[1.476s] Level 1:colcon.colcon_core.environment:checking '/home/yoko/turtlebot3_ws/install/choirbot_interfaces/bin'
[1.477s] Level 1:colcon.colcon_core.environment:checking '/home/yoko/turtlebot3_ws/install/choirbot_interfaces/lib/pkgconfig/choirbot_interfaces.pc'
[1.477s] Level 1:colcon.colcon_core.environment:checking '/home/yoko/turtlebot3_ws/install/choirbot_interfaces/lib/python3.8/site-packages'
[1.477s] Level 1:colcon.colcon_core.shell:create_environment_hook('choirbot_interfaces', 'pythonpath')
[1.478s] INFO:colcon.colcon_core.shell:Creating environment hook '/home/yoko/turtlebot3_ws/install/choirbot_interfaces/share/choirbot_interfaces/hook/pythonpath.ps1'
[1.478s] INFO:colcon.colcon_core.shell:Creating environment descriptor '/home/yoko/turtlebot3_ws/install/choirbot_interfaces/share/choirbot_interfaces/hook/pythonpath.dsv'
[1.479s] INFO:colcon.colcon_core.shell:Creating environment hook '/home/yoko/turtlebot3_ws/install/choirbot_interfaces/share/choirbot_interfaces/hook/pythonpath.sh'
[1.480s] INFO:colcon.colcon_core.shell:Creating package script '/home/yoko/turtlebot3_ws/install/choirbot_interfaces/share/choirbot_interfaces/package.ps1'
[1.481s] INFO:colcon.colcon_core.shell:Creating package descriptor '/home/yoko/turtlebot3_ws/install/choirbot_interfaces/share/choirbot_interfaces/package.dsv'
[1.482s] INFO:colcon.colcon_core.shell:Creating package script '/home/yoko/turtlebot3_ws/install/choirbot_interfaces/share/choirbot_interfaces/package.sh'
[1.482s] INFO:colcon.colcon_core.shell:Creating package script '/home/yoko/turtlebot3_ws/install/choirbot_interfaces/share/choirbot_interfaces/package.bash'
[1.483s] INFO:colcon.colcon_core.shell:Creating package script '/home/yoko/turtlebot3_ws/install/choirbot_interfaces/share/choirbot_interfaces/package.zsh'
[1.483s] Level 1:colcon.colcon_core.environment:create_file_with_runtime_dependencies(/home/yoko/turtlebot3_ws/install/choirbot_interfaces/share/colcon-core/packages/choirbot_interfaces)
[1.666s] Level 1:colcon.colcon_core.environment:create_environment_scripts_only(choirbot_interfaces)
[1.669s] Level 1:colcon.colcon_core.environment:checking '/home/yoko/turtlebot3_ws/install/choirbot_interfaces' for CMake module files
[1.671s] Level 1:colcon.colcon_core.environment:checking '/home/yoko/turtlebot3_ws/install/choirbot_interfaces' for CMake config files
[1.675s] Level 1:colcon.colcon_core.shell:create_environment_hook('choirbot_interfaces', 'cmake_prefix_path')
[1.677s] INFO:colcon.colcon_core.shell:Creating environment hook '/home/yoko/turtlebot3_ws/install/choirbot_interfaces/share/choirbot_interfaces/hook/cmake_prefix_path.ps1'
[1.677s] INFO:colcon.colcon_core.shell:Creating environment descriptor '/home/yoko/turtlebot3_ws/install/choirbot_interfaces/share/choirbot_interfaces/hook/cmake_prefix_path.dsv'
[1.678s] INFO:colcon.colcon_core.shell:Creating environment hook '/home/yoko/turtlebot3_ws/install/choirbot_interfaces/share/choirbot_interfaces/hook/cmake_prefix_path.sh'
[1.678s] Level 1:colcon.colcon_core.environment:checking '/home/yoko/turtlebot3_ws/install/choirbot_interfaces/lib'
[1.678s] Level 1:colcon.colcon_core.shell:create_environment_hook('choirbot_interfaces', 'ld_library_path_lib')
[1.679s] INFO:colcon.colcon_core.shell:Creating environment hook '/home/yoko/turtlebot3_ws/install/choirbot_interfaces/share/choirbot_interfaces/hook/ld_library_path_lib.ps1'
[1.680s] INFO:colcon.colcon_core.shell:Creating environment descriptor '/home/yoko/turtlebot3_ws/install/choirbot_interfaces/share/choirbot_interfaces/hook/ld_library_path_lib.dsv'
[1.680s] INFO:colcon.colcon_core.shell:Creating environment hook '/home/yoko/turtlebot3_ws/install/choirbot_interfaces/share/choirbot_interfaces/hook/ld_library_path_lib.sh'
[1.681s] Level 1:colcon.colcon_core.environment:checking '/home/yoko/turtlebot3_ws/install/choirbot_interfaces/bin'
[1.681s] Level 1:colcon.colcon_core.environment:checking '/home/yoko/turtlebot3_ws/install/choirbot_interfaces/lib/pkgconfig/choirbot_interfaces.pc'
[1.681s] Level 1:colcon.colcon_core.environment:checking '/home/yoko/turtlebot3_ws/install/choirbot_interfaces/lib/python3.8/site-packages'
[1.681s] Level 1:colcon.colcon_core.shell:create_environment_hook('choirbot_interfaces', 'pythonpath')
[1.681s] INFO:colcon.colcon_core.shell:Creating environment hook '/home/yoko/turtlebot3_ws/install/choirbot_interfaces/share/choirbot_interfaces/hook/pythonpath.ps1'
[1.682s] INFO:colcon.colcon_core.shell:Creating environment descriptor '/home/yoko/turtlebot3_ws/install/choirbot_interfaces/share/choirbot_interfaces/hook/pythonpath.dsv'
[1.682s] INFO:colcon.colcon_core.shell:Creating environment hook '/home/yoko/turtlebot3_ws/install/choirbot_interfaces/share/choirbot_interfaces/hook/pythonpath.sh'
[1.684s] INFO:colcon.colcon_core.shell:Creating package script '/home/yoko/turtlebot3_ws/install/choirbot_interfaces/share/choirbot_interfaces/package.ps1'
[1.685s] INFO:colcon.colcon_core.shell:Creating package descriptor '/home/yoko/turtlebot3_ws/install/choirbot_interfaces/share/choirbot_interfaces/package.dsv'
[1.685s] INFO:colcon.colcon_core.shell:Creating package script '/home/yoko/turtlebot3_ws/install/choirbot_interfaces/share/choirbot_interfaces/package.sh'
[1.686s] INFO:colcon.colcon_core.shell:Creating package script '/home/yoko/turtlebot3_ws/install/choirbot_interfaces/share/choirbot_interfaces/package.bash'
[1.687s] INFO:colcon.colcon_core.shell:Creating package script '/home/yoko/turtlebot3_ws/install/choirbot_interfaces/share/choirbot_interfaces/package.zsh'
[1.687s] Level 1:colcon.colcon_core.environment:create_file_with_runtime_dependencies(/home/yoko/turtlebot3_ws/install/choirbot_interfaces/share/colcon-core/packages/choirbot_interfaces)
[1.687s] INFO:colcon.colcon_ros.task.ament_python.build:Building ROS package in '/home/yoko/turtlebot3_ws/src/ChoiRbot/choirbot' with build type 'ament_python'
[1.688s] Level 1:colcon.colcon_core.shell:create_environment_hook('choirbot', 'ament_prefix_path')
[1.689s] INFO:colcon.colcon_core.shell:Creating environment hook '/home/yoko/turtlebot3_ws/install/choirbot/share/choirbot/hook/ament_prefix_path.ps1'
[1.690s] INFO:colcon.colcon_core.shell:Creating environment descriptor '/home/yoko/turtlebot3_ws/install/choirbot/share/choirbot/hook/ament_prefix_path.dsv'
[1.690s] INFO:colcon.colcon_core.shell:Creating environment hook '/home/yoko/turtlebot3_ws/install/choirbot/share/choirbot/hook/ament_prefix_path.sh'
[1.691s] INFO:colcon.colcon_core.shell:Skip shell extension 'powershell' for command environment: Not usable outside of PowerShell
[1.691s] DEBUG:colcon.colcon_core.shell:Skip shell extension 'dsv' for command environment
[1.695s] DEBUG:colcon.colcon_core.shell:Ignoring prefix path '/opt/ros/foxy'
[2.069s] INFO:colcon.colcon_core.task.python.build:Building Python package in '/home/yoko/turtlebot3_ws/src/ChoiRbot/choirbot'
[2.072s] INFO:colcon.colcon_core.shell:Skip shell extension 'powershell' for command environment: Not usable outside of PowerShell
[2.072s] DEBUG:colcon.colcon_core.shell:Skip shell extension 'dsv' for command environment
[2.080s] DEBUG:colcon.colcon_core.shell:Ignoring prefix path '/opt/ros/foxy'
[2.100s] DEBUG:colcon.colcon_core.event_handler.log_command:Invoking command in '/home/yoko/turtlebot3_ws/build/choirbot': PYTHONPATH=/home/yoko/turtlebot3_ws/install/choirbot/lib/python3.8/site-packages:/home/yoko/turtlebot3_ws/install/choirbot_interfaces/lib/python3.8/site-packages:/home/yoko/turtlebot3_ws/build/choirbot_examples:/home/yoko/turtlebot3_ws/install/choirbot_examples/lib/python3.8/site-packages:/home/yoko/turtlebot3_ws/build/choirbot:/home/yoko/turtlebot3_ws/install/choirbot/lib/python3.8/site-packages:/opt/ros/foxy/lib/python3.8/site-packages /usr/bin/python3 setup.py develop --prefix /home/yoko/turtlebot3_ws/install/choirbot --editable --build-directory /home/yoko/turtlebot3_ws/build/choirbot/build --no-deps install_data --install-dir /home/yoko/turtlebot3_ws/install/choirbot
[2.903s] Level 1:colcon.colcon_core.shell:create_environment_hook('choirbot', 'pythonpath_develop')
[2.904s] INFO:colcon.colcon_core.shell:Creating environment hook '/home/yoko/turtlebot3_ws/build/choirbot/share/choirbot/hook/pythonpath_develop.ps1'
[2.905s] DEBUG:colcon.colcon_core.event_handler.log_command:Invoked command in '/home/yoko/turtlebot3_ws/build/choirbot' returned '0': PYTHONPATH=/home/yoko/turtlebot3_ws/install/choirbot/lib/python3.8/site-packages:/home/yoko/turtlebot3_ws/install/choirbot_interfaces/lib/python3.8/site-packages:/home/yoko/turtlebot3_ws/build/choirbot_examples:/home/yoko/turtlebot3_ws/install/choirbot_examples/lib/python3.8/site-packages:/home/yoko/turtlebot3_ws/build/choirbot:/home/yoko/turtlebot3_ws/install/choirbot/lib/python3.8/site-packages:/opt/ros/foxy/lib/python3.8/site-packages /usr/bin/python3 setup.py develop --prefix /home/yoko/turtlebot3_ws/install/choirbot --editable --build-directory /home/yoko/turtlebot3_ws/build/choirbot/build --no-deps install_data --install-dir /home/yoko/turtlebot3_ws/install/choirbot
[2.905s] INFO:colcon.colcon_core.shell:Creating environment descriptor '/home/yoko/turtlebot3_ws/build/choirbot/share/choirbot/hook/pythonpath_develop.dsv'
[2.906s] INFO:colcon.colcon_core.shell:Creating environment hook '/home/yoko/turtlebot3_ws/build/choirbot/share/choirbot/hook/pythonpath_develop.sh'
[2.908s] Level 1:colcon.colcon_core.environment:checking '/home/yoko/turtlebot3_ws/install/choirbot' for CMake module files
[2.909s] Level 1:colcon.colcon_core.environment:checking '/home/yoko/turtlebot3_ws/install/choirbot' for CMake config files
[2.911s] Level 1:colcon.colcon_core.environment:checking '/home/yoko/turtlebot3_ws/install/choirbot/lib'
[2.911s] Level 1:colcon.colcon_core.environment:checking '/home/yoko/turtlebot3_ws/install/choirbot/bin'
[2.911s] Level 1:colcon.colcon_core.environment:checking '/home/yoko/turtlebot3_ws/install/choirbot/lib/pkgconfig/choirbot.pc'
[2.911s] Level 1:colcon.colcon_core.environment:checking '/home/yoko/turtlebot3_ws/install/choirbot/lib/python3.8/site-packages'
[2.911s] Level 1:colcon.colcon_core.shell:create_environment_hook('choirbot', 'pythonpath')
[2.913s] INFO:colcon.colcon_core.shell:Creating environment hook '/home/yoko/turtlebot3_ws/install/choirbot/share/choirbot/hook/pythonpath.ps1'
[2.914s] INFO:colcon.colcon_core.shell:Creating environment descriptor '/home/yoko/turtlebot3_ws/install/choirbot/share/choirbot/hook/pythonpath.dsv'
[2.914s] INFO:colcon.colcon_core.shell:Creating environment hook '/home/yoko/turtlebot3_ws/install/choirbot/share/choirbot/hook/pythonpath.sh'
[2.915s] Level 1:colcon.colcon_core.environment:create_environment_scripts_only(choirbot)
[2.917s] INFO:colcon.colcon_core.shell:Creating package script '/home/yoko/turtlebot3_ws/install/choirbot/share/choirbot/package.ps1'
[2.918s] INFO:colcon.colcon_core.shell:Creating package descriptor '/home/yoko/turtlebot3_ws/install/choirbot/share/choirbot/package.dsv'
[2.919s] INFO:colcon.colcon_core.shell:Creating package script '/home/yoko/turtlebot3_ws/install/choirbot/share/choirbot/package.sh'
[2.919s] INFO:colcon.colcon_core.shell:Creating package script '/home/yoko/turtlebot3_ws/install/choirbot/share/choirbot/package.bash'
[2.920s] INFO:colcon.colcon_core.shell:Creating package script '/home/yoko/turtlebot3_ws/install/choirbot/share/choirbot/package.zsh'
[2.920s] Level 1:colcon.colcon_core.environment:create_file_with_runtime_dependencies(/home/yoko/turtlebot3_ws/install/choirbot/share/colcon-core/packages/choirbot)
[2.921s] INFO:colcon.colcon_ros.task.ament_python.build:Building ROS package in '/home/yoko/turtlebot3_ws/src/ChoiRbot/choirbot_examples' with build type 'ament_python'
[2.921s] Level 1:colcon.colcon_core.shell:create_environment_hook('choirbot_examples', 'ament_prefix_path')
[2.922s] INFO:colcon.colcon_core.shell:Creating environment hook '/home/yoko/turtlebot3_ws/install/choirbot_examples/share/choirbot_examples/hook/ament_prefix_path.ps1'
[2.923s] INFO:colcon.colcon_core.shell:Creating environment descriptor '/home/yoko/turtlebot3_ws/install/choirbot_examples/share/choirbot_examples/hook/ament_prefix_path.dsv'
[2.924s] INFO:colcon.colcon_core.shell:Creating environment hook '/home/yoko/turtlebot3_ws/install/choirbot_examples/share/choirbot_examples/hook/ament_prefix_path.sh'
[2.925s] INFO:colcon.colcon_core.shell:Skip shell extension 'powershell' for command environment: Not usable outside of PowerShell
[2.925s] DEBUG:colcon.colcon_core.shell:Skip shell extension 'dsv' for command environment
[2.928s] DEBUG:colcon.colcon_core.shell:Ignoring prefix path '/opt/ros/foxy'
[3.349s] INFO:colcon.colcon_core.task.python.build:Building Python package in '/home/yoko/turtlebot3_ws/src/ChoiRbot/choirbot_examples'
[3.351s] INFO:colcon.colcon_core.shell:Skip shell extension 'powershell' for command environment: Not usable outside of PowerShell
[3.352s] DEBUG:colcon.colcon_core.shell:Skip shell extension 'dsv' for command environment
[3.359s] DEBUG:colcon.colcon_core.shell:Ignoring prefix path '/opt/ros/foxy'
[3.383s] DEBUG:colcon.colcon_core.event_handler.log_command:Invoking command in '/home/yoko/turtlebot3_ws/build/choirbot_examples': AMENT_PREFIX_PATH=/home/yoko/turtlebot3_ws/install/choirbot:/home/yoko/turtlebot3_ws/install/choirbot_examples:/home/yoko/turtlebot3_ws/install/choirbot_interfaces:/home/yoko/turtlebot3_ws/install/turtlebot3_simulations:/home/yoko/turtlebot3_ws/install/turtlebot3_gazebo:/home/yoko/turtlebot3_ws/install/turtlebot3_fake_node:/opt/ros/foxy PYTHONPATH=/home/yoko/turtlebot3_ws/install/choirbot_examples/lib/python3.8/site-packages:/home/yoko/turtlebot3_ws/build/choirbot:/home/yoko/turtlebot3_ws/install/choirbot/lib/python3.8/site-packages:/home/yoko/turtlebot3_ws/install/choirbot_interfaces/lib/python3.8/site-packages:/home/yoko/turtlebot3_ws/build/choirbot_examples:/home/yoko/turtlebot3_ws/install/choirbot_examples/lib/python3.8/site-packages:/opt/ros/foxy/lib/python3.8/site-packages /usr/bin/python3 setup.py develop --prefix /home/yoko/turtlebot3_ws/install/choirbot_examples --editable --build-directory /home/yoko/turtlebot3_ws/build/choirbot_examples/build --no-deps install_data --install-dir /home/yoko/turtlebot3_ws/install/choirbot_examples
[4.084s] Level 1:colcon.colcon_core.shell:create_environment_hook('choirbot_examples', 'pythonpath_develop')
[4.087s] INFO:colcon.colcon_core.shell:Creating environment hook '/home/yoko/turtlebot3_ws/build/choirbot_examples/share/choirbot_examples/hook/pythonpath_develop.ps1'
[4.090s] DEBUG:colcon.colcon_core.event_handler.log_command:Invoked command in '/home/yoko/turtlebot3_ws/build/choirbot_examples' returned '0': AMENT_PREFIX_PATH=/home/yoko/turtlebot3_ws/install/choirbot:/home/yoko/turtlebot3_ws/install/choirbot_examples:/home/yoko/turtlebot3_ws/install/choirbot_interfaces:/home/yoko/turtlebot3_ws/install/turtlebot3_simulations:/home/yoko/turtlebot3_ws/install/turtlebot3_gazebo:/home/yoko/turtlebot3_ws/install/turtlebot3_fake_node:/opt/ros/foxy PYTHONPATH=/home/yoko/turtlebot3_ws/install/choirbot_examples/lib/python3.8/site-packages:/home/yoko/turtlebot3_ws/build/choirbot:/home/yoko/turtlebot3_ws/install/choirbot/lib/python3.8/site-packages:/home/yoko/turtlebot3_ws/install/choirbot_interfaces/lib/python3.8/site-packages:/home/yoko/turtlebot3_ws/build/choirbot_examples:/home/yoko/turtlebot3_ws/install/choirbot_examples/lib/python3.8/site-packages:/opt/ros/foxy/lib/python3.8/site-packages /usr/bin/python3 setup.py develop --prefix /home/yoko/turtlebot3_ws/install/choirbot_examples --editable --build-directory /home/yoko/turtlebot3_ws/build/choirbot_examples/build --no-deps install_data --install-dir /home/yoko/turtlebot3_ws/install/choirbot_examples
[4.091s] INFO:colcon.colcon_core.shell:Creating environment descriptor '/home/yoko/turtlebot3_ws/build/choirbot_examples/share/choirbot_examples/hook/pythonpath_develop.dsv'
[4.092s] INFO:colcon.colcon_core.shell:Creating environment hook '/home/yoko/turtlebot3_ws/build/choirbot_examples/share/choirbot_examples/hook/pythonpath_develop.sh'
[4.096s] Level 1:colcon.colcon_core.environment:checking '/home/yoko/turtlebot3_ws/install/choirbot_examples' for CMake module files
[4.097s] Level 1:colcon.colcon_core.environment:checking '/home/yoko/turtlebot3_ws/install/choirbot_examples' for CMake config files
[4.098s] Level 1:colcon.colcon_core.environment:checking '/home/yoko/turtlebot3_ws/install/choirbot_examples/lib'
[4.098s] Level 1:colcon.colcon_core.environment:checking '/home/yoko/turtlebot3_ws/install/choirbot_examples/bin'
[4.099s] Level 1:colcon.colcon_core.environment:checking '/home/yoko/turtlebot3_ws/install/choirbot_examples/lib/pkgconfig/choirbot_examples.pc'
[4.099s] Level 1:colcon.colcon_core.environment:checking '/home/yoko/turtlebot3_ws/install/choirbot_examples/lib/python3.8/site-packages'
[4.099s] Level 1:colcon.colcon_core.shell:create_environment_hook('choirbot_examples', 'pythonpath')
[4.100s] INFO:colcon.colcon_core.shell:Creating environment hook '/home/yoko/turtlebot3_ws/install/choirbot_examples/share/choirbot_examples/hook/pythonpath.ps1'
[4.100s] INFO:colcon.colcon_core.shell:Creating environment descriptor '/home/yoko/turtlebot3_ws/install/choirbot_examples/share/choirbot_examples/hook/pythonpath.dsv'
[4.101s] INFO:colcon.colcon_core.shell:Creating environment hook '/home/yoko/turtlebot3_ws/install/choirbot_examples/share/choirbot_examples/hook/pythonpath.sh'
[4.101s] Level 1:colcon.colcon_core.environment:create_environment_scripts_only(choirbot_examples)
[4.102s] INFO:colcon.colcon_core.shell:Creating package script '/home/yoko/turtlebot3_ws/install/choirbot_examples/share/choirbot_examples/package.ps1'
[4.103s] INFO:colcon.colcon_core.shell:Creating package descriptor '/home/yoko/turtlebot3_ws/install/choirbot_examples/share/choirbot_examples/package.dsv'
[4.104s] INFO:colcon.colcon_core.shell:Creating package script '/home/yoko/turtlebot3_ws/install/choirbot_examples/share/choirbot_examples/package.sh'
[4.105s] INFO:colcon.colcon_core.shell:Creating package script '/home/yoko/turtlebot3_ws/install/choirbot_examples/share/choirbot_examples/package.bash'
[4.106s] INFO:colcon.colcon_core.shell:Creating package script '/home/yoko/turtlebot3_ws/install/choirbot_examples/share/choirbot_examples/package.zsh'
[4.106s] Level 1:colcon.colcon_core.environment:create_file_with_runtime_dependencies(/home/yoko/turtlebot3_ws/install/choirbot_examples/share/colcon-core/packages/choirbot_examples)
[4.106s] DEBUG:colcon.colcon_parallel_executor.executor.parallel:closing loop
[4.107s] DEBUG:colcon.colcon_parallel_executor.executor.parallel:loop closed
[4.107s] DEBUG:colcon.colcon_parallel_executor.executor.parallel:run_until_complete finished with '0'
[4.107s] DEBUG:colcon.colcon_core.event_reactor:joining thread
[4.123s] INFO:colcon.colcon_core.plugin_system:Skipping extension 'colcon_notification.desktop_notification.terminal_notifier': Not used on non-Darwin systems
[4.123s] INFO:colcon.colcon_core.plugin_system:Skipping extension 'colcon_notification.desktop_notification.win32': Not used on non-Windows systems
[4.123s] INFO:colcon.colcon_notification.desktop_notification:Sending desktop notification using 'notify2'
[4.138s] DEBUG:colcon.colcon_core.event_reactor:joined thread
[4.140s] INFO:colcon.colcon_core.shell:Creating prefix script '/home/yoko/turtlebot3_ws/install/local_setup.ps1'
[4.143s] INFO:colcon.colcon_core.shell:Creating prefix util module '/home/yoko/turtlebot3_ws/install/_local_setup_util_ps1.py'
[4.146s] INFO:colcon.colcon_core.shell:Creating prefix chain script '/home/yoko/turtlebot3_ws/install/setup.ps1'
[4.152s] INFO:colcon.colcon_core.shell:Creating prefix script '/home/yoko/turtlebot3_ws/install/local_setup.sh'
[4.154s] INFO:colcon.colcon_core.shell:Creating prefix util module '/home/yoko/turtlebot3_ws/install/_local_setup_util_sh.py'
[4.155s] INFO:colcon.colcon_core.shell:Creating prefix chain script '/home/yoko/turtlebot3_ws/install/setup.sh'
[4.162s] INFO:colcon.colcon_core.shell:Creating prefix script '/home/yoko/turtlebot3_ws/install/local_setup.bash'
[4.163s] INFO:colcon.colcon_core.shell:Creating prefix chain script '/home/yoko/turtlebot3_ws/install/setup.bash'
[4.168s] INFO:colcon.colcon_core.shell:Creating prefix script '/home/yoko/turtlebot3_ws/install/local_setup.zsh'
[4.169s] INFO:colcon.colcon_core.shell:Creating prefix chain script '/home/yoko/turtlebot3_ws/install/setup.zsh'
