-- The C compiler identification is GNU 9.4.0
-- The CXX compiler identification is GNU 9.4.0
-- Check for working C compiler: /usr/bin/cc
-- Check for working C compiler: /usr/bin/cc -- works
-- Detecting C compiler ABI info
-- Detecting C compiler ABI info - done
-- Detecting C compile features
-- Detecting C compile features - done
-- Check for working CXX compiler: /usr/bin/c++
-- Check for working CXX compiler: /usr/bin/c++ -- works
-- Detecting CXX compiler ABI info
-- Detecting CXX compiler ABI info - done
-- Detecting CXX compile features
-- Detecting CXX compile features - done
-- Found ament_cmake_python: 0.9.9 (/opt/ros/foxy/share/ament_cmake_python/cmake)
-- Found rosidl_default_generators: 1.0.1 (/opt/ros/foxy/share/rosidl_default_generators/cmake)
-- Found ament_cmake_core: 0.9.9 (/opt/ros/foxy/share/ament_cmake_core/cmake)
-- Found PythonInterp: /usr/bin/python3 (found suitable version "3.8.10", minimum required is "3") 
-- Using PYTHON_EXECUTABLE: /usr/bin/python3
-- Override CMake install command with custom implementation using symlinks instead of copying resources
-- Using all available rosidl_typesupport_c: rosidl_typesupport_fastrtps_c;rosidl_typesupport_introspection_c
-- Found rosidl_adapter: 1.2.1 (/opt/ros/foxy/share/rosidl_adapter/cmake)
-- Found OpenSSL: /usr/lib/x86_64-linux-gnu/libcrypto.so (found version "1.1.1f")  
-- Found FastRTPS: /opt/ros/foxy/include  
-- Using all available rosidl_typesupport_cpp: rosidl_typesupport_fastrtps_cpp;rosidl_typesupport_introspection_cpp
-- Found PythonInterp: /usr/bin/python3 (found version "3.8.10") 
-- Found ament_cmake_ros: 0.9.2 (/opt/ros/foxy/share/ament_cmake_ros/cmake)
-- Using all available rosidl_typesupport_c: rosidl_typesupport_fastrtps_c;rosidl_typesupport_introspection_c
-- Using all available rosidl_typesupport_cpp: rosidl_typesupport_fastrtps_cpp;rosidl_typesupport_introspection_cpp
-- Found PythonInterp: /usr/bin/python3 (found suitable version "3.8.10", minimum required is "3.5") 
-- Found python_cmake_module: 0.8.1 (/opt/ros/foxy/share/python_cmake_module/cmake)
-- Found PythonLibs: /usr/lib/x86_64-linux-gnu/libpython3.8.so (found suitable version "3.8.10", minimum required is "3.5") 
-- Using PYTHON_EXECUTABLE: /usr/bin/python3
-- Using PYTHON_INCLUDE_DIRS: /usr/include/python3.8
-- Using PYTHON_LIBRARIES: /usr/lib/x86_64-linux-gnu/libpython3.8.so
-- Found PythonExtra: .so  
-- Configuring done
-- Generating done
-- Build files have been written to: /home/yoko/turtlebot3_ws/src/build/choirbot_interfaces
[35m[1mScanning dependencies of target choirbot_interfaces__cpp[0m
[  1%] [34m[1mGenerating C code for ROS interfaces[0m
[  3%] [34m[1mGenerating C++ code for ROS interfaces[0m
[35m[1mScanning dependencies of target choirbot_interfaces__rosidl_generator_c[0m
[  3%] Built target choirbot_interfaces__cpp
[  6%] [34m[1mGenerating C++ type support dispatch for ROS interfaces[0m
[  6%] [34m[1mGenerating C++ introspection for ROS interfaces[0m
[  7%] [34m[1mGenerating C++ type support for eProsima Fast-RTPS[0m
[ 11%] [32mBuilding C object CMakeFiles/choirbot_interfaces__rosidl_generator_c.dir/rosidl_generator_c/choirbot_interfaces/msg/detail/position_task_array__functions.c.o[0m
[ 11%] [32mBuilding C object CMakeFiles/choirbot_interfaces__rosidl_generator_c.dir/rosidl_generator_c/choirbot_interfaces/action/detail/position_action__functions.c.o[0m
[ 12%] [32mBuilding C object CMakeFiles/choirbot_interfaces__rosidl_generator_c.dir/rosidl_generator_c/choirbot_interfaces/srv/detail/task_completion_service__functions.c.o[0m
[ 14%] [32mBuilding C object CMakeFiles/choirbot_interfaces__rosidl_generator_c.dir/rosidl_generator_c/choirbot_interfaces/srv/detail/position_task_service__functions.c.o[0m
[ 15%] [32mBuilding C object CMakeFiles/choirbot_interfaces__rosidl_generator_c.dir/rosidl_generator_c/choirbot_interfaces/msg/detail/position_task__functions.c.o[0m
[ 17%] [32m[1mLinking C shared library libchoirbot_interfaces__rosidl_generator_c.so[0m
[ 17%] Built target choirbot_interfaces__rosidl_generator_c
[ 19%] [34m[1mGenerating C introspection for ROS interfaces[0m
[ 20%] [34m[1mGenerating C type support dispatch for ROS interfaces[0m
[35m[1mScanning dependencies of target choirbot_interfaces__rosidl_typesupport_cpp[0m
[ 22%] [32mBuilding CXX object CMakeFiles/choirbot_interfaces__rosidl_typesupport_cpp.dir/rosidl_typesupport_cpp/choirbot_interfaces/msg/position_task__type_support.cpp.o[0m
[ 23%] [32mBuilding CXX object CMakeFiles/choirbot_interfaces__rosidl_typesupport_cpp.dir/rosidl_typesupport_cpp/choirbot_interfaces/action/position_action__type_support.cpp.o[0m
[ 25%] [32mBuilding CXX object CMakeFiles/choirbot_interfaces__rosidl_typesupport_cpp.dir/rosidl_typesupport_cpp/choirbot_interfaces/msg/position_task_array__type_support.cpp.o[0m
[35m[1mScanning dependencies of target choirbot_interfaces__rosidl_typesupport_introspection_cpp[0m
[ 26%] [32mBuilding CXX object CMakeFiles/choirbot_interfaces__rosidl_typesupport_cpp.dir/rosidl_typesupport_cpp/choirbot_interfaces/srv/position_task_service__type_support.cpp.o[0m
[ 28%] [32mBuilding CXX object CMakeFiles/choirbot_interfaces__rosidl_typesupport_introspection_cpp.dir/rosidl_typesupport_introspection_cpp/choirbot_interfaces/action/detail/position_action__type_support.cpp.o[0m
[35m[1mScanning dependencies of target choirbot_interfaces__rosidl_typesupport_c[0m
[35m[1mScanning dependencies of target choirbot_interfaces__rosidl_typesupport_introspection_c[0m
[ 30%] [32mBuilding CXX object CMakeFiles/choirbot_interfaces__rosidl_typesupport_c.dir/rosidl_typesupport_c/choirbot_interfaces/action/position_action__type_support.cpp.o[0m
[35m[1mScanning dependencies of target choirbot_interfaces__rosidl_typesupport_fastrtps_cpp[0m
[ 31%] [32mBuilding C object CMakeFiles/choirbot_interfaces__rosidl_typesupport_introspection_c.dir/rosidl_typesupport_introspection_c/choirbot_interfaces/action/detail/position_action__type_support.c.o[0m
[ 33%] [32mBuilding C object CMakeFiles/choirbot_interfaces__rosidl_typesupport_introspection_c.dir/rosidl_typesupport_introspection_c/choirbot_interfaces/msg/detail/position_task__type_support.c.o[0m
[ 34%] [32mBuilding CXX object CMakeFiles/choirbot_interfaces__rosidl_typesupport_c.dir/rosidl_typesupport_c/choirbot_interfaces/msg/position_task__type_support.cpp.o[0m
[ 36%] [32mBuilding C object CMakeFiles/choirbot_interfaces__rosidl_typesupport_introspection_c.dir/rosidl_typesupport_introspection_c/choirbot_interfaces/msg/detail/position_task_array__type_support.c.o[0m
[ 38%] [32mBuilding CXX object CMakeFiles/choirbot_interfaces__rosidl_typesupport_c.dir/rosidl_typesupport_c/choirbot_interfaces/msg/position_task_array__type_support.cpp.o[0m
[ 39%] [32mBuilding C object CMakeFiles/choirbot_interfaces__rosidl_typesupport_introspection_c.dir/rosidl_typesupport_introspection_c/choirbot_interfaces/srv/detail/position_task_service__type_support.c.o[0m
[ 42%] [32mBuilding CXX object CMakeFiles/choirbot_interfaces__rosidl_typesupport_introspection_cpp.dir/rosidl_typesupport_introspection_cpp/choirbot_interfaces/msg/detail/position_task__type_support.cpp.o[0m
[ 42%] [32mBuilding CXX object CMakeFiles/choirbot_interfaces__rosidl_typesupport_introspection_cpp.dir/rosidl_typesupport_introspection_cpp/choirbot_interfaces/msg/detail/position_task_array__type_support.cpp.o[0m
[ 44%] [32mBuilding CXX object CMakeFiles/choirbot_interfaces__rosidl_typesupport_c.dir/rosidl_typesupport_c/choirbot_interfaces/srv/position_task_service__type_support.cpp.o[0m
[ 46%] [32mBuilding CXX object CMakeFiles/choirbot_interfaces__rosidl_typesupport_introspection_cpp.dir/rosidl_typesupport_introspection_cpp/choirbot_interfaces/srv/detail/position_task_service__type_support.cpp.o[0m
[ 47%] [32mBuilding C object CMakeFiles/choirbot_interfaces__rosidl_typesupport_introspection_c.dir/rosidl_typesupport_introspection_c/choirbot_interfaces/srv/detail/task_completion_service__type_support.c.o[0m
[ 49%] [32mBuilding CXX object CMakeFiles/choirbot_interfaces__rosidl_typesupport_c.dir/rosidl_typesupport_c/choirbot_interfaces/srv/task_completion_service__type_support.cpp.o[0m
[ 50%] [32mBuilding CXX object CMakeFiles/choirbot_interfaces__rosidl_typesupport_cpp.dir/rosidl_typesupport_cpp/choirbot_interfaces/srv/task_completion_service__type_support.cpp.o[0m
[ 52%] [32m[1mLinking CXX shared library libchoirbot_interfaces__rosidl_typesupport_c.so[0m
[ 53%] [32m[1mLinking C shared library libchoirbot_interfaces__rosidl_typesupport_introspection_c.so[0m
[ 53%] Built target choirbot_interfaces__rosidl_typesupport_introspection_c
[ 53%] Built target choirbot_interfaces__rosidl_typesupport_c
[ 55%] [32mBuilding CXX object CMakeFiles/choirbot_interfaces__rosidl_typesupport_introspection_cpp.dir/rosidl_typesupport_introspection_cpp/choirbot_interfaces/srv/detail/task_completion_service__type_support.cpp.o[0m
[ 57%] [32mBuilding CXX object CMakeFiles/choirbot_interfaces__rosidl_typesupport_fastrtps_cpp.dir/rosidl_typesupport_fastrtps_cpp/choirbot_interfaces/msg/detail/dds_fastrtps/position_task__type_support.cpp.o[0m
[ 58%] [32mBuilding CXX object CMakeFiles/choirbot_interfaces__rosidl_typesupport_fastrtps_cpp.dir/rosidl_typesupport_fastrtps_cpp/choirbot_interfaces/action/detail/dds_fastrtps/position_action__type_support.cpp.o[0m
[ 60%] [32mBuilding CXX object CMakeFiles/choirbot_interfaces__rosidl_typesupport_fastrtps_cpp.dir/rosidl_typesupport_fastrtps_cpp/choirbot_interfaces/msg/detail/dds_fastrtps/position_task_array__type_support.cpp.o[0m
[ 61%] [32mBuilding CXX object CMakeFiles/choirbot_interfaces__rosidl_typesupport_fastrtps_cpp.dir/rosidl_typesupport_fastrtps_cpp/choirbot_interfaces/srv/detail/dds_fastrtps/position_task_service__type_support.cpp.o[0m
[ 63%] [32m[1mLinking CXX shared library libchoirbot_interfaces__rosidl_typesupport_cpp.so[0m
[ 65%] [32mBuilding CXX object CMakeFiles/choirbot_interfaces__rosidl_typesupport_fastrtps_cpp.dir/rosidl_typesupport_fastrtps_cpp/choirbot_interfaces/srv/detail/dds_fastrtps/task_completion_service__type_support.cpp.o[0m
[ 65%] Built target choirbot_interfaces__rosidl_typesupport_cpp
[ 66%] [32m[1mLinking CXX shared library libchoirbot_interfaces__rosidl_typesupport_introspection_cpp.so[0m
[ 66%] Built target choirbot_interfaces__rosidl_typesupport_introspection_cpp
[ 68%] [32m[1mLinking CXX shared library libchoirbot_interfaces__rosidl_typesupport_fastrtps_cpp.so[0m
[ 68%] Built target choirbot_interfaces__rosidl_typesupport_fastrtps_cpp
[ 69%] [34m[1mGenerating C type support for eProsima Fast-RTPS[0m
[35m[1mScanning dependencies of target choirbot_interfaces__rosidl_typesupport_fastrtps_c[0m
[ 74%] [32mBuilding CXX object CMakeFiles/choirbot_interfaces__rosidl_typesupport_fastrtps_c.dir/rosidl_typesupport_fastrtps_c/choirbot_interfaces/msg/detail/position_task_array__type_support_c.cpp.o[0m
[ 74%] [32mBuilding CXX object CMakeFiles/choirbot_interfaces__rosidl_typesupport_fastrtps_c.dir/rosidl_typesupport_fastrtps_c/choirbot_interfaces/action/detail/position_action__type_support_c.cpp.o[0m
[ 74%] [32mBuilding CXX object CMakeFiles/choirbot_interfaces__rosidl_typesupport_fastrtps_c.dir/rosidl_typesupport_fastrtps_c/choirbot_interfaces/msg/detail/position_task__type_support_c.cpp.o[0m
[ 76%] [32mBuilding CXX object CMakeFiles/choirbot_interfaces__rosidl_typesupport_fastrtps_c.dir/rosidl_typesupport_fastrtps_c/choirbot_interfaces/srv/detail/task_completion_service__type_support_c.cpp.o[0m
[ 77%] [32mBuilding CXX object CMakeFiles/choirbot_interfaces__rosidl_typesupport_fastrtps_c.dir/rosidl_typesupport_fastrtps_c/choirbot_interfaces/srv/detail/position_task_service__type_support_c.cpp.o[0m
[ 79%] [32m[1mLinking CXX shared library libchoirbot_interfaces__rosidl_typesupport_fastrtps_c.so[0m
[ 79%] Built target choirbot_interfaces__rosidl_typesupport_fastrtps_c
[35m[1mScanning dependencies of target choirbot_interfaces[0m
[ 79%] Built target choirbot_interfaces
[35m[1mScanning dependencies of target choirbot_interfaces__py[0m
[ 80%] [34m[1mGenerating Python code for ROS interfaces[0m
[ 80%] Built target choirbot_interfaces__py
[35m[1mScanning dependencies of target choirbot_interfaces__python[0m
[ 82%] [32mBuilding C object CMakeFiles/choirbot_interfaces__python.dir/rosidl_generator_py/choirbot_interfaces/action/_position_action_s.c.o[0m
[ 84%] [32mBuilding C object CMakeFiles/choirbot_interfaces__python.dir/rosidl_generator_py/choirbot_interfaces/srv/_position_task_service_s.c.o[0m
[ 85%] [32mBuilding C object CMakeFiles/choirbot_interfaces__python.dir/rosidl_generator_py/choirbot_interfaces/srv/_task_completion_service_s.c.o[0m
[ 88%] [32mBuilding C object CMakeFiles/choirbot_interfaces__python.dir/rosidl_generator_py/choirbot_interfaces/msg/_position_task_s.c.o[0m
[ 88%] [32mBuilding C object CMakeFiles/choirbot_interfaces__python.dir/rosidl_generator_py/choirbot_interfaces/msg/_position_task_array_s.c.o[0m
[ 90%] [32m[1mLinking C shared library rosidl_generator_py/choirbot_interfaces/libchoirbot_interfaces__python.so[0m
[ 90%] Built target choirbot_interfaces__python
[35m[1mScanning dependencies of target choirbot_interfaces__rosidl_typesupport_c__pyext[0m
[35m[1mScanning dependencies of target choirbot_interfaces__rosidl_typesupport_introspection_c__pyext[0m
[35m[1mScanning dependencies of target choirbot_interfaces__rosidl_typesupport_fastrtps_c__pyext[0m
[ 92%] [32mBuilding C object CMakeFiles/choirbot_interfaces__rosidl_typesupport_c__pyext.dir/rosidl_generator_py/choirbot_interfaces/_choirbot_interfaces_s.ep.rosidl_typesupport_c.c.o[0m
[ 93%] [32mBuilding C object CMakeFiles/choirbot_interfaces__rosidl_typesupport_introspection_c__pyext.dir/rosidl_generator_py/choirbot_interfaces/_choirbot_interfaces_s.ep.rosidl_typesupport_introspection_c.c.o[0m
[ 95%] [32mBuilding C object CMakeFiles/choirbot_interfaces__rosidl_typesupport_fastrtps_c__pyext.dir/rosidl_generator_py/choirbot_interfaces/_choirbot_interfaces_s.ep.rosidl_typesupport_fastrtps_c.c.o[0m
[ 96%] [32m[1mLinking C shared library rosidl_generator_py/choirbot_interfaces/choirbot_interfaces_s__rosidl_typesupport_introspection_c.cpython-38-x86_64-linux-gnu.so[0m
[ 98%] [32m[1mLinking C shared library rosidl_generator_py/choirbot_interfaces/choirbot_interfaces_s__rosidl_typesupport_c.cpython-38-x86_64-linux-gnu.so[0m
[ 98%] Built target choirbot_interfaces__rosidl_typesupport_introspection_c__pyext
[ 98%] Built target choirbot_interfaces__rosidl_typesupport_c__pyext
[100%] [32m[1mLinking CXX shared library rosidl_generator_py/choirbot_interfaces/choirbot_interfaces_s__rosidl_typesupport_fastrtps_c.cpython-38-x86_64-linux-gnu.so[0m
[100%] Built target choirbot_interfaces__rosidl_typesupport_fastrtps_c__pyext
-- Install configuration: ""
-- Execute custom install script
-- Symlinking: /home/yoko/turtlebot3_ws/src/install/choirbot_interfaces/share/ament_index/resource_index/rosidl_interfaces/choirbot_interfaces
-- Symlinking: /home/yoko/turtlebot3_ws/src/install/choirbot_interfaces/include/choirbot_interfaces/action/detail/position_action__functions.h
-- Symlinking: /home/yoko/turtlebot3_ws/src/install/choirbot_interfaces/include/choirbot_interfaces/action/detail/position_action__struct.h
-- Symlinking: /home/yoko/turtlebot3_ws/src/install/choirbot_interfaces/include/choirbot_interfaces/action/detail/position_action__type_support.h
-- Symlinking: /home/yoko/turtlebot3_ws/src/install/choirbot_interfaces/include/choirbot_interfaces/action/position_action.h
-- Symlinking: /home/yoko/turtlebot3_ws/src/install/choirbot_interfaces/include/choirbot_interfaces/msg/detail/position_task__functions.h
-- Symlinking: /home/yoko/turtlebot3_ws/src/install/choirbot_interfaces/include/choirbot_interfaces/msg/detail/position_task__struct.h
-- Symlinking: /home/yoko/turtlebot3_ws/src/install/choirbot_interfaces/include/choirbot_interfaces/msg/detail/position_task__type_support.h
-- Symlinking: /home/yoko/turtlebot3_ws/src/install/choirbot_interfaces/include/choirbot_interfaces/msg/detail/position_task_array__functions.h
-- Symlinking: /home/yoko/turtlebot3_ws/src/install/choirbot_interfaces/include/choirbot_interfaces/msg/detail/position_task_array__struct.h
-- Symlinking: /home/yoko/turtlebot3_ws/src/install/choirbot_interfaces/include/choirbot_interfaces/msg/detail/position_task_array__type_support.h
-- Symlinking: /home/yoko/turtlebot3_ws/src/install/choirbot_interfaces/include/choirbot_interfaces/msg/position_task.h
-- Symlinking: /home/yoko/turtlebot3_ws/src/install/choirbot_interfaces/include/choirbot_interfaces/msg/position_task_array.h
-- Symlinking: /home/yoko/turtlebot3_ws/src/install/choirbot_interfaces/include/choirbot_interfaces/msg/rosidl_generator_c__visibility_control.h
-- Symlinking: /home/yoko/turtlebot3_ws/src/install/choirbot_interfaces/include/choirbot_interfaces/srv/detail/position_task_service__functions.h
-- Symlinking: /home/yoko/turtlebot3_ws/src/install/choirbot_interfaces/include/choirbot_interfaces/srv/detail/position_task_service__struct.h
-- Symlinking: /home/yoko/turtlebot3_ws/src/install/choirbot_interfaces/include/choirbot_interfaces/srv/detail/position_task_service__type_support.h
-- Symlinking: /home/yoko/turtlebot3_ws/src/install/choirbot_interfaces/include/choirbot_interfaces/srv/detail/task_completion_service__functions.h
-- Symlinking: /home/yoko/turtlebot3_ws/src/install/choirbot_interfaces/include/choirbot_interfaces/srv/detail/task_completion_service__struct.h
-- Symlinking: /home/yoko/turtlebot3_ws/src/install/choirbot_interfaces/include/choirbot_interfaces/srv/detail/task_completion_service__type_support.h
-- Symlinking: /home/yoko/turtlebot3_ws/src/install/choirbot_interfaces/include/choirbot_interfaces/srv/position_task_service.h
-- Symlinking: /home/yoko/turtlebot3_ws/src/install/choirbot_interfaces/include/choirbot_interfaces/srv/task_completion_service.h
-- Symlinking: /home/yoko/turtlebot3_ws/src/install/choirbot_interfaces/share/choirbot_interfaces/environment/library_path.sh
-- Symlinking: /home/yoko/turtlebot3_ws/src/install/choirbot_interfaces/share/choirbot_interfaces/environment/library_path.dsv
-- Symlinking: /home/yoko/turtlebot3_ws/src/install/choirbot_interfaces/include/choirbot_interfaces/action/detail/position_action__rosidl_typesupport_fastrtps_c.h
-- Symlinking: /home/yoko/turtlebot3_ws/src/install/choirbot_interfaces/include/choirbot_interfaces/msg/detail/position_task__rosidl_typesupport_fastrtps_c.h
-- Symlinking: /home/yoko/turtlebot3_ws/src/install/choirbot_interfaces/include/choirbot_interfaces/msg/detail/position_task_array__rosidl_typesupport_fastrtps_c.h
-- Symlinking: /home/yoko/turtlebot3_ws/src/install/choirbot_interfaces/include/choirbot_interfaces/msg/rosidl_typesupport_fastrtps_c__visibility_control.h
-- Symlinking: /home/yoko/turtlebot3_ws/src/install/choirbot_interfaces/include/choirbot_interfaces/srv/detail/position_task_service__rosidl_typesupport_fastrtps_c.h
-- Symlinking: /home/yoko/turtlebot3_ws/src/install/choirbot_interfaces/include/choirbot_interfaces/srv/detail/task_completion_service__rosidl_typesupport_fastrtps_c.h
-- Symlinking: /home/yoko/turtlebot3_ws/src/install/choirbot_interfaces/lib/libchoirbot_interfaces__rosidl_typesupport_fastrtps_c.so
-- Symlinking: /home/yoko/turtlebot3_ws/src/install/choirbot_interfaces/include/choirbot_interfaces/action/detail/position_action__rosidl_typesupport_fastrtps_cpp.hpp
-- Symlinking: /home/yoko/turtlebot3_ws/src/install/choirbot_interfaces/include/choirbot_interfaces/msg/detail/position_task__rosidl_typesupport_fastrtps_cpp.hpp
-- Symlinking: /home/yoko/turtlebot3_ws/src/install/choirbot_interfaces/include/choirbot_interfaces/msg/detail/position_task_array__rosidl_typesupport_fastrtps_cpp.hpp
-- Symlinking: /home/yoko/turtlebot3_ws/src/install/choirbot_interfaces/include/choirbot_interfaces/msg/rosidl_typesupport_fastrtps_cpp__visibility_control.h
-- Symlinking: /home/yoko/turtlebot3_ws/src/install/choirbot_interfaces/include/choirbot_interfaces/srv/detail/position_task_service__rosidl_typesupport_fastrtps_cpp.hpp
-- Symlinking: /home/yoko/turtlebot3_ws/src/install/choirbot_interfaces/include/choirbot_interfaces/srv/detail/task_completion_service__rosidl_typesupport_fastrtps_cpp.hpp
-- Symlinking: /home/yoko/turtlebot3_ws/src/install/choirbot_interfaces/lib/libchoirbot_interfaces__rosidl_typesupport_fastrtps_cpp.so
-- Symlinking: /home/yoko/turtlebot3_ws/src/install/choirbot_interfaces/include/choirbot_interfaces/action/detail/position_action__rosidl_typesupport_introspection_c.h
-- Symlinking: /home/yoko/turtlebot3_ws/src/install/choirbot_interfaces/include/choirbot_interfaces/msg/detail/position_task__rosidl_typesupport_introspection_c.h
-- Symlinking: /home/yoko/turtlebot3_ws/src/install/choirbot_interfaces/include/choirbot_interfaces/msg/detail/position_task_array__rosidl_typesupport_introspection_c.h
-- Symlinking: /home/yoko/turtlebot3_ws/src/install/choirbot_interfaces/include/choirbot_interfaces/msg/rosidl_typesupport_introspection_c__visibility_control.h
-- Symlinking: /home/yoko/turtlebot3_ws/src/install/choirbot_interfaces/include/choirbot_interfaces/srv/detail/position_task_service__rosidl_typesupport_introspection_c.h
-- Symlinking: /home/yoko/turtlebot3_ws/src/install/choirbot_interfaces/include/choirbot_interfaces/srv/detail/task_completion_service__rosidl_typesupport_introspection_c.h
-- Symlinking: /home/yoko/turtlebot3_ws/src/install/choirbot_interfaces/include/choirbot_interfaces/action/detail/position_action__builder.hpp
-- Symlinking: /home/yoko/turtlebot3_ws/src/install/choirbot_interfaces/include/choirbot_interfaces/action/detail/position_action__struct.hpp
-- Symlinking: /home/yoko/turtlebot3_ws/src/install/choirbot_interfaces/include/choirbot_interfaces/action/detail/position_action__traits.hpp
-- Symlinking: /home/yoko/turtlebot3_ws/src/install/choirbot_interfaces/include/choirbot_interfaces/action/position_action.hpp
-- Symlinking: /home/yoko/turtlebot3_ws/src/install/choirbot_interfaces/include/choirbot_interfaces/msg/detail/position_task__builder.hpp
-- Symlinking: /home/yoko/turtlebot3_ws/src/install/choirbot_interfaces/include/choirbot_interfaces/msg/detail/position_task__struct.hpp
-- Symlinking: /home/yoko/turtlebot3_ws/src/install/choirbot_interfaces/include/choirbot_interfaces/msg/detail/position_task__traits.hpp
-- Symlinking: /home/yoko/turtlebot3_ws/src/install/choirbot_interfaces/include/choirbot_interfaces/msg/detail/position_task_array__builder.hpp
-- Symlinking: /home/yoko/turtlebot3_ws/src/install/choirbot_interfaces/include/choirbot_interfaces/msg/detail/position_task_array__struct.hpp
-- Symlinking: /home/yoko/turtlebot3_ws/src/install/choirbot_interfaces/include/choirbot_interfaces/msg/detail/position_task_array__traits.hpp
-- Symlinking: /home/yoko/turtlebot3_ws/src/install/choirbot_interfaces/include/choirbot_interfaces/msg/position_task.hpp
-- Symlinking: /home/yoko/turtlebot3_ws/src/install/choirbot_interfaces/include/choirbot_interfaces/msg/position_task_array.hpp
-- Symlinking: /home/yoko/turtlebot3_ws/src/install/choirbot_interfaces/include/choirbot_interfaces/srv/detail/position_task_service__builder.hpp
-- Symlinking: /home/yoko/turtlebot3_ws/src/install/choirbot_interfaces/include/choirbot_interfaces/srv/detail/position_task_service__struct.hpp
-- Symlinking: /home/yoko/turtlebot3_ws/src/install/choirbot_interfaces/include/choirbot_interfaces/srv/detail/position_task_service__traits.hpp
-- Symlinking: /home/yoko/turtlebot3_ws/src/install/choirbot_interfaces/include/choirbot_interfaces/srv/detail/task_completion_service__builder.hpp
-- Symlinking: /home/yoko/turtlebot3_ws/src/install/choirbot_interfaces/include/choirbot_interfaces/srv/detail/task_completion_service__struct.hpp
-- Symlinking: /home/yoko/turtlebot3_ws/src/install/choirbot_interfaces/include/choirbot_interfaces/srv/detail/task_completion_service__traits.hpp
-- Symlinking: /home/yoko/turtlebot3_ws/src/install/choirbot_interfaces/include/choirbot_interfaces/srv/position_task_service.hpp
-- Symlinking: /home/yoko/turtlebot3_ws/src/install/choirbot_interfaces/include/choirbot_interfaces/srv/task_completion_service.hpp
-- Symlinking: /home/yoko/turtlebot3_ws/src/install/choirbot_interfaces/include/choirbot_interfaces/action/detail/position_action__rosidl_typesupport_introspection_cpp.hpp
-- Symlinking: /home/yoko/turtlebot3_ws/src/install/choirbot_interfaces/include/choirbot_interfaces/msg/detail/position_task__rosidl_typesupport_introspection_cpp.hpp
-- Symlinking: /home/yoko/turtlebot3_ws/src/install/choirbot_interfaces/include/choirbot_interfaces/msg/detail/position_task_array__rosidl_typesupport_introspection_cpp.hpp
-- Symlinking: /home/yoko/turtlebot3_ws/src/install/choirbot_interfaces/include/choirbot_interfaces/srv/detail/position_task_service__rosidl_typesupport_introspection_cpp.hpp
-- Symlinking: /home/yoko/turtlebot3_ws/src/install/choirbot_interfaces/include/choirbot_interfaces/srv/detail/task_completion_service__rosidl_typesupport_introspection_cpp.hpp
-- Symlinking: /home/yoko/turtlebot3_ws/src/install/choirbot_interfaces/share/choirbot_interfaces/environment/pythonpath.sh
-- Symlinking: /home/yoko/turtlebot3_ws/src/install/choirbot_interfaces/share/choirbot_interfaces/environment/pythonpath.dsv
-- Symlinking: /home/yoko/turtlebot3_ws/src/install/choirbot_interfaces/lib/python3.8/site-packages/choirbot_interfaces/__init__.py
-- Symlinking: /home/yoko/turtlebot3_ws/src/install/choirbot_interfaces/lib/python3.8/site-packages/choirbot_interfaces/action/__init__.py
-- Symlinking: /home/yoko/turtlebot3_ws/src/install/choirbot_interfaces/lib/python3.8/site-packages/choirbot_interfaces/action/_position_action.py
-- Symlinking: /home/yoko/turtlebot3_ws/src/install/choirbot_interfaces/lib/python3.8/site-packages/choirbot_interfaces/msg/__init__.py
-- Symlinking: /home/yoko/turtlebot3_ws/src/install/choirbot_interfaces/lib/python3.8/site-packages/choirbot_interfaces/msg/_position_task.py
-- Symlinking: /home/yoko/turtlebot3_ws/src/install/choirbot_interfaces/lib/python3.8/site-packages/choirbot_interfaces/msg/_position_task_array.py
-- Symlinking: /home/yoko/turtlebot3_ws/src/install/choirbot_interfaces/lib/python3.8/site-packages/choirbot_interfaces/srv/__init__.py
-- Symlinking: /home/yoko/turtlebot3_ws/src/install/choirbot_interfaces/lib/python3.8/site-packages/choirbot_interfaces/srv/_position_task_service.py
-- Symlinking: /home/yoko/turtlebot3_ws/src/install/choirbot_interfaces/lib/python3.8/site-packages/choirbot_interfaces/srv/_task_completion_service.py
-- Symlinking: /home/yoko/turtlebot3_ws/src/install/choirbot_interfaces/lib/python3.8/site-packages/choirbot_interfaces/choirbot_interfaces_s__rosidl_typesupport_fastrtps_c.cpython-38-x86_64-linux-gnu.so
-- Symlinking: /home/yoko/turtlebot3_ws/src/install/choirbot_interfaces/lib/python3.8/site-packages/choirbot_interfaces/choirbot_interfaces_s__rosidl_typesupport_introspection_c.cpython-38-x86_64-linux-gnu.so
-- Symlinking: /home/yoko/turtlebot3_ws/src/install/choirbot_interfaces/lib/python3.8/site-packages/choirbot_interfaces/choirbot_interfaces_s__rosidl_typesupport_c.cpython-38-x86_64-linux-gnu.so
-- Symlinking: /home/yoko/turtlebot3_ws/src/install/choirbot_interfaces/lib/libchoirbot_interfaces__python.so
-- Symlinking: /home/yoko/turtlebot3_ws/src/install/choirbot_interfaces/share/choirbot_interfaces/action/PositionAction.idl
-- Symlinking: /home/yoko/turtlebot3_ws/src/install/choirbot_interfaces/share/choirbot_interfaces/msg/PositionTask.idl
-- Symlinking: /home/yoko/turtlebot3_ws/src/install/choirbot_interfaces/share/choirbot_interfaces/msg/PositionTaskArray.idl
-- Symlinking: /home/yoko/turtlebot3_ws/src/install/choirbot_interfaces/share/choirbot_interfaces/srv/PositionTaskService.idl
-- Symlinking: /home/yoko/turtlebot3_ws/src/install/choirbot_interfaces/share/choirbot_interfaces/srv/TaskCompletionService.idl
-- Symlinking: /home/yoko/turtlebot3_ws/src/install/choirbot_interfaces/share/choirbot_interfaces/action/PositionAction.action
-- Symlinking: /home/yoko/turtlebot3_ws/src/install/choirbot_interfaces/share/choirbot_interfaces/msg/PositionTask.msg
-- Symlinking: /home/yoko/turtlebot3_ws/src/install/choirbot_interfaces/share/choirbot_interfaces/msg/PositionTaskArray.msg
-- Symlinking: /home/yoko/turtlebot3_ws/src/install/choirbot_interfaces/share/choirbot_interfaces/srv/PositionTaskService.srv
-- Symlinking: /home/yoko/turtlebot3_ws/src/install/choirbot_interfaces/share/choirbot_interfaces/srv/PositionTaskService_Request.msg
-- Symlinking: /home/yoko/turtlebot3_ws/src/install/choirbot_interfaces/share/choirbot_interfaces/srv/PositionTaskService_Response.msg
-- Symlinking: /home/yoko/turtlebot3_ws/src/install/choirbot_interfaces/share/choirbot_interfaces/srv/TaskCompletionService.srv
-- Symlinking: /home/yoko/turtlebot3_ws/src/install/choirbot_interfaces/share/choirbot_interfaces/srv/TaskCompletionService_Request.msg
-- Symlinking: /home/yoko/turtlebot3_ws/src/install/choirbot_interfaces/share/choirbot_interfaces/srv/TaskCompletionService_Response.msg
-- Symlinking: /home/yoko/turtlebot3_ws/src/install/choirbot_interfaces/lib/python3.8/site-packages/choirbot_interfaces/__init__.py
-- Symlinking: /home/yoko/turtlebot3_ws/src/install/choirbot_interfaces/share/ament_index/resource_index/package_run_dependencies/choirbot_interfaces
-- Symlinking: /home/yoko/turtlebot3_ws/src/install/choirbot_interfaces/share/ament_index/resource_index/parent_prefix_path/choirbot_interfaces
-- Symlinking: /home/yoko/turtlebot3_ws/src/install/choirbot_interfaces/share/choirbot_interfaces/environment/ament_prefix_path.sh
-- Symlinking: /home/yoko/turtlebot3_ws/src/install/choirbot_interfaces/share/choirbot_interfaces/environment/ament_prefix_path.dsv
-- Symlinking: /home/yoko/turtlebot3_ws/src/install/choirbot_interfaces/share/choirbot_interfaces/environment/path.sh
-- Symlinking: /home/yoko/turtlebot3_ws/src/install/choirbot_interfaces/share/choirbot_interfaces/environment/path.dsv
-- Symlinking: /home/yoko/turtlebot3_ws/src/install/choirbot_interfaces/share/choirbot_interfaces/local_setup.bash
-- Symlinking: /home/yoko/turtlebot3_ws/src/install/choirbot_interfaces/share/choirbot_interfaces/local_setup.sh
-- Symlinking: /home/yoko/turtlebot3_ws/src/install/choirbot_interfaces/share/choirbot_interfaces/local_setup.zsh
-- Symlinking: /home/yoko/turtlebot3_ws/src/install/choirbot_interfaces/share/choirbot_interfaces/local_setup.dsv
-- Symlinking: /home/yoko/turtlebot3_ws/src/install/choirbot_interfaces/share/choirbot_interfaces/package.dsv
-- Symlinking: /home/yoko/turtlebot3_ws/src/install/choirbot_interfaces/share/ament_index/resource_index/packages/choirbot_interfaces
-- Symlinking: /home/yoko/turtlebot3_ws/src/install/choirbot_interfaces/share/choirbot_interfaces/cmake/rosidl_cmake-extras.cmake
-- Symlinking: /home/yoko/turtlebot3_ws/src/install/choirbot_interfaces/share/choirbot_interfaces/cmake/ament_cmake_export_dependencies-extras.cmake
-- Symlinking: /home/yoko/turtlebot3_ws/src/install/choirbot_interfaces/share/choirbot_interfaces/cmake/ament_cmake_export_libraries-extras.cmake
-- Symlinking: /home/yoko/turtlebot3_ws/src/install/choirbot_interfaces/share/choirbot_interfaces/cmake/ament_cmake_export_targets-extras.cmake
-- Symlinking: /home/yoko/turtlebot3_ws/src/install/choirbot_interfaces/share/choirbot_interfaces/cmake/ament_cmake_export_include_directories-extras.cmake
-- Symlinking: /home/yoko/turtlebot3_ws/src/install/choirbot_interfaces/share/choirbot_interfaces/cmake/rosidl_cmake_export_typesupport_libraries-extras.cmake
-- Symlinking: /home/yoko/turtlebot3_ws/src/install/choirbot_interfaces/share/choirbot_interfaces/cmake/rosidl_cmake_export_typesupport_targets-extras.cmake
-- Symlinking: /home/yoko/turtlebot3_ws/src/install/choirbot_interfaces/share/choirbot_interfaces/cmake/choirbot_interfacesConfig.cmake
-- Symlinking: /home/yoko/turtlebot3_ws/src/install/choirbot_interfaces/share/choirbot_interfaces/cmake/choirbot_interfacesConfig-version.cmake
-- Symlinking: /home/yoko/turtlebot3_ws/src/install/choirbot_interfaces/share/choirbot_interfaces/package.xml
-- Installing: /home/yoko/turtlebot3_ws/src/install/choirbot_interfaces/lib/libchoirbot_interfaces__rosidl_generator_c.so
-- Set runtime path of "/home/yoko/turtlebot3_ws/src/install/choirbot_interfaces/lib/libchoirbot_interfaces__rosidl_generator_c.so" to ""
-- Installing: /home/yoko/turtlebot3_ws/src/install/choirbot_interfaces/lib/libchoirbot_interfaces__rosidl_typesupport_introspection_c.so
-- Set runtime path of "/home/yoko/turtlebot3_ws/src/install/choirbot_interfaces/lib/libchoirbot_interfaces__rosidl_typesupport_introspection_c.so" to ""
-- Installing: /home/yoko/turtlebot3_ws/src/install/choirbot_interfaces/lib/libchoirbot_interfaces__rosidl_typesupport_c.so
-- Set runtime path of "/home/yoko/turtlebot3_ws/src/install/choirbot_interfaces/lib/libchoirbot_interfaces__rosidl_typesupport_c.so" to ""
-- Installing: /home/yoko/turtlebot3_ws/src/install/choirbot_interfaces/lib/libchoirbot_interfaces__rosidl_typesupport_introspection_cpp.so
-- Set runtime path of "/home/yoko/turtlebot3_ws/src/install/choirbot_interfaces/lib/libchoirbot_interfaces__rosidl_typesupport_introspection_cpp.so" to ""
-- Installing: /home/yoko/turtlebot3_ws/src/install/choirbot_interfaces/lib/libchoirbot_interfaces__rosidl_typesupport_cpp.so
-- Set runtime path of "/home/yoko/turtlebot3_ws/src/install/choirbot_interfaces/lib/libchoirbot_interfaces__rosidl_typesupport_cpp.so" to ""
Compiling '/home/yoko/turtlebot3_ws/src/install/choirbot_interfaces/lib/python3.8/site-packages/choirbot_interfaces/__init__.py'...
Listing '/home/yoko/turtlebot3_ws/src/install/choirbot_interfaces/lib/python3.8/site-packages/choirbot_interfaces'...
Listing '/home/yoko/turtlebot3_ws/src/install/choirbot_interfaces/lib/python3.8/site-packages/choirbot_interfaces/action'...
Compiling '/home/yoko/turtlebot3_ws/src/install/choirbot_interfaces/lib/python3.8/site-packages/choirbot_interfaces/action/__init__.py'...
Compiling '/home/yoko/turtlebot3_ws/src/install/choirbot_interfaces/lib/python3.8/site-packages/choirbot_interfaces/action/_position_action.py'...
Listing '/home/yoko/turtlebot3_ws/src/install/choirbot_interfaces/lib/python3.8/site-packages/choirbot_interfaces/msg'...
Compiling '/home/yoko/turtlebot3_ws/src/install/choirbot_interfaces/lib/python3.8/site-packages/choirbot_interfaces/msg/__init__.py'...
Compiling '/home/yoko/turtlebot3_ws/src/install/choirbot_interfaces/lib/python3.8/site-packages/choirbot_interfaces/msg/_position_task.py'...
Compiling '/home/yoko/turtlebot3_ws/src/install/choirbot_interfaces/lib/python3.8/site-packages/choirbot_interfaces/msg/_position_task_array.py'...
Listing '/home/yoko/turtlebot3_ws/src/install/choirbot_interfaces/lib/python3.8/site-packages/choirbot_interfaces/srv'...
Compiling '/home/yoko/turtlebot3_ws/src/install/choirbot_interfaces/lib/python3.8/site-packages/choirbot_interfaces/srv/__init__.py'...
Compiling '/home/yoko/turtlebot3_ws/src/install/choirbot_interfaces/lib/python3.8/site-packages/choirbot_interfaces/srv/_position_task_service.py'...
Compiling '/home/yoko/turtlebot3_ws/src/install/choirbot_interfaces/lib/python3.8/site-packages/choirbot_interfaces/srv/_task_completion_service.py'...
-- Installing: /home/yoko/turtlebot3_ws/src/install/choirbot_interfaces/share/choirbot_interfaces/cmake/choirbot_interfaces__rosidl_generator_cExport.cmake
-- Installing: /home/yoko/turtlebot3_ws/src/install/choirbot_interfaces/share/choirbot_interfaces/cmake/choirbot_interfaces__rosidl_generator_cExport-noconfig.cmake
-- Installing: /home/yoko/turtlebot3_ws/src/install/choirbot_interfaces/share/choirbot_interfaces/cmake/choirbot_interfaces__rosidl_typesupport_introspection_cExport.cmake
-- Installing: /home/yoko/turtlebot3_ws/src/install/choirbot_interfaces/share/choirbot_interfaces/cmake/choirbot_interfaces__rosidl_typesupport_introspection_cExport-noconfig.cmake
-- Installing: /home/yoko/turtlebot3_ws/src/install/choirbot_interfaces/share/choirbot_interfaces/cmake/choirbot_interfaces__rosidl_typesupport_cExport.cmake
-- Installing: /home/yoko/turtlebot3_ws/src/install/choirbot_interfaces/share/choirbot_interfaces/cmake/choirbot_interfaces__rosidl_typesupport_cExport-noconfig.cmake
-- Installing: /home/yoko/turtlebot3_ws/src/install/choirbot_interfaces/share/choirbot_interfaces/cmake/choirbot_interfaces__rosidl_generator_cppExport.cmake
-- Installing: /home/yoko/turtlebot3_ws/src/install/choirbot_interfaces/share/choirbot_interfaces/cmake/choirbot_interfaces__rosidl_typesupport_introspection_cppExport.cmake
-- Installing: /home/yoko/turtlebot3_ws/src/install/choirbot_interfaces/share/choirbot_interfaces/cmake/choirbot_interfaces__rosidl_typesupport_introspection_cppExport-noconfig.cmake
-- Installing: /home/yoko/turtlebot3_ws/src/install/choirbot_interfaces/share/choirbot_interfaces/cmake/choirbot_interfaces__rosidl_typesupport_cppExport.cmake
-- Installing: /home/yoko/turtlebot3_ws/src/install/choirbot_interfaces/share/choirbot_interfaces/cmake/choirbot_interfaces__rosidl_typesupport_cppExport-noconfig.cmake
