[0.018s] Invoking command in '/home/yoko/turtlebot3_ws/src/build/turtlebot3_simulations': AMENT_PREFIX_PATH=/home/yoko/turtlebot3_ws/src/install/turtlebot3_gazebo:/home/yoko/turtlebot3_ws/src/install/turtlebot3_fake_node:${AMENT_PREFIX_PATH} CMAKE_PREFIX_PATH=/home/yoko/turtlebot3_ws/src/install/turtlebot3_gazebo:/home/yoko/turtlebot3_ws/src/install/turtlebot3_fake_node:/home/yoko/turtlebot3_ws/install/turtlebot3_simulations:/home/yoko/turtlebot3_ws/install/turtlebot3_gazebo:/home/yoko/turtlebot3_ws/install/turtlebot3_fake_node:/home/yoko/turtlebot3_ws/install/choirbot_interfaces:/home/yoko/turtlebot3_ws/install/robot_spawner_pkg:/home/yoko/turtlebot3_ws/install/robot_controller_utils:/home/yoko/turtlebot3_ws/install/choirbot_examples:/home/yoko/turtlebot3_ws/install/choirbot:/opt/ros/foxy /usr/bin/cmake /home/yoko/turtlebot3_ws/src/turtlebot3_simulations/turtlebot3_simulations -DAMENT_CMAKE_SYMLINK_INSTALL=1 -DCMAKE_INSTALL_PREFIX=/home/yoko/turtlebot3_ws/src/install/turtlebot3_simulations
[0.130s] -- The C compiler identification is GNU 9.4.0
[0.232s] -- The CXX compiler identification is GNU 9.4.0
[0.243s] -- Check for working C compiler: /usr/bin/cc
[0.383s] -- Check for working C compiler: /usr/bin/cc -- works
[0.384s] -- Detecting C compiler ABI info
[0.530s] -- Detecting C compiler ABI info - done
[0.554s] -- Detecting C compile features
[0.555s] -- Detecting C compile features - done
[0.558s] -- Check for working CXX compiler: /usr/bin/c++
[0.719s] -- Check for working CXX compiler: /usr/bin/c++ -- works
[0.723s] -- Detecting CXX compiler ABI info
[0.873s] -- Detecting CXX compiler ABI info - done
[0.903s] -- Detecting CXX compile features
[0.904s] -- Detecting CXX compile features - done
[0.909s] -- Found ament_cmake: 0.9.9 (/opt/ros/foxy/share/ament_cmake/cmake)
[0.969s] -- Found PythonInterp: /usr/bin/python3 (found suitable version "3.8.10", minimum required is "3") 
[0.970s] -- Using PYTHON_EXECUTABLE: /usr/bin/python3
[1.274s] -- Override CMake install command with custom implementation using symlinks instead of copying resources
[1.436s] -- Configuring done
[1.439s] -- Generating done
[1.440s] -- Build files have been written to: /home/yoko/turtlebot3_ws/src/build/turtlebot3_simulations
[1.445s] Invoked command in '/home/yoko/turtlebot3_ws/src/build/turtlebot3_simulations' returned '0': AMENT_PREFIX_PATH=/home/yoko/turtlebot3_ws/src/install/turtlebot3_gazebo:/home/yoko/turtlebot3_ws/src/install/turtlebot3_fake_node:${AMENT_PREFIX_PATH} CMAKE_PREFIX_PATH=/home/yoko/turtlebot3_ws/src/install/turtlebot3_gazebo:/home/yoko/turtlebot3_ws/src/install/turtlebot3_fake_node:/home/yoko/turtlebot3_ws/install/turtlebot3_simulations:/home/yoko/turtlebot3_ws/install/turtlebot3_gazebo:/home/yoko/turtlebot3_ws/install/turtlebot3_fake_node:/home/yoko/turtlebot3_ws/install/choirbot_interfaces:/home/yoko/turtlebot3_ws/install/robot_spawner_pkg:/home/yoko/turtlebot3_ws/install/robot_controller_utils:/home/yoko/turtlebot3_ws/install/choirbot_examples:/home/yoko/turtlebot3_ws/install/choirbot:/opt/ros/foxy /usr/bin/cmake /home/yoko/turtlebot3_ws/src/turtlebot3_simulations/turtlebot3_simulations -DAMENT_CMAKE_SYMLINK_INSTALL=1 -DCMAKE_INSTALL_PREFIX=/home/yoko/turtlebot3_ws/src/install/turtlebot3_simulations
[1.449s] Invoking command in '/home/yoko/turtlebot3_ws/src/build/turtlebot3_simulations': AMENT_PREFIX_PATH=/home/yoko/turtlebot3_ws/src/install/turtlebot3_gazebo:/home/yoko/turtlebot3_ws/src/install/turtlebot3_fake_node:${AMENT_PREFIX_PATH} CMAKE_PREFIX_PATH=/home/yoko/turtlebot3_ws/src/install/turtlebot3_gazebo:/home/yoko/turtlebot3_ws/src/install/turtlebot3_fake_node:/home/yoko/turtlebot3_ws/install/turtlebot3_simulations:/home/yoko/turtlebot3_ws/install/turtlebot3_gazebo:/home/yoko/turtlebot3_ws/install/turtlebot3_fake_node:/home/yoko/turtlebot3_ws/install/choirbot_interfaces:/home/yoko/turtlebot3_ws/install/robot_spawner_pkg:/home/yoko/turtlebot3_ws/install/robot_controller_utils:/home/yoko/turtlebot3_ws/install/choirbot_examples:/home/yoko/turtlebot3_ws/install/choirbot:/opt/ros/foxy /usr/bin/cmake --build /home/yoko/turtlebot3_ws/src/build/turtlebot3_simulations -- -j8 -l8
[1.535s] Invoked command in '/home/yoko/turtlebot3_ws/src/build/turtlebot3_simulations' returned '0': AMENT_PREFIX_PATH=/home/yoko/turtlebot3_ws/src/install/turtlebot3_gazebo:/home/yoko/turtlebot3_ws/src/install/turtlebot3_fake_node:${AMENT_PREFIX_PATH} CMAKE_PREFIX_PATH=/home/yoko/turtlebot3_ws/src/install/turtlebot3_gazebo:/home/yoko/turtlebot3_ws/src/install/turtlebot3_fake_node:/home/yoko/turtlebot3_ws/install/turtlebot3_simulations:/home/yoko/turtlebot3_ws/install/turtlebot3_gazebo:/home/yoko/turtlebot3_ws/install/turtlebot3_fake_node:/home/yoko/turtlebot3_ws/install/choirbot_interfaces:/home/yoko/turtlebot3_ws/install/robot_spawner_pkg:/home/yoko/turtlebot3_ws/install/robot_controller_utils:/home/yoko/turtlebot3_ws/install/choirbot_examples:/home/yoko/turtlebot3_ws/install/choirbot:/opt/ros/foxy /usr/bin/cmake --build /home/yoko/turtlebot3_ws/src/build/turtlebot3_simulations -- -j8 -l8
[1.587s] Invoking command in '/home/yoko/turtlebot3_ws/src/build/turtlebot3_simulations': AMENT_PREFIX_PATH=/home/yoko/turtlebot3_ws/src/install/turtlebot3_gazebo:/home/yoko/turtlebot3_ws/src/install/turtlebot3_fake_node:${AMENT_PREFIX_PATH} CMAKE_PREFIX_PATH=/home/yoko/turtlebot3_ws/src/install/turtlebot3_gazebo:/home/yoko/turtlebot3_ws/src/install/turtlebot3_fake_node:/home/yoko/turtlebot3_ws/install/turtlebot3_simulations:/home/yoko/turtlebot3_ws/install/turtlebot3_gazebo:/home/yoko/turtlebot3_ws/install/turtlebot3_fake_node:/home/yoko/turtlebot3_ws/install/choirbot_interfaces:/home/yoko/turtlebot3_ws/install/robot_spawner_pkg:/home/yoko/turtlebot3_ws/install/robot_controller_utils:/home/yoko/turtlebot3_ws/install/choirbot_examples:/home/yoko/turtlebot3_ws/install/choirbot:/opt/ros/foxy /usr/bin/cmake --install /home/yoko/turtlebot3_ws/src/build/turtlebot3_simulations
[1.603s] -- Install configuration: ""
[1.603s] -- Execute custom install script
[1.604s] -- Symlinking: /home/yoko/turtlebot3_ws/src/install/turtlebot3_simulations/share/ament_index/resource_index/package_run_dependencies/turtlebot3_simulations
[1.622s] -- Symlinking: /home/yoko/turtlebot3_ws/src/install/turtlebot3_simulations/share/ament_index/resource_index/parent_prefix_path/turtlebot3_simulations
[1.636s] -- Symlinking: /home/yoko/turtlebot3_ws/src/install/turtlebot3_simulations/share/turtlebot3_simulations/environment/ament_prefix_path.sh
[1.652s] -- Symlinking: /home/yoko/turtlebot3_ws/src/install/turtlebot3_simulations/share/turtlebot3_simulations/environment/ament_prefix_path.dsv
[1.672s] -- Symlinking: /home/yoko/turtlebot3_ws/src/install/turtlebot3_simulations/share/turtlebot3_simulations/environment/path.sh
[1.691s] -- Symlinking: /home/yoko/turtlebot3_ws/src/install/turtlebot3_simulations/share/turtlebot3_simulations/environment/path.dsv
[1.706s] -- Symlinking: /home/yoko/turtlebot3_ws/src/install/turtlebot3_simulations/share/turtlebot3_simulations/local_setup.bash
[1.725s] -- Symlinking: /home/yoko/turtlebot3_ws/src/install/turtlebot3_simulations/share/turtlebot3_simulations/local_setup.sh
[1.745s] -- Symlinking: /home/yoko/turtlebot3_ws/src/install/turtlebot3_simulations/share/turtlebot3_simulations/local_setup.zsh
[1.765s] -- Symlinking: /home/yoko/turtlebot3_ws/src/install/turtlebot3_simulations/share/turtlebot3_simulations/local_setup.dsv
[1.787s] -- Symlinking: /home/yoko/turtlebot3_ws/src/install/turtlebot3_simulations/share/turtlebot3_simulations/package.dsv
[1.803s] -- Symlinking: /home/yoko/turtlebot3_ws/src/install/turtlebot3_simulations/share/ament_index/resource_index/packages/turtlebot3_simulations
[1.823s] -- Symlinking: /home/yoko/turtlebot3_ws/src/install/turtlebot3_simulations/share/turtlebot3_simulations/cmake/turtlebot3_simulationsConfig.cmake
[1.840s] -- Symlinking: /home/yoko/turtlebot3_ws/src/install/turtlebot3_simulations/share/turtlebot3_simulations/cmake/turtlebot3_simulationsConfig-version.cmake
[1.861s] -- Symlinking: /home/yoko/turtlebot3_ws/src/install/turtlebot3_simulations/share/turtlebot3_simulations/package.xml
[1.886s] Invoked command in '/home/yoko/turtlebot3_ws/src/build/turtlebot3_simulations' returned '0': AMENT_PREFIX_PATH=/home/yoko/turtlebot3_ws/src/install/turtlebot3_gazebo:/home/yoko/turtlebot3_ws/src/install/turtlebot3_fake_node:${AMENT_PREFIX_PATH} CMAKE_PREFIX_PATH=/home/yoko/turtlebot3_ws/src/install/turtlebot3_gazebo:/home/yoko/turtlebot3_ws/src/install/turtlebot3_fake_node:/home/yoko/turtlebot3_ws/install/turtlebot3_simulations:/home/yoko/turtlebot3_ws/install/turtlebot3_gazebo:/home/yoko/turtlebot3_ws/install/turtlebot3_fake_node:/home/yoko/turtlebot3_ws/install/choirbot_interfaces:/home/yoko/turtlebot3_ws/install/robot_spawner_pkg:/home/yoko/turtlebot3_ws/install/robot_controller_utils:/home/yoko/turtlebot3_ws/install/choirbot_examples:/home/yoko/turtlebot3_ws/install/choirbot:/opt/ros/foxy /usr/bin/cmake --install /home/yoko/turtlebot3_ws/src/build/turtlebot3_simulations
