[0.139s] Invoking command in '/home/yoko/turtlebot3_ws/build/ardrone_autonomy': /usr/bin/cmake /home/yoko/turtlebot3_ws/src/ardrone_autonomy -DCATKIN_INSTALL_INTO_PREFIX_ROOT=0 -DCATKIN_SYMLINK_INSTALL=ON -DCMAKE_INSTALL_PREFIX=/home/yoko/turtlebot3_ws/install/ardrone_autonomy
[4.053s] -- The C compiler identification is GNU 9.3.0
[5.019s] -- The CXX compiler identification is GNU 9.3.0
[5.151s] -- Check for working C compiler: /usr/bin/cc
[5.454s] -- Check for working C compiler: /usr/bin/cc -- works
[5.456s] -- Detecting C compiler ABI info
[5.565s] -- Detecting C compiler ABI info - done
[5.593s] -- Detecting C compile features
[5.604s] -- Detecting C compile features - done
[5.625s] -- Check for working CXX compiler: /usr/bin/c++
[5.743s] -- Check for working CXX compiler: /usr/bin/c++ -- works
[5.746s] -- Detecting CXX compiler ABI info
[5.864s] -- Detecting CXX compiler ABI info - done
[5.890s] -- Detecting CXX compile features
[5.891s] -- Detecting CXX compile features - done
[6.043s] CMake Error at CMakeLists.txt:5 (find_package):
[6.043s]   By not providing "Findcatkin.cmake" in CMAKE_MODULE_PATH this project has
[6.043s]   asked CMake to find a package configuration file provided by "catkin", but
[6.043s]   CMake did not find one.
[6.044s] 
[6.044s]   Could not find a package configuration file provided by "catkin" with any
[6.044s]   of the following names:
[6.044s] 
[6.045s]     catkinConfig.cmake
[6.045s]     catkin-config.cmake
[6.045s] 
[6.045s]   Add the installation prefix of "catkin" to CMAKE_PREFIX_PATH or set
[6.045s]   "catkin_DIR" to a directory containing one of the above files.  If "catkin"
[6.046s]   provides a separate development package or SDK, be sure it has been
[6.046s]   installed.
[6.046s] 
[6.046s] 
[6.067s] -- Configuring incomplete, errors occurred!
[6.068s] See also "/home/yoko/turtlebot3_ws/build/ardrone_autonomy/CMakeFiles/CMakeOutput.log".
[6.070s] Invoked command in '/home/yoko/turtlebot3_ws/build/ardrone_autonomy' returned '1': /usr/bin/cmake /home/yoko/turtlebot3_ws/src/ardrone_autonomy -DCATKIN_INSTALL_INTO_PREFIX_ROOT=0 -DCATKIN_SYMLINK_INSTALL=ON -DCMAKE_INSTALL_PREFIX=/home/yoko/turtlebot3_ws/install/ardrone_autonomy
