[0.069s] Invoking command in '/home/yoko/turtlebot3_ws/src/build/turtlebot3_fake_node': CMAKE_PREFIX_PATH=${CMAKE_PREFIX_PATH}:/home/yoko/turtlebot3_ws/install/robot_spawner_pkg:/home/yoko/turtlebot3_ws/install/robot_controller_utils:/home/yoko/turtlebot3_ws/install/choirbot_examples:/home/yoko/turtlebot3_ws/install/choirbot:/opt/ros/foxy /usr/bin/cmake --build /home/yoko/turtlebot3_ws/src/build/turtlebot3_fake_node -- -j8 -l8
[0.368s] [100%] Built target turtlebot3_fake_node
[0.388s] Invoked command in '/home/yoko/turtlebot3_ws/src/build/turtlebot3_fake_node' returned '0': CMAKE_PREFIX_PATH=${CMAKE_PREFIX_PATH}:/home/yoko/turtlebot3_ws/install/robot_spawner_pkg:/home/yoko/turtlebot3_ws/install/robot_controller_utils:/home/yoko/turtlebot3_ws/install/choirbot_examples:/home/yoko/turtlebot3_ws/install/choirbot:/opt/ros/foxy /usr/bin/cmake --build /home/yoko/turtlebot3_ws/src/build/turtlebot3_fake_node -- -j8 -l8
[0.427s] Invoking command in '/home/yoko/turtlebot3_ws/src/build/turtlebot3_fake_node': CMAKE_PREFIX_PATH=${CMAKE_PREFIX_PATH}:/home/yoko/turtlebot3_ws/install/robot_spawner_pkg:/home/yoko/turtlebot3_ws/install/robot_controller_utils:/home/yoko/turtlebot3_ws/install/choirbot_examples:/home/yoko/turtlebot3_ws/install/choirbot:/opt/ros/foxy /usr/bin/cmake --install /home/yoko/turtlebot3_ws/src/build/turtlebot3_fake_node
[0.439s] -- Install configuration: ""
[0.440s] -- Execute custom install script
[0.452s] -- Up-to-date symlink: /home/yoko/turtlebot3_ws/src/install/turtlebot3_fake_node/lib/turtlebot3_fake_node/turtlebot3_fake_node
[0.453s] -- Up-to-date symlink: /home/yoko/turtlebot3_ws/src/install/turtlebot3_fake_node/share/turtlebot3_fake_node/launch/rviz2.launch.py
[0.454s] -- Up-to-date symlink: /home/yoko/turtlebot3_ws/src/install/turtlebot3_fake_node/share/turtlebot3_fake_node/launch/turtlebot3_fake_node.launch.py
[0.469s] -- Up-to-date symlink: /home/yoko/turtlebot3_ws/src/install/turtlebot3_fake_node/share/turtlebot3_fake_node/param/burger.yaml
[0.470s] -- Up-to-date symlink: /home/yoko/turtlebot3_ws/src/install/turtlebot3_fake_node/share/turtlebot3_fake_node/param/waffle.yaml
[0.470s] -- Up-to-date symlink: /home/yoko/turtlebot3_ws/src/install/turtlebot3_fake_node/share/turtlebot3_fake_node/param/waffle_pi.yaml
[0.485s] -- Up-to-date symlink: /home/yoko/turtlebot3_ws/src/install/turtlebot3_fake_node/share/turtlebot3_fake_node/rviz/model.rviz
[0.488s] -- Up-to-date symlink: /home/yoko/turtlebot3_ws/src/install/turtlebot3_fake_node/include//turtlebot3_fake_node/turtlebot3_fake_node.hpp
[0.489s] -- Up-to-date symlink: /home/yoko/turtlebot3_ws/src/install/turtlebot3_fake_node/share/ament_index/resource_index/package_run_dependencies/turtlebot3_fake_node
[0.502s] -- Up-to-date symlink: /home/yoko/turtlebot3_ws/src/install/turtlebot3_fake_node/share/ament_index/resource_index/parent_prefix_path/turtlebot3_fake_node
[0.504s] -- Up-to-date symlink: /home/yoko/turtlebot3_ws/src/install/turtlebot3_fake_node/share/turtlebot3_fake_node/environment/ament_prefix_path.sh
[0.505s] -- Up-to-date symlink: /home/yoko/turtlebot3_ws/src/install/turtlebot3_fake_node/share/turtlebot3_fake_node/environment/ament_prefix_path.dsv
[0.519s] -- Up-to-date symlink: /home/yoko/turtlebot3_ws/src/install/turtlebot3_fake_node/share/turtlebot3_fake_node/environment/path.sh
[0.520s] -- Up-to-date symlink: /home/yoko/turtlebot3_ws/src/install/turtlebot3_fake_node/share/turtlebot3_fake_node/environment/path.dsv
[0.521s] -- Up-to-date symlink: /home/yoko/turtlebot3_ws/src/install/turtlebot3_fake_node/share/turtlebot3_fake_node/local_setup.bash
[0.522s] -- Up-to-date symlink: /home/yoko/turtlebot3_ws/src/install/turtlebot3_fake_node/share/turtlebot3_fake_node/local_setup.sh
[0.522s] -- Up-to-date symlink: /home/yoko/turtlebot3_ws/src/install/turtlebot3_fake_node/share/turtlebot3_fake_node/local_setup.zsh
[0.536s] -- Up-to-date symlink: /home/yoko/turtlebot3_ws/src/install/turtlebot3_fake_node/share/turtlebot3_fake_node/local_setup.dsv
[0.536s] -- Symlinking: /home/yoko/turtlebot3_ws/src/install/turtlebot3_fake_node/share/turtlebot3_fake_node/package.dsv
[0.553s] -- Up-to-date symlink: /home/yoko/turtlebot3_ws/src/install/turtlebot3_fake_node/share/ament_index/resource_index/packages/turtlebot3_fake_node
[0.554s] -- Up-to-date symlink: /home/yoko/turtlebot3_ws/src/install/turtlebot3_fake_node/share/turtlebot3_fake_node/cmake/ament_cmake_export_include_directories-extras.cmake
[0.555s] -- Up-to-date symlink: /home/yoko/turtlebot3_ws/src/install/turtlebot3_fake_node/share/turtlebot3_fake_node/cmake/ament_cmake_export_dependencies-extras.cmake
[0.556s] -- Up-to-date symlink: /home/yoko/turtlebot3_ws/src/install/turtlebot3_fake_node/share/turtlebot3_fake_node/cmake/turtlebot3_fake_nodeConfig.cmake
[0.557s] -- Up-to-date symlink: /home/yoko/turtlebot3_ws/src/install/turtlebot3_fake_node/share/turtlebot3_fake_node/cmake/turtlebot3_fake_nodeConfig-version.cmake
[0.558s] -- Up-to-date symlink: /home/yoko/turtlebot3_ws/src/install/turtlebot3_fake_node/share/turtlebot3_fake_node/package.xml
[0.563s] Invoked command in '/home/yoko/turtlebot3_ws/src/build/turtlebot3_fake_node' returned '0': CMAKE_PREFIX_PATH=${CMAKE_PREFIX_PATH}:/home/yoko/turtlebot3_ws/install/robot_spawner_pkg:/home/yoko/turtlebot3_ws/install/robot_controller_utils:/home/yoko/turtlebot3_ws/install/choirbot_examples:/home/yoko/turtlebot3_ws/install/choirbot:/opt/ros/foxy /usr/bin/cmake --install /home/yoko/turtlebot3_ws/src/build/turtlebot3_fake_node
