[0.248s] Invoking command in '/home/yoko/turtlebot3_ws/build/turtlebot3_gazebo': CMAKE_PREFIX_PATH=${CMAKE_PREFIX_PATH}:/home/yoko/turtlebot3_ws/install/robot_spawner_pkg:/home/yoko/turtlebot3_ws/install/robot_controller_utils:/home/yoko/turtlebot3_ws/install/choirbot_examples:/home/yoko/turtlebot3_ws/install/choirbot:/opt/ros/foxy /usr/bin/cmake --build /home/yoko/turtlebot3_ws/build/turtlebot3_gazebo -- -j8 -l8
[0.777s] [ 25%] Built target obstacle1
[0.778s] [ 50%] Built target obstacle2
[0.794s] [ 75%] Built target turtlebot3_drive
[0.803s] [100%] Built target obstacles
[0.824s] Invoked command in '/home/yoko/turtlebot3_ws/build/turtlebot3_gazebo' returned '0': CMAKE_PREFIX_PATH=${CMAKE_PREFIX_PATH}:/home/yoko/turtlebot3_ws/install/robot_spawner_pkg:/home/yoko/turtlebot3_ws/install/robot_controller_utils:/home/yoko/turtlebot3_ws/install/choirbot_examples:/home/yoko/turtlebot3_ws/install/choirbot:/opt/ros/foxy /usr/bin/cmake --build /home/yoko/turtlebot3_ws/build/turtlebot3_gazebo -- -j8 -l8
[0.873s] Invoking command in '/home/yoko/turtlebot3_ws/build/turtlebot3_gazebo': CMAKE_PREFIX_PATH=${CMAKE_PREFIX_PATH}:/home/yoko/turtlebot3_ws/install/robot_spawner_pkg:/home/yoko/turtlebot3_ws/install/robot_controller_utils:/home/yoko/turtlebot3_ws/install/choirbot_examples:/home/yoko/turtlebot3_ws/install/choirbot:/opt/ros/foxy /usr/bin/cmake --install /home/yoko/turtlebot3_ws/build/turtlebot3_gazebo
[0.887s] -- Install configuration: ""
[0.905s] -- Execute custom install script
[0.915s] -- Up-to-date symlink: /home/yoko/turtlebot3_ws/install/turtlebot3_gazebo/lib/turtlebot3_gazebo/turtlebot3_drive
[0.937s] -- Up-to-date symlink: /home/yoko/turtlebot3_ws/install/turtlebot3_gazebo/share/turtlebot3_gazebo//launch/empty_world.launch.py
[0.937s] -- Up-to-date symlink: /home/yoko/turtlebot3_ws/install/turtlebot3_gazebo/share/turtlebot3_gazebo//launch/robot_state_publisher.launch.py
[0.938s] -- Up-to-date symlink: /home/yoko/turtlebot3_ws/install/turtlebot3_gazebo/share/turtlebot3_gazebo//launch/turtlebot3_autorace.launch.py
[0.938s] -- Up-to-date symlink: /home/yoko/turtlebot3_ws/install/turtlebot3_gazebo/share/turtlebot3_gazebo//launch/turtlebot3_dqn_stage1.launch.py
[0.939s] -- Up-to-date symlink: /home/yoko/turtlebot3_ws/install/turtlebot3_gazebo/share/turtlebot3_gazebo//launch/turtlebot3_dqn_stage2.launch.py
[0.940s] -- Up-to-date symlink: /home/yoko/turtlebot3_ws/install/turtlebot3_gazebo/share/turtlebot3_gazebo//launch/turtlebot3_dqn_stage3.launch.py
[0.940s] -- Up-to-date symlink: /home/yoko/turtlebot3_ws/install/turtlebot3_gazebo/share/turtlebot3_gazebo//launch/turtlebot3_dqn_stage4.launch.py
[0.940s] -- Up-to-date symlink: /home/yoko/turtlebot3_ws/install/turtlebot3_gazebo/share/turtlebot3_gazebo//launch/turtlebot3_house.launch.py
[0.941s] -- Up-to-date symlink: /home/yoko/turtlebot3_ws/install/turtlebot3_gazebo/share/turtlebot3_gazebo//launch/turtlebot3_world.launch.py
[1.008s] -- Up-to-date symlink: /home/yoko/turtlebot3_ws/install/turtlebot3_gazebo/share/turtlebot3_gazebo//models/choirbot_world/meshes/hexagon.dae
[1.009s] -- Up-to-date symlink: /home/yoko/turtlebot3_ws/install/turtlebot3_gazebo/share/turtlebot3_gazebo//models/choirbot_world/meshes/wall.dae
[1.009s] -- Up-to-date symlink: /home/yoko/turtlebot3_ws/install/turtlebot3_gazebo/share/turtlebot3_gazebo//models/choirbot_world/model-1_4.sdf
[1.009s] -- Up-to-date symlink: /home/yoko/turtlebot3_ws/install/turtlebot3_gazebo/share/turtlebot3_gazebo//models/choirbot_world/model.config
[1.009s] -- Up-to-date symlink: /home/yoko/turtlebot3_ws/install/turtlebot3_gazebo/share/turtlebot3_gazebo//models/choirbot_world/model.sdf
[1.010s] -- Up-to-date symlink: /home/yoko/turtlebot3_ws/install/turtlebot3_gazebo/share/turtlebot3_gazebo//models/ocean_box/model.config
[1.037s] -- Up-to-date symlink: /home/yoko/turtlebot3_ws/install/turtlebot3_gazebo/share/turtlebot3_gazebo//models/ocean_box/model.sdf
[1.046s] -- Up-to-date symlink: /home/yoko/turtlebot3_ws/install/turtlebot3_gazebo/share/turtlebot3_gazebo//models/ocean_box/programs/SimpleWaves.frag
[1.047s] -- Up-to-date symlink: /home/yoko/turtlebot3_ws/install/turtlebot3_gazebo/share/turtlebot3_gazebo//models/ocean_box/programs/SimpleWaves.vert
[1.078s] -- Up-to-date symlink: /home/yoko/turtlebot3_ws/install/turtlebot3_gazebo/share/turtlebot3_gazebo//models/ocean_box/scripts/fiducials.material
[1.080s] -- Up-to-date symlink: /home/yoko/turtlebot3_ws/install/turtlebot3_gazebo/share/turtlebot3_gazebo//models/ocean_box/scripts/sand.material
[1.080s] -- Up-to-date symlink: /home/yoko/turtlebot3_ws/install/turtlebot3_gazebo/share/turtlebot3_gazebo//models/ocean_box/scripts/water.material
[1.081s] -- Up-to-date symlink: /home/yoko/turtlebot3_ws/install/turtlebot3_gazebo/share/turtlebot3_gazebo//models/ocean_box/scripts/waves.material
[1.081s] -- Up-to-date symlink: /home/yoko/turtlebot3_ws/install/turtlebot3_gazebo/share/turtlebot3_gazebo//models/ocean_box/textures/License and source for textures.txt
[1.082s] -- Up-to-date symlink: /home/yoko/turtlebot3_ws/install/turtlebot3_gazebo/share/turtlebot3_gazebo//models/ocean_box/textures/clouds.jpg
[1.082s] -- Up-to-date symlink: /home/yoko/turtlebot3_ws/install/turtlebot3_gazebo/share/turtlebot3_gazebo//models/ocean_box/textures/clouds_bk.jpg
[1.083s] -- Up-to-date symlink: /home/yoko/turtlebot3_ws/install/turtlebot3_gazebo/share/turtlebot3_gazebo//models/ocean_box/textures/clouds_dn.jpg
[1.096s] -- Up-to-date symlink: /home/yoko/turtlebot3_ws/install/turtlebot3_gazebo/share/turtlebot3_gazebo//models/ocean_box/textures/clouds_fr.jpg
[1.113s] -- Up-to-date symlink: /home/yoko/turtlebot3_ws/install/turtlebot3_gazebo/share/turtlebot3_gazebo//models/ocean_box/textures/clouds_lf.jpg
[1.114s] -- Up-to-date symlink: /home/yoko/turtlebot3_ws/install/turtlebot3_gazebo/share/turtlebot3_gazebo//models/ocean_box/textures/clouds_rt.jpg
[1.115s] -- Up-to-date symlink: /home/yoko/turtlebot3_ws/install/turtlebot3_gazebo/share/turtlebot3_gazebo//models/ocean_box/textures/clouds_up.jpg
[1.115s] -- Up-to-date symlink: /home/yoko/turtlebot3_ws/install/turtlebot3_gazebo/share/turtlebot3_gazebo//models/ocean_box/textures/fiducials/License and source for textures.txt
[1.116s] -- Up-to-date symlink: /home/yoko/turtlebot3_ws/install/turtlebot3_gazebo/share/turtlebot3_gazebo//models/ocean_box/textures/fiducials/aruco_1.png
[1.155s] -- Up-to-date symlink: /home/yoko/turtlebot3_ws/install/turtlebot3_gazebo/share/turtlebot3_gazebo//models/ocean_box/textures/fiducials/aruco_2.png
[1.156s] -- Up-to-date symlink: /home/yoko/turtlebot3_ws/install/turtlebot3_gazebo/share/turtlebot3_gazebo//models/ocean_box/textures/fiducials/aruco_3.png
[1.157s] -- Up-to-date symlink: /home/yoko/turtlebot3_ws/install/turtlebot3_gazebo/share/turtlebot3_gazebo//models/ocean_box/textures/fiducials/aruco_4.png
[1.158s] -- Up-to-date symlink: /home/yoko/turtlebot3_ws/install/turtlebot3_gazebo/share/turtlebot3_gazebo//models/ocean_box/textures/fiducials/aruco_5.png
[1.159s] -- Up-to-date symlink: /home/yoko/turtlebot3_ws/install/turtlebot3_gazebo/share/turtlebot3_gazebo//models/ocean_box/textures/soil_sand_0045_01.jpg
[1.222s] -- Up-to-date symlink: /home/yoko/turtlebot3_ws/install/turtlebot3_gazebo/share/turtlebot3_gazebo//models/ocean_box/textures/water_water_0046_01.jpg
[1.222s] -- Up-to-date symlink: /home/yoko/turtlebot3_ws/install/turtlebot3_gazebo/share/turtlebot3_gazebo//models/ocean_box/textures/water_water_0051_01.jpg
[1.224s] -- Up-to-date symlink: /home/yoko/turtlebot3_ws/install/turtlebot3_gazebo/share/turtlebot3_gazebo//models/ocean_box/textures/water_water_0076_03_s.jpg
[1.224s] -- Up-to-date symlink: /home/yoko/turtlebot3_ws/install/turtlebot3_gazebo/share/turtlebot3_gazebo//models/ocean_box/textures/water_water_0093_01.jpg
[1.225s] -- Up-to-date symlink: /home/yoko/turtlebot3_ws/install/turtlebot3_gazebo/share/turtlebot3_gazebo//models/ocean_box/textures/wave_normals.dds
[1.225s] -- Up-to-date symlink: /home/yoko/turtlebot3_ws/install/turtlebot3_gazebo/share/turtlebot3_gazebo//models/turtlebot3_autorace/course/materials/scripts/course.material
[1.226s] -- Up-to-date symlink: /home/yoko/turtlebot3_ws/install/turtlebot3_gazebo/share/turtlebot3_gazebo//models/turtlebot3_autorace/course/materials/textures/course.png
[1.226s] -- Up-to-date symlink: /home/yoko/turtlebot3_ws/install/turtlebot3_gazebo/share/turtlebot3_gazebo//models/turtlebot3_autorace/course/model.config
[1.227s] -- Up-to-date symlink: /home/yoko/turtlebot3_ws/install/turtlebot3_gazebo/share/turtlebot3_gazebo//models/turtlebot3_autorace/course/model.sdf
[1.266s] -- Up-to-date symlink: /home/yoko/turtlebot3_ws/install/turtlebot3_gazebo/share/turtlebot3_gazebo//models/turtlebot3_autorace/ground/model.config
[1.266s] -- Up-to-date symlink: /home/yoko/turtlebot3_ws/install/turtlebot3_gazebo/share/turtlebot3_gazebo//models/turtlebot3_autorace/ground/model.sdf
[1.269s] -- Up-to-date symlink: /home/yoko/turtlebot3_ws/install/turtlebot3_gazebo/share/turtlebot3_gazebo//models/turtlebot3_autorace/lights/model.config
[1.270s] -- Up-to-date symlink: /home/yoko/turtlebot3_ws/install/turtlebot3_gazebo/share/turtlebot3_gazebo//models/turtlebot3_autorace/lights/model.sdf
[1.270s] -- Up-to-date symlink: /home/yoko/turtlebot3_ws/install/turtlebot3_gazebo/share/turtlebot3_gazebo//models/turtlebot3_autorace/model.config
[1.271s] -- Up-to-date symlink: /home/yoko/turtlebot3_ws/install/turtlebot3_gazebo/share/turtlebot3_gazebo//models/turtlebot3_autorace/traffic_bar_down/materials/scripts/traffic_bar.material
[1.325s] -- Up-to-date symlink: /home/yoko/turtlebot3_ws/install/turtlebot3_gazebo/share/turtlebot3_gazebo//models/turtlebot3_autorace/traffic_bar_down/materials/textures/traffic_bar.png
[1.325s] -- Up-to-date symlink: /home/yoko/turtlebot3_ws/install/turtlebot3_gazebo/share/turtlebot3_gazebo//models/turtlebot3_autorace/traffic_bar_down/model.config
[1.327s] -- Up-to-date symlink: /home/yoko/turtlebot3_ws/install/turtlebot3_gazebo/share/turtlebot3_gazebo//models/turtlebot3_autorace/traffic_bar_down/model.sdf
[1.328s] -- Up-to-date symlink: /home/yoko/turtlebot3_ws/install/turtlebot3_gazebo/share/turtlebot3_gazebo//models/turtlebot3_autorace/traffic_bar_up/materials/scripts/traffic_bar.material
[1.329s] -- Up-to-date symlink: /home/yoko/turtlebot3_ws/install/turtlebot3_gazebo/share/turtlebot3_gazebo//models/turtlebot3_autorace/traffic_bar_up/materials/textures/traffic_bar.png
[1.352s] -- Up-to-date symlink: /home/yoko/turtlebot3_ws/install/turtlebot3_gazebo/share/turtlebot3_gazebo//models/turtlebot3_autorace/traffic_bar_up/model.config
[1.353s] -- Up-to-date symlink: /home/yoko/turtlebot3_ws/install/turtlebot3_gazebo/share/turtlebot3_gazebo//models/turtlebot3_autorace/traffic_bar_up/model.sdf
[1.353s] -- Up-to-date symlink: /home/yoko/turtlebot3_ws/install/turtlebot3_gazebo/share/turtlebot3_gazebo//models/turtlebot3_autorace/traffic_light_green/model.config
[1.354s] -- Up-to-date symlink: /home/yoko/turtlebot3_ws/install/turtlebot3_gazebo/share/turtlebot3_gazebo//models/turtlebot3_autorace/traffic_light_green/model.sdf
[1.384s] -- Up-to-date symlink: /home/yoko/turtlebot3_ws/install/turtlebot3_gazebo/share/turtlebot3_gazebo//models/turtlebot3_autorace/traffic_light_red/model.config
[1.385s] -- Up-to-date symlink: /home/yoko/turtlebot3_ws/install/turtlebot3_gazebo/share/turtlebot3_gazebo//models/turtlebot3_autorace/traffic_light_red/model.sdf
[1.385s] -- Up-to-date symlink: /home/yoko/turtlebot3_ws/install/turtlebot3_gazebo/share/turtlebot3_gazebo//models/turtlebot3_autorace/traffic_light_yellow/model.config
[1.386s] -- Up-to-date symlink: /home/yoko/turtlebot3_ws/install/turtlebot3_gazebo/share/turtlebot3_gazebo//models/turtlebot3_autorace/traffic_light_yellow/model.sdf
[1.387s] -- Up-to-date symlink: /home/yoko/turtlebot3_ws/install/turtlebot3_gazebo/share/turtlebot3_gazebo//models/turtlebot3_autorace/traffic_parking/materials/scripts/traffic_parking.material
[1.387s] -- Up-to-date symlink: /home/yoko/turtlebot3_ws/install/turtlebot3_gazebo/share/turtlebot3_gazebo//models/turtlebot3_autorace/traffic_parking/materials/textures/traffic_parking.png
[1.388s] -- Up-to-date symlink: /home/yoko/turtlebot3_ws/install/turtlebot3_gazebo/share/turtlebot3_gazebo//models/turtlebot3_autorace/traffic_parking/model.config
[1.389s] -- Up-to-date symlink: /home/yoko/turtlebot3_ws/install/turtlebot3_gazebo/share/turtlebot3_gazebo//models/turtlebot3_autorace/traffic_parking/model.sdf
[1.389s] -- Up-to-date symlink: /home/yoko/turtlebot3_ws/install/turtlebot3_gazebo/share/turtlebot3_gazebo//models/turtlebot3_autorace/traffic_stop/materials/scripts/traffic_stop.material
[1.390s] -- Up-to-date symlink: /home/yoko/turtlebot3_ws/install/turtlebot3_gazebo/share/turtlebot3_gazebo//models/turtlebot3_autorace/traffic_stop/materials/textures/traffic_stop.png
[1.390s] -- Up-to-date symlink: /home/yoko/turtlebot3_ws/install/turtlebot3_gazebo/share/turtlebot3_gazebo//models/turtlebot3_autorace/traffic_stop/model.config
[1.390s] -- Up-to-date symlink: /home/yoko/turtlebot3_ws/install/turtlebot3_gazebo/share/turtlebot3_gazebo//models/turtlebot3_autorace/traffic_stop/model.sdf
[1.392s] -- Up-to-date symlink: /home/yoko/turtlebot3_ws/install/turtlebot3_gazebo/share/turtlebot3_gazebo//models/turtlebot3_autorace/traffic_tunnel/materials/scripts/tunnel.material
[1.393s] -- Up-to-date symlink: /home/yoko/turtlebot3_ws/install/turtlebot3_gazebo/share/turtlebot3_gazebo//models/turtlebot3_autorace/traffic_tunnel/materials/textures/tunnel.png
[1.393s] -- Up-to-date symlink: /home/yoko/turtlebot3_ws/install/turtlebot3_gazebo/share/turtlebot3_gazebo//models/turtlebot3_autorace/traffic_tunnel/model.config
[1.394s] -- Up-to-date symlink: /home/yoko/turtlebot3_ws/install/turtlebot3_gazebo/share/turtlebot3_gazebo//models/turtlebot3_autorace/traffic_tunnel/model.sdf
[1.395s] -- Up-to-date symlink: /home/yoko/turtlebot3_ws/install/turtlebot3_gazebo/share/turtlebot3_gazebo//models/turtlebot3_autorace/tunnel_obstacles/model.config
[1.442s] -- Up-to-date symlink: /home/yoko/turtlebot3_ws/install/turtlebot3_gazebo/share/turtlebot3_gazebo//models/turtlebot3_autorace/tunnel_obstacles/model.sdf
[1.443s] -- Up-to-date symlink: /home/yoko/turtlebot3_ws/install/turtlebot3_gazebo/share/turtlebot3_gazebo//models/turtlebot3_autorace/tunnel_wall/model.config
[1.444s] -- Up-to-date symlink: /home/yoko/turtlebot3_ws/install/turtlebot3_gazebo/share/turtlebot3_gazebo//models/turtlebot3_autorace/tunnel_wall/model.sdf
[1.444s] -- Up-to-date symlink: /home/yoko/turtlebot3_ws/install/turtlebot3_gazebo/share/turtlebot3_gazebo//models/turtlebot3_burger/meshes/burger_base.dae
[1.445s] -- Up-to-date symlink: /home/yoko/turtlebot3_ws/install/turtlebot3_gazebo/share/turtlebot3_gazebo//models/turtlebot3_burger/meshes/lds.dae
[1.493s] -- Up-to-date symlink: /home/yoko/turtlebot3_ws/install/turtlebot3_gazebo/share/turtlebot3_gazebo//models/turtlebot3_burger/meshes/tire.dae
[1.494s] -- Up-to-date symlink: /home/yoko/turtlebot3_ws/install/turtlebot3_gazebo/share/turtlebot3_gazebo//models/turtlebot3_burger/model-1_4.sdf
[1.494s] -- Up-to-date symlink: /home/yoko/turtlebot3_ws/install/turtlebot3_gazebo/share/turtlebot3_gazebo//models/turtlebot3_burger/model.config
[1.494s] -- Up-to-date symlink: /home/yoko/turtlebot3_ws/install/turtlebot3_gazebo/share/turtlebot3_gazebo//models/turtlebot3_burger/model.sdf
[1.495s] -- Up-to-date symlink: /home/yoko/turtlebot3_ws/install/turtlebot3_gazebo/share/turtlebot3_gazebo//models/turtlebot3_dqn_world/goal_box/model.config
[1.495s] -- Up-to-date symlink: /home/yoko/turtlebot3_ws/install/turtlebot3_gazebo/share/turtlebot3_gazebo//models/turtlebot3_dqn_world/goal_box/model.sdf
[1.526s] -- Up-to-date symlink: /home/yoko/turtlebot3_ws/install/turtlebot3_gazebo/share/turtlebot3_gazebo//models/turtlebot3_dqn_world/inner_walls/model.config
[1.527s] -- Up-to-date symlink: /home/yoko/turtlebot3_ws/install/turtlebot3_gazebo/share/turtlebot3_gazebo//models/turtlebot3_dqn_world/inner_walls/model.sdf
[1.527s] -- Up-to-date symlink: /home/yoko/turtlebot3_ws/install/turtlebot3_gazebo/share/turtlebot3_gazebo//models/turtlebot3_dqn_world/model.config
[1.529s] -- Up-to-date symlink: /home/yoko/turtlebot3_ws/install/turtlebot3_gazebo/share/turtlebot3_gazebo//models/turtlebot3_dqn_world/model.sdf
[1.529s] -- Up-to-date symlink: /home/yoko/turtlebot3_ws/install/turtlebot3_gazebo/share/turtlebot3_gazebo//models/turtlebot3_dqn_world/obstacle1/model.config
[1.530s] -- Up-to-date symlink: /home/yoko/turtlebot3_ws/install/turtlebot3_gazebo/share/turtlebot3_gazebo//models/turtlebot3_dqn_world/obstacle1/model.sdf
[1.531s] -- Up-to-date symlink: /home/yoko/turtlebot3_ws/install/turtlebot3_gazebo/share/turtlebot3_gazebo//models/turtlebot3_dqn_world/obstacle2/model.config
[1.531s] -- Up-to-date symlink: /home/yoko/turtlebot3_ws/install/turtlebot3_gazebo/share/turtlebot3_gazebo//models/turtlebot3_dqn_world/obstacle2/model.sdf
[1.532s] -- Up-to-date symlink: /home/yoko/turtlebot3_ws/install/turtlebot3_gazebo/share/turtlebot3_gazebo//models/turtlebot3_dqn_world/obstacle_plugin/CMakeLists.txt
[1.568s] -- Up-to-date symlink: /home/yoko/turtlebot3_ws/install/turtlebot3_gazebo/share/turtlebot3_gazebo//models/turtlebot3_dqn_world/obstacle_plugin/obstacle1.cc
[1.569s] -- Up-to-date symlink: /home/yoko/turtlebot3_ws/install/turtlebot3_gazebo/share/turtlebot3_gazebo//models/turtlebot3_dqn_world/obstacle_plugin/obstacle2.cc
[1.571s] -- Up-to-date symlink: /home/yoko/turtlebot3_ws/install/turtlebot3_gazebo/share/turtlebot3_gazebo//models/turtlebot3_dqn_world/obstacle_plugin/obstacles.cc
[1.571s] -- Up-to-date symlink: /home/yoko/turtlebot3_ws/install/turtlebot3_gazebo/share/turtlebot3_gazebo//models/turtlebot3_dqn_world/obstacles/model.config
[1.572s] -- Up-to-date symlink: /home/yoko/turtlebot3_ws/install/turtlebot3_gazebo/share/turtlebot3_gazebo//models/turtlebot3_dqn_world/obstacles/model.sdf
[1.572s] -- Up-to-date symlink: /home/yoko/turtlebot3_ws/install/turtlebot3_gazebo/share/turtlebot3_gazebo//models/turtlebot3_house/model.config
[1.586s] -- Up-to-date symlink: /home/yoko/turtlebot3_ws/install/turtlebot3_gazebo/share/turtlebot3_gazebo//models/turtlebot3_house/model.sdf
[1.587s] -- Up-to-date symlink: /home/yoko/turtlebot3_ws/install/turtlebot3_gazebo/share/turtlebot3_gazebo//models/turtlebot3_waffle/meshes/lds.dae
[1.588s] -- Up-to-date symlink: /home/yoko/turtlebot3_ws/install/turtlebot3_gazebo/share/turtlebot3_gazebo//models/turtlebot3_waffle/meshes/r200.dae
[1.589s] -- Up-to-date symlink: /home/yoko/turtlebot3_ws/install/turtlebot3_gazebo/share/turtlebot3_gazebo//models/turtlebot3_waffle/meshes/tire.dae
[1.590s] -- Up-to-date symlink: /home/yoko/turtlebot3_ws/install/turtlebot3_gazebo/share/turtlebot3_gazebo//models/turtlebot3_waffle/meshes/waffle_base.dae
[1.603s] -- Up-to-date symlink: /home/yoko/turtlebot3_ws/install/turtlebot3_gazebo/share/turtlebot3_gazebo//models/turtlebot3_waffle/model-1_4.sdf
[1.603s] -- Up-to-date symlink: /home/yoko/turtlebot3_ws/install/turtlebot3_gazebo/share/turtlebot3_gazebo//models/turtlebot3_waffle/model.config
[1.604s] -- Up-to-date symlink: /home/yoko/turtlebot3_ws/install/turtlebot3_gazebo/share/turtlebot3_gazebo//models/turtlebot3_waffle/model.sdf
[1.605s] -- Up-to-date symlink: /home/yoko/turtlebot3_ws/install/turtlebot3_gazebo/share/turtlebot3_gazebo//models/turtlebot3_waffle_pi/meshes/lds.dae
[1.606s] -- Up-to-date symlink: /home/yoko/turtlebot3_ws/install/turtlebot3_gazebo/share/turtlebot3_gazebo//models/turtlebot3_waffle_pi/meshes/tire.dae
[1.607s] -- Up-to-date symlink: /home/yoko/turtlebot3_ws/install/turtlebot3_gazebo/share/turtlebot3_gazebo//models/turtlebot3_waffle_pi/meshes/waffle_pi_base.dae
[1.620s] -- Up-to-date symlink: /home/yoko/turtlebot3_ws/install/turtlebot3_gazebo/share/turtlebot3_gazebo//models/turtlebot3_waffle_pi/model-1_4_.sdf
[1.620s] -- Up-to-date symlink: /home/yoko/turtlebot3_ws/install/turtlebot3_gazebo/share/turtlebot3_gazebo//models/turtlebot3_waffle_pi/model.config
[1.621s] -- Up-to-date symlink: /home/yoko/turtlebot3_ws/install/turtlebot3_gazebo/share/turtlebot3_gazebo//models/turtlebot3_waffle_pi/model.sdf
[1.622s] -- Up-to-date symlink: /home/yoko/turtlebot3_ws/install/turtlebot3_gazebo/share/turtlebot3_gazebo//models/turtlebot3_world/meshes/hexagon.dae
[1.623s] -- Up-to-date symlink: /home/yoko/turtlebot3_ws/install/turtlebot3_gazebo/share/turtlebot3_gazebo//models/turtlebot3_world/meshes/wall.dae
[1.623s] -- Up-to-date symlink: /home/yoko/turtlebot3_ws/install/turtlebot3_gazebo/share/turtlebot3_gazebo//models/turtlebot3_world/model-1_4.sdf
[1.623s] -- Up-to-date symlink: /home/yoko/turtlebot3_ws/install/turtlebot3_gazebo/share/turtlebot3_gazebo//models/turtlebot3_world/model.config
[1.637s] -- Up-to-date symlink: /home/yoko/turtlebot3_ws/install/turtlebot3_gazebo/share/turtlebot3_gazebo//models/turtlebot3_world/model.sdf
[1.638s] -- Up-to-date symlink: /home/yoko/turtlebot3_ws/install/turtlebot3_gazebo/share/turtlebot3_gazebo//rviz/tb3_gazebo.rviz
[1.715s] -- Up-to-date symlink: /home/yoko/turtlebot3_ws/install/turtlebot3_gazebo/share/turtlebot3_gazebo//worlds/empty_worlds/burger.model
[1.732s] -- Up-to-date symlink: /home/yoko/turtlebot3_ws/install/turtlebot3_gazebo/share/turtlebot3_gazebo//worlds/empty_worlds/burger_base.model
[1.736s] -- Up-to-date symlink: /home/yoko/turtlebot3_ws/install/turtlebot3_gazebo/share/turtlebot3_gazebo//worlds/empty_worlds/publish_world_models.py
[1.737s] -- Up-to-date symlink: /home/yoko/turtlebot3_ws/install/turtlebot3_gazebo/share/turtlebot3_gazebo//worlds/empty_worlds/waffle.model
[1.737s] -- Up-to-date symlink: /home/yoko/turtlebot3_ws/install/turtlebot3_gazebo/share/turtlebot3_gazebo//worlds/empty_worlds/waffle_pi.model
[1.738s] -- Up-to-date symlink: /home/yoko/turtlebot3_ws/install/turtlebot3_gazebo/share/turtlebot3_gazebo//worlds/turtlebot3_autoraces/burger.model
[1.739s] -- Up-to-date symlink: /home/yoko/turtlebot3_ws/install/turtlebot3_gazebo/share/turtlebot3_gazebo//worlds/turtlebot3_autoraces/waffle.model
[1.762s] -- Up-to-date symlink: /home/yoko/turtlebot3_ws/install/turtlebot3_gazebo/share/turtlebot3_gazebo//worlds/turtlebot3_autoraces/waffle_pi.model
[1.763s] -- Up-to-date symlink: /home/yoko/turtlebot3_ws/install/turtlebot3_gazebo/share/turtlebot3_gazebo//worlds/turtlebot3_dqn_stage1/burger.model
[1.764s] -- Up-to-date symlink: /home/yoko/turtlebot3_ws/install/turtlebot3_gazebo/share/turtlebot3_gazebo//worlds/turtlebot3_dqn_stage1/waffle.model
[1.764s] -- Up-to-date symlink: /home/yoko/turtlebot3_ws/install/turtlebot3_gazebo/share/turtlebot3_gazebo//worlds/turtlebot3_dqn_stage1/waffle_pi.model
[1.765s] -- Up-to-date symlink: /home/yoko/turtlebot3_ws/install/turtlebot3_gazebo/share/turtlebot3_gazebo//worlds/turtlebot3_dqn_stage2/burger.model
[1.779s] -- Up-to-date symlink: /home/yoko/turtlebot3_ws/install/turtlebot3_gazebo/share/turtlebot3_gazebo//worlds/turtlebot3_dqn_stage2/waffle.model
[1.779s] -- Up-to-date symlink: /home/yoko/turtlebot3_ws/install/turtlebot3_gazebo/share/turtlebot3_gazebo//worlds/turtlebot3_dqn_stage2/waffle_pi.model
[1.780s] -- Up-to-date symlink: /home/yoko/turtlebot3_ws/install/turtlebot3_gazebo/share/turtlebot3_gazebo//worlds/turtlebot3_dqn_stage3/burger.model
[1.781s] -- Up-to-date symlink: /home/yoko/turtlebot3_ws/install/turtlebot3_gazebo/share/turtlebot3_gazebo//worlds/turtlebot3_dqn_stage3/waffle.model
[1.781s] -- Up-to-date symlink: /home/yoko/turtlebot3_ws/install/turtlebot3_gazebo/share/turtlebot3_gazebo//worlds/turtlebot3_dqn_stage3/waffle_pi.model
[1.796s] -- Up-to-date symlink: /home/yoko/turtlebot3_ws/install/turtlebot3_gazebo/share/turtlebot3_gazebo//worlds/turtlebot3_dqn_stage4/burger.model
[1.796s] -- Up-to-date symlink: /home/yoko/turtlebot3_ws/install/turtlebot3_gazebo/share/turtlebot3_gazebo//worlds/turtlebot3_dqn_stage4/waffle.model
[1.798s] -- Up-to-date symlink: /home/yoko/turtlebot3_ws/install/turtlebot3_gazebo/share/turtlebot3_gazebo//worlds/turtlebot3_dqn_stage4/waffle_pi.model
[1.798s] -- Up-to-date symlink: /home/yoko/turtlebot3_ws/install/turtlebot3_gazebo/share/turtlebot3_gazebo//worlds/turtlebot3_houses/burger.model
[1.799s] -- Up-to-date symlink: /home/yoko/turtlebot3_ws/install/turtlebot3_gazebo/share/turtlebot3_gazebo//worlds/turtlebot3_houses/waffle.model
[1.812s] -- Up-to-date symlink: /home/yoko/turtlebot3_ws/install/turtlebot3_gazebo/share/turtlebot3_gazebo//worlds/turtlebot3_houses/waffle_pi.model
[1.813s] -- Up-to-date symlink: /home/yoko/turtlebot3_ws/install/turtlebot3_gazebo/share/turtlebot3_gazebo//worlds/turtlebot3_worlds/burger.model
[1.814s] -- Up-to-date symlink: /home/yoko/turtlebot3_ws/install/turtlebot3_gazebo/share/turtlebot3_gazebo//worlds/turtlebot3_worlds/waffle.model
[1.815s] -- Up-to-date symlink: /home/yoko/turtlebot3_ws/install/turtlebot3_gazebo/share/turtlebot3_gazebo//worlds/turtlebot3_worlds/waffle_pi.model
[1.828s] -- Up-to-date symlink: /home/yoko/turtlebot3_ws/install/turtlebot3_gazebo/share/turtlebot3_gazebo//worlds/uuv_gazebo_worlds/CHANGELOG.rst
[1.829s] -- Up-to-date symlink: /home/yoko/turtlebot3_ws/install/turtlebot3_gazebo/share/turtlebot3_gazebo//worlds/uuv_gazebo_worlds/CMakeLists.txt
[1.830s] -- Up-to-date symlink: /home/yoko/turtlebot3_ws/install/turtlebot3_gazebo/share/turtlebot3_gazebo//worlds/uuv_gazebo_worlds/Media/materials/programs/SimpleWaves.frag
[1.831s] -- Up-to-date symlink: /home/yoko/turtlebot3_ws/install/turtlebot3_gazebo/share/turtlebot3_gazebo//worlds/uuv_gazebo_worlds/Media/materials/programs/SimpleWaves.vert
[1.831s] -- Up-to-date symlink: /home/yoko/turtlebot3_ws/install/turtlebot3_gazebo/share/turtlebot3_gazebo//worlds/uuv_gazebo_worlds/Media/materials/scripts/fiducials.material
[1.846s] -- Up-to-date symlink: /home/yoko/turtlebot3_ws/install/turtlebot3_gazebo/share/turtlebot3_gazebo//worlds/uuv_gazebo_worlds/Media/materials/scripts/sand.material
[1.846s] -- Up-to-date symlink: /home/yoko/turtlebot3_ws/install/turtlebot3_gazebo/share/turtlebot3_gazebo//worlds/uuv_gazebo_worlds/Media/materials/scripts/water.material
[1.849s] -- Up-to-date symlink: /home/yoko/turtlebot3_ws/install/turtlebot3_gazebo/share/turtlebot3_gazebo//worlds/uuv_gazebo_worlds/Media/materials/scripts/waves.material
[1.850s] -- Up-to-date symlink: /home/yoko/turtlebot3_ws/install/turtlebot3_gazebo/share/turtlebot3_gazebo//worlds/uuv_gazebo_worlds/Media/materials/textures/License and source for textures.txt
[1.851s] -- Up-to-date symlink: /home/yoko/turtlebot3_ws/install/turtlebot3_gazebo/share/turtlebot3_gazebo//worlds/uuv_gazebo_worlds/Media/materials/textures/clouds.jpg
[1.871s] -- Up-to-date symlink: /home/yoko/turtlebot3_ws/install/turtlebot3_gazebo/share/turtlebot3_gazebo//worlds/uuv_gazebo_worlds/Media/materials/textures/clouds_bk.jpg
[1.872s] -- Up-to-date symlink: /home/yoko/turtlebot3_ws/install/turtlebot3_gazebo/share/turtlebot3_gazebo//worlds/uuv_gazebo_worlds/Media/materials/textures/clouds_dn.jpg
[1.873s] -- Up-to-date symlink: /home/yoko/turtlebot3_ws/install/turtlebot3_gazebo/share/turtlebot3_gazebo//worlds/uuv_gazebo_worlds/Media/materials/textures/clouds_fr.jpg
[1.873s] -- Up-to-date symlink: /home/yoko/turtlebot3_ws/install/turtlebot3_gazebo/share/turtlebot3_gazebo//worlds/uuv_gazebo_worlds/Media/materials/textures/clouds_lf.jpg
[1.874s] -- Up-to-date symlink: /home/yoko/turtlebot3_ws/install/turtlebot3_gazebo/share/turtlebot3_gazebo//worlds/uuv_gazebo_worlds/Media/materials/textures/clouds_rt.jpg
[1.888s] -- Up-to-date symlink: /home/yoko/turtlebot3_ws/install/turtlebot3_gazebo/share/turtlebot3_gazebo//worlds/uuv_gazebo_worlds/Media/materials/textures/clouds_up.jpg
[1.888s] -- Up-to-date symlink: /home/yoko/turtlebot3_ws/install/turtlebot3_gazebo/share/turtlebot3_gazebo//worlds/uuv_gazebo_worlds/Media/materials/textures/fiducials/License and source for textures.txt
[1.890s] -- Up-to-date symlink: /home/yoko/turtlebot3_ws/install/turtlebot3_gazebo/share/turtlebot3_gazebo//worlds/uuv_gazebo_worlds/Media/materials/textures/fiducials/aruco_1.png
[1.890s] -- Up-to-date symlink: /home/yoko/turtlebot3_ws/install/turtlebot3_gazebo/share/turtlebot3_gazebo//worlds/uuv_gazebo_worlds/Media/materials/textures/fiducials/aruco_2.png
[1.891s] -- Up-to-date symlink: /home/yoko/turtlebot3_ws/install/turtlebot3_gazebo/share/turtlebot3_gazebo//worlds/uuv_gazebo_worlds/Media/materials/textures/fiducials/aruco_3.png
[1.913s] -- Up-to-date symlink: /home/yoko/turtlebot3_ws/install/turtlebot3_gazebo/share/turtlebot3_gazebo//worlds/uuv_gazebo_worlds/Media/materials/textures/fiducials/aruco_4.png
[1.913s] -- Up-to-date symlink: /home/yoko/turtlebot3_ws/install/turtlebot3_gazebo/share/turtlebot3_gazebo//worlds/uuv_gazebo_worlds/Media/materials/textures/fiducials/aruco_5.png
[1.915s] -- Up-to-date symlink: /home/yoko/turtlebot3_ws/install/turtlebot3_gazebo/share/turtlebot3_gazebo//worlds/uuv_gazebo_worlds/Media/materials/textures/soil_sand_0045_01.jpg
[1.916s] -- Up-to-date symlink: /home/yoko/turtlebot3_ws/install/turtlebot3_gazebo/share/turtlebot3_gazebo//worlds/uuv_gazebo_worlds/Media/materials/textures/water_water_0046_01.jpg
[1.917s] -- Up-to-date symlink: /home/yoko/turtlebot3_ws/install/turtlebot3_gazebo/share/turtlebot3_gazebo//worlds/uuv_gazebo_worlds/Media/materials/textures/water_water_0051_01.jpg
[1.938s] -- Up-to-date symlink: /home/yoko/turtlebot3_ws/install/turtlebot3_gazebo/share/turtlebot3_gazebo//worlds/uuv_gazebo_worlds/Media/materials/textures/water_water_0076_03_s.jpg
[1.939s] -- Up-to-date symlink: /home/yoko/turtlebot3_ws/install/turtlebot3_gazebo/share/turtlebot3_gazebo//worlds/uuv_gazebo_worlds/Media/materials/textures/water_water_0093_01.jpg
[1.939s] -- Up-to-date symlink: /home/yoko/turtlebot3_ws/install/turtlebot3_gazebo/share/turtlebot3_gazebo//worlds/uuv_gazebo_worlds/Media/materials/textures/wave_normals.dds
[1.940s] -- Up-to-date symlink: /home/yoko/turtlebot3_ws/install/turtlebot3_gazebo/share/turtlebot3_gazebo//worlds/uuv_gazebo_worlds/Media/models/sea_surface_1000m_x_1000m.dae
[1.940s] -- Up-to-date symlink: /home/yoko/turtlebot3_ws/install/turtlebot3_gazebo/share/turtlebot3_gazebo//worlds/uuv_gazebo_worlds/launch/auv_underwater_world.launch
[1.955s] -- Up-to-date symlink: /home/yoko/turtlebot3_ws/install/turtlebot3_gazebo/share/turtlebot3_gazebo//worlds/uuv_gazebo_worlds/launch/empty_underwater_test.launch
[1.956s] -- Up-to-date symlink: /home/yoko/turtlebot3_ws/install/turtlebot3_gazebo/share/turtlebot3_gazebo//worlds/uuv_gazebo_worlds/launch/empty_underwater_world.launch
[1.956s] -- Up-to-date symlink: /home/yoko/turtlebot3_ws/install/turtlebot3_gazebo/share/turtlebot3_gazebo//worlds/uuv_gazebo_worlds/launch/herkules_ship_wreck.launch
[1.957s] -- Up-to-date symlink: /home/yoko/turtlebot3_ws/install/turtlebot3_gazebo/share/turtlebot3_gazebo//worlds/uuv_gazebo_worlds/launch/herkules_ship_wreck_test.launch
[1.957s] -- Up-to-date symlink: /home/yoko/turtlebot3_ws/install/turtlebot3_gazebo/share/turtlebot3_gazebo//worlds/uuv_gazebo_worlds/launch/lake.launch
[1.958s] -- Up-to-date symlink: /home/yoko/turtlebot3_ws/install/turtlebot3_gazebo/share/turtlebot3_gazebo//worlds/uuv_gazebo_worlds/launch/mangalia.launch
[1.958s] -- Up-to-date symlink: /home/yoko/turtlebot3_ws/install/turtlebot3_gazebo/share/turtlebot3_gazebo//worlds/uuv_gazebo_worlds/launch/mangalia_manipulation.launch
[1.959s] -- Up-to-date symlink: /home/yoko/turtlebot3_ws/install/turtlebot3_gazebo/share/turtlebot3_gazebo//worlds/uuv_gazebo_worlds/launch/munkholmen.launch
[1.959s] -- Up-to-date symlink: /home/yoko/turtlebot3_ws/install/turtlebot3_gazebo/share/turtlebot3_gazebo//worlds/uuv_gazebo_worlds/launch/ocean_waves.launch
[1.960s] -- Up-to-date symlink: /home/yoko/turtlebot3_ws/install/turtlebot3_gazebo/share/turtlebot3_gazebo//worlds/uuv_gazebo_worlds/launch/rov_bop_panel.launch
[1.960s] -- Up-to-date symlink: /home/yoko/turtlebot3_ws/install/turtlebot3_gazebo/share/turtlebot3_gazebo//worlds/uuv_gazebo_worlds/launch/subsea_bop_panel.launch
[1.961s] -- Up-to-date symlink: /home/yoko/turtlebot3_ws/install/turtlebot3_gazebo/share/turtlebot3_gazebo//worlds/uuv_gazebo_worlds/models/april_tag_36_11_00000/model.config
[1.962s] -- Up-to-date symlink: /home/yoko/turtlebot3_ws/install/turtlebot3_gazebo/share/turtlebot3_gazebo//worlds/uuv_gazebo_worlds/models/april_tag_36_11_00000/model.sdf
[1.963s] -- Up-to-date symlink: /home/yoko/turtlebot3_ws/install/turtlebot3_gazebo/share/turtlebot3_gazebo//worlds/uuv_gazebo_worlds/models/aurora_static/meshes/aurora.dae
[1.964s] -- Up-to-date symlink: /home/yoko/turtlebot3_ws/install/turtlebot3_gazebo/share/turtlebot3_gazebo//worlds/uuv_gazebo_worlds/models/aurora_static/meshes/aurora_collision.stl
[1.964s] -- Up-to-date symlink: /home/yoko/turtlebot3_ws/install/turtlebot3_gazebo/share/turtlebot3_gazebo//worlds/uuv_gazebo_worlds/models/aurora_static/model.config
[1.965s] -- Up-to-date symlink: /home/yoko/turtlebot3_ws/install/turtlebot3_gazebo/share/turtlebot3_gazebo//worlds/uuv_gazebo_worlds/models/aurora_static/model.sdf
[1.966s] -- Up-to-date symlink: /home/yoko/turtlebot3_ws/install/turtlebot3_gazebo/share/turtlebot3_gazebo//worlds/uuv_gazebo_worlds/models/bop_panel/meshes/Valve.dae
[1.966s] -- Up-to-date symlink: /home/yoko/turtlebot3_ws/install/turtlebot3_gazebo/share/turtlebot3_gazebo//worlds/uuv_gazebo_worlds/models/bop_panel/meshes/VentilBlock.mtl
[1.966s] -- Up-to-date symlink: /home/yoko/turtlebot3_ws/install/turtlebot3_gazebo/share/turtlebot3_gazebo//worlds/uuv_gazebo_worlds/models/bop_panel/meshes/VentilBlock.obj
[1.967s] -- Up-to-date symlink: /home/yoko/turtlebot3_ws/install/turtlebot3_gazebo/share/turtlebot3_gazebo//worlds/uuv_gazebo_worlds/models/bop_panel/meshes/VentilBlock.stl
[1.967s] -- Up-to-date symlink: /home/yoko/turtlebot3_ws/install/turtlebot3_gazebo/share/turtlebot3_gazebo//worlds/uuv_gazebo_worlds/models/bop_panel/model.config
[1.968s] -- Up-to-date symlink: /home/yoko/turtlebot3_ws/install/turtlebot3_gazebo/share/turtlebot3_gazebo//worlds/uuv_gazebo_worlds/models/bop_panel/model.sdf
[1.968s] -- Up-to-date symlink: /home/yoko/turtlebot3_ws/install/turtlebot3_gazebo/share/turtlebot3_gazebo//worlds/uuv_gazebo_worlds/models/herkules_seabed/meshes/herkules_seabed.dae
[1.969s] -- Up-to-date symlink: /home/yoko/turtlebot3_ws/install/turtlebot3_gazebo/share/turtlebot3_gazebo//worlds/uuv_gazebo_worlds/models/herkules_seabed/model.config
[1.969s] -- Up-to-date symlink: /home/yoko/turtlebot3_ws/install/turtlebot3_gazebo/share/turtlebot3_gazebo//worlds/uuv_gazebo_worlds/models/herkules_seabed/model.sdf
[1.969s] -- Up-to-date symlink: /home/yoko/turtlebot3_ws/install/turtlebot3_gazebo/share/turtlebot3_gazebo//worlds/uuv_gazebo_worlds/models/herkules_ship_wreck/meshes/herkules.dae
[1.970s] -- Up-to-date symlink: /home/yoko/turtlebot3_ws/install/turtlebot3_gazebo/share/turtlebot3_gazebo//worlds/uuv_gazebo_worlds/models/herkules_ship_wreck/model.config
[1.970s] -- Up-to-date symlink: /home/yoko/turtlebot3_ws/install/turtlebot3_gazebo/share/turtlebot3_gazebo//worlds/uuv_gazebo_worlds/models/herkules_ship_wreck/model.sdf
[1.971s] -- Up-to-date symlink: /home/yoko/turtlebot3_ws/install/turtlebot3_gazebo/share/turtlebot3_gazebo//worlds/uuv_gazebo_worlds/models/hot_stab/meshes/HotStab.dae
[1.971s] -- Up-to-date symlink: /home/yoko/turtlebot3_ws/install/turtlebot3_gazebo/share/turtlebot3_gazebo//worlds/uuv_gazebo_worlds/models/hot_stab/model.config
[1.971s] -- Up-to-date symlink: /home/yoko/turtlebot3_ws/install/turtlebot3_gazebo/share/turtlebot3_gazebo//worlds/uuv_gazebo_worlds/models/hot_stab/model.sdf
[1.972s] -- Up-to-date symlink: /home/yoko/turtlebot3_ws/install/turtlebot3_gazebo/share/turtlebot3_gazebo//worlds/uuv_gazebo_worlds/models/lake/meshes/LakeBottom.dae
[1.972s] -- Up-to-date symlink: /home/yoko/turtlebot3_ws/install/turtlebot3_gazebo/share/turtlebot3_gazebo//worlds/uuv_gazebo_worlds/models/lake/meshes/WaterSurface.dae
[1.973s] -- Up-to-date symlink: /home/yoko/turtlebot3_ws/install/turtlebot3_gazebo/share/turtlebot3_gazebo//worlds/uuv_gazebo_worlds/models/lake/model.config
[1.973s] -- Up-to-date symlink: /home/yoko/turtlebot3_ws/install/turtlebot3_gazebo/share/turtlebot3_gazebo//worlds/uuv_gazebo_worlds/models/lake/model.sdf
[1.973s] -- Up-to-date symlink: /home/yoko/turtlebot3_ws/install/turtlebot3_gazebo/share/turtlebot3_gazebo//worlds/uuv_gazebo_worlds/models/mangalia/meshes/170427_Seabed8_textured.blend
[1.974s] -- Up-to-date symlink: /home/yoko/turtlebot3_ws/install/turtlebot3_gazebo/share/turtlebot3_gazebo//worlds/uuv_gazebo_worlds/models/mangalia/meshes/170427_Seabed8_textured.dae
[1.974s] -- Up-to-date symlink: /home/yoko/turtlebot3_ws/install/turtlebot3_gazebo/share/turtlebot3_gazebo//worlds/uuv_gazebo_worlds/models/mangalia/meshes/License and source for textures.txt
[1.975s] -- Up-to-date symlink: /home/yoko/turtlebot3_ws/install/turtlebot3_gazebo/share/turtlebot3_gazebo//worlds/uuv_gazebo_worlds/models/mangalia/meshes/MangaliaTerrain.dae
[1.975s] -- Up-to-date symlink: /home/yoko/turtlebot3_ws/install/turtlebot3_gazebo/share/turtlebot3_gazebo//worlds/uuv_gazebo_worlds/models/mangalia/meshes/grass_grass_0101_02_tiled_s.jpg
[1.975s] -- Up-to-date symlink: /home/yoko/turtlebot3_ws/install/turtlebot3_gazebo/share/turtlebot3_gazebo//worlds/uuv_gazebo_worlds/models/mangalia/meshes/ground_stone_ground_0029_02_tiled_s.jpg
[1.976s] -- Up-to-date symlink: /home/yoko/turtlebot3_ws/install/turtlebot3_gazebo/share/turtlebot3_gazebo//worlds/uuv_gazebo_worlds/models/mangalia/model.config
[1.976s] -- Up-to-date symlink: /home/yoko/turtlebot3_ws/install/turtlebot3_gazebo/share/turtlebot3_gazebo//worlds/uuv_gazebo_worlds/models/mangalia/model.sdf
[1.977s] -- Up-to-date symlink: /home/yoko/turtlebot3_ws/install/turtlebot3_gazebo/share/turtlebot3_gazebo//worlds/uuv_gazebo_worlds/models/munkholmen/meshes/munkholmen.dae
[1.977s] -- Up-to-date symlink: /home/yoko/turtlebot3_ws/install/turtlebot3_gazebo/share/turtlebot3_gazebo//worlds/uuv_gazebo_worlds/models/munkholmen/model.config
[1.978s] -- Up-to-date symlink: /home/yoko/turtlebot3_ws/install/turtlebot3_gazebo/share/turtlebot3_gazebo//worlds/uuv_gazebo_worlds/models/munkholmen/model.sdf
[1.978s] -- Up-to-date symlink: /home/yoko/turtlebot3_ws/install/turtlebot3_gazebo/share/turtlebot3_gazebo//worlds/uuv_gazebo_worlds/models/munkholmen_seabed/meshes/seabed.dae
[1.979s] -- Up-to-date symlink: /home/yoko/turtlebot3_ws/install/turtlebot3_gazebo/share/turtlebot3_gazebo//worlds/uuv_gazebo_worlds/models/munkholmen_seabed/model.config
[1.979s] -- Up-to-date symlink: /home/yoko/turtlebot3_ws/install/turtlebot3_gazebo/share/turtlebot3_gazebo//worlds/uuv_gazebo_worlds/models/munkholmen_seabed/model.sdf
[1.980s] -- Up-to-date symlink: /home/yoko/turtlebot3_ws/install/turtlebot3_gazebo/share/turtlebot3_gazebo//worlds/uuv_gazebo_worlds/models/ned_frame/model.config
[1.980s] -- Up-to-date symlink: /home/yoko/turtlebot3_ws/install/turtlebot3_gazebo/share/turtlebot3_gazebo//worlds/uuv_gazebo_worlds/models/ned_frame/model.sdf
[1.980s] -- Up-to-date symlink: /home/yoko/turtlebot3_ws/install/turtlebot3_gazebo/share/turtlebot3_gazebo//worlds/uuv_gazebo_worlds/models/ocean/model.config
[1.981s] -- Up-to-date symlink: /home/yoko/turtlebot3_ws/install/turtlebot3_gazebo/share/turtlebot3_gazebo//worlds/uuv_gazebo_worlds/models/ocean/model.sdf
[1.982s] -- Up-to-date symlink: /home/yoko/turtlebot3_ws/install/turtlebot3_gazebo/share/turtlebot3_gazebo//worlds/uuv_gazebo_worlds/models/ocean_box/model.config
[1.982s] -- Up-to-date symlink: /home/yoko/turtlebot3_ws/install/turtlebot3_gazebo/share/turtlebot3_gazebo//worlds/uuv_gazebo_worlds/models/ocean_box/model.sdf
[1.982s] -- Up-to-date symlink: /home/yoko/turtlebot3_ws/install/turtlebot3_gazebo/share/turtlebot3_gazebo//worlds/uuv_gazebo_worlds/models/rov_bop_panel/meshes/BOP_Panel.dae
[1.983s] -- Up-to-date symlink: /home/yoko/turtlebot3_ws/install/turtlebot3_gazebo/share/turtlebot3_gazebo//worlds/uuv_gazebo_worlds/models/rov_bop_panel/meshes/License and source texture.txt
[1.983s] -- Up-to-date symlink: /home/yoko/turtlebot3_ws/install/turtlebot3_gazebo/share/turtlebot3_gazebo//worlds/uuv_gazebo_worlds/models/rov_bop_panel/meshes/SmallValve.dae
[1.984s] -- Up-to-date symlink: /home/yoko/turtlebot3_ws/install/turtlebot3_gazebo/share/turtlebot3_gazebo//worlds/uuv_gazebo_worlds/models/rov_bop_panel/meshes/Valve.dae
[1.984s] -- Up-to-date symlink: /home/yoko/turtlebot3_ws/install/turtlebot3_gazebo/share/turtlebot3_gazebo//worlds/uuv_gazebo_worlds/models/rov_bop_panel/meshes/metal_bare_0045_01.jpg
[1.985s] -- Up-to-date symlink: /home/yoko/turtlebot3_ws/install/turtlebot3_gazebo/share/turtlebot3_gazebo//worlds/uuv_gazebo_worlds/models/rov_bop_panel/model.config
[1.985s] -- Up-to-date symlink: /home/yoko/turtlebot3_ws/install/turtlebot3_gazebo/share/turtlebot3_gazebo//worlds/uuv_gazebo_worlds/models/rov_bop_panel/model.sdf
[1.986s] -- Up-to-date symlink: /home/yoko/turtlebot3_ws/install/turtlebot3_gazebo/share/turtlebot3_gazebo//worlds/uuv_gazebo_worlds/models/sand_heightmap/meshes/License and source for textures.txt
[1.986s] -- Up-to-date symlink: /home/yoko/turtlebot3_ws/install/turtlebot3_gazebo/share/turtlebot3_gazebo//worlds/uuv_gazebo_worlds/models/sand_heightmap/meshes/heightmap.dae
[1.987s] -- Up-to-date symlink: /home/yoko/turtlebot3_ws/install/turtlebot3_gazebo/share/turtlebot3_gazebo//worlds/uuv_gazebo_worlds/models/sand_heightmap/meshes/soil_sand_0045_01.jpg
[1.987s] -- Up-to-date symlink: /home/yoko/turtlebot3_ws/install/turtlebot3_gazebo/share/turtlebot3_gazebo//worlds/uuv_gazebo_worlds/models/sand_heightmap/model.config
[1.987s] -- Up-to-date symlink: /home/yoko/turtlebot3_ws/install/turtlebot3_gazebo/share/turtlebot3_gazebo//worlds/uuv_gazebo_worlds/models/sand_heightmap/model.sdf
[1.988s] -- Up-to-date symlink: /home/yoko/turtlebot3_ws/install/turtlebot3_gazebo/share/turtlebot3_gazebo//worlds/uuv_gazebo_worlds/models/sea_bottom/model.config
[1.988s] -- Up-to-date symlink: /home/yoko/turtlebot3_ws/install/turtlebot3_gazebo/share/turtlebot3_gazebo//worlds/uuv_gazebo_worlds/models/sea_bottom/model.sdf
[1.989s] -- Up-to-date symlink: /home/yoko/turtlebot3_ws/install/turtlebot3_gazebo/share/turtlebot3_gazebo//worlds/uuv_gazebo_worlds/models/sea_surface/model.config
[1.989s] -- Up-to-date symlink: /home/yoko/turtlebot3_ws/install/turtlebot3_gazebo/share/turtlebot3_gazebo//worlds/uuv_gazebo_worlds/models/sea_surface/model.sdf
[1.990s] -- Up-to-date symlink: /home/yoko/turtlebot3_ws/install/turtlebot3_gazebo/share/turtlebot3_gazebo//worlds/uuv_gazebo_worlds/models/t_bar_fork_tool/meshes/TBarForkTool.dae
[1.990s] -- Up-to-date symlink: /home/yoko/turtlebot3_ws/install/turtlebot3_gazebo/share/turtlebot3_gazebo//worlds/uuv_gazebo_worlds/models/t_bar_fork_tool/model.config
[1.991s] -- Up-to-date symlink: /home/yoko/turtlebot3_ws/install/turtlebot3_gazebo/share/turtlebot3_gazebo//worlds/uuv_gazebo_worlds/models/t_bar_fork_tool/model.sdf
[1.991s] -- Up-to-date symlink: /home/yoko/turtlebot3_ws/install/turtlebot3_gazebo/share/turtlebot3_gazebo//worlds/uuv_gazebo_worlds/models/torque_tool/meshes/TorqueTool.dae
[1.991s] -- Up-to-date symlink: /home/yoko/turtlebot3_ws/install/turtlebot3_gazebo/share/turtlebot3_gazebo//worlds/uuv_gazebo_worlds/models/torque_tool/model.config
[1.992s] -- Up-to-date symlink: /home/yoko/turtlebot3_ws/install/turtlebot3_gazebo/share/turtlebot3_gazebo//worlds/uuv_gazebo_worlds/models/torque_tool/model.sdf
[1.992s] -- Up-to-date symlink: /home/yoko/turtlebot3_ws/install/turtlebot3_gazebo/share/turtlebot3_gazebo//worlds/uuv_gazebo_worlds/models/tree/meshes/Tree.dae
[1.993s] -- Up-to-date symlink: /home/yoko/turtlebot3_ws/install/turtlebot3_gazebo/share/turtlebot3_gazebo//worlds/uuv_gazebo_worlds/models/tree/model.config
[1.993s] -- Up-to-date symlink: /home/yoko/turtlebot3_ws/install/turtlebot3_gazebo/share/turtlebot3_gazebo//worlds/uuv_gazebo_worlds/models/tree/model.sdf
[1.993s] -- Up-to-date symlink: /home/yoko/turtlebot3_ws/install/turtlebot3_gazebo/share/turtlebot3_gazebo//worlds/uuv_gazebo_worlds/models/umbilical/model.config
[1.994s] -- Up-to-date symlink: /home/yoko/turtlebot3_ws/install/turtlebot3_gazebo/share/turtlebot3_gazebo//worlds/uuv_gazebo_worlds/models/umbilical/model.sdf
[1.994s] -- Up-to-date symlink: /home/yoko/turtlebot3_ws/install/turtlebot3_gazebo/share/turtlebot3_gazebo//worlds/uuv_gazebo_worlds/package.xml
[1.995s] -- Up-to-date symlink: /home/yoko/turtlebot3_ws/install/turtlebot3_gazebo/share/turtlebot3_gazebo//worlds/uuv_gazebo_worlds/worlds/auv_underwater_world.world
[1.995s] -- Up-to-date symlink: /home/yoko/turtlebot3_ws/install/turtlebot3_gazebo/share/turtlebot3_gazebo//worlds/uuv_gazebo_worlds/worlds/empty_underwater.world
[1.995s] -- Up-to-date symlink: /home/yoko/turtlebot3_ws/install/turtlebot3_gazebo/share/turtlebot3_gazebo//worlds/uuv_gazebo_worlds/worlds/herkules_ship_wreck.world
[1.996s] -- Up-to-date symlink: /home/yoko/turtlebot3_ws/install/turtlebot3_gazebo/share/turtlebot3_gazebo//worlds/uuv_gazebo_worlds/worlds/herkules_ship_wreck_test.world
[1.996s] -- Up-to-date symlink: /home/yoko/turtlebot3_ws/install/turtlebot3_gazebo/share/turtlebot3_gazebo//worlds/uuv_gazebo_worlds/worlds/lake.world
[1.997s] -- Up-to-date symlink: /home/yoko/turtlebot3_ws/install/turtlebot3_gazebo/share/turtlebot3_gazebo//worlds/uuv_gazebo_worlds/worlds/mangalia.world
[1.997s] -- Up-to-date symlink: /home/yoko/turtlebot3_ws/install/turtlebot3_gazebo/share/turtlebot3_gazebo//worlds/uuv_gazebo_worlds/worlds/mangalia_manipulation.world
[1.997s] -- Up-to-date symlink: /home/yoko/turtlebot3_ws/install/turtlebot3_gazebo/share/turtlebot3_gazebo//worlds/uuv_gazebo_worlds/worlds/munkholmen.world
[1.998s] -- Up-to-date symlink: /home/yoko/turtlebot3_ws/install/turtlebot3_gazebo/share/turtlebot3_gazebo//worlds/uuv_gazebo_worlds/worlds/ocean_waves.world
[1.998s] -- Up-to-date symlink: /home/yoko/turtlebot3_ws/install/turtlebot3_gazebo/share/turtlebot3_gazebo//worlds/uuv_gazebo_worlds/worlds/subsea_bop_panel.world
[1.999s] -- Up-to-date symlink: /home/yoko/turtlebot3_ws/install/turtlebot3_gazebo/share/turtlebot3_gazebo//worlds/uuv_gazebo_worlds/worlds/underwater_heightmap.world
[1.999s] -- Up-to-date symlink: /home/yoko/turtlebot3_ws/install/turtlebot3_gazebo/share/turtlebot3_gazebo//worlds/water_world/__init__.py
[1.999s] -- Up-to-date symlink: /home/yoko/turtlebot3_ws/install/turtlebot3_gazebo/share/turtlebot3_gazebo//worlds/water_world/publish_world_models.py
[2.000s] -- Up-to-date symlink: /home/yoko/turtlebot3_ws/install/turtlebot3_gazebo/share/turtlebot3_gazebo//worlds/water_world/transformations.py
[2.001s] -- Up-to-date symlink: /home/yoko/turtlebot3_ws/install/turtlebot3_gazebo/include//turtlebot3_gazebo/turtlebot3_drive.hpp
[2.001s] -- Up-to-date symlink: /home/yoko/turtlebot3_ws/install/turtlebot3_gazebo/share/ament_index/resource_index/package_run_dependencies/turtlebot3_gazebo
[2.002s] -- Up-to-date symlink: /home/yoko/turtlebot3_ws/install/turtlebot3_gazebo/share/ament_index/resource_index/parent_prefix_path/turtlebot3_gazebo
[2.002s] -- Up-to-date symlink: /home/yoko/turtlebot3_ws/install/turtlebot3_gazebo/share/turtlebot3_gazebo/environment/ament_prefix_path.sh
[2.003s] -- Up-to-date symlink: /home/yoko/turtlebot3_ws/install/turtlebot3_gazebo/share/turtlebot3_gazebo/environment/ament_prefix_path.dsv
[2.004s] -- Up-to-date symlink: /home/yoko/turtlebot3_ws/install/turtlebot3_gazebo/share/turtlebot3_gazebo/environment/path.sh
[2.004s] -- Up-to-date symlink: /home/yoko/turtlebot3_ws/install/turtlebot3_gazebo/share/turtlebot3_gazebo/environment/path.dsv
[2.005s] -- Up-to-date symlink: /home/yoko/turtlebot3_ws/install/turtlebot3_gazebo/share/turtlebot3_gazebo/local_setup.bash
[2.005s] -- Up-to-date symlink: /home/yoko/turtlebot3_ws/install/turtlebot3_gazebo/share/turtlebot3_gazebo/local_setup.sh
[2.006s] -- Up-to-date symlink: /home/yoko/turtlebot3_ws/install/turtlebot3_gazebo/share/turtlebot3_gazebo/local_setup.zsh
[2.006s] -- Up-to-date symlink: /home/yoko/turtlebot3_ws/install/turtlebot3_gazebo/share/turtlebot3_gazebo/local_setup.dsv
[2.007s] -- Symlinking: /home/yoko/turtlebot3_ws/install/turtlebot3_gazebo/share/turtlebot3_gazebo/package.dsv
[2.021s] -- Up-to-date symlink: /home/yoko/turtlebot3_ws/install/turtlebot3_gazebo/share/ament_index/resource_index/packages/turtlebot3_gazebo
[2.021s] -- Up-to-date symlink: /home/yoko/turtlebot3_ws/install/turtlebot3_gazebo/share/turtlebot3_gazebo/cmake/ament_cmake_export_include_directories-extras.cmake
[2.022s] -- Up-to-date symlink: /home/yoko/turtlebot3_ws/install/turtlebot3_gazebo/share/turtlebot3_gazebo/cmake/ament_cmake_export_dependencies-extras.cmake
[2.023s] -- Up-to-date symlink: /home/yoko/turtlebot3_ws/install/turtlebot3_gazebo/share/turtlebot3_gazebo/cmake/turtlebot3_gazeboConfig.cmake
[2.023s] -- Up-to-date symlink: /home/yoko/turtlebot3_ws/install/turtlebot3_gazebo/share/turtlebot3_gazebo/cmake/turtlebot3_gazeboConfig-version.cmake
[2.024s] -- Up-to-date symlink: /home/yoko/turtlebot3_ws/install/turtlebot3_gazebo/share/turtlebot3_gazebo/package.xml
[2.031s] Invoked command in '/home/yoko/turtlebot3_ws/build/turtlebot3_gazebo' returned '0': CMAKE_PREFIX_PATH=${CMAKE_PREFIX_PATH}:/home/yoko/turtlebot3_ws/install/robot_spawner_pkg:/home/yoko/turtlebot3_ws/install/robot_controller_utils:/home/yoko/turtlebot3_ws/install/choirbot_examples:/home/yoko/turtlebot3_ws/install/choirbot:/opt/ros/foxy /usr/bin/cmake --install /home/yoko/turtlebot3_ws/build/turtlebot3_gazebo
