[0.175s] Invoking command in '/home/yoko/turtlebot3_ws/build/turtlebot3_fake_node': CMAKE_PREFIX_PATH=${CMAKE_PREFIX_PATH}:/home/yoko/turtlebot3_ws/install/robot_spawner_pkg:/home/yoko/turtlebot3_ws/install/robot_controller_utils:/home/yoko/turtlebot3_ws/install/choirbot_examples:/home/yoko/turtlebot3_ws/install/choirbot:/opt/ros/foxy /usr/bin/cmake --build /home/yoko/turtlebot3_ws/build/turtlebot3_fake_node -- -j8 -l8
[3.061s] [100%] Built target turtlebot3_fake_node
[3.079s] Invoked command in '/home/yoko/turtlebot3_ws/build/turtlebot3_fake_node' returned '0': CMAKE_PREFIX_PATH=${CMAKE_PREFIX_PATH}:/home/yoko/turtlebot3_ws/install/robot_spawner_pkg:/home/yoko/turtlebot3_ws/install/robot_controller_utils:/home/yoko/turtlebot3_ws/install/choirbot_examples:/home/yoko/turtlebot3_ws/install/choirbot:/opt/ros/foxy /usr/bin/cmake --build /home/yoko/turtlebot3_ws/build/turtlebot3_fake_node -- -j8 -l8
[3.135s] Invoking command in '/home/yoko/turtlebot3_ws/build/turtlebot3_fake_node': CMAKE_PREFIX_PATH=${CMAKE_PREFIX_PATH}:/home/yoko/turtlebot3_ws/install/robot_spawner_pkg:/home/yoko/turtlebot3_ws/install/robot_controller_utils:/home/yoko/turtlebot3_ws/install/choirbot_examples:/home/yoko/turtlebot3_ws/install/choirbot:/opt/ros/foxy /usr/bin/cmake --install /home/yoko/turtlebot3_ws/build/turtlebot3_fake_node
[3.255s] -- Install configuration: ""
[3.271s] -- Execute custom install script
[3.295s] -- Up-to-date symlink: /home/yoko/turtlebot3_ws/install/turtlebot3_fake_node/lib/turtlebot3_fake_node/turtlebot3_fake_node
[3.449s] -- Up-to-date symlink: /home/yoko/turtlebot3_ws/install/turtlebot3_fake_node/share/turtlebot3_fake_node/launch/rviz2.launch.py
[3.499s] -- Up-to-date symlink: /home/yoko/turtlebot3_ws/install/turtlebot3_fake_node/share/turtlebot3_fake_node/launch/turtlebot3_fake_node.launch.py
[3.505s] -- Up-to-date symlink: /home/yoko/turtlebot3_ws/install/turtlebot3_fake_node/share/turtlebot3_fake_node/param/burger.yaml
[3.541s] -- Up-to-date symlink: /home/yoko/turtlebot3_ws/install/turtlebot3_fake_node/share/turtlebot3_fake_node/param/waffle.yaml
[3.543s] -- Up-to-date symlink: /home/yoko/turtlebot3_ws/install/turtlebot3_fake_node/share/turtlebot3_fake_node/param/waffle_pi.yaml
[3.545s] -- Up-to-date symlink: /home/yoko/turtlebot3_ws/install/turtlebot3_fake_node/share/turtlebot3_fake_node/rviz/model.rviz
[3.569s] -- Up-to-date symlink: /home/yoko/turtlebot3_ws/install/turtlebot3_fake_node/include//turtlebot3_fake_node/turtlebot3_fake_node.hpp
[3.658s] -- Up-to-date symlink: /home/yoko/turtlebot3_ws/install/turtlebot3_fake_node/share/ament_index/resource_index/package_run_dependencies/turtlebot3_fake_node
[3.666s] -- Up-to-date symlink: /home/yoko/turtlebot3_ws/install/turtlebot3_fake_node/share/ament_index/resource_index/parent_prefix_path/turtlebot3_fake_node
[3.674s] -- Up-to-date symlink: /home/yoko/turtlebot3_ws/install/turtlebot3_fake_node/share/turtlebot3_fake_node/environment/ament_prefix_path.sh
[3.675s] -- Up-to-date symlink: /home/yoko/turtlebot3_ws/install/turtlebot3_fake_node/share/turtlebot3_fake_node/environment/ament_prefix_path.dsv
[3.677s] -- Up-to-date symlink: /home/yoko/turtlebot3_ws/install/turtlebot3_fake_node/share/turtlebot3_fake_node/environment/path.sh
[3.677s] -- Up-to-date symlink: /home/yoko/turtlebot3_ws/install/turtlebot3_fake_node/share/turtlebot3_fake_node/environment/path.dsv
[3.691s] -- Up-to-date symlink: /home/yoko/turtlebot3_ws/install/turtlebot3_fake_node/share/turtlebot3_fake_node/local_setup.bash
[3.695s] -- Up-to-date symlink: /home/yoko/turtlebot3_ws/install/turtlebot3_fake_node/share/turtlebot3_fake_node/local_setup.sh
[3.716s] -- Up-to-date symlink: /home/yoko/turtlebot3_ws/install/turtlebot3_fake_node/share/turtlebot3_fake_node/local_setup.zsh
[3.717s] -- Up-to-date symlink: /home/yoko/turtlebot3_ws/install/turtlebot3_fake_node/share/turtlebot3_fake_node/local_setup.dsv
[3.717s] -- Symlinking: /home/yoko/turtlebot3_ws/install/turtlebot3_fake_node/share/turtlebot3_fake_node/package.dsv
[3.783s] -- Up-to-date symlink: /home/yoko/turtlebot3_ws/install/turtlebot3_fake_node/share/ament_index/resource_index/packages/turtlebot3_fake_node
[3.787s] -- Up-to-date symlink: /home/yoko/turtlebot3_ws/install/turtlebot3_fake_node/share/turtlebot3_fake_node/cmake/ament_cmake_export_include_directories-extras.cmake
[3.808s] -- Up-to-date symlink: /home/yoko/turtlebot3_ws/install/turtlebot3_fake_node/share/turtlebot3_fake_node/cmake/ament_cmake_export_dependencies-extras.cmake
[3.811s] -- Up-to-date symlink: /home/yoko/turtlebot3_ws/install/turtlebot3_fake_node/share/turtlebot3_fake_node/cmake/turtlebot3_fake_nodeConfig.cmake
[3.825s] -- Up-to-date symlink: /home/yoko/turtlebot3_ws/install/turtlebot3_fake_node/share/turtlebot3_fake_node/cmake/turtlebot3_fake_nodeConfig-version.cmake
[3.829s] -- Up-to-date symlink: /home/yoko/turtlebot3_ws/install/turtlebot3_fake_node/share/turtlebot3_fake_node/package.xml
[3.835s] Invoked command in '/home/yoko/turtlebot3_ws/build/turtlebot3_fake_node' returned '0': CMAKE_PREFIX_PATH=${CMAKE_PREFIX_PATH}:/home/yoko/turtlebot3_ws/install/robot_spawner_pkg:/home/yoko/turtlebot3_ws/install/robot_controller_utils:/home/yoko/turtlebot3_ws/install/choirbot_examples:/home/yoko/turtlebot3_ws/install/choirbot:/opt/ros/foxy /usr/bin/cmake --install /home/yoko/turtlebot3_ws/build/turtlebot3_fake_node
