[0.518s] Invoking command in '/home/yoko/turtlebot3_ws/src/build/choirbot_examples': AMENT_PREFIX_PATH=/home/yoko/turtlebot3_ws/src/install/choirbot:/home/yoko/turtlebot3_ws/src/install/choirbot_interfaces:${AMENT_PREFIX_PATH} CMAKE_PREFIX_PATH=/home/yoko/turtlebot3_ws/src/install/choirbot_interfaces:${CMAKE_PREFIX_PATH} LD_LIBRARY_PATH=/home/yoko/turtlebot3_ws/src/install/choirbot_interfaces/lib:${LD_LIBRARY_PATH} PYTHONPATH=/home/yoko/turtlebot3_ws/src/install/choirbot_examples/lib/python3.8/site-packages:/home/yoko/turtlebot3_ws/src/build/choirbot:/home/yoko/turtlebot3_ws/src/install/choirbot/lib/python3.8/site-packages:/home/yoko/turtlebot3_ws/src/install/choirbot_interfaces/lib/python3.8/site-packages:${PYTHONPATH} /usr/bin/python3 setup.py develop --prefix /home/yoko/turtlebot3_ws/src/install/choirbot_examples --editable --build-directory /home/yoko/turtlebot3_ws/src/build/choirbot_examples/build --no-deps install_data --install-dir /home/yoko/turtlebot3_ws/src/install/choirbot_examples
[0.952s] running develop
[1.204s] running egg_info
[1.204s] creating choirbot_examples.egg-info
[1.204s] writing choirbot_examples.egg-info/PKG-INFO
[1.205s] writing dependency_links to choirbot_examples.egg-info/dependency_links.txt
[1.205s] writing entry points to choirbot_examples.egg-info/entry_points.txt
[1.205s] writing requirements to choirbot_examples.egg-info/requires.txt
[1.205s] writing top-level names to choirbot_examples.egg-info/top_level.txt
[1.207s] writing manifest file 'choirbot_examples.egg-info/SOURCES.txt'
[1.266s] reading manifest file 'choirbot_examples.egg-info/SOURCES.txt'
[1.268s] writing manifest file 'choirbot_examples.egg-info/SOURCES.txt'
[1.337s] running build_ext
[1.338s] Creating /home/yoko/turtlebot3_ws/src/install/choirbot_examples/lib/python3.8/site-packages/site.py
[1.341s] Creating /home/yoko/turtlebot3_ws/src/install/choirbot_examples/lib/python3.8/site-packages/choirbot-examples.egg-link (link to .)
[1.342s] Installing choirbot_containment_guidance script to /home/yoko/turtlebot3_ws/src/install/choirbot_examples/lib/choirbot_examples
[1.343s] Installing choirbot_containment_integrator script to /home/yoko/turtlebot3_ws/src/install/choirbot_examples/lib/choirbot_examples
[1.343s] Installing choirbot_containment_rviz script to /home/yoko/turtlebot3_ws/src/install/choirbot_examples/lib/choirbot_examples
[1.343s] Installing choirbot_formationcontrol_controller script to /home/yoko/turtlebot3_ws/src/install/choirbot_examples/lib/choirbot_examples
[1.344s] Installing choirbot_formationcontrol_guidance script to /home/yoko/turtlebot3_ws/src/install/choirbot_examples/lib/choirbot_examples
[1.344s] Installing choirbot_mpc_guidance script to /home/yoko/turtlebot3_ws/src/install/choirbot_examples/lib/choirbot_examples
[1.344s] Installing choirbot_mpc_integrator script to /home/yoko/turtlebot3_ws/src/install/choirbot_examples/lib/choirbot_examples
[1.345s] Installing choirbot_mpc_rviz script to /home/yoko/turtlebot3_ws/src/install/choirbot_examples/lib/choirbot_examples
[1.345s] Installing choirbot_taskassignment_controller script to /home/yoko/turtlebot3_ws/src/install/choirbot_examples/lib/choirbot_examples
[1.345s] Installing choirbot_taskassignment_guidance script to /home/yoko/turtlebot3_ws/src/install/choirbot_examples/lib/choirbot_examples
[1.346s] Installing choirbot_taskassignment_planner script to /home/yoko/turtlebot3_ws/src/install/choirbot_examples/lib/choirbot_examples
[1.346s] Installing choirbot_taskassignment_table script to /home/yoko/turtlebot3_ws/src/install/choirbot_examples/lib/choirbot_examples
[1.346s] Installing choirbot_turtlebot_spawner script to /home/yoko/turtlebot3_ws/src/install/choirbot_examples/lib/choirbot_examples
[1.346s] 
[1.347s] Installed /home/yoko/turtlebot3_ws/src/build/choirbot_examples
[1.347s] running install_data
[1.347s] creating /home/yoko/turtlebot3_ws/src/install/choirbot_examples/share/ament_index
[1.348s] creating /home/yoko/turtlebot3_ws/src/install/choirbot_examples/share/ament_index/resource_index
[1.348s] creating /home/yoko/turtlebot3_ws/src/install/choirbot_examples/share/ament_index/resource_index/packages
[1.348s] copying resource/choirbot_examples -> /home/yoko/turtlebot3_ws/src/install/choirbot_examples/share/ament_index/resource_index/packages
[1.348s] copying package.xml -> /home/yoko/turtlebot3_ws/src/install/choirbot_examples/share/choirbot_examples
[1.348s] copying launch/containment.launch.py -> /home/yoko/turtlebot3_ws/src/install/choirbot_examples/share/choirbot_examples
[1.349s] copying launch/taskassignment.launch.py -> /home/yoko/turtlebot3_ws/src/install/choirbot_examples/share/choirbot_examples
[1.349s] copying launch/gazebo.launch.py -> /home/yoko/turtlebot3_ws/src/install/choirbot_examples/share/choirbot_examples
[1.349s] copying launch/formationcontrol.launch.py -> /home/yoko/turtlebot3_ws/src/install/choirbot_examples/share/choirbot_examples
[1.349s] copying launch/mpc.launch.py -> /home/yoko/turtlebot3_ws/src/install/choirbot_examples/share/choirbot_examples
[1.350s] copying resource/rvizconf.rviz -> /home/yoko/turtlebot3_ws/src/install/choirbot_examples/share/choirbot_examples
[1.350s] copying resource/model_burger2.sdf -> /home/yoko/turtlebot3_ws/src/install/choirbot_examples/share/choirbot_examples
[1.350s] copying resource/model_burger_base2.sdf -> /home/yoko/turtlebot3_ws/src/install/choirbot_examples/share/choirbot_examples
[1.350s] copying resource/model_burger_0125.sdf -> /home/yoko/turtlebot3_ws/src/install/choirbot_examples/share/choirbot_examples
[1.364s] copying resource/model_burger1.sdf -> /home/yoko/turtlebot3_ws/src/install/choirbot_examples/share/choirbot_examples
[1.364s] copying resource/model_burger_0121.sdf -> /home/yoko/turtlebot3_ws/src/install/choirbot_examples/share/choirbot_examples
[1.374s] copying resource/model_burger0112.sdf -> /home/yoko/turtlebot3_ws/src/install/choirbot_examples/share/choirbot_examples
[1.383s] copying resource/model_burger3.sdf -> /home/yoko/turtlebot3_ws/src/install/choirbot_examples/share/choirbot_examples
[1.383s] copying resource/model_burger_0127.sdf -> /home/yoko/turtlebot3_ws/src/install/choirbot_examples/share/choirbot_examples
[1.390s] copying resource/model_burger_0126.sdf -> /home/yoko/turtlebot3_ws/src/install/choirbot_examples/share/choirbot_examples
[1.392s] copying resource/model_burger_base.sdf -> /home/yoko/turtlebot3_ws/src/install/choirbot_examples/share/choirbot_examples
[1.392s] copying resource/model_burger_0124.sdf -> /home/yoko/turtlebot3_ws/src/install/choirbot_examples/share/choirbot_examples
[1.405s] copying resource/model_burger_test.sdf -> /home/yoko/turtlebot3_ws/src/install/choirbot_examples/share/choirbot_examples
[1.406s] copying resource/model_burger.sdf -> /home/yoko/turtlebot3_ws/src/install/choirbot_examples/share/choirbot_examples
[1.451s] Invoked command in '/home/yoko/turtlebot3_ws/src/build/choirbot_examples' returned '0': AMENT_PREFIX_PATH=/home/yoko/turtlebot3_ws/src/install/choirbot:/home/yoko/turtlebot3_ws/src/install/choirbot_interfaces:${AMENT_PREFIX_PATH} CMAKE_PREFIX_PATH=/home/yoko/turtlebot3_ws/src/install/choirbot_interfaces:${CMAKE_PREFIX_PATH} LD_LIBRARY_PATH=/home/yoko/turtlebot3_ws/src/install/choirbot_interfaces/lib:${LD_LIBRARY_PATH} PYTHONPATH=/home/yoko/turtlebot3_ws/src/install/choirbot_examples/lib/python3.8/site-packages:/home/yoko/turtlebot3_ws/src/build/choirbot:/home/yoko/turtlebot3_ws/src/install/choirbot/lib/python3.8/site-packages:/home/yoko/turtlebot3_ws/src/install/choirbot_interfaces/lib/python3.8/site-packages:${PYTHONPATH} /usr/bin/python3 setup.py develop --prefix /home/yoko/turtlebot3_ws/src/install/choirbot_examples --editable --build-directory /home/yoko/turtlebot3_ws/src/build/choirbot_examples/build --no-deps install_data --install-dir /home/yoko/turtlebot3_ws/src/install/choirbot_examples
