[0.659s] Invoking command in '/home/yoko/turtlebot3_ws/src/build/choirbot': AMENT_PREFIX_PATH=/home/yoko/turtlebot3_ws/src/install/choirbot_interfaces:${AMENT_PREFIX_PATH} CMAKE_PREFIX_PATH=/home/yoko/turtlebot3_ws/src/install/choirbot_interfaces:${CMAKE_PREFIX_PATH} LD_LIBRARY_PATH=/home/yoko/turtlebot3_ws/src/install/choirbot_interfaces/lib:${LD_LIBRARY_PATH} PYTHONPATH=/home/yoko/turtlebot3_ws/src/install/choirbot/lib/python3.8/site-packages:/home/yoko/turtlebot3_ws/src/install/choirbot_interfaces/lib/python3.8/site-packages:${PYTHONPATH} /usr/bin/python3 setup.py develop --prefix /home/yoko/turtlebot3_ws/src/install/choirbot --editable --build-directory /home/yoko/turtlebot3_ws/src/build/choirbot/build --no-deps install_data --install-dir /home/yoko/turtlebot3_ws/src/install/choirbot
[1.368s] running develop
[1.789s] running egg_info
[1.790s] creating choirbot.egg-info
[1.790s] writing choirbot.egg-info/PKG-INFO
[1.790s] writing dependency_links to choirbot.egg-info/dependency_links.txt
[1.792s] writing entry points to choirbot.egg-info/entry_points.txt
[1.793s] writing requirements to choirbot.egg-info/requires.txt
[1.793s] writing top-level names to choirbot.egg-info/top_level.txt
[1.823s] writing manifest file 'choirbot.egg-info/SOURCES.txt'
[1.934s] reading manifest file 'choirbot.egg-info/SOURCES.txt'
[1.936s] writing manifest file 'choirbot.egg-info/SOURCES.txt'
[2.025s] running build_ext
[2.025s] Creating /home/yoko/turtlebot3_ws/src/install/choirbot/lib/python3.8/site-packages/site.py
[2.029s] Creating /home/yoko/turtlebot3_ws/src/install/choirbot/lib/python3.8/site-packages/choirbot.egg-link (link to .)
[2.030s] 
[2.030s] Installed /home/yoko/turtlebot3_ws/src/build/choirbot
[2.031s] running install_data
[2.031s] creating /home/yoko/turtlebot3_ws/src/install/choirbot/share/ament_index
[2.031s] creating /home/yoko/turtlebot3_ws/src/install/choirbot/share/ament_index/resource_index
[2.031s] creating /home/yoko/turtlebot3_ws/src/install/choirbot/share/ament_index/resource_index/packages
[2.031s] copying resource/choirbot -> /home/yoko/turtlebot3_ws/src/install/choirbot/share/ament_index/resource_index/packages
[2.032s] copying package.xml -> /home/yoko/turtlebot3_ws/src/install/choirbot/share/choirbot
[2.077s] Invoked command in '/home/yoko/turtlebot3_ws/src/build/choirbot' returned '0': AMENT_PREFIX_PATH=/home/yoko/turtlebot3_ws/src/install/choirbot_interfaces:${AMENT_PREFIX_PATH} CMAKE_PREFIX_PATH=/home/yoko/turtlebot3_ws/src/install/choirbot_interfaces:${CMAKE_PREFIX_PATH} LD_LIBRARY_PATH=/home/yoko/turtlebot3_ws/src/install/choirbot_interfaces/lib:${LD_LIBRARY_PATH} PYTHONPATH=/home/yoko/turtlebot3_ws/src/install/choirbot/lib/python3.8/site-packages:/home/yoko/turtlebot3_ws/src/install/choirbot_interfaces/lib/python3.8/site-packages:${PYTHONPATH} /usr/bin/python3 setup.py develop --prefix /home/yoko/turtlebot3_ws/src/install/choirbot --editable --build-directory /home/yoko/turtlebot3_ws/src/build/choirbot/build --no-deps install_data --install-dir /home/yoko/turtlebot3_ws/src/install/choirbot
