[0.061s] Invoking command in '/home/yoko/turtlebot3_ws/build/message_to_tf': /usr/bin/cmake /home/yoko/turtlebot3_ws/src/tum_simulator/message_to_tf -DCATKIN_INSTALL_INTO_PREFIX_ROOT=0 -DCATKIN_SYMLINK_INSTALL=ON -DCMAKE_INSTALL_PREFIX=/home/yoko/turtlebot3_ws/install/message_to_tf
[3.947s] -- The C compiler identification is GNU 9.3.0
[4.915s] -- The CXX compiler identification is GNU 9.3.0
[5.045s] -- Check for working C compiler: /usr/bin/cc
[5.345s] -- Check for working C compiler: /usr/bin/cc -- works
[5.346s] -- Detecting C compiler ABI info
[5.478s] -- Detecting C compiler ABI info - done
[5.519s] -- Detecting C compile features
[5.520s] -- Detecting C compile features - done
[5.530s] -- Check for working CXX compiler: /usr/bin/c++
[5.652s] -- Check for working CXX compiler: /usr/bin/c++ -- works
[5.653s] -- Detecting CXX compiler ABI info
[5.765s] -- Detecting CXX compiler ABI info - done
[5.791s] -- Detecting CXX compile features
[5.792s] -- Detecting CXX compile features - done
[5.938s] CMake Error at CMakeLists.txt:7 (find_package):
[5.939s]   By not providing "Findcatkin.cmake" in CMAKE_MODULE_PATH this project has
[5.939s]   asked CMake to find a package configuration file provided by "catkin", but
[5.940s]   CMake did not find one.
[5.940s] 
[5.940s]   Could not find a package configuration file provided by "catkin" with any
[5.941s]   of the following names:
[5.942s] 
[5.944s]     catkinConfig.cmake
[5.945s]     catkin-config.cmake
[5.950s] 
[5.951s]   Add the installation prefix of "catkin" to CMAKE_PREFIX_PATH or set
[5.952s]   "catkin_DIR" to a directory containing one of the above files.  If "catkin"
[5.953s]   provides a separate development package or SDK, be sure it has been
[5.954s]   installed.
[5.954s] 
[5.955s] 
[5.956s] -- Configuring incomplete, errors occurred!
[5.958s] See also "/home/yoko/turtlebot3_ws/build/message_to_tf/CMakeFiles/CMakeOutput.log".
[5.963s] Invoked command in '/home/yoko/turtlebot3_ws/build/message_to_tf' returned '1': /usr/bin/cmake /home/yoko/turtlebot3_ws/src/tum_simulator/message_to_tf -DCATKIN_INSTALL_INTO_PREFIX_ROOT=0 -DCATKIN_SYMLINK_INSTALL=ON -DCMAKE_INSTALL_PREFIX=/home/yoko/turtlebot3_ws/install/message_to_tf
