running develop
running egg_info
creating choirbot.egg-info
writing choirbot.egg-info/PKG-INFO
writing dependency_links to choirbot.egg-info/dependency_links.txt
writing entry points to choirbot.egg-info/entry_points.txt
writing requirements to choirbot.egg-info/requires.txt
writing top-level names to choirbot.egg-info/top_level.txt
writing manifest file 'choirbot.egg-info/SOURCES.txt'
reading manifest file 'choirbot.egg-info/SOURCES.txt'
writing manifest file 'choirbot.egg-info/SOURCES.txt'
running build_ext
Creating /home/yoko/turtlebot3_ws/install/choirbot/lib/python3.8/site-packages/site.py
Creating /home/yoko/turtlebot3_ws/install/choirbot/lib/python3.8/site-packages/choirbot.egg-link (link to .)

Installed /home/yoko/turtlebot3_ws/build/choirbot
running install_data
creating /home/yoko/turtlebot3_ws/install/choirbot/share/ament_index
creating /home/yoko/turtlebot3_ws/install/choirbot/share/ament_index/resource_index
creating /home/yoko/turtlebot3_ws/install/choirbot/share/ament_index/resource_index/packages
copying resource/choirbot -> /home/yoko/turtlebot3_ws/install/choirbot/share/ament_index/resource_index/packages
copying package.xml -> /home/yoko/turtlebot3_ws/install/choirbot/share/choirbot
