[0.014s] Invoking command in '/home/yoko/turtlebot3_ws/build/turtlebot3_simulations': CMAKE_PREFIX_PATH=/home/yoko/turtlebot3_ws/install/turtlebot3_gazebo:/home/yoko/turtlebot3_ws/install/turtlebot3_fake_node:/home/yoko/turtlebot3_ws/install/turtlebot3_simulations:/home/yoko/turtlebot3_ws/install/choirbot_interfaces:/home/yoko/turtlebot3_ws/install/robot_spawner_pkg:/home/yoko/turtlebot3_ws/install/robot_controller_utils:/home/yoko/turtlebot3_ws/install/choirbot_examples:/home/yoko/turtlebot3_ws/install/choirbot:/opt/ros/foxy /usr/bin/cmake --build /home/yoko/turtlebot3_ws/build/turtlebot3_simulations -- -j8 -l8
[0.789s] Invoked command in '/home/yoko/turtlebot3_ws/build/turtlebot3_simulations' returned '0': CMAKE_PREFIX_PATH=/home/yoko/turtlebot3_ws/install/turtlebot3_gazebo:/home/yoko/turtlebot3_ws/install/turtlebot3_fake_node:/home/yoko/turtlebot3_ws/install/turtlebot3_simulations:/home/yoko/turtlebot3_ws/install/choirbot_interfaces:/home/yoko/turtlebot3_ws/install/robot_spawner_pkg:/home/yoko/turtlebot3_ws/install/robot_controller_utils:/home/yoko/turtlebot3_ws/install/choirbot_examples:/home/yoko/turtlebot3_ws/install/choirbot:/opt/ros/foxy /usr/bin/cmake --build /home/yoko/turtlebot3_ws/build/turtlebot3_simulations -- -j8 -l8
[0.814s] Invoking command in '/home/yoko/turtlebot3_ws/build/turtlebot3_simulations': CMAKE_PREFIX_PATH=/home/yoko/turtlebot3_ws/install/turtlebot3_gazebo:/home/yoko/turtlebot3_ws/install/turtlebot3_fake_node:/home/yoko/turtlebot3_ws/install/turtlebot3_simulations:/home/yoko/turtlebot3_ws/install/choirbot_interfaces:/home/yoko/turtlebot3_ws/install/robot_spawner_pkg:/home/yoko/turtlebot3_ws/install/robot_controller_utils:/home/yoko/turtlebot3_ws/install/choirbot_examples:/home/yoko/turtlebot3_ws/install/choirbot:/opt/ros/foxy /usr/bin/cmake --install /home/yoko/turtlebot3_ws/build/turtlebot3_simulations
[1.488s] -- Install configuration: ""
[1.488s] -- Execute custom install script
[1.489s] -- Up-to-date symlink: /home/yoko/turtlebot3_ws/install/turtlebot3_simulations/share/ament_index/resource_index/package_run_dependencies/turtlebot3_simulations
[1.490s] -- Up-to-date symlink: /home/yoko/turtlebot3_ws/install/turtlebot3_simulations/share/ament_index/resource_index/parent_prefix_path/turtlebot3_simulations
[1.491s] -- Up-to-date symlink: /home/yoko/turtlebot3_ws/install/turtlebot3_simulations/share/turtlebot3_simulations/environment/ament_prefix_path.sh
[1.491s] -- Up-to-date symlink: /home/yoko/turtlebot3_ws/install/turtlebot3_simulations/share/turtlebot3_simulations/environment/ament_prefix_path.dsv
[1.495s] -- Up-to-date symlink: /home/yoko/turtlebot3_ws/install/turtlebot3_simulations/share/turtlebot3_simulations/environment/path.sh
[1.495s] -- Up-to-date symlink: /home/yoko/turtlebot3_ws/install/turtlebot3_simulations/share/turtlebot3_simulations/environment/path.dsv
[1.495s] -- Up-to-date symlink: /home/yoko/turtlebot3_ws/install/turtlebot3_simulations/share/turtlebot3_simulations/local_setup.bash
[1.496s] -- Up-to-date symlink: /home/yoko/turtlebot3_ws/install/turtlebot3_simulations/share/turtlebot3_simulations/local_setup.sh
[1.496s] -- Up-to-date symlink: /home/yoko/turtlebot3_ws/install/turtlebot3_simulations/share/turtlebot3_simulations/local_setup.zsh
[1.496s] -- Up-to-date symlink: /home/yoko/turtlebot3_ws/install/turtlebot3_simulations/share/turtlebot3_simulations/local_setup.dsv
[1.497s] -- Symlinking: /home/yoko/turtlebot3_ws/install/turtlebot3_simulations/share/turtlebot3_simulations/package.dsv
[1.497s] -- Up-to-date symlink: /home/yoko/turtlebot3_ws/install/turtlebot3_simulations/share/ament_index/resource_index/packages/turtlebot3_simulations
[1.497s] -- Up-to-date symlink: /home/yoko/turtlebot3_ws/install/turtlebot3_simulations/share/turtlebot3_simulations/cmake/turtlebot3_simulationsConfig.cmake
[1.497s] -- Up-to-date symlink: /home/yoko/turtlebot3_ws/install/turtlebot3_simulations/share/turtlebot3_simulations/cmake/turtlebot3_simulationsConfig-version.cmake
[1.498s] -- Up-to-date symlink: /home/yoko/turtlebot3_ws/install/turtlebot3_simulations/share/turtlebot3_simulations/package.xml
[1.522s] Invoked command in '/home/yoko/turtlebot3_ws/build/turtlebot3_simulations' returned '0': CMAKE_PREFIX_PATH=/home/yoko/turtlebot3_ws/install/turtlebot3_gazebo:/home/yoko/turtlebot3_ws/install/turtlebot3_fake_node:/home/yoko/turtlebot3_ws/install/turtlebot3_simulations:/home/yoko/turtlebot3_ws/install/choirbot_interfaces:/home/yoko/turtlebot3_ws/install/robot_spawner_pkg:/home/yoko/turtlebot3_ws/install/robot_controller_utils:/home/yoko/turtlebot3_ws/install/choirbot_examples:/home/yoko/turtlebot3_ws/install/choirbot:/opt/ros/foxy /usr/bin/cmake --install /home/yoko/turtlebot3_ws/build/turtlebot3_simulations
