[0.281s] Invoking command in '/home/yoko/turtlebot3_ws/build/choirbot_interfaces': CMAKE_PREFIX_PATH=${CMAKE_PREFIX_PATH}:/home/yoko/turtlebot3_ws/install/robot_spawner_pkg:/home/yoko/turtlebot3_ws/install/robot_controller_utils:/home/yoko/turtlebot3_ws/install/choirbot_examples:/home/yoko/turtlebot3_ws/install/choirbot:/opt/ros/foxy /usr/bin/cmake --build /home/yoko/turtlebot3_ws/build/choirbot_interfaces -- -j8 -l8
[2.024s] [  1%] Built target choirbot_interfaces__cpp
[2.134s] [ 12%] Built target choirbot_interfaces__rosidl_generator_c
[2.217s] [ 23%] Built target choirbot_interfaces__rosidl_typesupport_introspection_c
[2.265s] [ 36%] Built target choirbot_interfaces__rosidl_typesupport_c
[2.265s] [ 46%] Built target choirbot_interfaces__rosidl_typesupport_cpp
[2.274s] [ 57%] Built target choirbot_interfaces__rosidl_typesupport_introspection_cpp
[2.343s] [ 68%] Built target choirbot_interfaces__rosidl_typesupport_fastrtps_cpp
[2.460s] [ 79%] Built target choirbot_interfaces__rosidl_typesupport_fastrtps_c
[2.538s] [ 79%] Built target choirbot_interfaces
[2.649s] [ 80%] Built target choirbot_interfaces__py
[3.141s] [ 90%] Built target choirbot_interfaces__python
[3.313s] [ 96%] Built target choirbot_interfaces__rosidl_typesupport_fastrtps_c__pyext
[3.313s] [ 96%] Built target choirbot_interfaces__rosidl_typesupport_c__pyext
[3.319s] [100%] Built target choirbot_interfaces__rosidl_typesupport_introspection_c__pyext
[3.655s] Invoked command in '/home/yoko/turtlebot3_ws/build/choirbot_interfaces' returned '0': CMAKE_PREFIX_PATH=${CMAKE_PREFIX_PATH}:/home/yoko/turtlebot3_ws/install/robot_spawner_pkg:/home/yoko/turtlebot3_ws/install/robot_controller_utils:/home/yoko/turtlebot3_ws/install/choirbot_examples:/home/yoko/turtlebot3_ws/install/choirbot:/opt/ros/foxy /usr/bin/cmake --build /home/yoko/turtlebot3_ws/build/choirbot_interfaces -- -j8 -l8
[3.805s] Invoking command in '/home/yoko/turtlebot3_ws/build/choirbot_interfaces': CMAKE_PREFIX_PATH=${CMAKE_PREFIX_PATH}:/home/yoko/turtlebot3_ws/install/robot_spawner_pkg:/home/yoko/turtlebot3_ws/install/robot_controller_utils:/home/yoko/turtlebot3_ws/install/choirbot_examples:/home/yoko/turtlebot3_ws/install/choirbot:/opt/ros/foxy /usr/bin/cmake --install /home/yoko/turtlebot3_ws/build/choirbot_interfaces
[3.844s] -- Install configuration: ""
[3.864s] -- Execute custom install script
[3.888s] -- Up-to-date symlink: /home/yoko/turtlebot3_ws/install/choirbot_interfaces/share/ament_index/resource_index/rosidl_interfaces/choirbot_interfaces
[3.912s] -- Up-to-date symlink: /home/yoko/turtlebot3_ws/install/choirbot_interfaces/include/choirbot_interfaces/action/detail/position_action__functions.h
[3.913s] -- Up-to-date symlink: /home/yoko/turtlebot3_ws/install/choirbot_interfaces/include/choirbot_interfaces/action/detail/position_action__struct.h
[3.927s] -- Up-to-date symlink: /home/yoko/turtlebot3_ws/install/choirbot_interfaces/include/choirbot_interfaces/action/detail/position_action__type_support.h
[3.928s] -- Up-to-date symlink: /home/yoko/turtlebot3_ws/install/choirbot_interfaces/include/choirbot_interfaces/action/position_action.h
[3.929s] -- Up-to-date symlink: /home/yoko/turtlebot3_ws/install/choirbot_interfaces/include/choirbot_interfaces/msg/detail/position_task__functions.h
[3.943s] -- Up-to-date symlink: /home/yoko/turtlebot3_ws/install/choirbot_interfaces/include/choirbot_interfaces/msg/detail/position_task__struct.h
[3.945s] -- Up-to-date symlink: /home/yoko/turtlebot3_ws/install/choirbot_interfaces/include/choirbot_interfaces/msg/detail/position_task__type_support.h
[3.946s] -- Up-to-date symlink: /home/yoko/turtlebot3_ws/install/choirbot_interfaces/include/choirbot_interfaces/msg/detail/position_task_array__functions.h
[3.946s] -- Up-to-date symlink: /home/yoko/turtlebot3_ws/install/choirbot_interfaces/include/choirbot_interfaces/msg/detail/position_task_array__struct.h
[3.947s] -- Up-to-date symlink: /home/yoko/turtlebot3_ws/install/choirbot_interfaces/include/choirbot_interfaces/msg/detail/position_task_array__type_support.h
[3.960s] -- Up-to-date symlink: /home/yoko/turtlebot3_ws/install/choirbot_interfaces/include/choirbot_interfaces/msg/position_task.h
[3.977s] -- Up-to-date symlink: /home/yoko/turtlebot3_ws/install/choirbot_interfaces/include/choirbot_interfaces/msg/position_task_array.h
[3.979s] -- Up-to-date symlink: /home/yoko/turtlebot3_ws/install/choirbot_interfaces/include/choirbot_interfaces/msg/rosidl_generator_c__visibility_control.h
[3.980s] -- Up-to-date symlink: /home/yoko/turtlebot3_ws/install/choirbot_interfaces/include/choirbot_interfaces/srv/detail/position_task_service__functions.h
[3.994s] -- Up-to-date symlink: /home/yoko/turtlebot3_ws/install/choirbot_interfaces/include/choirbot_interfaces/srv/detail/position_task_service__struct.h
[4.010s] -- Up-to-date symlink: /home/yoko/turtlebot3_ws/install/choirbot_interfaces/include/choirbot_interfaces/srv/detail/position_task_service__type_support.h
[4.011s] -- Up-to-date symlink: /home/yoko/turtlebot3_ws/install/choirbot_interfaces/include/choirbot_interfaces/srv/detail/task_completion_service__functions.h
[4.012s] -- Up-to-date symlink: /home/yoko/turtlebot3_ws/install/choirbot_interfaces/include/choirbot_interfaces/srv/detail/task_completion_service__struct.h
[4.013s] -- Up-to-date symlink: /home/yoko/turtlebot3_ws/install/choirbot_interfaces/include/choirbot_interfaces/srv/detail/task_completion_service__type_support.h
[4.013s] -- Up-to-date symlink: /home/yoko/turtlebot3_ws/install/choirbot_interfaces/include/choirbot_interfaces/srv/position_task_service.h
[4.027s] -- Up-to-date symlink: /home/yoko/turtlebot3_ws/install/choirbot_interfaces/include/choirbot_interfaces/srv/task_completion_service.h
[4.029s] -- Up-to-date symlink: /home/yoko/turtlebot3_ws/install/choirbot_interfaces/share/choirbot_interfaces/environment/library_path.sh
[4.029s] -- Up-to-date symlink: /home/yoko/turtlebot3_ws/install/choirbot_interfaces/share/choirbot_interfaces/environment/library_path.dsv
[4.031s] -- Up-to-date symlink: /home/yoko/turtlebot3_ws/install/choirbot_interfaces/include/choirbot_interfaces/action/detail/position_action__rosidl_typesupport_fastrtps_c.h
[4.031s] -- Up-to-date symlink: /home/yoko/turtlebot3_ws/install/choirbot_interfaces/include/choirbot_interfaces/msg/detail/position_task__rosidl_typesupport_fastrtps_c.h
[4.032s] -- Up-to-date symlink: /home/yoko/turtlebot3_ws/install/choirbot_interfaces/include/choirbot_interfaces/msg/detail/position_task_array__rosidl_typesupport_fastrtps_c.h
[4.044s] -- Up-to-date symlink: /home/yoko/turtlebot3_ws/install/choirbot_interfaces/include/choirbot_interfaces/msg/rosidl_typesupport_fastrtps_c__visibility_control.h
[4.045s] -- Up-to-date symlink: /home/yoko/turtlebot3_ws/install/choirbot_interfaces/include/choirbot_interfaces/srv/detail/position_task_service__rosidl_typesupport_fastrtps_c.h
[4.046s] -- Up-to-date symlink: /home/yoko/turtlebot3_ws/install/choirbot_interfaces/include/choirbot_interfaces/srv/detail/task_completion_service__rosidl_typesupport_fastrtps_c.h
[4.047s] -- Up-to-date symlink: /home/yoko/turtlebot3_ws/install/choirbot_interfaces/lib/libchoirbot_interfaces__rosidl_typesupport_fastrtps_c.so
[4.048s] -- Up-to-date symlink: /home/yoko/turtlebot3_ws/install/choirbot_interfaces/include/choirbot_interfaces/action/detail/position_action__rosidl_typesupport_fastrtps_cpp.hpp
[4.049s] -- Up-to-date symlink: /home/yoko/turtlebot3_ws/install/choirbot_interfaces/include/choirbot_interfaces/msg/detail/position_task__rosidl_typesupport_fastrtps_cpp.hpp
[4.050s] -- Up-to-date symlink: /home/yoko/turtlebot3_ws/install/choirbot_interfaces/include/choirbot_interfaces/msg/detail/position_task_array__rosidl_typesupport_fastrtps_cpp.hpp
[4.052s] -- Up-to-date symlink: /home/yoko/turtlebot3_ws/install/choirbot_interfaces/include/choirbot_interfaces/msg/rosidl_typesupport_fastrtps_cpp__visibility_control.h
[4.053s] -- Up-to-date symlink: /home/yoko/turtlebot3_ws/install/choirbot_interfaces/include/choirbot_interfaces/srv/detail/position_task_service__rosidl_typesupport_fastrtps_cpp.hpp
[4.054s] -- Up-to-date symlink: /home/yoko/turtlebot3_ws/install/choirbot_interfaces/include/choirbot_interfaces/srv/detail/task_completion_service__rosidl_typesupport_fastrtps_cpp.hpp
[4.055s] -- Up-to-date symlink: /home/yoko/turtlebot3_ws/install/choirbot_interfaces/lib/libchoirbot_interfaces__rosidl_typesupport_fastrtps_cpp.so
[4.056s] -- Up-to-date symlink: /home/yoko/turtlebot3_ws/install/choirbot_interfaces/include/choirbot_interfaces/action/detail/position_action__rosidl_typesupport_introspection_c.h
[4.056s] -- Up-to-date symlink: /home/yoko/turtlebot3_ws/install/choirbot_interfaces/include/choirbot_interfaces/msg/detail/position_task__rosidl_typesupport_introspection_c.h
[4.057s] -- Up-to-date symlink: /home/yoko/turtlebot3_ws/install/choirbot_interfaces/include/choirbot_interfaces/msg/detail/position_task_array__rosidl_typesupport_introspection_c.h
[4.057s] -- Up-to-date symlink: /home/yoko/turtlebot3_ws/install/choirbot_interfaces/include/choirbot_interfaces/msg/rosidl_typesupport_introspection_c__visibility_control.h
[4.058s] -- Up-to-date symlink: /home/yoko/turtlebot3_ws/install/choirbot_interfaces/include/choirbot_interfaces/srv/detail/position_task_service__rosidl_typesupport_introspection_c.h
[4.058s] -- Up-to-date symlink: /home/yoko/turtlebot3_ws/install/choirbot_interfaces/include/choirbot_interfaces/srv/detail/task_completion_service__rosidl_typesupport_introspection_c.h
[4.060s] -- Up-to-date symlink: /home/yoko/turtlebot3_ws/install/choirbot_interfaces/include/choirbot_interfaces/action/detail/position_action__builder.hpp
[4.060s] -- Up-to-date symlink: /home/yoko/turtlebot3_ws/install/choirbot_interfaces/include/choirbot_interfaces/action/detail/position_action__struct.hpp
[4.086s] -- Up-to-date symlink: /home/yoko/turtlebot3_ws/install/choirbot_interfaces/include/choirbot_interfaces/action/detail/position_action__traits.hpp
[4.087s] -- Up-to-date symlink: /home/yoko/turtlebot3_ws/install/choirbot_interfaces/include/choirbot_interfaces/action/position_action.hpp
[4.089s] -- Up-to-date symlink: /home/yoko/turtlebot3_ws/install/choirbot_interfaces/include/choirbot_interfaces/msg/detail/position_task__builder.hpp
[4.089s] -- Up-to-date symlink: /home/yoko/turtlebot3_ws/install/choirbot_interfaces/include/choirbot_interfaces/msg/detail/position_task__struct.hpp
[4.090s] -- Up-to-date symlink: /home/yoko/turtlebot3_ws/install/choirbot_interfaces/include/choirbot_interfaces/msg/detail/position_task__traits.hpp
[4.103s] -- Up-to-date symlink: /home/yoko/turtlebot3_ws/install/choirbot_interfaces/include/choirbot_interfaces/msg/detail/position_task_array__builder.hpp
[4.104s] -- Up-to-date symlink: /home/yoko/turtlebot3_ws/install/choirbot_interfaces/include/choirbot_interfaces/msg/detail/position_task_array__struct.hpp
[4.106s] -- Up-to-date symlink: /home/yoko/turtlebot3_ws/install/choirbot_interfaces/include/choirbot_interfaces/msg/detail/position_task_array__traits.hpp
[4.107s] -- Up-to-date symlink: /home/yoko/turtlebot3_ws/install/choirbot_interfaces/include/choirbot_interfaces/msg/position_task.hpp
[4.108s] -- Up-to-date symlink: /home/yoko/turtlebot3_ws/install/choirbot_interfaces/include/choirbot_interfaces/msg/position_task_array.hpp
[4.120s] -- Up-to-date symlink: /home/yoko/turtlebot3_ws/install/choirbot_interfaces/include/choirbot_interfaces/srv/detail/position_task_service__builder.hpp
[4.121s] -- Up-to-date symlink: /home/yoko/turtlebot3_ws/install/choirbot_interfaces/include/choirbot_interfaces/srv/detail/position_task_service__struct.hpp
[4.122s] -- Up-to-date symlink: /home/yoko/turtlebot3_ws/install/choirbot_interfaces/include/choirbot_interfaces/srv/detail/position_task_service__traits.hpp
[4.123s] -- Up-to-date symlink: /home/yoko/turtlebot3_ws/install/choirbot_interfaces/include/choirbot_interfaces/srv/detail/task_completion_service__builder.hpp
[4.123s] -- Up-to-date symlink: /home/yoko/turtlebot3_ws/install/choirbot_interfaces/include/choirbot_interfaces/srv/detail/task_completion_service__struct.hpp
[4.137s] -- Up-to-date symlink: /home/yoko/turtlebot3_ws/install/choirbot_interfaces/include/choirbot_interfaces/srv/detail/task_completion_service__traits.hpp
[4.137s] -- Up-to-date symlink: /home/yoko/turtlebot3_ws/install/choirbot_interfaces/include/choirbot_interfaces/srv/position_task_service.hpp
[4.139s] -- Up-to-date symlink: /home/yoko/turtlebot3_ws/install/choirbot_interfaces/include/choirbot_interfaces/srv/task_completion_service.hpp
[4.155s] -- Up-to-date symlink: /home/yoko/turtlebot3_ws/install/choirbot_interfaces/include/choirbot_interfaces/action/detail/position_action__rosidl_typesupport_introspection_cpp.hpp
[4.188s] -- Up-to-date symlink: /home/yoko/turtlebot3_ws/install/choirbot_interfaces/include/choirbot_interfaces/msg/detail/position_task__rosidl_typesupport_introspection_cpp.hpp
[4.189s] -- Up-to-date symlink: /home/yoko/turtlebot3_ws/install/choirbot_interfaces/include/choirbot_interfaces/msg/detail/position_task_array__rosidl_typesupport_introspection_cpp.hpp
[4.190s] -- Up-to-date symlink: /home/yoko/turtlebot3_ws/install/choirbot_interfaces/include/choirbot_interfaces/srv/detail/position_task_service__rosidl_typesupport_introspection_cpp.hpp
[4.190s] -- Up-to-date symlink: /home/yoko/turtlebot3_ws/install/choirbot_interfaces/include/choirbot_interfaces/srv/detail/task_completion_service__rosidl_typesupport_introspection_cpp.hpp
[4.191s] -- Up-to-date symlink: /home/yoko/turtlebot3_ws/install/choirbot_interfaces/share/choirbot_interfaces/environment/pythonpath.sh
[4.191s] -- Up-to-date symlink: /home/yoko/turtlebot3_ws/install/choirbot_interfaces/share/choirbot_interfaces/environment/pythonpath.dsv
[4.224s] -- Symlinking: /home/yoko/turtlebot3_ws/install/choirbot_interfaces/lib/python3.8/site-packages/choirbot_interfaces/__init__.py
[4.262s] -- Up-to-date symlink: /home/yoko/turtlebot3_ws/install/choirbot_interfaces/lib/python3.8/site-packages/choirbot_interfaces/action/__init__.py
[4.289s] -- Up-to-date symlink: /home/yoko/turtlebot3_ws/install/choirbot_interfaces/lib/python3.8/site-packages/choirbot_interfaces/action/_position_action.py
[4.290s] -- Up-to-date symlink: /home/yoko/turtlebot3_ws/install/choirbot_interfaces/lib/python3.8/site-packages/choirbot_interfaces/msg/__init__.py
[4.291s] -- Up-to-date symlink: /home/yoko/turtlebot3_ws/install/choirbot_interfaces/lib/python3.8/site-packages/choirbot_interfaces/msg/_position_task.py
[4.291s] -- Up-to-date symlink: /home/yoko/turtlebot3_ws/install/choirbot_interfaces/lib/python3.8/site-packages/choirbot_interfaces/msg/_position_task_array.py
[4.306s] -- Up-to-date symlink: /home/yoko/turtlebot3_ws/install/choirbot_interfaces/lib/python3.8/site-packages/choirbot_interfaces/srv/__init__.py
[4.307s] -- Up-to-date symlink: /home/yoko/turtlebot3_ws/install/choirbot_interfaces/lib/python3.8/site-packages/choirbot_interfaces/srv/_position_task_service.py
[4.308s] -- Up-to-date symlink: /home/yoko/turtlebot3_ws/install/choirbot_interfaces/lib/python3.8/site-packages/choirbot_interfaces/srv/_task_completion_service.py
[4.309s] -- Up-to-date symlink: /home/yoko/turtlebot3_ws/install/choirbot_interfaces/lib/python3.8/site-packages/choirbot_interfaces/choirbot_interfaces_s__rosidl_typesupport_fastrtps_c.cpython-38-x86_64-linux-gnu.so
[4.311s] -- Up-to-date symlink: /home/yoko/turtlebot3_ws/install/choirbot_interfaces/lib/python3.8/site-packages/choirbot_interfaces/choirbot_interfaces_s__rosidl_typesupport_introspection_c.cpython-38-x86_64-linux-gnu.so
[4.312s] -- Up-to-date symlink: /home/yoko/turtlebot3_ws/install/choirbot_interfaces/lib/python3.8/site-packages/choirbot_interfaces/choirbot_interfaces_s__rosidl_typesupport_c.cpython-38-x86_64-linux-gnu.so
[4.314s] -- Up-to-date symlink: /home/yoko/turtlebot3_ws/install/choirbot_interfaces/lib/libchoirbot_interfaces__python.so
[4.315s] -- Up-to-date symlink: /home/yoko/turtlebot3_ws/install/choirbot_interfaces/share/choirbot_interfaces/action/PositionAction.idl
[4.322s] -- Up-to-date symlink: /home/yoko/turtlebot3_ws/install/choirbot_interfaces/share/choirbot_interfaces/msg/PositionTask.idl
[4.323s] -- Up-to-date symlink: /home/yoko/turtlebot3_ws/install/choirbot_interfaces/share/choirbot_interfaces/msg/PositionTaskArray.idl
[4.324s] -- Up-to-date symlink: /home/yoko/turtlebot3_ws/install/choirbot_interfaces/share/choirbot_interfaces/srv/PositionTaskService.idl
[4.325s] -- Up-to-date symlink: /home/yoko/turtlebot3_ws/install/choirbot_interfaces/share/choirbot_interfaces/srv/TaskCompletionService.idl
[4.339s] -- Up-to-date symlink: /home/yoko/turtlebot3_ws/install/choirbot_interfaces/share/choirbot_interfaces/action/PositionAction.action
[4.340s] -- Up-to-date symlink: /home/yoko/turtlebot3_ws/install/choirbot_interfaces/share/choirbot_interfaces/msg/PositionTask.msg
[4.341s] -- Up-to-date symlink: /home/yoko/turtlebot3_ws/install/choirbot_interfaces/share/choirbot_interfaces/msg/PositionTaskArray.msg
[4.341s] -- Up-to-date symlink: /home/yoko/turtlebot3_ws/install/choirbot_interfaces/share/choirbot_interfaces/srv/PositionTaskService.srv
[4.342s] -- Up-to-date symlink: /home/yoko/turtlebot3_ws/install/choirbot_interfaces/share/choirbot_interfaces/srv/PositionTaskService_Request.msg
[4.355s] -- Up-to-date symlink: /home/yoko/turtlebot3_ws/install/choirbot_interfaces/share/choirbot_interfaces/srv/PositionTaskService_Response.msg
[4.356s] -- Up-to-date symlink: /home/yoko/turtlebot3_ws/install/choirbot_interfaces/share/choirbot_interfaces/srv/TaskCompletionService.srv
[4.357s] -- Up-to-date symlink: /home/yoko/turtlebot3_ws/install/choirbot_interfaces/share/choirbot_interfaces/srv/TaskCompletionService_Request.msg
[4.358s] -- Up-to-date symlink: /home/yoko/turtlebot3_ws/install/choirbot_interfaces/share/choirbot_interfaces/srv/TaskCompletionService_Response.msg
[4.359s] -- Symlinking: /home/yoko/turtlebot3_ws/install/choirbot_interfaces/lib/python3.8/site-packages/choirbot_interfaces/__init__.py
[4.474s] -- Up-to-date symlink: /home/yoko/turtlebot3_ws/install/choirbot_interfaces/share/ament_index/resource_index/package_run_dependencies/choirbot_interfaces
[4.475s] -- Up-to-date symlink: /home/yoko/turtlebot3_ws/install/choirbot_interfaces/share/ament_index/resource_index/parent_prefix_path/choirbot_interfaces
[4.476s] -- Up-to-date symlink: /home/yoko/turtlebot3_ws/install/choirbot_interfaces/share/choirbot_interfaces/environment/ament_prefix_path.sh
[4.477s] -- Up-to-date symlink: /home/yoko/turtlebot3_ws/install/choirbot_interfaces/share/choirbot_interfaces/environment/ament_prefix_path.dsv
[4.477s] -- Up-to-date symlink: /home/yoko/turtlebot3_ws/install/choirbot_interfaces/share/choirbot_interfaces/environment/path.sh
[4.478s] -- Up-to-date symlink: /home/yoko/turtlebot3_ws/install/choirbot_interfaces/share/choirbot_interfaces/environment/path.dsv
[4.479s] -- Up-to-date symlink: /home/yoko/turtlebot3_ws/install/choirbot_interfaces/share/choirbot_interfaces/local_setup.bash
[4.481s] -- Up-to-date symlink: /home/yoko/turtlebot3_ws/install/choirbot_interfaces/share/choirbot_interfaces/local_setup.sh
[4.482s] -- Up-to-date symlink: /home/yoko/turtlebot3_ws/install/choirbot_interfaces/share/choirbot_interfaces/local_setup.zsh
[4.483s] -- Up-to-date symlink: /home/yoko/turtlebot3_ws/install/choirbot_interfaces/share/choirbot_interfaces/local_setup.dsv
[4.483s] -- Symlinking: /home/yoko/turtlebot3_ws/install/choirbot_interfaces/share/choirbot_interfaces/package.dsv
[4.504s] -- Up-to-date symlink: /home/yoko/turtlebot3_ws/install/choirbot_interfaces/share/ament_index/resource_index/packages/choirbot_interfaces
[4.505s] -- Up-to-date symlink: /home/yoko/turtlebot3_ws/install/choirbot_interfaces/share/choirbot_interfaces/cmake/rosidl_cmake-extras.cmake
[4.506s] -- Up-to-date symlink: /home/yoko/turtlebot3_ws/install/choirbot_interfaces/share/choirbot_interfaces/cmake/ament_cmake_export_dependencies-extras.cmake
[4.507s] -- Up-to-date symlink: /home/yoko/turtlebot3_ws/install/choirbot_interfaces/share/choirbot_interfaces/cmake/ament_cmake_export_libraries-extras.cmake
[4.507s] -- Up-to-date symlink: /home/yoko/turtlebot3_ws/install/choirbot_interfaces/share/choirbot_interfaces/cmake/ament_cmake_export_targets-extras.cmake
[4.508s] -- Up-to-date symlink: /home/yoko/turtlebot3_ws/install/choirbot_interfaces/share/choirbot_interfaces/cmake/ament_cmake_export_include_directories-extras.cmake
[4.509s] -- Up-to-date symlink: /home/yoko/turtlebot3_ws/install/choirbot_interfaces/share/choirbot_interfaces/cmake/rosidl_cmake_export_typesupport_libraries-extras.cmake
[4.509s] -- Up-to-date symlink: /home/yoko/turtlebot3_ws/install/choirbot_interfaces/share/choirbot_interfaces/cmake/rosidl_cmake_export_typesupport_targets-extras.cmake
[4.510s] -- Up-to-date symlink: /home/yoko/turtlebot3_ws/install/choirbot_interfaces/share/choirbot_interfaces/cmake/choirbot_interfacesConfig.cmake
[4.510s] -- Up-to-date symlink: /home/yoko/turtlebot3_ws/install/choirbot_interfaces/share/choirbot_interfaces/cmake/choirbot_interfacesConfig-version.cmake
[4.511s] -- Up-to-date symlink: /home/yoko/turtlebot3_ws/install/choirbot_interfaces/share/choirbot_interfaces/package.xml
[4.538s] -- Up-to-date: /home/yoko/turtlebot3_ws/install/choirbot_interfaces/lib/libchoirbot_interfaces__rosidl_generator_c.so
[4.562s] -- Up-to-date: /home/yoko/turtlebot3_ws/install/choirbot_interfaces/lib/libchoirbot_interfaces__rosidl_typesupport_introspection_c.so
[4.597s] -- Up-to-date: /home/yoko/turtlebot3_ws/install/choirbot_interfaces/lib/libchoirbot_interfaces__rosidl_typesupport_c.so
[4.638s] -- Up-to-date: /home/yoko/turtlebot3_ws/install/choirbot_interfaces/lib/libchoirbot_interfaces__rosidl_typesupport_introspection_cpp.so
[4.640s] -- Up-to-date: /home/yoko/turtlebot3_ws/install/choirbot_interfaces/lib/libchoirbot_interfaces__rosidl_typesupport_cpp.so
[4.848s] Listing '/home/yoko/turtlebot3_ws/install/choirbot_interfaces/lib/python3.8/site-packages/choirbot_interfaces'...
[4.848s] Listing '/home/yoko/turtlebot3_ws/install/choirbot_interfaces/lib/python3.8/site-packages/choirbot_interfaces/action'...
[4.848s] Listing '/home/yoko/turtlebot3_ws/install/choirbot_interfaces/lib/python3.8/site-packages/choirbot_interfaces/msg'...
[4.848s] Listing '/home/yoko/turtlebot3_ws/install/choirbot_interfaces/lib/python3.8/site-packages/choirbot_interfaces/srv'...
[4.911s] -- Up-to-date: /home/yoko/turtlebot3_ws/install/choirbot_interfaces/share/choirbot_interfaces/cmake/choirbot_interfaces__rosidl_generator_cExport.cmake
[4.911s] -- Up-to-date: /home/yoko/turtlebot3_ws/install/choirbot_interfaces/share/choirbot_interfaces/cmake/choirbot_interfaces__rosidl_generator_cExport-noconfig.cmake
[4.912s] -- Up-to-date: /home/yoko/turtlebot3_ws/install/choirbot_interfaces/share/choirbot_interfaces/cmake/choirbot_interfaces__rosidl_typesupport_introspection_cExport.cmake
[4.913s] -- Up-to-date: /home/yoko/turtlebot3_ws/install/choirbot_interfaces/share/choirbot_interfaces/cmake/choirbot_interfaces__rosidl_typesupport_introspection_cExport-noconfig.cmake
[4.914s] -- Up-to-date: /home/yoko/turtlebot3_ws/install/choirbot_interfaces/share/choirbot_interfaces/cmake/choirbot_interfaces__rosidl_typesupport_cExport.cmake
[4.914s] -- Up-to-date: /home/yoko/turtlebot3_ws/install/choirbot_interfaces/share/choirbot_interfaces/cmake/choirbot_interfaces__rosidl_typesupport_cExport-noconfig.cmake
[4.915s] -- Up-to-date: /home/yoko/turtlebot3_ws/install/choirbot_interfaces/share/choirbot_interfaces/cmake/choirbot_interfaces__rosidl_generator_cppExport.cmake
[4.916s] -- Up-to-date: /home/yoko/turtlebot3_ws/install/choirbot_interfaces/share/choirbot_interfaces/cmake/choirbot_interfaces__rosidl_typesupport_introspection_cppExport.cmake
[4.916s] -- Up-to-date: /home/yoko/turtlebot3_ws/install/choirbot_interfaces/share/choirbot_interfaces/cmake/choirbot_interfaces__rosidl_typesupport_introspection_cppExport-noconfig.cmake
[4.917s] -- Up-to-date: /home/yoko/turtlebot3_ws/install/choirbot_interfaces/share/choirbot_interfaces/cmake/choirbot_interfaces__rosidl_typesupport_cppExport.cmake
[4.918s] -- Up-to-date: /home/yoko/turtlebot3_ws/install/choirbot_interfaces/share/choirbot_interfaces/cmake/choirbot_interfaces__rosidl_typesupport_cppExport-noconfig.cmake
[4.952s] Invoked command in '/home/yoko/turtlebot3_ws/build/choirbot_interfaces' returned '0': CMAKE_PREFIX_PATH=${CMAKE_PREFIX_PATH}:/home/yoko/turtlebot3_ws/install/robot_spawner_pkg:/home/yoko/turtlebot3_ws/install/robot_controller_utils:/home/yoko/turtlebot3_ws/install/choirbot_examples:/home/yoko/turtlebot3_ws/install/choirbot:/opt/ros/foxy /usr/bin/cmake --install /home/yoko/turtlebot3_ws/build/choirbot_interfaces
