[0.103s] Invoking command in '/home/yoko/turtlebot3_ws/build/turtlebot3_simulations': CMAKE_PREFIX_PATH=/home/yoko/turtlebot3_ws/install/turtlebot3_gazebo:/home/yoko/turtlebot3_ws/install/turtlebot3_fake_node:/home/yoko/turtlebot3_ws/install/turtlebot3_simulations:/home/yoko/turtlebot3_ws/install/choirbot_interfaces:/home/yoko/turtlebot3_ws/install/robot_spawner_pkg:/home/yoko/turtlebot3_ws/install/robot_controller_utils:/home/yoko/turtlebot3_ws/install/choirbot_examples:/home/yoko/turtlebot3_ws/install/choirbot:/opt/ros/foxy /usr/bin/cmake --build /home/yoko/turtlebot3_ws/build/turtlebot3_simulations -- -j8 -l8
[0.185s] Invoked command in '/home/yoko/turtlebot3_ws/build/turtlebot3_simulations' returned '0': CMAKE_PREFIX_PATH=/home/yoko/turtlebot3_ws/install/turtlebot3_gazebo:/home/yoko/turtlebot3_ws/install/turtlebot3_fake_node:/home/yoko/turtlebot3_ws/install/turtlebot3_simulations:/home/yoko/turtlebot3_ws/install/choirbot_interfaces:/home/yoko/turtlebot3_ws/install/robot_spawner_pkg:/home/yoko/turtlebot3_ws/install/robot_controller_utils:/home/yoko/turtlebot3_ws/install/choirbot_examples:/home/yoko/turtlebot3_ws/install/choirbot:/opt/ros/foxy /usr/bin/cmake --build /home/yoko/turtlebot3_ws/build/turtlebot3_simulations -- -j8 -l8
[0.225s] Invoking command in '/home/yoko/turtlebot3_ws/build/turtlebot3_simulations': CMAKE_PREFIX_PATH=/home/yoko/turtlebot3_ws/install/turtlebot3_gazebo:/home/yoko/turtlebot3_ws/install/turtlebot3_fake_node:/home/yoko/turtlebot3_ws/install/turtlebot3_simulations:/home/yoko/turtlebot3_ws/install/choirbot_interfaces:/home/yoko/turtlebot3_ws/install/robot_spawner_pkg:/home/yoko/turtlebot3_ws/install/robot_controller_utils:/home/yoko/turtlebot3_ws/install/choirbot_examples:/home/yoko/turtlebot3_ws/install/choirbot:/opt/ros/foxy /usr/bin/cmake --install /home/yoko/turtlebot3_ws/build/turtlebot3_simulations
[0.242s] -- Install configuration: ""
[0.243s] -- Execute custom install script
[0.245s] -- Up-to-date symlink: /home/yoko/turtlebot3_ws/install/turtlebot3_simulations/share/ament_index/resource_index/package_run_dependencies/turtlebot3_simulations
[0.246s] -- Up-to-date symlink: /home/yoko/turtlebot3_ws/install/turtlebot3_simulations/share/ament_index/resource_index/parent_prefix_path/turtlebot3_simulations
[0.260s] -- Up-to-date symlink: /home/yoko/turtlebot3_ws/install/turtlebot3_simulations/share/turtlebot3_simulations/environment/ament_prefix_path.sh
[0.260s] -- Up-to-date symlink: /home/yoko/turtlebot3_ws/install/turtlebot3_simulations/share/turtlebot3_simulations/environment/ament_prefix_path.dsv
[0.261s] -- Up-to-date symlink: /home/yoko/turtlebot3_ws/install/turtlebot3_simulations/share/turtlebot3_simulations/environment/path.sh
[0.262s] -- Up-to-date symlink: /home/yoko/turtlebot3_ws/install/turtlebot3_simulations/share/turtlebot3_simulations/environment/path.dsv
[0.265s] -- Up-to-date symlink: /home/yoko/turtlebot3_ws/install/turtlebot3_simulations/share/turtlebot3_simulations/local_setup.bash
[0.265s] -- Up-to-date symlink: /home/yoko/turtlebot3_ws/install/turtlebot3_simulations/share/turtlebot3_simulations/local_setup.sh
[0.266s] -- Up-to-date symlink: /home/yoko/turtlebot3_ws/install/turtlebot3_simulations/share/turtlebot3_simulations/local_setup.zsh
[0.267s] -- Up-to-date symlink: /home/yoko/turtlebot3_ws/install/turtlebot3_simulations/share/turtlebot3_simulations/local_setup.dsv
[0.267s] -- Symlinking: /home/yoko/turtlebot3_ws/install/turtlebot3_simulations/share/turtlebot3_simulations/package.dsv
[0.282s] -- Up-to-date symlink: /home/yoko/turtlebot3_ws/install/turtlebot3_simulations/share/ament_index/resource_index/packages/turtlebot3_simulations
[0.283s] -- Up-to-date symlink: /home/yoko/turtlebot3_ws/install/turtlebot3_simulations/share/turtlebot3_simulations/cmake/turtlebot3_simulationsConfig.cmake
[0.284s] -- Up-to-date symlink: /home/yoko/turtlebot3_ws/install/turtlebot3_simulations/share/turtlebot3_simulations/cmake/turtlebot3_simulationsConfig-version.cmake
[0.302s] -- Up-to-date symlink: /home/yoko/turtlebot3_ws/install/turtlebot3_simulations/share/turtlebot3_simulations/package.xml
[0.307s] Invoked command in '/home/yoko/turtlebot3_ws/build/turtlebot3_simulations' returned '0': CMAKE_PREFIX_PATH=/home/yoko/turtlebot3_ws/install/turtlebot3_gazebo:/home/yoko/turtlebot3_ws/install/turtlebot3_fake_node:/home/yoko/turtlebot3_ws/install/turtlebot3_simulations:/home/yoko/turtlebot3_ws/install/choirbot_interfaces:/home/yoko/turtlebot3_ws/install/robot_spawner_pkg:/home/yoko/turtlebot3_ws/install/robot_controller_utils:/home/yoko/turtlebot3_ws/install/choirbot_examples:/home/yoko/turtlebot3_ws/install/choirbot:/opt/ros/foxy /usr/bin/cmake --install /home/yoko/turtlebot3_ws/build/turtlebot3_simulations
