[1.452s] Invoking command in '/home/yoko/turtlebot3_ws/build/choirbot_examples': AMENT_PREFIX_PATH=/home/yoko/turtlebot3_ws/install/choirbot:/home/yoko/turtlebot3_ws/install/turtlebot3_simulations:/home/yoko/turtlebot3_ws/install/turtlebot3_gazebo:/home/yoko/turtlebot3_ws/install/turtlebot3_fake_node:/home/yoko/turtlebot3_ws/install/robot_spawner_pkg:/home/yoko/turtlebot3_ws/install/robot_controller_utils:/home/yoko/turtlebot3_ws/install/choirbot_examples:/home/yoko/turtlebot3_ws/install/choirbot_interfaces:/opt/ros/foxy CMAKE_PREFIX_PATH=/home/yoko/turtlebot3_ws/install/choirbot_interfaces:/home/yoko/turtlebot3_ws/install/turtlebot3_simulations:/home/yoko/turtlebot3_ws/install/turtlebot3_gazebo:/home/yoko/turtlebot3_ws/install/turtlebot3_fake_node PYTHONPATH=/home/yoko/turtlebot3_ws/build/choirbot_examples/prefix_override:/home/yoko/turtlebot3_ws/install/choirbot_examples/lib/python3.8/site-packages:/home/yoko/turtlebot3_ws/build/choirbot:/home/yoko/turtlebot3_ws/install/choirbot/lib/python3.8/site-packages:/home/yoko/turtlebot3_ws/install/choirbot_interfaces/lib/python3.8/site-packages:/home/yoko/turtlebot3_ws/build/robot_spawner_pkg/src:/home/yoko/turtlebot3_ws/install/robot_spawner_pkg/lib/python3.8/site-packages:/home/yoko/turtlebot3_ws/build/robot_controller_utils/src:/home/yoko/turtlebot3_ws/install/robot_controller_utils/lib/python3.8/site-packages:/home/yoko/turtlebot3_ws/build/choirbot_examples:/home/yoko/turtlebot3_ws/install/choirbot_examples/lib/python3.8/site-packages:/opt/ros/foxy/lib/python3.8/site-packages /usr/bin/python3 setup.py develop --editable --build-directory /home/yoko/turtlebot3_ws/build/choirbot_examples/build --no-deps install_data
[1.900s] running develop
[2.178s] running egg_info
[2.178s] writing choirbot_examples.egg-info/PKG-INFO
[2.179s] writing dependency_links to choirbot_examples.egg-info/dependency_links.txt
[2.179s] writing entry points to choirbot_examples.egg-info/entry_points.txt
[2.179s] writing requirements to choirbot_examples.egg-info/requires.txt
[2.180s] writing top-level names to choirbot_examples.egg-info/top_level.txt
[2.252s] reading manifest file 'choirbot_examples.egg-info/SOURCES.txt'
[2.270s] writing manifest file 'choirbot_examples.egg-info/SOURCES.txt'
[2.368s] running build_ext
[2.595s] Creating /home/yoko/turtlebot3_ws/install/choirbot_examples/lib/python3.8/site-packages/choirbot-examples.egg-link (link to .)
[2.597s] Installing choirbot_containment_guidance script to /home/yoko/turtlebot3_ws/install/choirbot_examples/lib/choirbot_examples
[2.597s] Installing choirbot_containment_integrator script to /home/yoko/turtlebot3_ws/install/choirbot_examples/lib/choirbot_examples
[2.598s] Installing choirbot_containment_rviz script to /home/yoko/turtlebot3_ws/install/choirbot_examples/lib/choirbot_examples
[2.598s] Installing choirbot_formationcontrol_controller script to /home/yoko/turtlebot3_ws/install/choirbot_examples/lib/choirbot_examples
[2.598s] Installing choirbot_formationcontrol_guidance script to /home/yoko/turtlebot3_ws/install/choirbot_examples/lib/choirbot_examples
[2.599s] Installing choirbot_mpc_guidance script to /home/yoko/turtlebot3_ws/install/choirbot_examples/lib/choirbot_examples
[2.599s] Installing choirbot_mpc_integrator script to /home/yoko/turtlebot3_ws/install/choirbot_examples/lib/choirbot_examples
[2.599s] Installing choirbot_mpc_rviz script to /home/yoko/turtlebot3_ws/install/choirbot_examples/lib/choirbot_examples
[2.599s] Installing choirbot_taskassignment_controller script to /home/yoko/turtlebot3_ws/install/choirbot_examples/lib/choirbot_examples
[2.600s] Installing choirbot_taskassignment_guidance script to /home/yoko/turtlebot3_ws/install/choirbot_examples/lib/choirbot_examples
[2.600s] Installing choirbot_taskassignment_planner script to /home/yoko/turtlebot3_ws/install/choirbot_examples/lib/choirbot_examples
[2.600s] Installing choirbot_taskassignment_table script to /home/yoko/turtlebot3_ws/install/choirbot_examples/lib/choirbot_examples
[2.601s] Installing choirbot_turtlebot_spawner script to /home/yoko/turtlebot3_ws/install/choirbot_examples/lib/choirbot_examples
[2.601s] 
[2.601s] Installed /home/yoko/turtlebot3_ws/build/choirbot_examples
[2.601s] running install_data
[2.659s] Invoked command in '/home/yoko/turtlebot3_ws/build/choirbot_examples' returned '0': AMENT_PREFIX_PATH=/home/yoko/turtlebot3_ws/install/choirbot:/home/yoko/turtlebot3_ws/install/turtlebot3_simulations:/home/yoko/turtlebot3_ws/install/turtlebot3_gazebo:/home/yoko/turtlebot3_ws/install/turtlebot3_fake_node:/home/yoko/turtlebot3_ws/install/robot_spawner_pkg:/home/yoko/turtlebot3_ws/install/robot_controller_utils:/home/yoko/turtlebot3_ws/install/choirbot_examples:/home/yoko/turtlebot3_ws/install/choirbot_interfaces:/opt/ros/foxy CMAKE_PREFIX_PATH=/home/yoko/turtlebot3_ws/install/choirbot_interfaces:/home/yoko/turtlebot3_ws/install/turtlebot3_simulations:/home/yoko/turtlebot3_ws/install/turtlebot3_gazebo:/home/yoko/turtlebot3_ws/install/turtlebot3_fake_node PYTHONPATH=/home/yoko/turtlebot3_ws/build/choirbot_examples/prefix_override:/home/yoko/turtlebot3_ws/install/choirbot_examples/lib/python3.8/site-packages:/home/yoko/turtlebot3_ws/build/choirbot:/home/yoko/turtlebot3_ws/install/choirbot/lib/python3.8/site-packages:/home/yoko/turtlebot3_ws/install/choirbot_interfaces/lib/python3.8/site-packages:/home/yoko/turtlebot3_ws/build/robot_spawner_pkg/src:/home/yoko/turtlebot3_ws/install/robot_spawner_pkg/lib/python3.8/site-packages:/home/yoko/turtlebot3_ws/build/robot_controller_utils/src:/home/yoko/turtlebot3_ws/install/robot_controller_utils/lib/python3.8/site-packages:/home/yoko/turtlebot3_ws/build/choirbot_examples:/home/yoko/turtlebot3_ws/install/choirbot_examples/lib/python3.8/site-packages:/opt/ros/foxy/lib/python3.8/site-packages /usr/bin/python3 setup.py develop --editable --build-directory /home/yoko/turtlebot3_ws/build/choirbot_examples/build --no-deps install_data
