[0.483s] Invoking command in '/home/yoko/turtlebot3_ws/src/build/choirbot_examples': AMENT_PREFIX_PATH=/home/yoko/turtlebot3_ws/src/install/choirbot:/home/yoko/turtlebot3_ws/src/install/choirbot_interfaces:${AMENT_PREFIX_PATH} CMAKE_PREFIX_PATH=/home/yoko/turtlebot3_ws/src/install/choirbot_interfaces:${CMAKE_PREFIX_PATH} LD_LIBRARY_PATH=/home/yoko/turtlebot3_ws/src/install/choirbot_interfaces/lib:${LD_LIBRARY_PATH} PYTHONPATH=/home/yoko/turtlebot3_ws/src/install/choirbot_examples/lib/python3.8/site-packages:/home/yoko/turtlebot3_ws/src/build/choirbot:/home/yoko/turtlebot3_ws/src/install/choirbot/lib/python3.8/site-packages:/home/yoko/turtlebot3_ws/src/install/choirbot_interfaces/lib/python3.8/site-packages:${PYTHONPATH} /usr/bin/python3 setup.py develop --prefix /home/yoko/turtlebot3_ws/src/install/choirbot_examples --editable --build-directory /home/yoko/turtlebot3_ws/src/build/choirbot_examples/build --no-deps install_data --install-dir /home/yoko/turtlebot3_ws/src/install/choirbot_examples
[0.866s] running develop
[1.115s] running egg_info
[1.116s] writing choirbot_examples.egg-info/PKG-INFO
[1.116s] writing dependency_links to choirbot_examples.egg-info/dependency_links.txt
[1.116s] writing entry points to choirbot_examples.egg-info/entry_points.txt
[1.117s] writing requirements to choirbot_examples.egg-info/requires.txt
[1.117s] writing top-level names to choirbot_examples.egg-info/top_level.txt
[1.168s] reading manifest file 'choirbot_examples.egg-info/SOURCES.txt'
[1.171s] writing manifest file 'choirbot_examples.egg-info/SOURCES.txt'
[1.229s] running build_ext
[1.230s] Creating /home/yoko/turtlebot3_ws/src/install/choirbot_examples/lib/python3.8/site-packages/choirbot-examples.egg-link (link to .)
[1.231s] Installing choirbot_containment_guidance script to /home/yoko/turtlebot3_ws/src/install/choirbot_examples/lib/choirbot_examples
[1.231s] Installing choirbot_containment_integrator script to /home/yoko/turtlebot3_ws/src/install/choirbot_examples/lib/choirbot_examples
[1.231s] Installing choirbot_containment_rviz script to /home/yoko/turtlebot3_ws/src/install/choirbot_examples/lib/choirbot_examples
[1.232s] Installing choirbot_formationcontrol_controller script to /home/yoko/turtlebot3_ws/src/install/choirbot_examples/lib/choirbot_examples
[1.232s] Installing choirbot_formationcontrol_guidance script to /home/yoko/turtlebot3_ws/src/install/choirbot_examples/lib/choirbot_examples
[1.232s] Installing choirbot_mpc_guidance script to /home/yoko/turtlebot3_ws/src/install/choirbot_examples/lib/choirbot_examples
[1.232s] Installing choirbot_mpc_integrator script to /home/yoko/turtlebot3_ws/src/install/choirbot_examples/lib/choirbot_examples
[1.233s] Installing choirbot_mpc_rviz script to /home/yoko/turtlebot3_ws/src/install/choirbot_examples/lib/choirbot_examples
[1.233s] Installing choirbot_taskassignment_controller script to /home/yoko/turtlebot3_ws/src/install/choirbot_examples/lib/choirbot_examples
[1.233s] Installing choirbot_taskassignment_guidance script to /home/yoko/turtlebot3_ws/src/install/choirbot_examples/lib/choirbot_examples
[1.233s] Installing choirbot_taskassignment_planner script to /home/yoko/turtlebot3_ws/src/install/choirbot_examples/lib/choirbot_examples
[1.233s] Installing choirbot_taskassignment_table script to /home/yoko/turtlebot3_ws/src/install/choirbot_examples/lib/choirbot_examples
[1.233s] Installing choirbot_turtlebot_spawner script to /home/yoko/turtlebot3_ws/src/install/choirbot_examples/lib/choirbot_examples
[1.234s] 
[1.234s] Installed /home/yoko/turtlebot3_ws/src/build/choirbot_examples
[1.234s] running install_data
[1.273s] Invoked command in '/home/yoko/turtlebot3_ws/src/build/choirbot_examples' returned '0': AMENT_PREFIX_PATH=/home/yoko/turtlebot3_ws/src/install/choirbot:/home/yoko/turtlebot3_ws/src/install/choirbot_interfaces:${AMENT_PREFIX_PATH} CMAKE_PREFIX_PATH=/home/yoko/turtlebot3_ws/src/install/choirbot_interfaces:${CMAKE_PREFIX_PATH} LD_LIBRARY_PATH=/home/yoko/turtlebot3_ws/src/install/choirbot_interfaces/lib:${LD_LIBRARY_PATH} PYTHONPATH=/home/yoko/turtlebot3_ws/src/install/choirbot_examples/lib/python3.8/site-packages:/home/yoko/turtlebot3_ws/src/build/choirbot:/home/yoko/turtlebot3_ws/src/install/choirbot/lib/python3.8/site-packages:/home/yoko/turtlebot3_ws/src/install/choirbot_interfaces/lib/python3.8/site-packages:${PYTHONPATH} /usr/bin/python3 setup.py develop --prefix /home/yoko/turtlebot3_ws/src/install/choirbot_examples --editable --build-directory /home/yoko/turtlebot3_ws/src/build/choirbot_examples/build --no-deps install_data --install-dir /home/yoko/turtlebot3_ws/src/install/choirbot_examples
