[0.485s] Invoking command in '/home/yoko/turtlebot3_ws/build/uuv_assistants': /usr/bin/cmake /home/yoko/turtlebot3_ws/src/turtlebot3_simulations/uuv_assistants -DCATKIN_INSTALL_INTO_PREFIX_ROOT=0 -DCATKIN_SYMLINK_INSTALL=ON -DCMAKE_INSTALL_PREFIX=/home/yoko/turtlebot3_ws/install/uuv_assistants
[0.626s] -- The C compiler identification is GNU 9.3.0
[0.754s] -- The CXX compiler identification is GNU 9.3.0
[0.756s] -- Check for working C compiler: /usr/bin/cc
[0.842s] -- Check for working C compiler: /usr/bin/cc -- works
[0.844s] -- Detecting C compiler ABI info
[0.943s] -- Detecting C compiler ABI info - done
[0.983s] -- Detecting C compile features
[0.984s] -- Detecting C compile features - done
[0.994s] -- Check for working CXX compiler: /usr/bin/c++
[1.111s] -- Check for working CXX compiler: /usr/bin/c++ -- works
[1.113s] -- Detecting CXX compiler ABI info
[1.219s] -- Detecting CXX compiler ABI info - done
[1.244s] -- Detecting CXX compile features
[1.245s] -- Detecting CXX compile features - done
[1.261s] CMake Error at CMakeLists.txt:4 (find_package):
[1.261s]   By not providing "Findcatkin.cmake" in CMAKE_MODULE_PATH this project has
[1.261s]   asked CMake to find a package configuration file provided by "catkin", but
[1.261s]   CMake did not find one.
[1.262s] 
[1.262s]   Could not find a package configuration file provided by "catkin" with any
[1.262s]   of the following names:
[1.262s] 
[1.262s]     catkinConfig.cmake
[1.262s]     catkin-config.cmake
[1.263s] 
[1.263s]   Add the installation prefix of "catkin" to CMAKE_PREFIX_PATH or set
[1.263s]   "catkin_DIR" to a directory containing one of the above files.  If "catkin"
[1.263s]   provides a separate development package or SDK, be sure it has been
[1.263s]   installed.
[1.263s] 
[1.263s] 
[1.263s] -- Configuring incomplete, errors occurred!
[1.264s] See also "/home/yoko/turtlebot3_ws/build/uuv_assistants/CMakeFiles/CMakeOutput.log".
[1.501s] Invoked command in '/home/yoko/turtlebot3_ws/build/uuv_assistants' returned '1': /usr/bin/cmake /home/yoko/turtlebot3_ws/src/turtlebot3_simulations/uuv_assistants -DCATKIN_INSTALL_INTO_PREFIX_ROOT=0 -DCATKIN_SYMLINK_INSTALL=ON -DCMAKE_INSTALL_PREFIX=/home/yoko/turtlebot3_ws/install/uuv_assistants
