[0.449s] Invoking command in '/home/yoko/turtlebot3_ws/build/choirbot_examples': AMENT_PREFIX_PATH=/home/yoko/turtlebot3_ws/install/choirbot:/home/yoko/turtlebot3_test/install/turtlebot3_simulations:/home/yoko/turtlebot3_test/install/turtlebot3_gazebo:/home/yoko/turtlebot3_test/install/turtlebot3_fake_node:/home/yoko/turtlebot3_test/install/robot_spawner_pkg:/home/yoko/turtlebot3_test/install/choirbot_examples:/home/yoko/turtlebot3_test/install/choirbot:/home/yoko/turtlebot3_test/install/choirbot_interfaces:/home/yoko/turtlebot3_ws/install/turtlebot3_simulations:/home/yoko/turtlebot3_ws/install/turtlebot3_gazebo:/home/yoko/turtlebot3_ws/install/turtlebot3_fake_node:/home/yoko/turtlebot3_ws/install/robot_spawner_pkg:/home/yoko/turtlebot3_ws/install/robot_controller_utils:/home/yoko/turtlebot3_ws/install/choirbot_examples:/home/yoko/turtlebot3_ws/install/choirbot_interfaces:/opt/ros/foxy CMAKE_PREFIX_PATH=/home/yoko/turtlebot3_ws/install/choirbot_interfaces:${CMAKE_PREFIX_PATH} LD_LIBRARY_PATH=/home/yoko/turtlebot3_ws/install/choirbot_interfaces/lib:/home/yoko/turtlebot3_test/install/choirbot_interfaces/lib:/usr/lib/x86_64-linux-gnu/gazebo-11/plugins:/opt/ros/foxy/opt/yaml_cpp_vendor/lib:/opt/ros/foxy/opt/rviz_ogre_vendor/lib:/opt/ros/foxy/lib/x86_64-linux-gnu:/opt/ros/foxy/lib PYTHONPATH=/home/yoko/turtlebot3_ws/install/choirbot_examples/lib/python3.8/site-packages:/home/yoko/turtlebot3_ws/build/choirbot:/home/yoko/turtlebot3_ws/install/choirbot/lib/python3.8/site-packages:/home/yoko/turtlebot3_ws/install/choirbot_interfaces/lib/python3.8/site-packages:/home/yoko/turtlebot3_test/build/robot_spawner_pkg/src:/home/yoko/turtlebot3_test/install/robot_spawner_pkg/lib/python3.8/site-packages:/home/yoko/turtlebot3_test/build/choirbot_examples:/home/yoko/turtlebot3_test/install/choirbot_examples/lib/python3.8/site-packages:/home/yoko/turtlebot3_test/build/choirbot:/home/yoko/turtlebot3_test/install/choirbot/lib/python3.8/site-packages:/home/yoko/turtlebot3_test/install/choirbot_interfaces/lib/python3.8/site-packages:/home/yoko/turtlebot3_ws/build/robot_spawner_pkg/src:/home/yoko/turtlebot3_ws/install/robot_spawner_pkg/lib/python3.8/site-packages:/home/yoko/turtlebot3_ws/build/robot_controller_utils/src:/home/yoko/turtlebot3_ws/install/robot_controller_utils/lib/python3.8/site-packages:/home/yoko/turtlebot3_ws/build/choirbot_examples:/home/yoko/turtlebot3_ws/install/choirbot_examples/lib/python3.8/site-packages:/opt/ros/foxy/lib/python3.8/site-packages /usr/bin/python3 setup.py develop --prefix /home/yoko/turtlebot3_ws/install/choirbot_examples --editable --build-directory /home/yoko/turtlebot3_ws/build/choirbot_examples/build --no-deps install_data --install-dir /home/yoko/turtlebot3_ws/install/choirbot_examples
[0.823s] running develop
[1.043s] running egg_info
[1.043s] writing choirbot_examples.egg-info/PKG-INFO
[1.043s] writing dependency_links to choirbot_examples.egg-info/dependency_links.txt
[1.043s] writing entry points to choirbot_examples.egg-info/entry_points.txt
[1.044s] writing requirements to choirbot_examples.egg-info/requires.txt
[1.044s] writing top-level names to choirbot_examples.egg-info/top_level.txt
[1.095s] reading manifest file 'choirbot_examples.egg-info/SOURCES.txt'
[1.097s] writing manifest file 'choirbot_examples.egg-info/SOURCES.txt'
[1.152s] running build_ext
[1.152s] Creating /home/yoko/turtlebot3_ws/install/choirbot_examples/lib/python3.8/site-packages/choirbot-examples.egg-link (link to .)
[1.153s] Installing choirbot_containment_guidance script to /home/yoko/turtlebot3_ws/install/choirbot_examples/lib/choirbot_examples
[1.154s] Installing choirbot_containment_integrator script to /home/yoko/turtlebot3_ws/install/choirbot_examples/lib/choirbot_examples
[1.154s] Installing choirbot_containment_rviz script to /home/yoko/turtlebot3_ws/install/choirbot_examples/lib/choirbot_examples
[1.154s] Installing choirbot_formationcontrol_controller script to /home/yoko/turtlebot3_ws/install/choirbot_examples/lib/choirbot_examples
[1.154s] Installing choirbot_formationcontrol_guidance script to /home/yoko/turtlebot3_ws/install/choirbot_examples/lib/choirbot_examples
[1.155s] Installing choirbot_mpc_guidance script to /home/yoko/turtlebot3_ws/install/choirbot_examples/lib/choirbot_examples
[1.155s] Installing choirbot_mpc_integrator script to /home/yoko/turtlebot3_ws/install/choirbot_examples/lib/choirbot_examples
[1.155s] Installing choirbot_mpc_rviz script to /home/yoko/turtlebot3_ws/install/choirbot_examples/lib/choirbot_examples
[1.155s] Installing choirbot_taskassignment_controller script to /home/yoko/turtlebot3_ws/install/choirbot_examples/lib/choirbot_examples
[1.155s] Installing choirbot_taskassignment_guidance script to /home/yoko/turtlebot3_ws/install/choirbot_examples/lib/choirbot_examples
[1.156s] Installing choirbot_taskassignment_planner script to /home/yoko/turtlebot3_ws/install/choirbot_examples/lib/choirbot_examples
[1.156s] Installing choirbot_taskassignment_table script to /home/yoko/turtlebot3_ws/install/choirbot_examples/lib/choirbot_examples
[1.156s] Installing choirbot_turtlebot_spawner script to /home/yoko/turtlebot3_ws/install/choirbot_examples/lib/choirbot_examples
[1.156s] 
[1.156s] Installed /home/yoko/turtlebot3_ws/build/choirbot_examples
[1.156s] running install_data
[1.157s] copying resource/model_burger.sdf -> /home/yoko/turtlebot3_ws/install/choirbot_examples/share/choirbot_examples
[1.191s] Invoked command in '/home/yoko/turtlebot3_ws/build/choirbot_examples' returned '0': AMENT_PREFIX_PATH=/home/yoko/turtlebot3_ws/install/choirbot:/home/yoko/turtlebot3_test/install/turtlebot3_simulations:/home/yoko/turtlebot3_test/install/turtlebot3_gazebo:/home/yoko/turtlebot3_test/install/turtlebot3_fake_node:/home/yoko/turtlebot3_test/install/robot_spawner_pkg:/home/yoko/turtlebot3_test/install/choirbot_examples:/home/yoko/turtlebot3_test/install/choirbot:/home/yoko/turtlebot3_test/install/choirbot_interfaces:/home/yoko/turtlebot3_ws/install/turtlebot3_simulations:/home/yoko/turtlebot3_ws/install/turtlebot3_gazebo:/home/yoko/turtlebot3_ws/install/turtlebot3_fake_node:/home/yoko/turtlebot3_ws/install/robot_spawner_pkg:/home/yoko/turtlebot3_ws/install/robot_controller_utils:/home/yoko/turtlebot3_ws/install/choirbot_examples:/home/yoko/turtlebot3_ws/install/choirbot_interfaces:/opt/ros/foxy CMAKE_PREFIX_PATH=/home/yoko/turtlebot3_ws/install/choirbot_interfaces:${CMAKE_PREFIX_PATH} LD_LIBRARY_PATH=/home/yoko/turtlebot3_ws/install/choirbot_interfaces/lib:/home/yoko/turtlebot3_test/install/choirbot_interfaces/lib:/usr/lib/x86_64-linux-gnu/gazebo-11/plugins:/opt/ros/foxy/opt/yaml_cpp_vendor/lib:/opt/ros/foxy/opt/rviz_ogre_vendor/lib:/opt/ros/foxy/lib/x86_64-linux-gnu:/opt/ros/foxy/lib PYTHONPATH=/home/yoko/turtlebot3_ws/install/choirbot_examples/lib/python3.8/site-packages:/home/yoko/turtlebot3_ws/build/choirbot:/home/yoko/turtlebot3_ws/install/choirbot/lib/python3.8/site-packages:/home/yoko/turtlebot3_ws/install/choirbot_interfaces/lib/python3.8/site-packages:/home/yoko/turtlebot3_test/build/robot_spawner_pkg/src:/home/yoko/turtlebot3_test/install/robot_spawner_pkg/lib/python3.8/site-packages:/home/yoko/turtlebot3_test/build/choirbot_examples:/home/yoko/turtlebot3_test/install/choirbot_examples/lib/python3.8/site-packages:/home/yoko/turtlebot3_test/build/choirbot:/home/yoko/turtlebot3_test/install/choirbot/lib/python3.8/site-packages:/home/yoko/turtlebot3_test/install/choirbot_interfaces/lib/python3.8/site-packages:/home/yoko/turtlebot3_ws/build/robot_spawner_pkg/src:/home/yoko/turtlebot3_ws/install/robot_spawner_pkg/lib/python3.8/site-packages:/home/yoko/turtlebot3_ws/build/robot_controller_utils/src:/home/yoko/turtlebot3_ws/install/robot_controller_utils/lib/python3.8/site-packages:/home/yoko/turtlebot3_ws/build/choirbot_examples:/home/yoko/turtlebot3_ws/install/choirbot_examples/lib/python3.8/site-packages:/opt/ros/foxy/lib/python3.8/site-packages /usr/bin/python3 setup.py develop --prefix /home/yoko/turtlebot3_ws/install/choirbot_examples --editable --build-directory /home/yoko/turtlebot3_ws/build/choirbot_examples/build --no-deps install_data --install-dir /home/yoko/turtlebot3_ws/install/choirbot_examples
