[0.781s] Invoking command in '/home/yoko/turtlebot3_ws/build/robot_spawner_pkg': PYTHONPATH=/home/yoko/turtlebot3_ws/install/robot_spawner_pkg/lib/python3.8/site-packages:${PYTHONPATH} /usr/bin/python3 setup.py develop --prefix /home/yoko/turtlebot3_ws/install/robot_spawner_pkg --editable --build-directory /home/yoko/turtlebot3_ws/build/robot_spawner_pkg/build --no-deps
[2.536s] running develop
[3.096s] running egg_info
[3.096s] creating src/robot_spawner_pkg.egg-info
[3.096s] writing src/robot_spawner_pkg.egg-info/PKG-INFO
[3.097s] writing dependency_links to src/robot_spawner_pkg.egg-info/dependency_links.txt
[3.097s] writing entry points to src/robot_spawner_pkg.egg-info/entry_points.txt
[3.097s] writing requirements to src/robot_spawner_pkg.egg-info/requires.txt
[3.097s] writing top-level names to src/robot_spawner_pkg.egg-info/top_level.txt
[3.225s] writing manifest file 'src/robot_spawner_pkg.egg-info/SOURCES.txt'
[4.446s] package init file 'src/robot_spawner_pkg/__init__.py' not found (or not a regular file)
[4.447s] reading manifest file 'src/robot_spawner_pkg.egg-info/SOURCES.txt'
[4.448s] writing manifest file 'src/robot_spawner_pkg.egg-info/SOURCES.txt'
[5.294s] running build_ext
[5.317s] Creating /home/yoko/turtlebot3_ws/install/robot_spawner_pkg/lib/python3.8/site-packages/site.py
[5.319s] Creating /home/yoko/turtlebot3_ws/install/robot_spawner_pkg/lib/python3.8/site-packages/robot-spawner-pkg.egg-link (link to src)
[5.322s] Installing spawn_turtlebot script to /home/yoko/turtlebot3_ws/install/robot_spawner_pkg/lib/robot_spawner_pkg
[5.323s] 
[5.323s] Installed /home/yoko/turtlebot3_ws/build/robot_spawner_pkg/src
[5.360s] Invoked command in '/home/yoko/turtlebot3_ws/build/robot_spawner_pkg' returned '0': PYTHONPATH=/home/yoko/turtlebot3_ws/install/robot_spawner_pkg/lib/python3.8/site-packages:${PYTHONPATH} /usr/bin/python3 setup.py develop --prefix /home/yoko/turtlebot3_ws/install/robot_spawner_pkg --editable --build-directory /home/yoko/turtlebot3_ws/build/robot_spawner_pkg/build --no-deps
