[0.112s] Invoking command in '/home/yoko/turtlebot3_ws/build/mrpt_rbpf_slam': /usr/bin/cmake /home/yoko/turtlebot3_ws/src/mrpt_slam/mrpt_rbpf_slam -DCATKIN_INSTALL_INTO_PREFIX_ROOT=0 -DCATKIN_SYMLINK_INSTALL=ON -DCMAKE_INSTALL_PREFIX=/home/yoko/turtlebot3_ws/install/mrpt_rbpf_slam
[1.581s] -- The C compiler identification is GNU 9.3.0
[2.504s] -- The CXX compiler identification is GNU 9.3.0
[2.609s] -- Check for working C compiler: /usr/bin/cc
[2.888s] -- Check for working C compiler: /usr/bin/cc -- works
[2.890s] -- Detecting C compiler ABI info
[3.012s] -- Detecting C compiler ABI info - done
[3.043s] -- Detecting C compile features
[3.043s] -- Detecting C compile features - done
[3.049s] -- Check for working CXX compiler: /usr/bin/c++
[3.200s] -- Check for working CXX compiler: /usr/bin/c++ -- works
[3.201s] -- Detecting CXX compiler ABI info
[3.334s] -- Detecting CXX compiler ABI info - done
[3.360s] -- Detecting CXX compile features
[3.361s] -- Detecting CXX compile features - done
[3.380s] CMake Error at CMakeLists.txt:5 (find_package):
[3.380s]   By not providing "Findcatkin.cmake" in CMAKE_MODULE_PATH this project has
[3.380s]   asked CMake to find a package configuration file provided by "catkin", but
[3.380s]   CMake did not find one.
[3.381s] 
[3.381s]   Could not find a package configuration file provided by "catkin" with any
[3.381s]   of the following names:
[3.381s] 
[3.382s]     catkinConfig.cmake
[3.382s]     catkin-config.cmake
[3.382s] 
[3.382s]   Add the installation prefix of "catkin" to CMAKE_PREFIX_PATH or set
[3.382s]   "catkin_DIR" to a directory containing one of the above files.  If "catkin"
[3.383s]   provides a separate development package or SDK, be sure it has been
[3.383s]   installed.
[3.383s] 
[3.383s] 
[3.384s] -- Configuring incomplete, errors occurred!
[3.384s] See also "/home/yoko/turtlebot3_ws/build/mrpt_rbpf_slam/CMakeFiles/CMakeOutput.log".
[3.386s] Invoked command in '/home/yoko/turtlebot3_ws/build/mrpt_rbpf_slam' returned '1': /usr/bin/cmake /home/yoko/turtlebot3_ws/src/mrpt_slam/mrpt_rbpf_slam -DCATKIN_INSTALL_INTO_PREFIX_ROOT=0 -DCATKIN_SYMLINK_INSTALL=ON -DCMAKE_INSTALL_PREFIX=/home/yoko/turtlebot3_ws/install/mrpt_rbpf_slam
