[0.051s] Invoking command in '/home/yoko/turtlebot3_ws/build/choirbot_interfaces': CMAKE_PREFIX_PATH=${CMAKE_PREFIX_PATH}:/home/yoko/turtlebot3_ws/install/robot_spawner_pkg:/home/yoko/turtlebot3_ws/install/robot_controller_utils:/home/yoko/turtlebot3_ws/install/choirbot_examples:/home/yoko/turtlebot3_ws/install/choirbot:/opt/ros/foxy /usr/bin/cmake --build /home/yoko/turtlebot3_ws/build/choirbot_interfaces -- -j8 -l8
[0.143s] [  1%] Built target choirbot_interfaces__cpp
[0.146s] [ 12%] Built target choirbot_interfaces__rosidl_generator_c
[0.199s] [ 23%] Built target choirbot_interfaces__rosidl_typesupport_cpp
[0.211s] [ 34%] Built target choirbot_interfaces__rosidl_typesupport_introspection_c
[0.213s] [ 46%] Built target choirbot_interfaces__rosidl_typesupport_c
[0.216s] [ 57%] Built target choirbot_interfaces__rosidl_typesupport_fastrtps_cpp
[0.223s] [ 68%] Built target choirbot_interfaces__rosidl_typesupport_introspection_cpp
[0.268s] [ 79%] Built target choirbot_interfaces__rosidl_typesupport_fastrtps_c
[0.299s] [ 79%] Built target choirbot_interfaces
[0.335s] [ 80%] Built target choirbot_interfaces__py
[0.391s] [ 90%] Built target choirbot_interfaces__python
[0.419s] [ 93%] Built target choirbot_interfaces__rosidl_typesupport_fastrtps_c__pyext
[0.423s] [ 96%] Built target choirbot_interfaces__rosidl_typesupport_introspection_c__pyext
[0.423s] [100%] Built target choirbot_interfaces__rosidl_typesupport_c__pyext
[0.442s] Invoked command in '/home/yoko/turtlebot3_ws/build/choirbot_interfaces' returned '0': CMAKE_PREFIX_PATH=${CMAKE_PREFIX_PATH}:/home/yoko/turtlebot3_ws/install/robot_spawner_pkg:/home/yoko/turtlebot3_ws/install/robot_controller_utils:/home/yoko/turtlebot3_ws/install/choirbot_examples:/home/yoko/turtlebot3_ws/install/choirbot:/opt/ros/foxy /usr/bin/cmake --build /home/yoko/turtlebot3_ws/build/choirbot_interfaces -- -j8 -l8
[0.605s] Invoking command in '/home/yoko/turtlebot3_ws/build/choirbot_interfaces': CMAKE_PREFIX_PATH=${CMAKE_PREFIX_PATH}:/home/yoko/turtlebot3_ws/install/robot_spawner_pkg:/home/yoko/turtlebot3_ws/install/robot_controller_utils:/home/yoko/turtlebot3_ws/install/choirbot_examples:/home/yoko/turtlebot3_ws/install/choirbot:/opt/ros/foxy /usr/bin/cmake --install /home/yoko/turtlebot3_ws/build/choirbot_interfaces
[0.621s] -- Install configuration: ""
[0.622s] -- Execute custom install script
[0.622s] -- Up-to-date symlink: /home/yoko/turtlebot3_ws/install/choirbot_interfaces/share/ament_index/resource_index/rosidl_interfaces/choirbot_interfaces
[0.623s] -- Up-to-date symlink: /home/yoko/turtlebot3_ws/install/choirbot_interfaces/include/choirbot_interfaces/action/detail/position_action__functions.h
[0.624s] -- Up-to-date symlink: /home/yoko/turtlebot3_ws/install/choirbot_interfaces/include/choirbot_interfaces/action/detail/position_action__struct.h
[0.624s] -- Up-to-date symlink: /home/yoko/turtlebot3_ws/install/choirbot_interfaces/include/choirbot_interfaces/action/detail/position_action__type_support.h
[0.625s] -- Up-to-date symlink: /home/yoko/turtlebot3_ws/install/choirbot_interfaces/include/choirbot_interfaces/action/position_action.h
[0.625s] -- Up-to-date symlink: /home/yoko/turtlebot3_ws/install/choirbot_interfaces/include/choirbot_interfaces/msg/detail/position_task__functions.h
[0.625s] -- Up-to-date symlink: /home/yoko/turtlebot3_ws/install/choirbot_interfaces/include/choirbot_interfaces/msg/detail/position_task__struct.h
[0.626s] -- Up-to-date symlink: /home/yoko/turtlebot3_ws/install/choirbot_interfaces/include/choirbot_interfaces/msg/detail/position_task__type_support.h
[0.626s] -- Up-to-date symlink: /home/yoko/turtlebot3_ws/install/choirbot_interfaces/include/choirbot_interfaces/msg/detail/position_task_array__functions.h
[0.627s] -- Up-to-date symlink: /home/yoko/turtlebot3_ws/install/choirbot_interfaces/include/choirbot_interfaces/msg/detail/position_task_array__struct.h
[0.627s] -- Up-to-date symlink: /home/yoko/turtlebot3_ws/install/choirbot_interfaces/include/choirbot_interfaces/msg/detail/position_task_array__type_support.h
[0.627s] -- Up-to-date symlink: /home/yoko/turtlebot3_ws/install/choirbot_interfaces/include/choirbot_interfaces/msg/position_task.h
[0.628s] -- Up-to-date symlink: /home/yoko/turtlebot3_ws/install/choirbot_interfaces/include/choirbot_interfaces/msg/position_task_array.h
[0.628s] -- Up-to-date symlink: /home/yoko/turtlebot3_ws/install/choirbot_interfaces/include/choirbot_interfaces/msg/rosidl_generator_c__visibility_control.h
[0.629s] -- Up-to-date symlink: /home/yoko/turtlebot3_ws/install/choirbot_interfaces/include/choirbot_interfaces/srv/detail/position_task_service__functions.h
[0.629s] -- Up-to-date symlink: /home/yoko/turtlebot3_ws/install/choirbot_interfaces/include/choirbot_interfaces/srv/detail/position_task_service__struct.h
[0.629s] -- Up-to-date symlink: /home/yoko/turtlebot3_ws/install/choirbot_interfaces/include/choirbot_interfaces/srv/detail/position_task_service__type_support.h
[0.630s] -- Up-to-date symlink: /home/yoko/turtlebot3_ws/install/choirbot_interfaces/include/choirbot_interfaces/srv/detail/task_completion_service__functions.h
[0.630s] -- Up-to-date symlink: /home/yoko/turtlebot3_ws/install/choirbot_interfaces/include/choirbot_interfaces/srv/detail/task_completion_service__struct.h
[0.630s] -- Up-to-date symlink: /home/yoko/turtlebot3_ws/install/choirbot_interfaces/include/choirbot_interfaces/srv/detail/task_completion_service__type_support.h
[0.631s] -- Up-to-date symlink: /home/yoko/turtlebot3_ws/install/choirbot_interfaces/include/choirbot_interfaces/srv/position_task_service.h
[0.631s] -- Up-to-date symlink: /home/yoko/turtlebot3_ws/install/choirbot_interfaces/include/choirbot_interfaces/srv/task_completion_service.h
[0.631s] -- Up-to-date symlink: /home/yoko/turtlebot3_ws/install/choirbot_interfaces/share/choirbot_interfaces/environment/library_path.sh
[0.632s] -- Up-to-date symlink: /home/yoko/turtlebot3_ws/install/choirbot_interfaces/share/choirbot_interfaces/environment/library_path.dsv
[0.633s] -- Up-to-date symlink: /home/yoko/turtlebot3_ws/install/choirbot_interfaces/include/choirbot_interfaces/action/detail/position_action__rosidl_typesupport_fastrtps_c.h
[0.633s] -- Up-to-date symlink: /home/yoko/turtlebot3_ws/install/choirbot_interfaces/include/choirbot_interfaces/msg/detail/position_task__rosidl_typesupport_fastrtps_c.h
[0.634s] -- Up-to-date symlink: /home/yoko/turtlebot3_ws/install/choirbot_interfaces/include/choirbot_interfaces/msg/detail/position_task_array__rosidl_typesupport_fastrtps_c.h
[0.634s] -- Up-to-date symlink: /home/yoko/turtlebot3_ws/install/choirbot_interfaces/include/choirbot_interfaces/msg/rosidl_typesupport_fastrtps_c__visibility_control.h
[0.634s] -- Up-to-date symlink: /home/yoko/turtlebot3_ws/install/choirbot_interfaces/include/choirbot_interfaces/srv/detail/position_task_service__rosidl_typesupport_fastrtps_c.h
[0.635s] -- Up-to-date symlink: /home/yoko/turtlebot3_ws/install/choirbot_interfaces/include/choirbot_interfaces/srv/detail/task_completion_service__rosidl_typesupport_fastrtps_c.h
[0.635s] -- Up-to-date symlink: /home/yoko/turtlebot3_ws/install/choirbot_interfaces/lib/libchoirbot_interfaces__rosidl_typesupport_fastrtps_c.so
[0.637s] -- Up-to-date symlink: /home/yoko/turtlebot3_ws/install/choirbot_interfaces/include/choirbot_interfaces/action/detail/position_action__rosidl_typesupport_fastrtps_cpp.hpp
[0.637s] -- Up-to-date symlink: /home/yoko/turtlebot3_ws/install/choirbot_interfaces/include/choirbot_interfaces/msg/detail/position_task__rosidl_typesupport_fastrtps_cpp.hpp
[0.637s] -- Up-to-date symlink: /home/yoko/turtlebot3_ws/install/choirbot_interfaces/include/choirbot_interfaces/msg/detail/position_task_array__rosidl_typesupport_fastrtps_cpp.hpp
[0.638s] -- Up-to-date symlink: /home/yoko/turtlebot3_ws/install/choirbot_interfaces/include/choirbot_interfaces/msg/rosidl_typesupport_fastrtps_cpp__visibility_control.h
[0.638s] -- Up-to-date symlink: /home/yoko/turtlebot3_ws/install/choirbot_interfaces/include/choirbot_interfaces/srv/detail/position_task_service__rosidl_typesupport_fastrtps_cpp.hpp
[0.638s] -- Up-to-date symlink: /home/yoko/turtlebot3_ws/install/choirbot_interfaces/include/choirbot_interfaces/srv/detail/task_completion_service__rosidl_typesupport_fastrtps_cpp.hpp
[0.639s] -- Up-to-date symlink: /home/yoko/turtlebot3_ws/install/choirbot_interfaces/lib/libchoirbot_interfaces__rosidl_typesupport_fastrtps_cpp.so
[0.640s] -- Up-to-date symlink: /home/yoko/turtlebot3_ws/install/choirbot_interfaces/include/choirbot_interfaces/action/detail/position_action__rosidl_typesupport_introspection_c.h
[0.640s] -- Up-to-date symlink: /home/yoko/turtlebot3_ws/install/choirbot_interfaces/include/choirbot_interfaces/msg/detail/position_task__rosidl_typesupport_introspection_c.h
[0.641s] -- Up-to-date symlink: /home/yoko/turtlebot3_ws/install/choirbot_interfaces/include/choirbot_interfaces/msg/detail/position_task_array__rosidl_typesupport_introspection_c.h
[0.641s] -- Up-to-date symlink: /home/yoko/turtlebot3_ws/install/choirbot_interfaces/include/choirbot_interfaces/msg/rosidl_typesupport_introspection_c__visibility_control.h
[0.642s] -- Up-to-date symlink: /home/yoko/turtlebot3_ws/install/choirbot_interfaces/include/choirbot_interfaces/srv/detail/position_task_service__rosidl_typesupport_introspection_c.h
[0.642s] -- Up-to-date symlink: /home/yoko/turtlebot3_ws/install/choirbot_interfaces/include/choirbot_interfaces/srv/detail/task_completion_service__rosidl_typesupport_introspection_c.h
[0.643s] -- Up-to-date symlink: /home/yoko/turtlebot3_ws/install/choirbot_interfaces/include/choirbot_interfaces/action/detail/position_action__builder.hpp
[0.643s] -- Up-to-date symlink: /home/yoko/turtlebot3_ws/install/choirbot_interfaces/include/choirbot_interfaces/action/detail/position_action__struct.hpp
[0.644s] -- Up-to-date symlink: /home/yoko/turtlebot3_ws/install/choirbot_interfaces/include/choirbot_interfaces/action/detail/position_action__traits.hpp
[0.644s] -- Up-to-date symlink: /home/yoko/turtlebot3_ws/install/choirbot_interfaces/include/choirbot_interfaces/action/position_action.hpp
[0.645s] -- Up-to-date symlink: /home/yoko/turtlebot3_ws/install/choirbot_interfaces/include/choirbot_interfaces/msg/detail/position_task__builder.hpp
[0.645s] -- Up-to-date symlink: /home/yoko/turtlebot3_ws/install/choirbot_interfaces/include/choirbot_interfaces/msg/detail/position_task__struct.hpp
[0.645s] -- Up-to-date symlink: /home/yoko/turtlebot3_ws/install/choirbot_interfaces/include/choirbot_interfaces/msg/detail/position_task__traits.hpp
[0.646s] -- Up-to-date symlink: /home/yoko/turtlebot3_ws/install/choirbot_interfaces/include/choirbot_interfaces/msg/detail/position_task_array__builder.hpp
[0.646s] -- Up-to-date symlink: /home/yoko/turtlebot3_ws/install/choirbot_interfaces/include/choirbot_interfaces/msg/detail/position_task_array__struct.hpp
[0.646s] -- Up-to-date symlink: /home/yoko/turtlebot3_ws/install/choirbot_interfaces/include/choirbot_interfaces/msg/detail/position_task_array__traits.hpp
[0.647s] -- Up-to-date symlink: /home/yoko/turtlebot3_ws/install/choirbot_interfaces/include/choirbot_interfaces/msg/position_task.hpp
[0.647s] -- Up-to-date symlink: /home/yoko/turtlebot3_ws/install/choirbot_interfaces/include/choirbot_interfaces/msg/position_task_array.hpp
[0.647s] -- Up-to-date symlink: /home/yoko/turtlebot3_ws/install/choirbot_interfaces/include/choirbot_interfaces/srv/detail/position_task_service__builder.hpp
[0.648s] -- Up-to-date symlink: /home/yoko/turtlebot3_ws/install/choirbot_interfaces/include/choirbot_interfaces/srv/detail/position_task_service__struct.hpp
[0.648s] -- Up-to-date symlink: /home/yoko/turtlebot3_ws/install/choirbot_interfaces/include/choirbot_interfaces/srv/detail/position_task_service__traits.hpp
[0.648s] -- Up-to-date symlink: /home/yoko/turtlebot3_ws/install/choirbot_interfaces/include/choirbot_interfaces/srv/detail/task_completion_service__builder.hpp
[0.648s] -- Up-to-date symlink: /home/yoko/turtlebot3_ws/install/choirbot_interfaces/include/choirbot_interfaces/srv/detail/task_completion_service__struct.hpp
[0.649s] -- Up-to-date symlink: /home/yoko/turtlebot3_ws/install/choirbot_interfaces/include/choirbot_interfaces/srv/detail/task_completion_service__traits.hpp
[0.649s] -- Up-to-date symlink: /home/yoko/turtlebot3_ws/install/choirbot_interfaces/include/choirbot_interfaces/srv/position_task_service.hpp
[0.649s] -- Up-to-date symlink: /home/yoko/turtlebot3_ws/install/choirbot_interfaces/include/choirbot_interfaces/srv/task_completion_service.hpp
[0.650s] -- Up-to-date symlink: /home/yoko/turtlebot3_ws/install/choirbot_interfaces/include/choirbot_interfaces/action/detail/position_action__rosidl_typesupport_introspection_cpp.hpp
[0.651s] -- Up-to-date symlink: /home/yoko/turtlebot3_ws/install/choirbot_interfaces/include/choirbot_interfaces/msg/detail/position_task__rosidl_typesupport_introspection_cpp.hpp
[0.651s] -- Up-to-date symlink: /home/yoko/turtlebot3_ws/install/choirbot_interfaces/include/choirbot_interfaces/msg/detail/position_task_array__rosidl_typesupport_introspection_cpp.hpp
[0.652s] -- Up-to-date symlink: /home/yoko/turtlebot3_ws/install/choirbot_interfaces/include/choirbot_interfaces/srv/detail/position_task_service__rosidl_typesupport_introspection_cpp.hpp
[0.652s] -- Up-to-date symlink: /home/yoko/turtlebot3_ws/install/choirbot_interfaces/include/choirbot_interfaces/srv/detail/task_completion_service__rosidl_typesupport_introspection_cpp.hpp
[0.653s] -- Up-to-date symlink: /home/yoko/turtlebot3_ws/install/choirbot_interfaces/share/choirbot_interfaces/environment/pythonpath.sh
[0.657s] -- Up-to-date symlink: /home/yoko/turtlebot3_ws/install/choirbot_interfaces/share/choirbot_interfaces/environment/pythonpath.dsv
[0.658s] -- Symlinking: /home/yoko/turtlebot3_ws/install/choirbot_interfaces/lib/python3.8/site-packages/choirbot_interfaces/__init__.py
[0.669s] -- Up-to-date symlink: /home/yoko/turtlebot3_ws/install/choirbot_interfaces/lib/python3.8/site-packages/choirbot_interfaces/action/__init__.py
[0.669s] -- Up-to-date symlink: /home/yoko/turtlebot3_ws/install/choirbot_interfaces/lib/python3.8/site-packages/choirbot_interfaces/action/_position_action.py
[0.670s] -- Up-to-date symlink: /home/yoko/turtlebot3_ws/install/choirbot_interfaces/lib/python3.8/site-packages/choirbot_interfaces/msg/__init__.py
[0.670s] -- Up-to-date symlink: /home/yoko/turtlebot3_ws/install/choirbot_interfaces/lib/python3.8/site-packages/choirbot_interfaces/msg/_position_task.py
[0.671s] -- Up-to-date symlink: /home/yoko/turtlebot3_ws/install/choirbot_interfaces/lib/python3.8/site-packages/choirbot_interfaces/msg/_position_task_array.py
[0.672s] -- Up-to-date symlink: /home/yoko/turtlebot3_ws/install/choirbot_interfaces/lib/python3.8/site-packages/choirbot_interfaces/srv/__init__.py
[0.672s] -- Up-to-date symlink: /home/yoko/turtlebot3_ws/install/choirbot_interfaces/lib/python3.8/site-packages/choirbot_interfaces/srv/_position_task_service.py
[0.672s] -- Up-to-date symlink: /home/yoko/turtlebot3_ws/install/choirbot_interfaces/lib/python3.8/site-packages/choirbot_interfaces/srv/_task_completion_service.py
[0.673s] -- Up-to-date symlink: /home/yoko/turtlebot3_ws/install/choirbot_interfaces/lib/python3.8/site-packages/choirbot_interfaces/choirbot_interfaces_s__rosidl_typesupport_fastrtps_c.cpython-38-x86_64-linux-gnu.so
[0.674s] -- Up-to-date symlink: /home/yoko/turtlebot3_ws/install/choirbot_interfaces/lib/python3.8/site-packages/choirbot_interfaces/choirbot_interfaces_s__rosidl_typesupport_introspection_c.cpython-38-x86_64-linux-gnu.so
[0.675s] -- Up-to-date symlink: /home/yoko/turtlebot3_ws/install/choirbot_interfaces/lib/python3.8/site-packages/choirbot_interfaces/choirbot_interfaces_s__rosidl_typesupport_c.cpython-38-x86_64-linux-gnu.so
[0.675s] -- Up-to-date symlink: /home/yoko/turtlebot3_ws/install/choirbot_interfaces/lib/libchoirbot_interfaces__python.so
[0.676s] -- Up-to-date symlink: /home/yoko/turtlebot3_ws/install/choirbot_interfaces/share/choirbot_interfaces/action/PositionAction.idl
[0.677s] -- Up-to-date symlink: /home/yoko/turtlebot3_ws/install/choirbot_interfaces/share/choirbot_interfaces/msg/PositionTask.idl
[0.677s] -- Up-to-date symlink: /home/yoko/turtlebot3_ws/install/choirbot_interfaces/share/choirbot_interfaces/msg/PositionTaskArray.idl
[0.678s] -- Up-to-date symlink: /home/yoko/turtlebot3_ws/install/choirbot_interfaces/share/choirbot_interfaces/srv/PositionTaskService.idl
[0.678s] -- Up-to-date symlink: /home/yoko/turtlebot3_ws/install/choirbot_interfaces/share/choirbot_interfaces/srv/TaskCompletionService.idl
[0.679s] -- Up-to-date symlink: /home/yoko/turtlebot3_ws/install/choirbot_interfaces/share/choirbot_interfaces/action/PositionAction.action
[0.680s] -- Up-to-date symlink: /home/yoko/turtlebot3_ws/install/choirbot_interfaces/share/choirbot_interfaces/msg/PositionTask.msg
[0.681s] -- Up-to-date symlink: /home/yoko/turtlebot3_ws/install/choirbot_interfaces/share/choirbot_interfaces/msg/PositionTaskArray.msg
[0.681s] -- Up-to-date symlink: /home/yoko/turtlebot3_ws/install/choirbot_interfaces/share/choirbot_interfaces/srv/PositionTaskService.srv
[0.682s] -- Up-to-date symlink: /home/yoko/turtlebot3_ws/install/choirbot_interfaces/share/choirbot_interfaces/srv/PositionTaskService_Request.msg
[0.682s] -- Up-to-date symlink: /home/yoko/turtlebot3_ws/install/choirbot_interfaces/share/choirbot_interfaces/srv/PositionTaskService_Response.msg
[0.683s] -- Up-to-date symlink: /home/yoko/turtlebot3_ws/install/choirbot_interfaces/share/choirbot_interfaces/srv/TaskCompletionService.srv
[0.684s] -- Up-to-date symlink: /home/yoko/turtlebot3_ws/install/choirbot_interfaces/share/choirbot_interfaces/srv/TaskCompletionService_Request.msg
[0.684s] -- Up-to-date symlink: /home/yoko/turtlebot3_ws/install/choirbot_interfaces/share/choirbot_interfaces/srv/TaskCompletionService_Response.msg
[0.685s] -- Symlinking: /home/yoko/turtlebot3_ws/install/choirbot_interfaces/lib/python3.8/site-packages/choirbot_interfaces/__init__.py
[0.703s] -- Up-to-date symlink: /home/yoko/turtlebot3_ws/install/choirbot_interfaces/share/ament_index/resource_index/package_run_dependencies/choirbot_interfaces
[0.704s] -- Up-to-date symlink: /home/yoko/turtlebot3_ws/install/choirbot_interfaces/share/ament_index/resource_index/parent_prefix_path/choirbot_interfaces
[0.704s] -- Up-to-date symlink: /home/yoko/turtlebot3_ws/install/choirbot_interfaces/share/choirbot_interfaces/environment/ament_prefix_path.sh
[0.705s] -- Up-to-date symlink: /home/yoko/turtlebot3_ws/install/choirbot_interfaces/share/choirbot_interfaces/environment/ament_prefix_path.dsv
[0.705s] -- Up-to-date symlink: /home/yoko/turtlebot3_ws/install/choirbot_interfaces/share/choirbot_interfaces/environment/path.sh
[0.706s] -- Up-to-date symlink: /home/yoko/turtlebot3_ws/install/choirbot_interfaces/share/choirbot_interfaces/environment/path.dsv
[0.706s] -- Up-to-date symlink: /home/yoko/turtlebot3_ws/install/choirbot_interfaces/share/choirbot_interfaces/local_setup.bash
[0.707s] -- Up-to-date symlink: /home/yoko/turtlebot3_ws/install/choirbot_interfaces/share/choirbot_interfaces/local_setup.sh
[0.708s] -- Up-to-date symlink: /home/yoko/turtlebot3_ws/install/choirbot_interfaces/share/choirbot_interfaces/local_setup.zsh
[0.708s] -- Up-to-date symlink: /home/yoko/turtlebot3_ws/install/choirbot_interfaces/share/choirbot_interfaces/local_setup.dsv
[0.709s] -- Symlinking: /home/yoko/turtlebot3_ws/install/choirbot_interfaces/share/choirbot_interfaces/package.dsv
[0.725s] -- Up-to-date symlink: /home/yoko/turtlebot3_ws/install/choirbot_interfaces/share/ament_index/resource_index/packages/choirbot_interfaces
[0.726s] -- Up-to-date symlink: /home/yoko/turtlebot3_ws/install/choirbot_interfaces/share/choirbot_interfaces/cmake/rosidl_cmake-extras.cmake
[0.726s] -- Up-to-date symlink: /home/yoko/turtlebot3_ws/install/choirbot_interfaces/share/choirbot_interfaces/cmake/ament_cmake_export_dependencies-extras.cmake
[0.727s] -- Up-to-date symlink: /home/yoko/turtlebot3_ws/install/choirbot_interfaces/share/choirbot_interfaces/cmake/ament_cmake_export_libraries-extras.cmake
[0.727s] -- Up-to-date symlink: /home/yoko/turtlebot3_ws/install/choirbot_interfaces/share/choirbot_interfaces/cmake/ament_cmake_export_targets-extras.cmake
[0.728s] -- Up-to-date symlink: /home/yoko/turtlebot3_ws/install/choirbot_interfaces/share/choirbot_interfaces/cmake/ament_cmake_export_include_directories-extras.cmake
[0.729s] -- Up-to-date symlink: /home/yoko/turtlebot3_ws/install/choirbot_interfaces/share/choirbot_interfaces/cmake/rosidl_cmake_export_typesupport_libraries-extras.cmake
[0.730s] -- Up-to-date symlink: /home/yoko/turtlebot3_ws/install/choirbot_interfaces/share/choirbot_interfaces/cmake/rosidl_cmake_export_typesupport_targets-extras.cmake
[0.731s] -- Up-to-date symlink: /home/yoko/turtlebot3_ws/install/choirbot_interfaces/share/choirbot_interfaces/cmake/choirbot_interfacesConfig.cmake
[0.731s] -- Up-to-date symlink: /home/yoko/turtlebot3_ws/install/choirbot_interfaces/share/choirbot_interfaces/cmake/choirbot_interfacesConfig-version.cmake
[0.732s] -- Up-to-date symlink: /home/yoko/turtlebot3_ws/install/choirbot_interfaces/share/choirbot_interfaces/package.xml
[0.732s] -- Up-to-date: /home/yoko/turtlebot3_ws/install/choirbot_interfaces/lib/libchoirbot_interfaces__rosidl_generator_c.so
[0.733s] -- Up-to-date: /home/yoko/turtlebot3_ws/install/choirbot_interfaces/lib/libchoirbot_interfaces__rosidl_typesupport_introspection_c.so
[0.734s] -- Up-to-date: /home/yoko/turtlebot3_ws/install/choirbot_interfaces/lib/libchoirbot_interfaces__rosidl_typesupport_c.so
[0.739s] -- Up-to-date: /home/yoko/turtlebot3_ws/install/choirbot_interfaces/lib/libchoirbot_interfaces__rosidl_typesupport_introspection_cpp.so
[0.741s] -- Up-to-date: /home/yoko/turtlebot3_ws/install/choirbot_interfaces/lib/libchoirbot_interfaces__rosidl_typesupport_cpp.so
[0.866s] Listing '/home/yoko/turtlebot3_ws/install/choirbot_interfaces/lib/python3.8/site-packages/choirbot_interfaces'...
[0.866s] Listing '/home/yoko/turtlebot3_ws/install/choirbot_interfaces/lib/python3.8/site-packages/choirbot_interfaces/action'...
[0.866s] Listing '/home/yoko/turtlebot3_ws/install/choirbot_interfaces/lib/python3.8/site-packages/choirbot_interfaces/msg'...
[0.866s] Listing '/home/yoko/turtlebot3_ws/install/choirbot_interfaces/lib/python3.8/site-packages/choirbot_interfaces/srv'...
[0.871s] -- Up-to-date: /home/yoko/turtlebot3_ws/install/choirbot_interfaces/share/choirbot_interfaces/cmake/choirbot_interfaces__rosidl_generator_cExport.cmake
[0.871s] -- Up-to-date: /home/yoko/turtlebot3_ws/install/choirbot_interfaces/share/choirbot_interfaces/cmake/choirbot_interfaces__rosidl_generator_cExport-noconfig.cmake
[0.872s] -- Up-to-date: /home/yoko/turtlebot3_ws/install/choirbot_interfaces/share/choirbot_interfaces/cmake/choirbot_interfaces__rosidl_typesupport_introspection_cExport.cmake
[0.872s] -- Up-to-date: /home/yoko/turtlebot3_ws/install/choirbot_interfaces/share/choirbot_interfaces/cmake/choirbot_interfaces__rosidl_typesupport_introspection_cExport-noconfig.cmake
[0.872s] -- Up-to-date: /home/yoko/turtlebot3_ws/install/choirbot_interfaces/share/choirbot_interfaces/cmake/choirbot_interfaces__rosidl_typesupport_cExport.cmake
[0.872s] -- Up-to-date: /home/yoko/turtlebot3_ws/install/choirbot_interfaces/share/choirbot_interfaces/cmake/choirbot_interfaces__rosidl_typesupport_cExport-noconfig.cmake
[0.873s] -- Up-to-date: /home/yoko/turtlebot3_ws/install/choirbot_interfaces/share/choirbot_interfaces/cmake/choirbot_interfaces__rosidl_generator_cppExport.cmake
[0.873s] -- Up-to-date: /home/yoko/turtlebot3_ws/install/choirbot_interfaces/share/choirbot_interfaces/cmake/choirbot_interfaces__rosidl_typesupport_introspection_cppExport.cmake
[0.873s] -- Up-to-date: /home/yoko/turtlebot3_ws/install/choirbot_interfaces/share/choirbot_interfaces/cmake/choirbot_interfaces__rosidl_typesupport_introspection_cppExport-noconfig.cmake
[0.873s] -- Up-to-date: /home/yoko/turtlebot3_ws/install/choirbot_interfaces/share/choirbot_interfaces/cmake/choirbot_interfaces__rosidl_typesupport_cppExport.cmake
[0.873s] -- Up-to-date: /home/yoko/turtlebot3_ws/install/choirbot_interfaces/share/choirbot_interfaces/cmake/choirbot_interfaces__rosidl_typesupport_cppExport-noconfig.cmake
[0.880s] Invoked command in '/home/yoko/turtlebot3_ws/build/choirbot_interfaces' returned '0': CMAKE_PREFIX_PATH=${CMAKE_PREFIX_PATH}:/home/yoko/turtlebot3_ws/install/robot_spawner_pkg:/home/yoko/turtlebot3_ws/install/robot_controller_utils:/home/yoko/turtlebot3_ws/install/choirbot_examples:/home/yoko/turtlebot3_ws/install/choirbot:/opt/ros/foxy /usr/bin/cmake --install /home/yoko/turtlebot3_ws/build/choirbot_interfaces
