[0.044s] Invoking command in '/home/yoko/turtlebot3_ws/src/build/turtlebot3_fake_node': CMAKE_PREFIX_PATH=${CMAKE_PREFIX_PATH}:/home/yoko/turtlebot3_ws/install/robot_spawner_pkg:/home/yoko/turtlebot3_ws/install/robot_controller_utils:/home/yoko/turtlebot3_ws/install/choirbot_examples:/home/yoko/turtlebot3_ws/install/choirbot:/opt/ros/foxy /usr/bin/cmake /home/yoko/turtlebot3_ws/src/turtlebot3_simulations/turtlebot3_fake_node -DAMENT_CMAKE_SYMLINK_INSTALL=1 -DCMAKE_INSTALL_PREFIX=/home/yoko/turtlebot3_ws/src/install/turtlebot3_fake_node
[0.194s] -- The C compiler identification is GNU 9.4.0
[0.277s] -- The CXX compiler identification is GNU 9.4.0
[0.284s] -- Check for working C compiler: /usr/bin/cc
[0.389s] -- Check for working C compiler: /usr/bin/cc -- works
[0.391s] -- Detecting C compiler ABI info
[0.531s] -- Detecting C compiler ABI info - done
[0.565s] -- Detecting C compile features
[0.566s] -- Detecting C compile features - done
[0.572s] -- Check for working CXX compiler: /usr/bin/c++
[0.693s] -- Check for working CXX compiler: /usr/bin/c++ -- works
[0.695s] -- Detecting CXX compiler ABI info
[0.818s] -- Detecting CXX compiler ABI info - done
[0.837s] -- Detecting CXX compile features
[0.838s] -- Detecting CXX compile features - done
[1.093s] -- Found ament_cmake: 0.9.9 (/opt/ros/foxy/share/ament_cmake/cmake)
[1.154s] -- Found PythonInterp: /usr/bin/python3 (found suitable version "3.8.10", minimum required is "3") 
[1.154s] -- Using PYTHON_EXECUTABLE: /usr/bin/python3
[1.485s] -- Override CMake install command with custom implementation using symlinks instead of copying resources
[2.032s] -- Found geometry_msgs: 2.0.4 (/opt/ros/foxy/share/geometry_msgs/cmake)
[2.371s] -- Using all available rosidl_typesupport_c: rosidl_typesupport_fastrtps_c;rosidl_typesupport_introspection_c
[2.388s] -- Found rosidl_adapter: 1.2.1 (/opt/ros/foxy/share/rosidl_adapter/cmake)
[2.832s] -- Found OpenSSL: /usr/lib/x86_64-linux-gnu/libcrypto.so (found version "1.1.1f")  
[2.967s] -- Found FastRTPS: /opt/ros/foxy/include  
[3.527s] -- Using all available rosidl_typesupport_cpp: rosidl_typesupport_fastrtps_cpp;rosidl_typesupport_introspection_cpp
[4.263s] -- Found nav_msgs: 2.0.4 (/opt/ros/foxy/share/nav_msgs/cmake)
[4.535s] -- Found rclcpp: 2.4.0 (/opt/ros/foxy/share/rclcpp/cmake)
[5.446s] -- Found rmw_implementation_cmake: 1.0.3 (/opt/ros/foxy/share/rmw_implementation_cmake/cmake)
[5.540s] -- Using RMW implementation 'rmw_fastrtps_cpp' as default
[5.541s] -- Looking for pthread.h
[5.656s] -- Looking for pthread.h - found
[5.657s] -- Performing Test CMAKE_HAVE_LIBC_PTHREAD
[5.771s] -- Performing Test CMAKE_HAVE_LIBC_PTHREAD - Failed
[5.771s] -- Looking for pthread_create in pthreads
[5.870s] -- Looking for pthread_create in pthreads - not found
[5.870s] -- Looking for pthread_create in pthread
[5.967s] -- Looking for pthread_create in pthread - found
[5.971s] -- Found Threads: TRUE  
[6.644s] -- Found sensor_msgs: 2.0.4 (/opt/ros/foxy/share/sensor_msgs/cmake)
[7.016s] -- Found tf2: 0.13.12 (/opt/ros/foxy/share/tf2/cmake)
[7.097s] -- Found tf2_msgs: 0.13.12 (/opt/ros/foxy/share/tf2_msgs/cmake)
[7.636s] -- Found turtlebot3_msgs: 2.2.1 (/opt/ros/foxy/share/turtlebot3_msgs/cmake)
[8.062s] -- Configuring done
[8.082s] -- Generating done
[8.197s] -- Build files have been written to: /home/yoko/turtlebot3_ws/src/build/turtlebot3_fake_node
[8.212s] Invoked command in '/home/yoko/turtlebot3_ws/src/build/turtlebot3_fake_node' returned '0': CMAKE_PREFIX_PATH=${CMAKE_PREFIX_PATH}:/home/yoko/turtlebot3_ws/install/robot_spawner_pkg:/home/yoko/turtlebot3_ws/install/robot_controller_utils:/home/yoko/turtlebot3_ws/install/choirbot_examples:/home/yoko/turtlebot3_ws/install/choirbot:/opt/ros/foxy /usr/bin/cmake /home/yoko/turtlebot3_ws/src/turtlebot3_simulations/turtlebot3_fake_node -DAMENT_CMAKE_SYMLINK_INSTALL=1 -DCMAKE_INSTALL_PREFIX=/home/yoko/turtlebot3_ws/src/install/turtlebot3_fake_node
[8.217s] Invoking command in '/home/yoko/turtlebot3_ws/src/build/turtlebot3_fake_node': CMAKE_PREFIX_PATH=${CMAKE_PREFIX_PATH}:/home/yoko/turtlebot3_ws/install/robot_spawner_pkg:/home/yoko/turtlebot3_ws/install/robot_controller_utils:/home/yoko/turtlebot3_ws/install/choirbot_examples:/home/yoko/turtlebot3_ws/install/choirbot:/opt/ros/foxy /usr/bin/cmake --build /home/yoko/turtlebot3_ws/src/build/turtlebot3_fake_node -- -j8 -l8
[8.276s] [35m[1mScanning dependencies of target turtlebot3_fake_node[0m
[11.306s] [ 50%] [32mBuilding CXX object CMakeFiles/turtlebot3_fake_node.dir/src/turtlebot3_fake_node.cpp.o[0m
[23.895s] [100%] [32m[1mLinking CXX executable turtlebot3_fake_node[0m
[24.889s] [100%] Built target turtlebot3_fake_node
[24.907s] Invoked command in '/home/yoko/turtlebot3_ws/src/build/turtlebot3_fake_node' returned '0': CMAKE_PREFIX_PATH=${CMAKE_PREFIX_PATH}:/home/yoko/turtlebot3_ws/install/robot_spawner_pkg:/home/yoko/turtlebot3_ws/install/robot_controller_utils:/home/yoko/turtlebot3_ws/install/choirbot_examples:/home/yoko/turtlebot3_ws/install/choirbot:/opt/ros/foxy /usr/bin/cmake --build /home/yoko/turtlebot3_ws/src/build/turtlebot3_fake_node -- -j8 -l8
[24.944s] Invoking command in '/home/yoko/turtlebot3_ws/src/build/turtlebot3_fake_node': CMAKE_PREFIX_PATH=${CMAKE_PREFIX_PATH}:/home/yoko/turtlebot3_ws/install/robot_spawner_pkg:/home/yoko/turtlebot3_ws/install/robot_controller_utils:/home/yoko/turtlebot3_ws/install/choirbot_examples:/home/yoko/turtlebot3_ws/install/choirbot:/opt/ros/foxy /usr/bin/cmake --install /home/yoko/turtlebot3_ws/src/build/turtlebot3_fake_node
[24.956s] -- Install configuration: ""
[24.957s] -- Execute custom install script
[24.958s] -- Symlinking: /home/yoko/turtlebot3_ws/src/install/turtlebot3_fake_node/lib/turtlebot3_fake_node/turtlebot3_fake_node
[24.981s] -- Symlinking: /home/yoko/turtlebot3_ws/src/install/turtlebot3_fake_node/share/turtlebot3_fake_node/launch/rviz2.launch.py
[25.000s] -- Symlinking: /home/yoko/turtlebot3_ws/src/install/turtlebot3_fake_node/share/turtlebot3_fake_node/launch/turtlebot3_fake_node.launch.py
[25.017s] -- Symlinking: /home/yoko/turtlebot3_ws/src/install/turtlebot3_fake_node/share/turtlebot3_fake_node/param/burger.yaml
[25.029s] -- Symlinking: /home/yoko/turtlebot3_ws/src/install/turtlebot3_fake_node/share/turtlebot3_fake_node/param/waffle.yaml
[25.043s] -- Symlinking: /home/yoko/turtlebot3_ws/src/install/turtlebot3_fake_node/share/turtlebot3_fake_node/param/waffle_pi.yaml
[25.056s] -- Symlinking: /home/yoko/turtlebot3_ws/src/install/turtlebot3_fake_node/share/turtlebot3_fake_node/rviz/model.rviz
[25.070s] -- Symlinking: /home/yoko/turtlebot3_ws/src/install/turtlebot3_fake_node/include//turtlebot3_fake_node/turtlebot3_fake_node.hpp
[25.084s] -- Symlinking: /home/yoko/turtlebot3_ws/src/install/turtlebot3_fake_node/share/ament_index/resource_index/package_run_dependencies/turtlebot3_fake_node
[25.097s] -- Symlinking: /home/yoko/turtlebot3_ws/src/install/turtlebot3_fake_node/share/ament_index/resource_index/parent_prefix_path/turtlebot3_fake_node
[25.111s] -- Symlinking: /home/yoko/turtlebot3_ws/src/install/turtlebot3_fake_node/share/turtlebot3_fake_node/environment/ament_prefix_path.sh
[25.130s] -- Symlinking: /home/yoko/turtlebot3_ws/src/install/turtlebot3_fake_node/share/turtlebot3_fake_node/environment/ament_prefix_path.dsv
[25.143s] -- Symlinking: /home/yoko/turtlebot3_ws/src/install/turtlebot3_fake_node/share/turtlebot3_fake_node/environment/path.sh
[25.156s] -- Symlinking: /home/yoko/turtlebot3_ws/src/install/turtlebot3_fake_node/share/turtlebot3_fake_node/environment/path.dsv
[25.170s] -- Symlinking: /home/yoko/turtlebot3_ws/src/install/turtlebot3_fake_node/share/turtlebot3_fake_node/local_setup.bash
[25.183s] -- Symlinking: /home/yoko/turtlebot3_ws/src/install/turtlebot3_fake_node/share/turtlebot3_fake_node/local_setup.sh
[25.197s] -- Symlinking: /home/yoko/turtlebot3_ws/src/install/turtlebot3_fake_node/share/turtlebot3_fake_node/local_setup.zsh
[25.213s] -- Symlinking: /home/yoko/turtlebot3_ws/src/install/turtlebot3_fake_node/share/turtlebot3_fake_node/local_setup.dsv
[25.227s] -- Symlinking: /home/yoko/turtlebot3_ws/src/install/turtlebot3_fake_node/share/turtlebot3_fake_node/package.dsv
[25.241s] -- Symlinking: /home/yoko/turtlebot3_ws/src/install/turtlebot3_fake_node/share/ament_index/resource_index/packages/turtlebot3_fake_node
[25.254s] -- Symlinking: /home/yoko/turtlebot3_ws/src/install/turtlebot3_fake_node/share/turtlebot3_fake_node/cmake/ament_cmake_export_include_directories-extras.cmake
[25.267s] -- Symlinking: /home/yoko/turtlebot3_ws/src/install/turtlebot3_fake_node/share/turtlebot3_fake_node/cmake/ament_cmake_export_dependencies-extras.cmake
[25.281s] -- Symlinking: /home/yoko/turtlebot3_ws/src/install/turtlebot3_fake_node/share/turtlebot3_fake_node/cmake/turtlebot3_fake_nodeConfig.cmake
[25.295s] -- Symlinking: /home/yoko/turtlebot3_ws/src/install/turtlebot3_fake_node/share/turtlebot3_fake_node/cmake/turtlebot3_fake_nodeConfig-version.cmake
[25.310s] -- Symlinking: /home/yoko/turtlebot3_ws/src/install/turtlebot3_fake_node/share/turtlebot3_fake_node/package.xml
[25.354s] Invoked command in '/home/yoko/turtlebot3_ws/src/build/turtlebot3_fake_node' returned '0': CMAKE_PREFIX_PATH=${CMAKE_PREFIX_PATH}:/home/yoko/turtlebot3_ws/install/robot_spawner_pkg:/home/yoko/turtlebot3_ws/install/robot_controller_utils:/home/yoko/turtlebot3_ws/install/choirbot_examples:/home/yoko/turtlebot3_ws/install/choirbot:/opt/ros/foxy /usr/bin/cmake --install /home/yoko/turtlebot3_ws/src/build/turtlebot3_fake_node
